start in data :  CyberShake 0
Jobs number:  30
Tasks number: 88
loss: 544.9059448242188
start in data :  CyberShake 1
Jobs number:  30
Tasks number: 92
loss: 531.3282470703125
start in data :  CyberShake 2
Jobs number:  30
Tasks number: 88
loss: 352.6470947265625
start in data :  CyberShake 3
Jobs number:  30
Tasks number: 88
loss: 279.251220703125
start in data :  CyberShake 4
Jobs number:  30
Tasks number: 93
loss: 293.17633056640625
start in data :  CyberShake 5
Jobs number:  30
Tasks number: 90
loss: 293.2783508300781
start in data :  CyberShake 6
Jobs number:  30
Tasks number: 86
loss: 300.3294677734375
start in data :  CyberShake 7
Jobs number:  30
Tasks number: 93
loss: 318.8204650878906
start in data :  CyberShake 8
Jobs number:  30
Tasks number: 91
loss: 296.5814208984375
start in data :  CyberShake 9
Jobs number:  30
Tasks number: 85
loss: 322.87017822265625
start in data :  CyberShake 10
Jobs number:  30
Tasks number: 86
loss: 275.87847900390625
start in data :  CyberShake 11
Jobs number:  30
Tasks number: 95
loss: 287.2284851074219
start in data :  CyberShake 12
Jobs number:  30
Tasks number: 86
loss: 258.9149475097656
start in data :  CyberShake 13
Jobs number:  30
Tasks number: 84
loss: 254.157958984375
start in data :  CyberShake 14
Jobs number:  30
Tasks number: 92
loss: 266.31170654296875
start in data :  CyberShake 15
Jobs number:  30
Tasks number: 89
loss: 256.92669677734375
start in data :  CyberShake 16
Jobs number:  30
Tasks number: 90
loss: 315.37921142578125
start in data :  CyberShake 17
Jobs number:  30
Tasks number: 91
loss: 299.6624755859375
start in data :  CyberShake 18
Jobs number:  30
Tasks number: 90
loss: 268.1967468261719
start in data :  CyberShake 19
Jobs number:  30
Tasks number: 89
loss: 258.06732177734375
start in data :  CyberShake 20
Jobs number:  30
Tasks number: 90
loss: 263.16729736328125
start in data :  CyberShake 21
Jobs number:  30
Tasks number: 91
loss: 258.79241943359375
start in data :  CyberShake 22
Jobs number:  30
Tasks number: 88
loss: 238.80467224121094
start in data :  CyberShake 23
Jobs number:  30
Tasks number: 88
loss: 235.97479248046875
start in data :  CyberShake 24
Jobs number:  30
Tasks number: 88
loss: 244.49932861328125
start in data :  CyberShake 25
Jobs number:  30
Tasks number: 91
loss: 262.2004699707031
start in data :  CyberShake 26
Jobs number:  30
Tasks number: 93
loss: 247.76007080078125
start in data :  CyberShake 27
Jobs number:  30
Tasks number: 86
loss: 253.32801818847656
start in data :  CyberShake 28
Jobs number:  30
Tasks number: 87
loss: 270.377685546875
start in data :  CyberShake 29
Jobs number:  30
Tasks number: 90
loss: 236.3162078857422
start in data :  CyberShake 30
Jobs number:  30
Tasks number: 85
loss: 222.44728088378906
start in data :  CyberShake 31
Jobs number:  30
Tasks number: 89
loss: 234.75167846679688
start in data :  CyberShake 32
Jobs number:  30
Tasks number: 90
loss: 229.73403930664062
start in data :  CyberShake 33
Jobs number:  30
Tasks number: 91
loss: 239.13226318359375
start in data :  CyberShake 34
Jobs number:  30
Tasks number: 87
loss: 240.09359741210938
start in data :  CyberShake 35
Jobs number:  30
Tasks number: 86
loss: 226.27230834960938
start in data :  CyberShake 36
Jobs number:  30
Tasks number: 89
loss: 249.40484619140625
start in data :  CyberShake 37
Jobs number:  30
Tasks number: 89
loss: 228.54188537597656
start in data :  CyberShake 38
Jobs number:  30
Tasks number: 89
loss: 220.7715606689453
start in data :  CyberShake 39
Jobs number:  30
Tasks number: 94
loss: 251.66845703125
start in data :  CyberShake 40
Jobs number:  30
Tasks number: 88
loss: 224.6102294921875
start in data :  CyberShake 41
Jobs number:  30
Tasks number: 90
loss: 236.04791259765625
start in data :  CyberShake 42
Jobs number:  30
Tasks number: 85
loss: 208.9103240966797
start in data :  CyberShake 43
Jobs number:  30
Tasks number: 90
loss: 242.06410217285156
start in data :  CyberShake 44
Jobs number:  30
Tasks number: 87
loss: 226.0277557373047
start in data :  CyberShake 45
Jobs number:  30
Tasks number: 88
loss: 214.7289276123047
start in data :  CyberShake 46
Jobs number:  30
Tasks number: 88
loss: 219.19952392578125
start in data :  CyberShake 47
Jobs number:  30
Tasks number: 92
loss: 241.36233520507812
start in data :  CyberShake 48
Jobs number:  30
Tasks number: 85
loss: 232.96551513671875
start in data :  CyberShake 49
Jobs number:  30
Tasks number: 88
loss: 230.7191162109375
start in data :  CyberShake 50
Jobs number:  30
Tasks number: 93
loss: 288.9879455566406
start in data :  CyberShake 51
Jobs number:  30
Tasks number: 91
loss: 249.9122314453125
start in data :  CyberShake 52
Jobs number:  30
Tasks number: 91
loss: 229.06015014648438
start in data :  CyberShake 53
Jobs number:  30
Tasks number: 90
loss: 234.9474639892578
start in data :  CyberShake 54
Jobs number:  30
Tasks number: 87
loss: 237.34275817871094
start in data :  CyberShake 55
Jobs number:  30
Tasks number: 87
loss: 206.5450439453125
start in data :  CyberShake 56
Jobs number:  30
Tasks number: 89
loss: 269.4991149902344
start in data :  CyberShake 57
Jobs number:  30
Tasks number: 88
loss: 254.56048583984375
start in data :  CyberShake 58
Jobs number:  30
Tasks number: 95
loss: 239.70921325683594
start in data :  CyberShake 59
Jobs number:  30
Tasks number: 88
loss: 212.44619750976562
start in data :  CyberShake 60
Jobs number:  30
Tasks number: 89
loss: 228.34913635253906
start in data :  CyberShake 61
Jobs number:  30
Tasks number: 90
loss: 254.75933837890625
start in data :  CyberShake 62
Jobs number:  30
Tasks number: 87
loss: 222.65826416015625
start in data :  CyberShake 63
Jobs number:  30
Tasks number: 91
loss: 214.76197814941406
start in data :  CyberShake 64
Jobs number:  30
Tasks number: 92
loss: 236.5787353515625
start in data :  CyberShake 65
Jobs number:  30
Tasks number: 90
loss: 231.00579833984375
start in data :  CyberShake 66
Jobs number:  30
Tasks number: 90
loss: 229.69480895996094
start in data :  CyberShake 67
Jobs number:  30
Tasks number: 89
loss: 224.46514892578125
start in data :  CyberShake 68
Jobs number:  30
Tasks number: 88
loss: 221.27783203125
start in data :  CyberShake 69
Jobs number:  30
Tasks number: 93
loss: 237.4409942626953
start in data :  CyberShake 70
Jobs number:  30
Tasks number: 88
loss: 231.23976135253906
start in data :  CyberShake 71
Jobs number:  30
Tasks number: 86
loss: 256.17108154296875
start in data :  CyberShake 72
Jobs number:  30
Tasks number: 88
loss: 204.82713317871094
start in data :  CyberShake 73
Jobs number:  30
Tasks number: 87
loss: 199.70913696289062
start in data :  CyberShake 74
Jobs number:  30
Tasks number: 86
loss: 200.17495727539062
start in data :  CyberShake 75
Jobs number:  30
Tasks number: 86
loss: 216.24496459960938
start in data :  CyberShake 76
Jobs number:  30
Tasks number: 90
loss: 214.32786560058594
start in data :  CyberShake 77
Jobs number:  30
Tasks number: 88
loss: 225.57240295410156
start in data :  CyberShake 78
Jobs number:  30
Tasks number: 94
loss: 279.2060241699219
start in data :  CyberShake 79
Jobs number:  30
Tasks number: 89
loss: 223.42755126953125
start in data :  CyberShake 80
Jobs number:  30
Tasks number: 93
loss: 226.8675994873047
start in data :  CyberShake 81
Jobs number:  30
Tasks number: 88
loss: 232.37506103515625
start in data :  CyberShake 82
Jobs number:  30
Tasks number: 89
loss: 238.68165588378906
start in data :  CyberShake 83
Jobs number:  30
Tasks number: 90
loss: 214.09996032714844
start in data :  CyberShake 84
Jobs number:  30
Tasks number: 93
loss: 239.2758026123047
start in data :  CyberShake 85
Jobs number:  30
Tasks number: 85
loss: 206.14630126953125
start in data :  CyberShake 86
Jobs number:  30
Tasks number: 87
loss: 222.98123168945312
start in data :  CyberShake 87
Jobs number:  30
Tasks number: 88
loss: 259.9430236816406
start in data :  CyberShake 88
Jobs number:  30
Tasks number: 89
loss: 215.02496337890625
start in data :  CyberShake 89
Jobs number:  30
Tasks number: 88
loss: 207.58262634277344
start in data :  CyberShake 90
Jobs number:  30
Tasks number: 88
loss: 210.36122131347656
start in data :  CyberShake 91
Jobs number:  30
Tasks number: 92
loss: 225.41629028320312
start in data :  CyberShake 92
Jobs number:  30
Tasks number: 90
loss: 214.39163208007812
start in data :  CyberShake 93
Jobs number:  30
Tasks number: 92
loss: 222.73895263671875
start in data :  CyberShake 94
Jobs number:  30
Tasks number: 91
loss: 230.34063720703125
start in data :  CyberShake 95
Jobs number:  30
Tasks number: 86
loss: 205.00759887695312
start in data :  CyberShake 96
Jobs number:  30
Tasks number: 90
loss: 216.85797119140625
start in data :  CyberShake 97
Jobs number:  30
Tasks number: 93
loss: 230.75198364257812
start in data :  CyberShake 98
Jobs number:  30
Tasks number: 87
loss: 241.38865661621094
start in data :  CyberShake 99
Jobs number:  30
Tasks number: 85
loss: 199.1562957763672
start in data :  CyberShake 100
Jobs number:  30
Tasks number: 90
loss: 216.72271728515625
start in data :  CyberShake 101
Jobs number:  30
Tasks number: 87
loss: 207.68124389648438
start in data :  CyberShake 102
Jobs number:  30
Tasks number: 92
loss: 249.73049926757812
start in data :  CyberShake 103
Jobs number:  30
Tasks number: 92
loss: 238.41046142578125
start in data :  CyberShake 104
Jobs number:  30
Tasks number: 89
loss: 248.3634796142578
start in data :  CyberShake 105
Jobs number:  30
Tasks number: 90
loss: 218.37933349609375
start in data :  CyberShake 106
Jobs number:  30
Tasks number: 90
loss: 231.4208984375
start in data :  CyberShake 107
Jobs number:  30
Tasks number: 92
loss: 233.9596405029297
start in data :  CyberShake 108
Jobs number:  30
Tasks number: 89
loss: 211.07415771484375
start in data :  CyberShake 109
Jobs number:  30
Tasks number: 90
loss: 220.63485717773438
start in data :  CyberShake 110
Jobs number:  30
Tasks number: 87
loss: 223.7232666015625
start in data :  CyberShake 111
Jobs number:  30
Tasks number: 89
loss: 217.66903686523438
start in data :  CyberShake 112
Jobs number:  30
Tasks number: 89
loss: 219.25653076171875
start in data :  CyberShake 113
Jobs number:  30
Tasks number: 89
loss: 225.42762756347656
start in data :  CyberShake 114
Jobs number:  30
Tasks number: 89
loss: 215.3411865234375
start in data :  CyberShake 115
Jobs number:  30
Tasks number: 88
loss: 222.09683227539062
start in data :  CyberShake 116
Jobs number:  30
Tasks number: 87
loss: 216.5233917236328
start in data :  CyberShake 117
Jobs number:  30
Tasks number: 87
loss: 194.1203155517578
start in data :  CyberShake 118
Jobs number:  30
Tasks number: 87
loss: 219.5823974609375
start in data :  CyberShake 119
Jobs number:  30
Tasks number: 88
loss: 216.69459533691406
start in data :  CyberShake 120
Jobs number:  30
Tasks number: 86
loss: 209.28953552246094
start in data :  CyberShake 121
Jobs number:  30
Tasks number: 91
loss: 234.71836853027344
start in data :  CyberShake 122
Jobs number:  30
Tasks number: 92
loss: 225.51202392578125
start in data :  CyberShake 123
Jobs number:  30
Tasks number: 89
loss: 214.96575927734375
start in data :  CyberShake 124
Jobs number:  30
Tasks number: 90
loss: 221.05361938476562
start in data :  CyberShake 125
Jobs number:  30
Tasks number: 86
loss: 213.83370971679688
start in data :  CyberShake 126
Jobs number:  30
Tasks number: 95
loss: 236.55323791503906
start in data :  CyberShake 127
Jobs number:  30
Tasks number: 94
loss: 231.12669372558594
start in data :  CyberShake 128
Jobs number:  30
Tasks number: 89
loss: 210.9153594970703
start in data :  CyberShake 129
Jobs number:  30
Tasks number: 91
loss: 198.7065887451172
start in data :  CyberShake 130
Jobs number:  30
Tasks number: 93
loss: 237.10702514648438
start in data :  CyberShake 131
Jobs number:  30
Tasks number: 86
loss: 204.86019897460938
start in data :  CyberShake 132
Jobs number:  30
Tasks number: 90
loss: 249.64413452148438
start in data :  CyberShake 133
Jobs number:  30
Tasks number: 92
loss: 230.76239013671875
start in data :  CyberShake 134
Jobs number:  30
Tasks number: 89
loss: 224.33230590820312
start in data :  CyberShake 135
Jobs number:  30
Tasks number: 87
loss: 197.6874542236328
start in data :  CyberShake 136
Jobs number:  30
Tasks number: 90
loss: 238.5610809326172
start in data :  CyberShake 137
Jobs number:  30
Tasks number: 87
loss: 231.09185791015625
start in data :  CyberShake 138
Jobs number:  30
Tasks number: 88
loss: 223.40023803710938
start in data :  CyberShake 139
Jobs number:  30
Tasks number: 86
loss: 221.668701171875
start in data :  CyberShake 140
Jobs number:  30
Tasks number: 87
loss: 216.46124267578125
start in data :  CyberShake 141
Jobs number:  30
Tasks number: 86
loss: 212.19850158691406
start in data :  CyberShake 142
Jobs number:  30
Tasks number: 89
loss: 221.46868896484375
start in data :  CyberShake 143
Jobs number:  30
Tasks number: 89
loss: 218.9949951171875
start in data :  CyberShake 144
Jobs number:  30
Tasks number: 89
loss: 213.26406860351562
start in data :  CyberShake 145
Jobs number:  30
Tasks number: 90
loss: 271.710205078125
start in data :  CyberShake 146
Jobs number:  30
Tasks number: 87
loss: 209.45388793945312
start in data :  CyberShake 147
Jobs number:  30
Tasks number: 90
loss: 238.14414978027344
start in data :  CyberShake 148
Jobs number:  30
Tasks number: 88
loss: 194.6468505859375
start in data :  CyberShake 149
Jobs number:  30
Tasks number: 90
loss: 217.1750946044922
start in data :  CyberShake 150
Jobs number:  30
Tasks number: 90
loss: 215.53494262695312
start in data :  CyberShake 151
Jobs number:  30
Tasks number: 86
loss: 212.0289764404297
start in data :  CyberShake 152
Jobs number:  30
Tasks number: 88
loss: 207.59507751464844
start in data :  CyberShake 153
Jobs number:  30
Tasks number: 87
loss: 206.8927764892578
start in data :  CyberShake 154
Jobs number:  30
Tasks number: 89
loss: 201.02444458007812
start in data :  CyberShake 155
Jobs number:  30
Tasks number: 90
loss: 220.52767944335938
start in data :  CyberShake 156
Jobs number:  30
Tasks number: 87
loss: 215.22113037109375
start in data :  CyberShake 157
Jobs number:  30
Tasks number: 86
loss: 223.7005157470703
start in data :  CyberShake 158
Jobs number:  30
Tasks number: 91
loss: 274.2565612792969
start in data :  CyberShake 159
Jobs number:  30
Tasks number: 87
loss: 219.43887329101562
start in data :  CyberShake 160
Jobs number:  30
Tasks number: 91
loss: 218.8559112548828
start in data :  CyberShake 161
Jobs number:  30
Tasks number: 86
loss: 202.2836456298828
start in data :  CyberShake 162
Jobs number:  30
Tasks number: 88
loss: 204.15284729003906
start in data :  CyberShake 163
Jobs number:  30
Tasks number: 87
loss: 203.32818603515625
start in data :  CyberShake 164
Jobs number:  30
Tasks number: 91
loss: 223.22154235839844
start in data :  CyberShake 165
Jobs number:  30
Tasks number: 91
loss: 215.5662078857422
start in data :  CyberShake 166
Jobs number:  30
Tasks number: 88
loss: 224.09317016601562
start in data :  CyberShake 167
Jobs number:  30
Tasks number: 89
loss: 221.27235412597656
start in data :  CyberShake 168
Jobs number:  30
Tasks number: 90
loss: 221.9970703125
start in data :  CyberShake 169
Jobs number:  30
Tasks number: 90
loss: 277.3949890136719
start in data :  CyberShake 170
Jobs number:  30
Tasks number: 88
loss: 203.056640625
start in data :  CyberShake 171
Jobs number:  30
Tasks number: 88
loss: 228.7303009033203
start in data :  CyberShake 172
Jobs number:  30
Tasks number: 87
loss: 203.48175048828125
start in data :  CyberShake 173
Jobs number:  30
Tasks number: 90
loss: 213.9123992919922
start in data :  CyberShake 174
Jobs number:  30
Tasks number: 87
loss: 203.28839111328125
start in data :  CyberShake 175
Jobs number:  30
Tasks number: 88
loss: 222.57444763183594
start in data :  CyberShake 176
Jobs number:  30
Tasks number: 85
loss: 206.5248260498047
start in data :  CyberShake 177
Jobs number:  30
Tasks number: 94
loss: 238.46412658691406
start in data :  CyberShake 178
Jobs number:  30
Tasks number: 88
loss: 220.15260314941406
start in data :  CyberShake 179
Jobs number:  30
Tasks number: 90
loss: 234.6186981201172
start in data :  CyberShake 180
Jobs number:  30
Tasks number: 92
loss: 215.9700469970703
start in data :  CyberShake 181
Jobs number:  30
Tasks number: 91
loss: 233.84815979003906
start in data :  CyberShake 182
Jobs number:  30
Tasks number: 91
loss: 216.2348175048828
start in data :  CyberShake 183
Jobs number:  30
Tasks number: 90
loss: 211.23904418945312
start in data :  CyberShake 184
Jobs number:  30
Tasks number: 88
loss: 194.93701171875
start in data :  CyberShake 185
Jobs number:  30
Tasks number: 89
loss: 211.08370971679688
start in data :  CyberShake 186
Jobs number:  30
Tasks number: 92
loss: 239.28274536132812
start in data :  CyberShake 187
Jobs number:  30
Tasks number: 89
loss: 219.39837646484375
start in data :  CyberShake 188
Jobs number:  30
Tasks number: 91
loss: 216.42567443847656
start in data :  CyberShake 189
Jobs number:  30
Tasks number: 86
loss: 207.8223419189453
start in data :  CyberShake 190
Jobs number:  30
Tasks number: 91
loss: 204.00877380371094
start in data :  CyberShake 191
Jobs number:  30
Tasks number: 88
loss: 216.18038940429688
start in data :  CyberShake 192
Jobs number:  30
Tasks number: 93
loss: 253.70960998535156
start in data :  CyberShake 193
Jobs number:  30
Tasks number: 89
loss: 208.9656524658203
start in data :  CyberShake 194
Jobs number:  30
Tasks number: 88
loss: 204.6630859375
start in data :  CyberShake 195
Jobs number:  30
Tasks number: 91
loss: 213.41265869140625
start in data :  CyberShake 196
Jobs number:  30
Tasks number: 91
loss: 217.7660675048828
start in data :  CyberShake 197
Jobs number:  30
Tasks number: 92
loss: 224.3562774658203
start in data :  CyberShake 198
Jobs number:  30
Tasks number: 91
loss: 220.093017578125
start in data :  CyberShake 199
Jobs number:  30
Tasks number: 90
loss: 242.44052124023438
start in data :  CyberShake 200
Jobs number:  30
Tasks number: 88
loss: 199.37464904785156
start in data :  CyberShake 201
Jobs number:  30
Tasks number: 89
loss: 227.8384552001953
start in data :  CyberShake 202
Jobs number:  30
Tasks number: 88
loss: 229.35958862304688
start in data :  CyberShake 203
Jobs number:  30
Tasks number: 89
loss: 216.4801483154297
start in data :  CyberShake 204
Jobs number:  30
Tasks number: 90
loss: 220.85687255859375
start in data :  CyberShake 205
Jobs number:  30
Tasks number: 92
loss: 235.4733428955078
start in data :  CyberShake 206
Jobs number:  30
Tasks number: 90
loss: 222.3828887939453
start in data :  CyberShake 207
Jobs number:  30
Tasks number: 88
loss: 181.48602294921875
start in data :  CyberShake 208
Jobs number:  30
Tasks number: 89
loss: 215.7703399658203
start in data :  CyberShake 209
Jobs number:  30
Tasks number: 91
loss: 215.78323364257812
start in data :  CyberShake 210
Jobs number:  30
Tasks number: 87
loss: 210.7633819580078
start in data :  CyberShake 211
Jobs number:  30
Tasks number: 87
loss: 192.7069854736328
start in data :  CyberShake 212
Jobs number:  30
Tasks number: 84
loss: 203.79241943359375
start in data :  CyberShake 213
Jobs number:  30
Tasks number: 88
loss: 211.95355224609375
start in data :  CyberShake 214
Jobs number:  30
Tasks number: 87
loss: 211.482421875
start in data :  CyberShake 215
Jobs number:  30
Tasks number: 89
loss: 199.023681640625
start in data :  CyberShake 216
Jobs number:  30
Tasks number: 87
loss: 250.4268035888672
start in data :  CyberShake 217
Jobs number:  30
Tasks number: 88
loss: 204.45169067382812
start in data :  CyberShake 218
Jobs number:  30
Tasks number: 87
loss: 212.36557006835938
start in data :  CyberShake 219
Jobs number:  30
Tasks number: 90
loss: 238.55612182617188
start in data :  CyberShake 220
Jobs number:  30
Tasks number: 88
loss: 213.52182006835938
start in data :  CyberShake 221
Jobs number:  30
Tasks number: 89
loss: 212.47470092773438
start in data :  CyberShake 222
Jobs number:  30
Tasks number: 86
loss: 183.19102478027344
start in data :  CyberShake 223
Jobs number:  30
Tasks number: 86
loss: 192.6028594970703
start in data :  CyberShake 224
Jobs number:  30
Tasks number: 86
loss: 183.09783935546875
start in data :  CyberShake 225
Jobs number:  30
Tasks number: 87
loss: 205.97293090820312
start in data :  CyberShake 226
Jobs number:  30
Tasks number: 89
loss: 222.53207397460938
start in data :  CyberShake 227
Jobs number:  30
Tasks number: 90
loss: 227.68231201171875
start in data :  CyberShake 228
Jobs number:  30
Tasks number: 87
loss: 213.27340698242188
start in data :  CyberShake 229
Jobs number:  30
Tasks number: 88
loss: 208.82212829589844
start in data :  CyberShake 230
Jobs number:  30
Tasks number: 90
loss: 245.3716583251953
start in data :  CyberShake 231
Jobs number:  30
Tasks number: 89
loss: 223.55508422851562
start in data :  CyberShake 232
Jobs number:  30
Tasks number: 90
loss: 226.28042602539062
start in data :  CyberShake 233
Jobs number:  30
Tasks number: 92
loss: 233.89735412597656
start in data :  CyberShake 234
Jobs number:  30
Tasks number: 94
loss: 228.63323974609375
start in data :  CyberShake 235
Jobs number:  30
Tasks number: 89
loss: 215.0266571044922
start in data :  CyberShake 236
Jobs number:  30
Tasks number: 89
loss: 208.2210235595703
start in data :  CyberShake 237
Jobs number:  30
Tasks number: 87
loss: 196.80186462402344
start in data :  CyberShake 238
Jobs number:  30
Tasks number: 90
loss: 201.80381774902344
start in data :  CyberShake 239
Jobs number:  30
Tasks number: 89
loss: 228.87142944335938
start in data :  CyberShake 240
Jobs number:  30
Tasks number: 91
loss: 267.82086181640625
start in data :  CyberShake 241
Jobs number:  30
Tasks number: 87
loss: 197.8588409423828
start in data :  CyberShake 242
Jobs number:  30
Tasks number: 91
loss: 228.69590759277344
start in data :  CyberShake 243
Jobs number:  30
Tasks number: 88
loss: 207.23753356933594
start in data :  CyberShake 244
Jobs number:  30
Tasks number: 87
loss: 225.8767852783203
start in data :  CyberShake 245
Jobs number:  30
Tasks number: 86
loss: 222.46652221679688
start in data :  CyberShake 246
Jobs number:  30
Tasks number: 87
loss: 222.7401123046875
start in data :  CyberShake 247
Jobs number:  30
Tasks number: 85
loss: 199.95333862304688
start in data :  CyberShake 248
Jobs number:  30
Tasks number: 86
loss: 203.57037353515625
start in data :  CyberShake 249
Jobs number:  30
Tasks number: 90
loss: 215.59085083007812
start in data :  CyberShake 250
Jobs number:  30
Tasks number: 91
loss: 273.7365417480469
start in data :  CyberShake 251
Jobs number:  30
Tasks number: 87
loss: 210.61668395996094
start in data :  CyberShake 252
Jobs number:  30
Tasks number: 88
loss: 206.04483032226562
start in data :  CyberShake 253
Jobs number:  30
Tasks number: 90
loss: 200.3304901123047
start in data :  CyberShake 254
Jobs number:  30
Tasks number: 88
loss: 211.03900146484375
start in data :  CyberShake 255
Jobs number:  30
Tasks number: 92
loss: 264.34912109375
start in data :  CyberShake 256
Jobs number:  30
Tasks number: 87
loss: 219.3676300048828
start in data :  CyberShake 257
Jobs number:  30
Tasks number: 88
loss: 207.13697814941406
start in data :  CyberShake 258
Jobs number:  30
Tasks number: 89
loss: 249.61068725585938
start in data :  CyberShake 259
Jobs number:  30
Tasks number: 92
loss: 219.14781188964844
start in data :  CyberShake 260
Jobs number:  30
Tasks number: 85
loss: 191.26214599609375
start in data :  CyberShake 261
Jobs number:  30
Tasks number: 92
loss: 225.1998748779297
start in data :  CyberShake 262
Jobs number:  30
Tasks number: 90
loss: 209.16810607910156
start in data :  CyberShake 263
Jobs number:  30
Tasks number: 87
loss: 202.19680786132812
start in data :  CyberShake 264
Jobs number:  30
Tasks number: 87
loss: 201.517822265625
start in data :  CyberShake 265
Jobs number:  30
Tasks number: 99
loss: 233.53033447265625
start in data :  CyberShake 266
Jobs number:  30
Tasks number: 92
loss: 220.13308715820312
start in data :  CyberShake 267
Jobs number:  30
Tasks number: 89
loss: 204.35316467285156
start in data :  CyberShake 268
Jobs number:  30
Tasks number: 89
loss: 232.11944580078125
start in data :  CyberShake 269
Jobs number:  30
Tasks number: 87
loss: 208.8369598388672
start in data :  CyberShake 270
Jobs number:  30
Tasks number: 86
loss: 187.5784149169922
start in data :  CyberShake 271
Jobs number:  30
Tasks number: 89
loss: 202.19503784179688
start in data :  CyberShake 272
Jobs number:  30
Tasks number: 87
loss: 199.42910766601562
start in data :  CyberShake 273
Jobs number:  30
Tasks number: 93
loss: 228.84609985351562
start in data :  CyberShake 274
Jobs number:  30
Tasks number: 89
loss: 240.05364990234375
start in data :  CyberShake 275
Jobs number:  30
Tasks number: 85
loss: 199.9389190673828
start in data :  CyberShake 276
Jobs number:  30
Tasks number: 89
loss: 198.7774658203125
start in data :  CyberShake 277
Jobs number:  30
Tasks number: 88
loss: 194.52523803710938
start in data :  CyberShake 278
Jobs number:  30
Tasks number: 85
loss: 189.12794494628906
start in data :  CyberShake 279
Jobs number:  30
Tasks number: 87
loss: 208.8546600341797
start in data :  CyberShake 280
Jobs number:  30
Tasks number: 92
loss: 204.8965606689453
start in data :  CyberShake 281
Jobs number:  30
Tasks number: 90
loss: 198.42471313476562
start in data :  CyberShake 282
Jobs number:  30
Tasks number: 87
loss: 247.63137817382812
start in data :  CyberShake 283
Jobs number:  30
Tasks number: 88
loss: 194.0681610107422
start in data :  CyberShake 284
Jobs number:  30
Tasks number: 89
loss: 223.92178344726562
start in data :  CyberShake 285
Jobs number:  30
Tasks number: 90
loss: 229.58602905273438
start in data :  CyberShake 286
Jobs number:  30
Tasks number: 88
loss: 219.9045867919922
start in data :  CyberShake 287
Jobs number:  30
Tasks number: 92
loss: 227.78297424316406
start in data :  CyberShake 288
Jobs number:  30
Tasks number: 89
loss: 213.7099609375
start in data :  CyberShake 289
Jobs number:  30
Tasks number: 89
loss: 218.37985229492188
start in data :  CyberShake 290
Jobs number:  30
Tasks number: 87
loss: 208.63710021972656
start in data :  CyberShake 291
Jobs number:  30
Tasks number: 90
loss: 209.60867309570312
start in data :  CyberShake 292
Jobs number:  30
Tasks number: 85
loss: 195.52183532714844
start in data :  CyberShake 293
Jobs number:  30
Tasks number: 90
loss: 236.31082153320312
start in data :  CyberShake 294
Jobs number:  30
Tasks number: 91
loss: 208.67640686035156
start in data :  CyberShake 295
Jobs number:  30
Tasks number: 85
loss: 220.45472717285156
start in data :  CyberShake 296
Jobs number:  30
Tasks number: 88
loss: 226.69549560546875
start in data :  CyberShake 297
Jobs number:  30
Tasks number: 88
loss: 216.22714233398438
start in data :  CyberShake 298
Jobs number:  30
Tasks number: 91
loss: 209.8916015625
start in data :  CyberShake 299
Jobs number:  30
Tasks number: 88
loss: 212.72425842285156
start in data :  CyberShake 300
Jobs number:  30
Tasks number: 86
loss: 196.07244873046875
start in data :  CyberShake 301
Jobs number:  30
Tasks number: 90
loss: 206.0445556640625
start in data :  CyberShake 302
Jobs number:  30
Tasks number: 92
loss: 229.58668518066406
start in data :  CyberShake 303
Jobs number:  30
Tasks number: 86
loss: 204.08322143554688
start in data :  CyberShake 304
Jobs number:  30
Tasks number: 91
loss: 220.81813049316406
start in data :  CyberShake 305
Jobs number:  30
Tasks number: 88
loss: 200.93936157226562
start in data :  CyberShake 306
Jobs number:  30
Tasks number: 92
loss: 224.087890625
start in data :  CyberShake 307
Jobs number:  30
Tasks number: 88
loss: 212.73924255371094
start in data :  CyberShake 308
Jobs number:  30
Tasks number: 86
loss: 211.2650146484375
start in data :  CyberShake 309
Jobs number:  30
Tasks number: 85
loss: 184.951904296875
start in data :  CyberShake 310
Jobs number:  30
Tasks number: 87
loss: 214.29296875
start in data :  CyberShake 311
Jobs number:  30
Tasks number: 87
loss: 211.76165771484375
start in data :  CyberShake 312
Jobs number:  30
Tasks number: 88
loss: 255.84646606445312
start in data :  CyberShake 313
Jobs number:  30
Tasks number: 93
loss: 212.8631591796875
start in data :  CyberShake 314
Jobs number:  30
Tasks number: 93
loss: 211.96994018554688
start in data :  CyberShake 315
Jobs number:  30
Tasks number: 88
loss: 214.46014404296875
start in data :  CyberShake 316
Jobs number:  30
Tasks number: 90
loss: 219.47474670410156
start in data :  CyberShake 317
Jobs number:  30
Tasks number: 91
loss: 211.91781616210938
start in data :  CyberShake 318
Jobs number:  30
Tasks number: 85
loss: 202.2610626220703
start in data :  CyberShake 319
Jobs number:  30
Tasks number: 90
loss: 210.42620849609375
start in data :  CyberShake 320
Jobs number:  30
Tasks number: 89
loss: 202.4560089111328
start in data :  CyberShake 321
Jobs number:  30
Tasks number: 86
loss: 184.40745544433594
start in data :  CyberShake 322
Jobs number:  30
Tasks number: 87
loss: 181.9453125
start in data :  CyberShake 323
Jobs number:  30
Tasks number: 92
loss: 209.09547424316406
start in data :  CyberShake 324
Jobs number:  30
Tasks number: 87
loss: 197.8364715576172
start in data :  CyberShake 325
Jobs number:  30
Tasks number: 89
loss: 225.59820556640625
start in data :  CyberShake 326
Jobs number:  30
Tasks number: 88
loss: 204.96707153320312
start in data :  CyberShake 327
Jobs number:  30
Tasks number: 87
loss: 225.79893493652344
start in data :  CyberShake 328
Jobs number:  30
Tasks number: 91
loss: 217.0408477783203
start in data :  CyberShake 329
Jobs number:  30
Tasks number: 91
loss: 200.9387664794922
start in data :  CyberShake 330
Jobs number:  30
Tasks number: 89
loss: 224.28326416015625
start in data :  CyberShake 331
Jobs number:  30
Tasks number: 92
loss: 234.9442596435547
start in data :  CyberShake 332
Jobs number:  30
Tasks number: 86
loss: 208.357421875
start in data :  CyberShake 333
Jobs number:  30
Tasks number: 87
loss: 217.0356903076172
start in data :  CyberShake 334
Jobs number:  30
Tasks number: 87
loss: 201.83184814453125
start in data :  CyberShake 335
Jobs number:  30
Tasks number: 93
loss: 200.1959991455078
start in data :  CyberShake 336
Jobs number:  30
Tasks number: 89
loss: 204.2636260986328
start in data :  CyberShake 337
Jobs number:  30
Tasks number: 92
loss: 242.82215881347656
start in data :  CyberShake 338
Jobs number:  30
Tasks number: 88
loss: 206.6860809326172
start in data :  CyberShake 339
Jobs number:  30
Tasks number: 93
loss: 206.12387084960938
start in data :  CyberShake 340
Jobs number:  30
Tasks number: 86
loss: 206.46266174316406
start in data :  CyberShake 341
Jobs number:  30
Tasks number: 92
loss: 211.69464111328125
start in data :  CyberShake 342
Jobs number:  30
Tasks number: 92
loss: 214.77279663085938
start in data :  CyberShake 343
Jobs number:  30
Tasks number: 92
loss: 203.5706024169922
start in data :  CyberShake 344
Jobs number:  30
Tasks number: 89
loss: 215.87876892089844
start in data :  CyberShake 345
Jobs number:  30
Tasks number: 88
loss: 211.08203125
start in data :  CyberShake 346
Jobs number:  30
Tasks number: 89
loss: 214.96563720703125
start in data :  CyberShake 347
Jobs number:  30
Tasks number: 91
loss: 245.38711547851562
start in data :  CyberShake 348
Jobs number:  30
Tasks number: 90
loss: 262.9618835449219
start in data :  CyberShake 349
Jobs number:  30
Tasks number: 90
loss: 196.48765563964844
start in data :  CyberShake 350
Jobs number:  30
Tasks number: 91
loss: 244.43150329589844
start in data :  CyberShake 351
Jobs number:  30
Tasks number: 93
loss: 226.75892639160156
start in data :  CyberShake 352
Jobs number:  30
Tasks number: 89
loss: 208.59854125976562
start in data :  CyberShake 353
Jobs number:  30
Tasks number: 91
loss: 219.34207153320312
start in data :  CyberShake 354
Jobs number:  30
Tasks number: 90
loss: 234.1041259765625
start in data :  CyberShake 355
Jobs number:  30
Tasks number: 86
loss: 202.42678833007812
start in data :  CyberShake 356
Jobs number:  30
Tasks number: 91
loss: 225.22219848632812
start in data :  CyberShake 357
Jobs number:  30
Tasks number: 90
loss: 207.50054931640625
start in data :  CyberShake 358
Jobs number:  30
Tasks number: 89
loss: 217.18609619140625
start in data :  CyberShake 359
Jobs number:  30
Tasks number: 89
loss: 223.88108825683594
start in data :  CyberShake 360
Jobs number:  30
Tasks number: 86
loss: 204.12481689453125
start in data :  CyberShake 361
Jobs number:  30
Tasks number: 88
loss: 214.23155212402344
start in data :  CyberShake 362
Jobs number:  30
Tasks number: 89
loss: 206.20645141601562
start in data :  CyberShake 363
Jobs number:  30
Tasks number: 94
loss: 231.31100463867188
start in data :  CyberShake 364
Jobs number:  30
Tasks number: 91
loss: 200.5979766845703
start in data :  CyberShake 365
Jobs number:  30
Tasks number: 90
loss: 199.45973205566406
start in data :  CyberShake 366
Jobs number:  30
Tasks number: 86
loss: 190.92152404785156
start in data :  CyberShake 367
Jobs number:  30
Tasks number: 88
loss: 209.8113250732422
start in data :  CyberShake 368
Jobs number:  30
Tasks number: 90
loss: 204.1944580078125
start in data :  CyberShake 369
Jobs number:  30
Tasks number: 90
loss: 214.6845245361328
start in data :  CyberShake 370
Jobs number:  30
Tasks number: 89
loss: 209.1764373779297
start in data :  CyberShake 371
Jobs number:  30
Tasks number: 86
loss: 205.59475708007812
start in data :  CyberShake 372
Jobs number:  30
Tasks number: 92
loss: 236.16664123535156
start in data :  CyberShake 373
Jobs number:  30
Tasks number: 88
loss: 211.9158172607422
start in data :  CyberShake 374
Jobs number:  30
Tasks number: 85
loss: 196.74566650390625
start in data :  CyberShake 375
Jobs number:  30
Tasks number: 89
loss: 212.0615234375
start in data :  CyberShake 376
Jobs number:  30
Tasks number: 88
loss: 200.54620361328125
start in data :  CyberShake 377
Jobs number:  30
Tasks number: 87
loss: 207.03822326660156
start in data :  CyberShake 378
Jobs number:  30
Tasks number: 94
loss: 281.25384521484375
start in data :  CyberShake 379
Jobs number:  30
Tasks number: 87
loss: 198.01429748535156
start in data :  CyberShake 380
Jobs number:  30
Tasks number: 84
loss: 191.026611328125
start in data :  CyberShake 381
Jobs number:  30
Tasks number: 89
loss: 220.74266052246094
start in data :  CyberShake 382
Jobs number:  30
Tasks number: 85
loss: 184.32891845703125
start in data :  CyberShake 383
Jobs number:  30
Tasks number: 90
loss: 208.93626403808594
start in data :  CyberShake 384
Jobs number:  30
Tasks number: 89
loss: 248.44955444335938
start in data :  CyberShake 385
Jobs number:  30
Tasks number: 85
loss: 202.19656372070312
start in data :  CyberShake 386
Jobs number:  30
Tasks number: 88
loss: 216.79806518554688
start in data :  CyberShake 387
Jobs number:  30
Tasks number: 88
loss: 200.8717041015625
start in data :  CyberShake 388
Jobs number:  30
Tasks number: 87
loss: 189.21363830566406
start in data :  CyberShake 389
Jobs number:  30
Tasks number: 92
loss: 218.39300537109375
start in data :  CyberShake 390
Jobs number:  30
Tasks number: 90
loss: 215.189453125
start in data :  CyberShake 391
Jobs number:  30
Tasks number: 88
loss: 198.9564666748047
start in data :  CyberShake 392
Jobs number:  30
Tasks number: 88
loss: 205.7495880126953
start in data :  CyberShake 393
Jobs number:  30
Tasks number: 85
loss: 187.4384765625
start in data :  CyberShake 394
Jobs number:  30
Tasks number: 89
loss: 205.44473266601562
start in data :  CyberShake 395
Jobs number:  30
Tasks number: 87
loss: 195.05726623535156
start in data :  CyberShake 396
Jobs number:  30
Tasks number: 92
loss: 219.3501434326172
start in data :  CyberShake 397
Jobs number:  30
Tasks number: 93
loss: 220.9767303466797
start in data :  CyberShake 398
Jobs number:  30
Tasks number: 88
loss: 205.0228729248047
start in data :  CyberShake 399
Jobs number:  30
Tasks number: 92
loss: 201.55690002441406
start in data :  CyberShake 400
Jobs number:  30
Tasks number: 88
loss: 224.54954528808594
start in data :  CyberShake 401
Jobs number:  30
Tasks number: 94
loss: 209.57949829101562
start in data :  CyberShake 402
Jobs number:  30
Tasks number: 89
loss: 206.43600463867188
start in data :  CyberShake 403
Jobs number:  30
Tasks number: 90
loss: 215.85592651367188
start in data :  CyberShake 404
Jobs number:  30
Tasks number: 88
loss: 217.8115997314453
start in data :  CyberShake 405
Jobs number:  30
Tasks number: 86
loss: 186.72598266601562
start in data :  CyberShake 406
Jobs number:  30
Tasks number: 89
loss: 219.9361114501953
start in data :  CyberShake 407
Jobs number:  30
Tasks number: 89
loss: 197.29733276367188
start in data :  CyberShake 408
Jobs number:  30
Tasks number: 90
loss: 211.45187377929688
start in data :  CyberShake 409
Jobs number:  30
Tasks number: 87
loss: 224.20559692382812
start in data :  CyberShake 410
Jobs number:  30
Tasks number: 88
loss: 213.5789794921875
start in data :  CyberShake 411
Jobs number:  30
Tasks number: 86
loss: 235.7699432373047
start in data :  CyberShake 412
Jobs number:  30
Tasks number: 92
loss: 215.07730102539062
start in data :  CyberShake 413
Jobs number:  30
Tasks number: 88
loss: 202.09564208984375
start in data :  CyberShake 414
Jobs number:  30
Tasks number: 85
loss: 185.0334930419922
start in data :  CyberShake 415
Jobs number:  30
Tasks number: 89
loss: 216.41506958007812
start in data :  CyberShake 416
Jobs number:  30
Tasks number: 92
loss: 221.69137573242188
start in data :  CyberShake 417
Jobs number:  30
Tasks number: 89
loss: 189.07742309570312
start in data :  CyberShake 418
Jobs number:  30
Tasks number: 92
loss: 206.16006469726562
start in data :  CyberShake 419
Jobs number:  30
Tasks number: 87
loss: 198.97349548339844
start in data :  CyberShake 420
Jobs number:  30
Tasks number: 93
loss: 211.1243438720703
start in data :  CyberShake 421
Jobs number:  30
Tasks number: 89
loss: 221.69021606445312
start in data :  CyberShake 422
Jobs number:  30
Tasks number: 91
loss: 211.7398681640625
start in data :  CyberShake 423
Jobs number:  30
Tasks number: 85
loss: 184.81724548339844
start in data :  CyberShake 424
Jobs number:  30
Tasks number: 88
loss: 204.6748504638672
start in data :  CyberShake 425
Jobs number:  30
Tasks number: 88
loss: 214.4151611328125
start in data :  CyberShake 426
Jobs number:  30
Tasks number: 88
loss: 187.9202423095703
start in data :  CyberShake 427
Jobs number:  30
Tasks number: 87
loss: 213.47378540039062
start in data :  CyberShake 428
Jobs number:  30
Tasks number: 90
loss: 205.568115234375
start in data :  CyberShake 429
Jobs number:  30
Tasks number: 87
loss: 204.34559631347656
start in data :  CyberShake 430
Jobs number:  30
Tasks number: 89
loss: 230.01841735839844
start in data :  CyberShake 431
Jobs number:  30
Tasks number: 87
loss: 207.8387451171875
start in data :  CyberShake 432
Jobs number:  30
Tasks number: 87
loss: 187.55587768554688
start in data :  CyberShake 433
Jobs number:  30
Tasks number: 90
loss: 238.09608459472656
start in data :  CyberShake 434
Jobs number:  30
Tasks number: 87
loss: 207.47520446777344
start in data :  CyberShake 435
Jobs number:  30
Tasks number: 90
loss: 210.9651641845703
start in data :  CyberShake 436
Jobs number:  30
Tasks number: 87
loss: 191.0467987060547
start in data :  CyberShake 437
Jobs number:  30
Tasks number: 90
loss: 201.45980834960938
start in data :  CyberShake 438
Jobs number:  30
Tasks number: 90
loss: 215.7296905517578
start in data :  CyberShake 439
Jobs number:  30
Tasks number: 88
loss: 198.54934692382812
start in data :  CyberShake 440
Jobs number:  30
Tasks number: 89
loss: 208.28990173339844
start in data :  CyberShake 441
Jobs number:  30
Tasks number: 86
loss: 232.7771759033203
start in data :  CyberShake 442
Jobs number:  30
Tasks number: 90
loss: 202.05426025390625
start in data :  CyberShake 443
Jobs number:  30
Tasks number: 89
loss: 214.55929565429688
start in data :  CyberShake 444
Jobs number:  30
Tasks number: 89
loss: 220.14891052246094
start in data :  CyberShake 445
Jobs number:  30
Tasks number: 85
loss: 201.28489685058594
start in data :  CyberShake 446
Jobs number:  30
Tasks number: 85
loss: 183.1060791015625
start in data :  CyberShake 447
Jobs number:  30
Tasks number: 91
loss: 194.8229217529297
start in data :  CyberShake 448
Jobs number:  30
Tasks number: 90
loss: 209.8664093017578
start in data :  CyberShake 449
Jobs number:  30
Tasks number: 92
loss: 221.0618133544922
start in data :  CyberShake 450
Jobs number:  30
Tasks number: 86
loss: 190.4693603515625
start in data :  CyberShake 451
Jobs number:  30
Tasks number: 88
loss: 214.06005859375
start in data :  CyberShake 452
Jobs number:  30
Tasks number: 90
loss: 227.42672729492188
start in data :  CyberShake 453
Jobs number:  30
Tasks number: 86
loss: 205.7078399658203
start in data :  CyberShake 454
Jobs number:  30
Tasks number: 88
loss: 206.5436248779297
start in data :  CyberShake 455
Jobs number:  30
Tasks number: 87
loss: 197.72164916992188
start in data :  CyberShake 456
Jobs number:  30
Tasks number: 87
loss: 193.17584228515625
start in data :  CyberShake 457
Jobs number:  30
Tasks number: 88
loss: 197.75668334960938
start in data :  CyberShake 458
Jobs number:  30
Tasks number: 94
loss: 202.1296844482422
start in data :  CyberShake 459
Jobs number:  30
Tasks number: 87
loss: 202.1304168701172
start in data :  CyberShake 460
Jobs number:  30
Tasks number: 88
loss: 196.12510681152344
start in data :  CyberShake 461
Jobs number:  30
Tasks number: 90
loss: 189.2386474609375
start in data :  CyberShake 462
Jobs number:  30
Tasks number: 85
loss: 202.26808166503906
start in data :  CyberShake 463
Jobs number:  30
Tasks number: 87
loss: 208.69256591796875
start in data :  CyberShake 464
Jobs number:  30
Tasks number: 92
loss: 208.88417053222656
start in data :  CyberShake 465
Jobs number:  30
Tasks number: 86
loss: 191.40408325195312
start in data :  CyberShake 466
Jobs number:  30
Tasks number: 89
loss: 194.61459350585938
start in data :  CyberShake 467
Jobs number:  30
Tasks number: 88
loss: 200.446044921875
start in data :  CyberShake 468
Jobs number:  30
Tasks number: 92
loss: 205.952880859375
start in data :  CyberShake 469
Jobs number:  30
Tasks number: 96
loss: 222.94801330566406
start in data :  CyberShake 470
Jobs number:  30
Tasks number: 89
loss: 213.02247619628906
start in data :  CyberShake 471
Jobs number:  30
Tasks number: 87
loss: 190.25723266601562
start in data :  CyberShake 472
Jobs number:  30
Tasks number: 88
loss: 211.81494140625
start in data :  CyberShake 473
Jobs number:  30
Tasks number: 89
loss: 221.35140991210938
start in data :  CyberShake 474
Jobs number:  30
Tasks number: 89
loss: 209.3656463623047
start in data :  CyberShake 475
Jobs number:  30
Tasks number: 87
loss: 191.23191833496094
start in data :  CyberShake 476
Jobs number:  30
Tasks number: 90
loss: 191.2522430419922
start in data :  CyberShake 477
Jobs number:  30
Tasks number: 88
loss: 205.9906463623047
start in data :  CyberShake 478
Jobs number:  30
Tasks number: 87
loss: 184.4400177001953
start in data :  CyberShake 479
Jobs number:  30
Tasks number: 93
loss: 231.25672912597656
start in data :  CyberShake 480
Jobs number:  30
Tasks number: 89
loss: 208.90879821777344
start in data :  CyberShake 481
Jobs number:  30
Tasks number: 88
loss: 211.80357360839844
start in data :  CyberShake 482
Jobs number:  30
Tasks number: 90
loss: 191.74530029296875
start in data :  CyberShake 483
Jobs number:  30
Tasks number: 93
loss: 229.04437255859375
start in data :  CyberShake 484
Jobs number:  30
Tasks number: 88
loss: 214.688720703125
start in data :  CyberShake 485
Jobs number:  30
Tasks number: 89
loss: 210.1305389404297
start in data :  CyberShake 486
Jobs number:  30
Tasks number: 87
loss: 195.31832885742188
start in data :  CyberShake 487
Jobs number:  30
Tasks number: 87
loss: 195.1365509033203
start in data :  CyberShake 488
Jobs number:  30
Tasks number: 88
loss: 205.61395263671875
start in data :  CyberShake 489
Jobs number:  30
Tasks number: 90
loss: 204.25164794921875
start in data :  CyberShake 490
Jobs number:  30
Tasks number: 92
loss: 209.62918090820312
start in data :  CyberShake 491
Jobs number:  30
Tasks number: 88
loss: 218.19642639160156
start in data :  CyberShake 492
Jobs number:  30
Tasks number: 92
loss: 210.44273376464844
start in data :  CyberShake 493
Jobs number:  30
Tasks number: 87
loss: 185.39614868164062
start in data :  CyberShake 494
Jobs number:  30
Tasks number: 87
loss: 192.19639587402344
start in data :  CyberShake 495
Jobs number:  30
Tasks number: 86
loss: 210.36170959472656
start in data :  CyberShake 496
Jobs number:  30
Tasks number: 87
loss: 209.22064208984375
start in data :  CyberShake 497
Jobs number:  30
Tasks number: 88
loss: 193.37867736816406
start in data :  CyberShake 498
Jobs number:  30
Tasks number: 87
loss: 194.8874053955078
start in data :  CyberShake 499
Jobs number:  30
Tasks number: 89
loss: 204.52427673339844
start in data :  CyberShake 500
Jobs number:  30
Tasks number: 91
loss: 216.96363830566406
start in data :  CyberShake 501
Jobs number:  30
Tasks number: 90
loss: 212.4000244140625
start in data :  CyberShake 502
Jobs number:  30
Tasks number: 88
loss: 198.3003387451172
start in data :  CyberShake 503
Jobs number:  30
Tasks number: 89
loss: 246.10125732421875
start in data :  CyberShake 504
Jobs number:  30
Tasks number: 88
loss: 178.57598876953125
start in data :  CyberShake 505
Jobs number:  30
Tasks number: 89
loss: 194.77618408203125
start in data :  CyberShake 506
Jobs number:  30
Tasks number: 87
loss: 258.20733642578125
start in data :  CyberShake 507
Jobs number:  30
Tasks number: 87
loss: 186.6260528564453
start in data :  CyberShake 508
Jobs number:  30
Tasks number: 84
loss: 182.22799682617188
start in data :  CyberShake 509
Jobs number:  30
Tasks number: 88
loss: 212.14791870117188
start in data :  CyberShake 510
Jobs number:  30
Tasks number: 85
loss: 199.72364807128906
start in data :  CyberShake 511
Jobs number:  30
Tasks number: 91
loss: 212.79786682128906
start in data :  CyberShake 512
Jobs number:  30
Tasks number: 89
loss: 191.71511840820312
start in data :  CyberShake 513
Jobs number:  30
Tasks number: 89
loss: 190.33773803710938
start in data :  CyberShake 514
Jobs number:  30
Tasks number: 88
loss: 237.6691436767578
start in data :  CyberShake 515
Jobs number:  30
Tasks number: 90
loss: 204.3118896484375
start in data :  CyberShake 516
Jobs number:  30
Tasks number: 88
loss: 207.04983520507812
start in data :  CyberShake 517
Jobs number:  30
Tasks number: 90
loss: 184.6324005126953
start in data :  CyberShake 518
Jobs number:  30
Tasks number: 89
loss: 209.791259765625
start in data :  CyberShake 519
Jobs number:  30
Tasks number: 88
loss: 202.65501403808594
start in data :  CyberShake 520
Jobs number:  30
Tasks number: 93
loss: 209.54913330078125
start in data :  CyberShake 521
Jobs number:  30
Tasks number: 89
loss: 200.17471313476562
start in data :  CyberShake 522
Jobs number:  30
Tasks number: 92
loss: 206.38436889648438
start in data :  CyberShake 523
Jobs number:  30
Tasks number: 88
loss: 203.42474365234375
start in data :  CyberShake 524
Jobs number:  30
Tasks number: 90
loss: 187.50201416015625
start in data :  CyberShake 525
Jobs number:  30
Tasks number: 87
loss: 197.87844848632812
start in data :  CyberShake 526
Jobs number:  30
Tasks number: 89
loss: 195.81732177734375
start in data :  CyberShake 527
Jobs number:  30
Tasks number: 92
loss: 210.0184783935547
start in data :  CyberShake 528
Jobs number:  30
Tasks number: 84
loss: 190.7485809326172
start in data :  CyberShake 529
Jobs number:  30
Tasks number: 89
loss: 203.2976837158203
start in data :  CyberShake 530
Jobs number:  30
Tasks number: 90
loss: 189.79385375976562
start in data :  CyberShake 531
Jobs number:  30
Tasks number: 87
loss: 197.88681030273438
start in data :  CyberShake 532
Jobs number:  30
Tasks number: 91
loss: 208.16390991210938
start in data :  CyberShake 533
Jobs number:  30
Tasks number: 88
loss: 206.61729431152344
start in data :  CyberShake 534
Jobs number:  30
Tasks number: 91
loss: 233.00628662109375
start in data :  CyberShake 535
Jobs number:  30
Tasks number: 89
loss: 242.12521362304688
start in data :  CyberShake 536
Jobs number:  30
Tasks number: 92
loss: 240.2198944091797
start in data :  CyberShake 537
Jobs number:  30
Tasks number: 90
loss: 217.2406005859375
start in data :  CyberShake 538
Jobs number:  30
Tasks number: 86
loss: 205.38937377929688
start in data :  CyberShake 539
Jobs number:  30
Tasks number: 90
loss: 205.2943572998047
start in data :  CyberShake 540
Jobs number:  30
Tasks number: 86
loss: 196.6956329345703
start in data :  CyberShake 541
Jobs number:  30
Tasks number: 89
loss: 197.03451538085938
start in data :  CyberShake 542
Jobs number:  30
Tasks number: 94
loss: 223.98179626464844
start in data :  CyberShake 543
Jobs number:  30
Tasks number: 89
loss: 201.1016387939453
start in data :  CyberShake 544
Jobs number:  30
Tasks number: 88
loss: 193.53221130371094
start in data :  CyberShake 545
Jobs number:  30
Tasks number: 87
loss: 189.4289093017578
start in data :  CyberShake 546
Jobs number:  30
Tasks number: 94
loss: 216.380859375
start in data :  CyberShake 547
Jobs number:  30
Tasks number: 90
loss: 228.6119384765625
start in data :  CyberShake 548
Jobs number:  30
Tasks number: 91
loss: 209.9778594970703
start in data :  CyberShake 549
Jobs number:  30
Tasks number: 88
loss: 197.2294158935547
start in data :  CyberShake 550
Jobs number:  30
Tasks number: 87
loss: 198.03431701660156
start in data :  CyberShake 551
Jobs number:  30
Tasks number: 92
loss: 228.7120361328125
start in data :  CyberShake 552
Jobs number:  30
Tasks number: 88
loss: 213.33816528320312
start in data :  CyberShake 553
Jobs number:  30
Tasks number: 89
loss: 202.96331787109375
start in data :  CyberShake 554
Jobs number:  30
Tasks number: 92
loss: 207.13986206054688
start in data :  CyberShake 555
Jobs number:  30
Tasks number: 87
loss: 201.33465576171875
start in data :  CyberShake 556
Jobs number:  30
Tasks number: 87
loss: 188.30491638183594
start in data :  CyberShake 557
Jobs number:  30
Tasks number: 91
loss: 202.41763305664062
start in data :  CyberShake 558
Jobs number:  30
Tasks number: 87
loss: 221.315673828125
start in data :  CyberShake 559
Jobs number:  30
Tasks number: 89
loss: 186.3864288330078
start in data :  CyberShake 560
Jobs number:  30
Tasks number: 84
loss: 188.35198974609375
start in data :  CyberShake 561
Jobs number:  30
Tasks number: 89
loss: 211.0364990234375
start in data :  CyberShake 562
Jobs number:  30
Tasks number: 87
loss: 193.43638610839844
start in data :  CyberShake 563
Jobs number:  30
Tasks number: 91
loss: 218.74964904785156
start in data :  CyberShake 564
Jobs number:  30
Tasks number: 87
loss: 198.60137939453125
start in data :  CyberShake 565
Jobs number:  30
Tasks number: 87
loss: 184.5018768310547
start in data :  CyberShake 566
Jobs number:  30
Tasks number: 90
loss: 232.08412170410156
start in data :  CyberShake 567
Jobs number:  30
Tasks number: 87
loss: 192.67027282714844
start in data :  CyberShake 568
Jobs number:  30
Tasks number: 90
loss: 205.7851104736328
start in data :  CyberShake 569
Jobs number:  30
Tasks number: 90
loss: 206.59690856933594
start in data :  CyberShake 570
Jobs number:  30
Tasks number: 89
loss: 191.6863555908203
start in data :  CyberShake 571
Jobs number:  30
Tasks number: 87
loss: 213.50372314453125
start in data :  CyberShake 572
Jobs number:  30
Tasks number: 87
loss: 225.13397216796875
start in data :  CyberShake 573
Jobs number:  30
Tasks number: 92
loss: 225.9892120361328
start in data :  CyberShake 574
Jobs number:  30
Tasks number: 87
loss: 202.69039916992188
start in data :  CyberShake 575
Jobs number:  30
Tasks number: 87
loss: 203.11642456054688
start in data :  CyberShake 576
Jobs number:  30
Tasks number: 88
loss: 206.26560974121094
start in data :  CyberShake 577
Jobs number:  30
Tasks number: 88
loss: 226.6748504638672
start in data :  CyberShake 578
Jobs number:  30
Tasks number: 85
loss: 185.0690155029297
start in data :  CyberShake 579
Jobs number:  30
Tasks number: 86
loss: 183.4806671142578
start in data :  CyberShake 580
Jobs number:  30
Tasks number: 88
loss: 198.8449249267578
start in data :  CyberShake 581
Jobs number:  30
Tasks number: 89
loss: 195.6876678466797
start in data :  CyberShake 582
Jobs number:  30
Tasks number: 89
loss: 204.28643798828125
start in data :  CyberShake 583
Jobs number:  30
Tasks number: 84
loss: 193.78125
start in data :  CyberShake 584
Jobs number:  30
Tasks number: 85
loss: 180.26907348632812
start in data :  CyberShake 585
Jobs number:  30
Tasks number: 85
loss: 195.68621826171875
start in data :  CyberShake 586
Jobs number:  30
Tasks number: 87
loss: 180.69143676757812
start in data :  CyberShake 587
Jobs number:  30
Tasks number: 92
loss: 230.7303466796875
start in data :  CyberShake 588
Jobs number:  30
Tasks number: 88
loss: 192.60635375976562
start in data :  CyberShake 589
Jobs number:  30
Tasks number: 87
loss: 197.03277587890625
start in data :  CyberShake 590
Jobs number:  30
Tasks number: 84
loss: 188.73228454589844
start in data :  CyberShake 591
Jobs number:  30
Tasks number: 87
loss: 222.90869140625
start in data :  CyberShake 592
Jobs number:  30
Tasks number: 87
loss: 217.40914916992188
start in data :  CyberShake 593
Jobs number:  30
Tasks number: 91
loss: 228.93719482421875
start in data :  CyberShake 594
Jobs number:  30
Tasks number: 84
loss: 209.1700897216797
start in data :  CyberShake 595
Jobs number:  30
Tasks number: 93
loss: 222.58627319335938
start in data :  CyberShake 596
Jobs number:  30
Tasks number: 90
loss: 231.854736328125
start in data :  CyberShake 597
Jobs number:  30
Tasks number: 84
loss: 199.89251708984375
start in data :  CyberShake 598
Jobs number:  30
Tasks number: 89
loss: 197.10406494140625
start in data :  CyberShake 599
Jobs number:  30
Tasks number: 88
loss: 266.32769775390625
start in data :  CyberShake 600
Jobs number:  30
Tasks number: 94
loss: 212.36280822753906
start in data :  CyberShake 601
Jobs number:  30
Tasks number: 85
loss: 177.4214630126953
start in data :  CyberShake 602
Jobs number:  30
Tasks number: 87
loss: 197.1484375
start in data :  CyberShake 603
Jobs number:  30
Tasks number: 88
loss: 209.05897521972656
start in data :  CyberShake 604
Jobs number:  30
Tasks number: 86
loss: 189.99293518066406
start in data :  CyberShake 605
Jobs number:  30
Tasks number: 87
loss: 197.69471740722656
start in data :  CyberShake 606
Jobs number:  30
Tasks number: 86
loss: 211.81961059570312
start in data :  CyberShake 607
Jobs number:  30
Tasks number: 90
loss: 201.01841735839844
start in data :  CyberShake 608
Jobs number:  30
Tasks number: 90
loss: 220.4886932373047
start in data :  CyberShake 609
Jobs number:  30
Tasks number: 89
loss: 183.4014434814453
start in data :  CyberShake 610
Jobs number:  30
Tasks number: 90
loss: 210.20489501953125
start in data :  CyberShake 611
Jobs number:  30
Tasks number: 93
loss: 234.04458618164062
start in data :  CyberShake 612
Jobs number:  30
Tasks number: 89
loss: 185.87257385253906
start in data :  CyberShake 613
Jobs number:  30
Tasks number: 92
loss: 235.15834045410156
start in data :  CyberShake 614
Jobs number:  30
Tasks number: 90
loss: 210.62835693359375
start in data :  CyberShake 615
Jobs number:  30
Tasks number: 88
loss: 192.48219299316406
start in data :  CyberShake 616
Jobs number:  30
Tasks number: 90
loss: 211.59439086914062
start in data :  CyberShake 617
Jobs number:  30
Tasks number: 84
loss: 194.0196075439453
start in data :  CyberShake 618
Jobs number:  30
Tasks number: 91
loss: 218.8590087890625
start in data :  CyberShake 619
Jobs number:  30
Tasks number: 85
loss: 192.87158203125
start in data :  CyberShake 620
Jobs number:  30
Tasks number: 90
loss: 228.18389892578125
start in data :  CyberShake 621
Jobs number:  30
Tasks number: 89
loss: 217.11534118652344
start in data :  CyberShake 622
Jobs number:  30
Tasks number: 90
loss: 199.74005126953125
start in data :  CyberShake 623
Jobs number:  30
Tasks number: 89
loss: 198.18397521972656
start in data :  CyberShake 624
Jobs number:  30
Tasks number: 90
loss: 204.722900390625
start in data :  CyberShake 625
Jobs number:  30
Tasks number: 86
loss: 182.8582305908203
start in data :  CyberShake 626
Jobs number:  30
Tasks number: 88
loss: 197.52122497558594
start in data :  CyberShake 627
Jobs number:  30
Tasks number: 87
loss: 187.0325469970703
start in data :  CyberShake 628
Jobs number:  30
Tasks number: 91
loss: 227.16163635253906
start in data :  CyberShake 629
Jobs number:  30
Tasks number: 85
loss: 186.48944091796875
start in data :  CyberShake 630
Jobs number:  30
Tasks number: 88
loss: 198.68069458007812
start in data :  CyberShake 631
Jobs number:  30
Tasks number: 88
loss: 193.9595947265625
start in data :  CyberShake 632
Jobs number:  30
Tasks number: 89
loss: 186.7997283935547
start in data :  CyberShake 633
Jobs number:  30
Tasks number: 90
loss: 223.98141479492188
start in data :  CyberShake 634
Jobs number:  30
Tasks number: 93
loss: 231.52142333984375
start in data :  CyberShake 635
Jobs number:  30
Tasks number: 93
loss: 210.7447967529297
start in data :  CyberShake 636
Jobs number:  30
Tasks number: 88
loss: 197.7321319580078
start in data :  CyberShake 637
Jobs number:  30
Tasks number: 89
loss: 204.40541076660156
start in data :  CyberShake 638
Jobs number:  30
Tasks number: 88
loss: 185.43753051757812
start in data :  CyberShake 639
Jobs number:  30
Tasks number: 86
loss: 198.2815704345703
start in data :  CyberShake 640
Jobs number:  30
Tasks number: 86
loss: 184.83297729492188
start in data :  CyberShake 641
Jobs number:  30
Tasks number: 91
loss: 209.04034423828125
start in data :  CyberShake 642
Jobs number:  30
Tasks number: 87
loss: 192.6786346435547
start in data :  CyberShake 643
Jobs number:  30
Tasks number: 84
loss: 179.3845672607422
start in data :  CyberShake 644
Jobs number:  30
Tasks number: 86
loss: 180.94715881347656
start in data :  CyberShake 645
Jobs number:  30
Tasks number: 92
loss: 198.39425659179688
start in data :  CyberShake 646
Jobs number:  30
Tasks number: 91
loss: 206.89791870117188
start in data :  CyberShake 647
Jobs number:  30
Tasks number: 87
loss: 191.1728515625
start in data :  CyberShake 648
Jobs number:  30
Tasks number: 90
loss: 220.58082580566406
start in data :  CyberShake 649
Jobs number:  30
Tasks number: 88
loss: 176.73777770996094
start in data :  CyberShake 650
Jobs number:  30
Tasks number: 90
loss: 202.97610473632812
start in data :  CyberShake 651
Jobs number:  30
Tasks number: 91
loss: 216.46971130371094
start in data :  CyberShake 652
Jobs number:  30
Tasks number: 90
loss: 227.6094970703125
start in data :  CyberShake 653
Jobs number:  30
Tasks number: 86
loss: 198.7238006591797
start in data :  CyberShake 654
Jobs number:  30
Tasks number: 92
loss: 227.8814697265625
start in data :  CyberShake 655
Jobs number:  30
Tasks number: 91
loss: 216.25772094726562
start in data :  CyberShake 656
Jobs number:  30
Tasks number: 91
loss: 216.14657592773438
start in data :  CyberShake 657
Jobs number:  30
Tasks number: 89
loss: 250.44378662109375
start in data :  CyberShake 658
Jobs number:  30
Tasks number: 87
loss: 188.45773315429688
start in data :  CyberShake 659
Jobs number:  30
Tasks number: 89
loss: 206.23541259765625
start in data :  CyberShake 660
Jobs number:  30
Tasks number: 88
loss: 186.4995574951172
start in data :  CyberShake 661
Jobs number:  30
Tasks number: 88
loss: 283.79705810546875
start in data :  CyberShake 662
Jobs number:  30
Tasks number: 95
loss: 211.22100830078125
start in data :  CyberShake 663
Jobs number:  30
Tasks number: 88
loss: 196.90403747558594
start in data :  CyberShake 664
Jobs number:  30
Tasks number: 92
loss: 208.57472229003906
start in data :  CyberShake 665
Jobs number:  30
Tasks number: 91
loss: 195.40052795410156
start in data :  CyberShake 666
Jobs number:  30
Tasks number: 95
loss: 264.8231506347656
start in data :  CyberShake 667
Jobs number:  30
Tasks number: 89
loss: 186.32872009277344
start in data :  CyberShake 668
Jobs number:  30
Tasks number: 87
loss: 207.53692626953125
start in data :  CyberShake 669
Jobs number:  30
Tasks number: 89
loss: 202.7487030029297
start in data :  CyberShake 670
Jobs number:  30
Tasks number: 89
loss: 246.7748565673828
start in data :  CyberShake 671
Jobs number:  30
Tasks number: 91
loss: 191.6859130859375
start in data :  CyberShake 672
Jobs number:  30
Tasks number: 85
loss: 189.50144958496094
start in data :  CyberShake 673
Jobs number:  30
Tasks number: 85
loss: 201.42881774902344
start in data :  CyberShake 674
Jobs number:  30
Tasks number: 90
loss: 209.87094116210938
start in data :  CyberShake 675
Jobs number:  30
Tasks number: 87
loss: 208.02218627929688
start in data :  CyberShake 676
Jobs number:  30
Tasks number: 90
loss: 232.74208068847656
start in data :  CyberShake 677
Jobs number:  30
Tasks number: 88
loss: 207.47726440429688
start in data :  CyberShake 678
Jobs number:  30
Tasks number: 90
loss: 204.67726135253906
start in data :  CyberShake 679
Jobs number:  30
Tasks number: 91
loss: 211.068115234375
start in data :  CyberShake 680
Jobs number:  30
Tasks number: 91
loss: 208.02471923828125
start in data :  CyberShake 681
Jobs number:  30
Tasks number: 86
loss: 192.50575256347656
start in data :  CyberShake 682
Jobs number:  30
Tasks number: 88
loss: 206.69786071777344
start in data :  CyberShake 683
Jobs number:  30
Tasks number: 88
loss: 219.8494415283203
start in data :  CyberShake 684
Jobs number:  30
Tasks number: 86
loss: 187.4157257080078
start in data :  CyberShake 685
Jobs number:  30
Tasks number: 89
loss: 218.1355438232422
start in data :  CyberShake 686
Jobs number:  30
Tasks number: 88
loss: 237.77825927734375
start in data :  CyberShake 687
Jobs number:  30
Tasks number: 87
loss: 207.24867248535156
start in data :  CyberShake 688
Jobs number:  30
Tasks number: 89
loss: 216.93621826171875
start in data :  CyberShake 689
Jobs number:  30
Tasks number: 86
loss: 206.69082641601562
start in data :  CyberShake 690
Jobs number:  30
Tasks number: 87
loss: 191.76522827148438
start in data :  CyberShake 691
Jobs number:  30
Tasks number: 88
loss: 210.96368408203125
start in data :  CyberShake 692
Jobs number:  30
Tasks number: 87
loss: 186.9746856689453
start in data :  CyberShake 693
Jobs number:  30
Tasks number: 92
loss: 231.44219970703125
start in data :  CyberShake 694
Jobs number:  30
Tasks number: 88
loss: 204.95321655273438
start in data :  CyberShake 695
Jobs number:  30
Tasks number: 88
loss: 192.36305236816406
start in data :  CyberShake 696
Jobs number:  30
Tasks number: 84
loss: 173.90829467773438
start in data :  CyberShake 697
Jobs number:  30
Tasks number: 88
loss: 192.30996704101562
start in data :  CyberShake 698
Jobs number:  30
Tasks number: 92
loss: 197.1562042236328
start in data :  CyberShake 699
Jobs number:  30
Tasks number: 89
loss: 201.43284606933594
start in data :  CyberShake 700
Jobs number:  30
Tasks number: 91
loss: 202.55221557617188
start in data :  CyberShake 701
Jobs number:  30
Tasks number: 90
loss: 200.89541625976562
start in data :  CyberShake 702
Jobs number:  30
Tasks number: 90
loss: 196.2265625
start in data :  CyberShake 703
Jobs number:  30
Tasks number: 88
loss: 188.89634704589844
start in data :  CyberShake 704
Jobs number:  30
Tasks number: 86
loss: 197.68154907226562
start in data :  CyberShake 705
Jobs number:  30
Tasks number: 89
loss: 196.20358276367188
start in data :  CyberShake 706
Jobs number:  30
Tasks number: 91
loss: 188.20852661132812
start in data :  CyberShake 707
Jobs number:  30
Tasks number: 91
loss: 192.2203369140625
start in data :  CyberShake 708
Jobs number:  30
Tasks number: 86
loss: 198.56056213378906
start in data :  CyberShake 709
Jobs number:  30
Tasks number: 85
loss: 192.00701904296875
start in data :  CyberShake 710
Jobs number:  30
Tasks number: 89
loss: 185.0106658935547
start in data :  CyberShake 711
Jobs number:  30
Tasks number: 90
loss: 204.22470092773438
start in data :  CyberShake 712
Jobs number:  30
Tasks number: 91
loss: 222.3390350341797
start in data :  CyberShake 713
Jobs number:  30
Tasks number: 91
loss: 200.74346923828125
start in data :  CyberShake 714
Jobs number:  30
Tasks number: 85
loss: 200.45858764648438
start in data :  CyberShake 715
Jobs number:  30
Tasks number: 90
loss: 198.54104614257812
start in data :  CyberShake 716
Jobs number:  30
Tasks number: 89
loss: 204.26239013671875
start in data :  CyberShake 717
Jobs number:  30
Tasks number: 92
loss: 233.14613342285156
start in data :  CyberShake 718
Jobs number:  30
Tasks number: 94
loss: 202.08889770507812
start in data :  CyberShake 719
Jobs number:  30
Tasks number: 86
loss: 203.57928466796875
start in data :  CyberShake 720
Jobs number:  30
Tasks number: 92
loss: 204.88314819335938
start in data :  CyberShake 721
Jobs number:  30
Tasks number: 89
loss: 201.76564025878906
start in data :  CyberShake 722
Jobs number:  30
Tasks number: 91
loss: 194.51234436035156
start in data :  CyberShake 723
Jobs number:  30
Tasks number: 85
loss: 204.8837432861328
start in data :  CyberShake 724
Jobs number:  30
Tasks number: 88
loss: 175.17501831054688
start in data :  CyberShake 725
Jobs number:  30
Tasks number: 86
loss: 188.77978515625
start in data :  CyberShake 726
Jobs number:  30
Tasks number: 90
loss: 191.8855438232422
start in data :  CyberShake 727
Jobs number:  30
Tasks number: 88
loss: 203.67974853515625
start in data :  CyberShake 728
Jobs number:  30
Tasks number: 89
loss: 220.52638244628906
start in data :  CyberShake 729
Jobs number:  30
Tasks number: 91
loss: 193.28707885742188
start in data :  CyberShake 730
Jobs number:  30
Tasks number: 90
loss: 182.4254913330078
start in data :  CyberShake 731
Jobs number:  30
Tasks number: 89
loss: 197.3621063232422
start in data :  CyberShake 732
Jobs number:  30
Tasks number: 92
loss: 197.5552215576172
start in data :  CyberShake 733
Jobs number:  30
Tasks number: 85
loss: 175.18890380859375
start in data :  CyberShake 734
Jobs number:  30
Tasks number: 86
loss: 191.95059204101562
start in data :  CyberShake 735
Jobs number:  30
Tasks number: 88
loss: 205.7209014892578
start in data :  CyberShake 736
Jobs number:  30
Tasks number: 89
loss: 202.6126708984375
start in data :  CyberShake 737
Jobs number:  30
Tasks number: 92
loss: 235.6009521484375
start in data :  CyberShake 738
Jobs number:  30
Tasks number: 89
loss: 232.11090087890625
start in data :  CyberShake 739
Jobs number:  30
Tasks number: 87
loss: 195.3113555908203
start in data :  CyberShake 740
Jobs number:  30
Tasks number: 86
loss: 189.52333068847656
start in data :  CyberShake 741
Jobs number:  30
Tasks number: 87
loss: 205.90284729003906
start in data :  CyberShake 742
Jobs number:  30
Tasks number: 88
loss: 193.42538452148438
start in data :  CyberShake 743
Jobs number:  30
Tasks number: 92
loss: 204.40640258789062
start in data :  CyberShake 744
Jobs number:  30
Tasks number: 88
loss: 208.71922302246094
start in data :  CyberShake 745
Jobs number:  30
Tasks number: 89
loss: 215.3089141845703
start in data :  CyberShake 746
Jobs number:  30
Tasks number: 90
loss: 199.77105712890625
start in data :  CyberShake 747
Jobs number:  30
Tasks number: 85
loss: 203.95187377929688
start in data :  CyberShake 748
Jobs number:  30
Tasks number: 90
loss: 194.01068115234375
start in data :  CyberShake 749
Jobs number:  30
Tasks number: 87
loss: 190.82608032226562
start in data :  CyberShake 750
Jobs number:  30
Tasks number: 93
loss: 279.611572265625
start in data :  CyberShake 751
Jobs number:  30
Tasks number: 89
loss: 197.2676544189453
start in data :  CyberShake 752
Jobs number:  30
Tasks number: 89
loss: 211.82081604003906
start in data :  CyberShake 753
Jobs number:  30
Tasks number: 86
loss: 187.803466796875
start in data :  CyberShake 754
Jobs number:  30
Tasks number: 85
loss: 191.01002502441406
start in data :  CyberShake 755
Jobs number:  30
Tasks number: 92
loss: 206.0645751953125
start in data :  CyberShake 756
Jobs number:  30
Tasks number: 92
loss: 209.91871643066406
start in data :  CyberShake 757
Jobs number:  30
Tasks number: 86
loss: 184.63201904296875
start in data :  CyberShake 758
Jobs number:  30
Tasks number: 93
loss: 225.18072509765625
start in data :  CyberShake 759
Jobs number:  30
Tasks number: 91
loss: 191.9499053955078
start in data :  CyberShake 760
Jobs number:  30
Tasks number: 86
loss: 213.04832458496094
start in data :  CyberShake 761
Jobs number:  30
Tasks number: 86
loss: 188.2702178955078
start in data :  CyberShake 762
Jobs number:  30
Tasks number: 91
loss: 206.89566040039062
start in data :  CyberShake 763
Jobs number:  30
Tasks number: 88
loss: 191.015380859375
start in data :  CyberShake 764
Jobs number:  30
Tasks number: 91
loss: 227.54042053222656
start in data :  CyberShake 765
Jobs number:  30
Tasks number: 88
loss: 201.78109741210938
start in data :  CyberShake 766
Jobs number:  30
Tasks number: 92
loss: 220.57286071777344
start in data :  CyberShake 767
Jobs number:  30
Tasks number: 92
loss: 228.7344970703125
start in data :  CyberShake 768
Jobs number:  30
Tasks number: 86
loss: 208.47418212890625
start in data :  CyberShake 769
Jobs number:  30
Tasks number: 87
loss: 193.75570678710938
start in data :  CyberShake 770
Jobs number:  30
Tasks number: 91
loss: 208.6265106201172
start in data :  CyberShake 771
Jobs number:  30
Tasks number: 91
loss: 216.33203125
start in data :  CyberShake 772
Jobs number:  30
Tasks number: 87
loss: 202.27099609375
start in data :  CyberShake 773
Jobs number:  30
Tasks number: 92
loss: 201.61489868164062
start in data :  CyberShake 774
Jobs number:  30
Tasks number: 87
loss: 211.649169921875
start in data :  CyberShake 775
Jobs number:  30
Tasks number: 90
loss: 201.63246154785156
start in data :  CyberShake 776
Jobs number:  30
Tasks number: 89
loss: 192.98866271972656
start in data :  CyberShake 777
Jobs number:  30
Tasks number: 91
loss: 204.01461791992188
start in data :  CyberShake 778
Jobs number:  30
Tasks number: 86
loss: 211.5706024169922
start in data :  CyberShake 779
Jobs number:  30
Tasks number: 92
loss: 191.43495178222656
start in data :  CyberShake 780
Jobs number:  30
Tasks number: 91
loss: 215.88197326660156
start in data :  CyberShake 781
Jobs number:  30
Tasks number: 91
loss: 214.2743377685547
start in data :  CyberShake 782
Jobs number:  30
Tasks number: 88
loss: 232.82708740234375
start in data :  CyberShake 783
Jobs number:  30
Tasks number: 86
loss: 196.64523315429688
start in data :  CyberShake 784
Jobs number:  30
Tasks number: 91
loss: 230.97802734375
start in data :  CyberShake 785
Jobs number:  30
Tasks number: 89
loss: 201.88668823242188
start in data :  CyberShake 786
Jobs number:  30
Tasks number: 87
loss: 208.72265625
start in data :  CyberShake 787
Jobs number:  30
Tasks number: 87
loss: 191.5892333984375
start in data :  CyberShake 788
Jobs number:  30
Tasks number: 87
loss: 198.7027587890625
start in data :  CyberShake 789
Jobs number:  30
Tasks number: 93
loss: 228.3841552734375
start in data :  CyberShake 790
Jobs number:  30
Tasks number: 90
loss: 199.1982879638672
start in data :  CyberShake 791
Jobs number:  30
Tasks number: 87
loss: 190.44924926757812
start in data :  CyberShake 792
Jobs number:  30
Tasks number: 87
loss: 198.89923095703125
start in data :  CyberShake 793
Jobs number:  30
Tasks number: 89
loss: 201.22279357910156
start in data :  CyberShake 794
Jobs number:  30
Tasks number: 91
loss: 235.8622589111328
start in data :  CyberShake 795
Jobs number:  30
Tasks number: 90
loss: 217.7960205078125
start in data :  CyberShake 796
Jobs number:  30
Tasks number: 88
loss: 190.54232788085938
start in data :  CyberShake 797
Jobs number:  30
Tasks number: 91
loss: 194.65325927734375
start in data :  CyberShake 798
Jobs number:  30
Tasks number: 89
loss: 199.7235565185547
start in data :  CyberShake 799
Jobs number:  30
Tasks number: 90
loss: 217.62860107421875
start in data :  CyberShake 800
Jobs number:  30
Tasks number: 88
loss: 239.865478515625
start in data :  CyberShake 801
Jobs number:  30
Tasks number: 88
loss: 215.00669860839844
start in data :  CyberShake 802
Jobs number:  30
Tasks number: 85
loss: 235.61343383789062
start in data :  CyberShake 803
Jobs number:  30
Tasks number: 90
loss: 196.98590087890625
start in data :  CyberShake 804
Jobs number:  30
Tasks number: 87
loss: 208.03823852539062
start in data :  CyberShake 805
Jobs number:  30
Tasks number: 87
loss: 211.43455505371094
start in data :  CyberShake 806
Jobs number:  30
Tasks number: 91
loss: 213.66030883789062
start in data :  CyberShake 807
Jobs number:  30
Tasks number: 85
loss: 188.40089416503906
start in data :  CyberShake 808
Jobs number:  30
Tasks number: 92
loss: 237.03895568847656
start in data :  CyberShake 809
Jobs number:  30
Tasks number: 89
loss: 209.28884887695312
start in data :  CyberShake 810
Jobs number:  30
Tasks number: 88
loss: 185.81101989746094
start in data :  CyberShake 811
Jobs number:  30
Tasks number: 88
loss: 203.98313903808594
start in data :  CyberShake 812
Jobs number:  30
Tasks number: 87
loss: 196.92083740234375
start in data :  CyberShake 813
Jobs number:  30
Tasks number: 92
loss: 201.38259887695312
start in data :  CyberShake 814
Jobs number:  30
Tasks number: 91
loss: 213.14236450195312
start in data :  CyberShake 815
Jobs number:  30
Tasks number: 90
loss: 208.66294860839844
start in data :  CyberShake 816
Jobs number:  30
Tasks number: 90
loss: 199.5508575439453
start in data :  CyberShake 817
Jobs number:  30
Tasks number: 91
loss: 240.6788330078125
start in data :  CyberShake 818
Jobs number:  30
Tasks number: 88
loss: 188.0999755859375
start in data :  CyberShake 819
Jobs number:  30
Tasks number: 88
loss: 190.15745544433594
start in data :  CyberShake 820
Jobs number:  30
Tasks number: 85
loss: 187.51266479492188
start in data :  CyberShake 821
Jobs number:  30
Tasks number: 88
loss: 200.1815643310547
start in data :  CyberShake 822
Jobs number:  30
Tasks number: 92
loss: 207.2858123779297
start in data :  CyberShake 823
Jobs number:  30
Tasks number: 86
loss: 200.90652465820312
start in data :  CyberShake 824
Jobs number:  30
Tasks number: 86
loss: 195.93284606933594
start in data :  CyberShake 825
Jobs number:  30
Tasks number: 89
loss: 231.46929931640625
start in data :  CyberShake 826
Jobs number:  30
Tasks number: 87
loss: 205.57000732421875
start in data :  CyberShake 827
Jobs number:  30
Tasks number: 86
loss: 179.70753479003906
start in data :  CyberShake 828
Jobs number:  30
Tasks number: 87
loss: 195.85389709472656
start in data :  CyberShake 829
Jobs number:  30
Tasks number: 89
loss: 199.05816650390625
start in data :  CyberShake 830
Jobs number:  30
Tasks number: 91
loss: 207.1528778076172
start in data :  CyberShake 831
Jobs number:  30
Tasks number: 91
loss: 206.88111877441406
start in data :  CyberShake 832
Jobs number:  30
Tasks number: 92
loss: 250.1482696533203
start in data :  CyberShake 833
Jobs number:  30
Tasks number: 86
loss: 185.39541625976562
start in data :  CyberShake 834
Jobs number:  30
Tasks number: 87
loss: 193.35398864746094
start in data :  CyberShake 835
Jobs number:  30
Tasks number: 94
loss: 226.5677490234375
start in data :  CyberShake 836
Jobs number:  30
Tasks number: 87
loss: 194.1145782470703
start in data :  CyberShake 837
Jobs number:  30
Tasks number: 91
loss: 220.00267028808594
start in data :  CyberShake 838
Jobs number:  30
Tasks number: 87
loss: 213.30142211914062
start in data :  CyberShake 839
Jobs number:  30
Tasks number: 86
loss: 190.88963317871094
start in data :  CyberShake 840
Jobs number:  30
Tasks number: 88
loss: 203.68399047851562
start in data :  CyberShake 841
Jobs number:  30
Tasks number: 93
loss: 221.7386474609375
start in data :  CyberShake 842
Jobs number:  30
Tasks number: 85
loss: 197.7280731201172
start in data :  CyberShake 843
Jobs number:  30
Tasks number: 89
loss: 206.6221160888672
start in data :  CyberShake 844
Jobs number:  30
Tasks number: 87
loss: 197.03515625
start in data :  CyberShake 845
Jobs number:  30
Tasks number: 87
loss: 201.59170532226562
start in data :  CyberShake 846
Jobs number:  30
Tasks number: 86
loss: 207.0309600830078
start in data :  CyberShake 847
Jobs number:  30
Tasks number: 91
loss: 188.4582061767578
start in data :  CyberShake 848
Jobs number:  30
Tasks number: 88
loss: 207.6953887939453
start in data :  CyberShake 849
Jobs number:  30
Tasks number: 87
loss: 210.71890258789062
start in data :  CyberShake 850
Jobs number:  30
Tasks number: 91
loss: 206.43861389160156
start in data :  CyberShake 851
Jobs number:  30
Tasks number: 91
loss: 196.1215362548828
start in data :  CyberShake 852
Jobs number:  30
Tasks number: 87
loss: 222.87901306152344
start in data :  CyberShake 853
Jobs number:  30
Tasks number: 88
loss: 196.32122802734375
start in data :  CyberShake 854
Jobs number:  30
Tasks number: 89
loss: 228.55233764648438
start in data :  CyberShake 855
Jobs number:  30
Tasks number: 87
loss: 197.5642547607422
start in data :  CyberShake 856
Jobs number:  30
Tasks number: 89
loss: 202.00216674804688
start in data :  CyberShake 857
Jobs number:  30
Tasks number: 89
loss: 213.35243225097656
start in data :  CyberShake 858
Jobs number:  30
Tasks number: 89
loss: 190.75991821289062
start in data :  CyberShake 859
Jobs number:  30
Tasks number: 89
loss: 230.63108825683594
start in data :  CyberShake 860
Jobs number:  30
Tasks number: 89
loss: 201.96127319335938
start in data :  CyberShake 861
Jobs number:  30
Tasks number: 92
loss: 201.619384765625
start in data :  CyberShake 862
Jobs number:  30
Tasks number: 92
loss: 187.7351531982422
start in data :  CyberShake 863
Jobs number:  30
Tasks number: 87
loss: 207.39532470703125
start in data :  CyberShake 864
Jobs number:  30
Tasks number: 91
loss: 254.9537353515625
start in data :  CyberShake 865
Jobs number:  30
Tasks number: 91
loss: 207.98143005371094
start in data :  CyberShake 866
Jobs number:  30
Tasks number: 94
loss: 221.3071746826172
start in data :  CyberShake 867
Jobs number:  30
Tasks number: 86
loss: 219.84109497070312
start in data :  CyberShake 868
Jobs number:  30
Tasks number: 91
loss: 211.65713500976562
start in data :  CyberShake 869
Jobs number:  30
Tasks number: 89
loss: 215.87522888183594
start in data :  CyberShake 870
Jobs number:  30
Tasks number: 88
loss: 221.3526153564453
start in data :  CyberShake 871
Jobs number:  30
Tasks number: 88
loss: 228.67654418945312
start in data :  CyberShake 872
Jobs number:  30
Tasks number: 90
loss: 198.8527374267578
start in data :  CyberShake 873
Jobs number:  30
Tasks number: 90
loss: 217.8206787109375
start in data :  CyberShake 874
Jobs number:  30
Tasks number: 89
loss: 213.3430938720703
start in data :  CyberShake 875
Jobs number:  30
Tasks number: 87
loss: 207.7423553466797
start in data :  CyberShake 876
Jobs number:  30
Tasks number: 89
loss: 218.4544677734375
start in data :  CyberShake 877
Jobs number:  30
Tasks number: 86
loss: 200.94093322753906
start in data :  CyberShake 878
Jobs number:  30
Tasks number: 88
loss: 234.05421447753906
start in data :  CyberShake 879
Jobs number:  30
Tasks number: 88
loss: 195.8514404296875
start in data :  CyberShake 880
Jobs number:  30
Tasks number: 90
loss: 234.8608856201172
start in data :  CyberShake 881
Jobs number:  30
Tasks number: 86
loss: 218.99757385253906
start in data :  CyberShake 882
Jobs number:  30
Tasks number: 88
loss: 197.3381805419922
start in data :  CyberShake 883
Jobs number:  30
Tasks number: 90
loss: 196.66128540039062
start in data :  CyberShake 884
Jobs number:  30
Tasks number: 86
loss: 184.12728881835938
start in data :  CyberShake 885
Jobs number:  30
Tasks number: 92
loss: 215.52610778808594
start in data :  CyberShake 886
Jobs number:  30
Tasks number: 92
loss: 227.9112548828125
start in data :  CyberShake 887
Jobs number:  30
Tasks number: 87
loss: 187.538330078125
start in data :  CyberShake 888
Jobs number:  30
Tasks number: 90
loss: 205.63465881347656
start in data :  CyberShake 889
Jobs number:  30
Tasks number: 87
loss: 216.61363220214844
start in data :  CyberShake 890
Jobs number:  30
Tasks number: 86
loss: 190.12509155273438
start in data :  CyberShake 891
Jobs number:  30
Tasks number: 89
loss: 259.3274841308594
start in data :  CyberShake 892
Jobs number:  30
Tasks number: 90
loss: 207.13653564453125
start in data :  CyberShake 893
Jobs number:  30
Tasks number: 91
loss: 209.82228088378906
start in data :  CyberShake 894
Jobs number:  30
Tasks number: 86
loss: 197.84661865234375
start in data :  CyberShake 895
Jobs number:  30
Tasks number: 91
loss: 239.99493408203125
start in data :  CyberShake 896
Jobs number:  30
Tasks number: 88
loss: 196.4832000732422
start in data :  CyberShake 897
Jobs number:  30
Tasks number: 87
loss: 177.17311096191406
start in data :  CyberShake 898
Jobs number:  30
Tasks number: 89
loss: 216.39730834960938
start in data :  CyberShake 899
Jobs number:  30
Tasks number: 91
loss: 198.9083709716797
start in data: CyberShake 900
Jobs number:  30
Tasks number: 86
makespan: 45
start in data: CyberShake 901
Jobs number:  30
Tasks number: 89
makespan: 47
start in data: CyberShake 902
Jobs number:  30
Tasks number: 89
makespan: 48
start in data: CyberShake 903
Jobs number:  30
Tasks number: 91
makespan: 50
start in data: CyberShake 904
Jobs number:  30
Tasks number: 86
makespan: 41
start in data: CyberShake 905
Jobs number:  30
Tasks number: 86
makespan: 49
start in data: CyberShake 906
Jobs number:  30
Tasks number: 89
makespan: 44
start in data: CyberShake 907
Jobs number:  30
Tasks number: 92
makespan: 47
start in data: CyberShake 908
Jobs number:  30
Tasks number: 88
makespan: 50
start in data: CyberShake 909
Jobs number:  30
Tasks number: 85
makespan: 47
start in data: CyberShake 910
Jobs number:  30
Tasks number: 87
makespan: 50
start in data: CyberShake 911
Jobs number:  30
Tasks number: 91
makespan: 48
start in data: CyberShake 912
Jobs number:  30
Tasks number: 91
makespan: 54
start in data: CyberShake 913
Jobs number:  30
Tasks number: 89
makespan: 44
start in data: CyberShake 914
Jobs number:  30
Tasks number: 90
makespan: 42
start in data: CyberShake 915
Jobs number:  30
Tasks number: 86
makespan: 46
start in data: CyberShake 916
Jobs number:  30
Tasks number: 85
makespan: 49
start in data: CyberShake 917
Jobs number:  30
Tasks number: 91
makespan: 50
start in data: CyberShake 918
Jobs number:  30
Tasks number: 88
makespan: 41
start in data: CyberShake 919
Jobs number:  30
Tasks number: 89
makespan: 45
start in data: CyberShake 920
Jobs number:  30
Tasks number: 88
makespan: 43
start in data: CyberShake 921
Jobs number:  30
Tasks number: 89
makespan: 45
start in data: CyberShake 922
Jobs number:  30
Tasks number: 89
makespan: 42
start in data: CyberShake 923
Jobs number:  30
Tasks number: 90
makespan: 46
start in data: CyberShake 924
Jobs number:  30
Tasks number: 85
makespan: 41
start in data: CyberShake 925
Jobs number:  30
Tasks number: 89
makespan: 47
start in data: CyberShake 926
Jobs number:  30
Tasks number: 91
makespan: 53
start in data: CyberShake 927
Jobs number:  30
Tasks number: 89
makespan: 47
start in data: CyberShake 928
Jobs number:  30
Tasks number: 91
makespan: 48
start in data: CyberShake 929
Jobs number:  30
Tasks number: 87
makespan: 48
start in data: CyberShake 930
Jobs number:  30
Tasks number: 87
makespan: 45
start in data: CyberShake 931
Jobs number:  30
Tasks number: 89
makespan: 39
start in data: CyberShake 932
Jobs number:  30
Tasks number: 89
makespan: 44
start in data: CyberShake 933
Jobs number:  30
Tasks number: 89
makespan: 53
start in data: CyberShake 934
Jobs number:  30
Tasks number: 90
makespan: 45
start in data: CyberShake 935
Jobs number:  30
Tasks number: 90
makespan: 51
start in data: CyberShake 936
Jobs number:  30
Tasks number: 88
makespan: 44
start in data: CyberShake 937
Jobs number:  30
Tasks number: 89
makespan: 43
start in data: CyberShake 938
Jobs number:  30
Tasks number: 86
makespan: 45
start in data: CyberShake 939
Jobs number:  30
Tasks number: 88
makespan: 44
start in data: CyberShake 940
Jobs number:  30
Tasks number: 93
makespan: 48
start in data: CyberShake 941
Jobs number:  30
Tasks number: 93
makespan: 46
start in data: CyberShake 942
Jobs number:  30
Tasks number: 89
makespan: 49
start in data: CyberShake 943
Jobs number:  30
Tasks number: 90
makespan: 48
start in data: CyberShake 944
Jobs number:  30
Tasks number: 88
makespan: 46
start in data: CyberShake 945
Jobs number:  30
Tasks number: 87
makespan: 55
start in data: CyberShake 946
Jobs number:  30
Tasks number: 89
makespan: 47
start in data: CyberShake 947
Jobs number:  30
Tasks number: 87
makespan: 48
start in data: CyberShake 948
Jobs number:  30
Tasks number: 90
makespan: 39
start in data: CyberShake 949
Jobs number:  30
Tasks number: 88
makespan: 47
start in data: CyberShake 950
Jobs number:  30
Tasks number: 86
makespan: 45
start in data: CyberShake 951
Jobs number:  30
Tasks number: 87
makespan: 46
start in data: CyberShake 952
Jobs number:  30
Tasks number: 88
makespan: 45
start in data: CyberShake 953
Jobs number:  30
Tasks number: 88
makespan: 45
start in data: CyberShake 954
Jobs number:  30
Tasks number: 88
makespan: 42
start in data: CyberShake 955
Jobs number:  30
Tasks number: 90
makespan: 52
start in data: CyberShake 956
Jobs number:  30
Tasks number: 89
makespan: 43
start in data: CyberShake 957
Jobs number:  30
Tasks number: 88
makespan: 47
start in data: CyberShake 958
Jobs number:  30
Tasks number: 92
makespan: 48
start in data: CyberShake 959
Jobs number:  30
Tasks number: 91
makespan: 49
start in data: CyberShake 960
Jobs number:  30
Tasks number: 91
makespan: 48
start in data: CyberShake 961
Jobs number:  30
Tasks number: 87
makespan: 48
start in data: CyberShake 962
Jobs number:  30
Tasks number: 86
makespan: 44
start in data: CyberShake 963
Jobs number:  30
Tasks number: 86
makespan: 42
start in data: CyberShake 964
Jobs number:  30
Tasks number: 86
makespan: 47
start in data: CyberShake 965
Jobs number:  30
Tasks number: 94
makespan: 50
start in data: CyberShake 966
Jobs number:  30
Tasks number: 85
makespan: 48
start in data: CyberShake 967
Jobs number:  30
Tasks number: 90
makespan: 44
start in data: CyberShake 968
Jobs number:  30
Tasks number: 92
makespan: 52
start in data: CyberShake 969
Jobs number:  30
Tasks number: 89
makespan: 49
start in data: CyberShake 970
Jobs number:  30
Tasks number: 90
makespan: 49
start in data: CyberShake 971
Jobs number:  30
Tasks number: 89
makespan: 49
start in data: CyberShake 972
Jobs number:  30
Tasks number: 93
makespan: 51
start in data: CyberShake 973
Jobs number:  30
Tasks number: 89
makespan: 48
start in data: CyberShake 974
Jobs number:  30
Tasks number: 92
makespan: 46
start in data: CyberShake 975
Jobs number:  30
Tasks number: 89
makespan: 44
start in data: CyberShake 976
Jobs number:  30
Tasks number: 89
makespan: 44
start in data: CyberShake 977
Jobs number:  30
Tasks number: 86
makespan: 41
start in data: CyberShake 978
Jobs number:  30
Tasks number: 87
makespan: 46
start in data: CyberShake 979
Jobs number:  30
Tasks number: 86
makespan: 46
start in data: CyberShake 980
Jobs number:  30
Tasks number: 95
makespan: 48
start in data: CyberShake 981
Jobs number:  30
Tasks number: 86
makespan: 47
start in data: CyberShake 982
Jobs number:  30
Tasks number: 90
makespan: 45
start in data: CyberShake 983
Jobs number:  30
Tasks number: 89
makespan: 50
start in data: CyberShake 984
Jobs number:  30
Tasks number: 89
makespan: 48
start in data: CyberShake 985
Jobs number:  30
Tasks number: 88
makespan: 45
start in data: CyberShake 986
Jobs number:  30
Tasks number: 90
makespan: 47
start in data: CyberShake 987
Jobs number:  30
Tasks number: 88
makespan: 44
start in data: CyberShake 988
Jobs number:  30
Tasks number: 92
makespan: 49
start in data: CyberShake 989
Jobs number:  30
Tasks number: 90
makespan: 48
start in data: CyberShake 990
Jobs number:  30
Tasks number: 91
makespan: 44
start in data: CyberShake 991
Jobs number:  30
Tasks number: 91
makespan: 44
start in data: CyberShake 992
Jobs number:  30
Tasks number: 90
makespan: 46
start in data: CyberShake 993
Jobs number:  30
Tasks number: 91
makespan: 45
start in data: CyberShake 994
Jobs number:  30
Tasks number: 87
makespan: 50
start in data: CyberShake 995
Jobs number:  30
Tasks number: 91
makespan: 46
start in data: CyberShake 996
Jobs number:  30
Tasks number: 89
makespan: 45
start in data: CyberShake 997
Jobs number:  30
Tasks number: 89
makespan: 49
start in data: CyberShake 998
Jobs number:  30
Tasks number: 87
makespan: 43
start in data: CyberShake 999
Jobs number:  30
Tasks number: 86
makespan: 45
