start in data :  CyberShake 0
Jobs number:  10
Tasks number: 31
loss: 293.4586181640625
start in data :  CyberShake 1
Jobs number:  10
Tasks number: 34
loss: 251.984130859375
start in data :  CyberShake 2
Jobs number:  10
Tasks number: 28
loss: 144.81430053710938
start in data :  CyberShake 3
Jobs number:  10
Tasks number: 29
loss: 124.76195526123047
start in data :  CyberShake 4
Jobs number:  10
Tasks number: 27
loss: 79.93093872070312
start in data :  CyberShake 5
Jobs number:  10
Tasks number: 31
loss: 97.26702117919922
start in data :  CyberShake 6
Jobs number:  10
Tasks number: 29
loss: 101.89372253417969
start in data :  CyberShake 7
Jobs number:  10
Tasks number: 26
loss: 68.70559692382812
start in data :  CyberShake 8
Jobs number:  10
Tasks number: 25
loss: 53.0645637512207
start in data :  CyberShake 9
Jobs number:  10
Tasks number: 33
loss: 142.5491943359375
start in data :  CyberShake 10
Jobs number:  10
Tasks number: 30
loss: 100.41224670410156
start in data :  CyberShake 11
Jobs number:  10
Tasks number: 31
loss: 162.65634155273438
start in data :  CyberShake 12
Jobs number:  10
Tasks number: 31
loss: 115.29393005371094
start in data :  CyberShake 13
Jobs number:  10
Tasks number: 29
loss: 124.26641845703125
start in data :  CyberShake 14
Jobs number:  10
Tasks number: 26
loss: 89.12736511230469
start in data :  CyberShake 15
Jobs number:  10
Tasks number: 27
loss: 81.07284545898438
start in data :  CyberShake 16
Jobs number:  10
Tasks number: 27
loss: 67.61043548583984
start in data :  CyberShake 17
Jobs number:  10
Tasks number: 32
loss: 139.41212463378906
start in data :  CyberShake 18
Jobs number:  10
Tasks number: 24
loss: 77.32144165039062
start in data :  CyberShake 19
Jobs number:  10
Tasks number: 25
loss: 82.4848403930664
start in data :  CyberShake 20
Jobs number:  10
Tasks number: 28
loss: 84.59392547607422
start in data :  CyberShake 21
Jobs number:  10
Tasks number: 37
loss: 158.5197296142578
start in data :  CyberShake 22
Jobs number:  10
Tasks number: 30
loss: 109.92198181152344
start in data :  CyberShake 23
Jobs number:  10
Tasks number: 28
loss: 101.25749969482422
start in data :  CyberShake 24
Jobs number:  10
Tasks number: 31
loss: 83.44175720214844
start in data :  CyberShake 25
Jobs number:  10
Tasks number: 27
loss: 64.54058837890625
start in data :  CyberShake 26
Jobs number:  10
Tasks number: 31
loss: 85.75446319580078
start in data :  CyberShake 27
Jobs number:  10
Tasks number: 30
loss: 89.57017517089844
start in data :  CyberShake 28
Jobs number:  10
Tasks number: 27
loss: 75.45990753173828
start in data :  CyberShake 29
Jobs number:  10
Tasks number: 29
loss: 95.83751678466797
start in data :  CyberShake 30
Jobs number:  10
Tasks number: 29
loss: 87.19012451171875
start in data :  CyberShake 31
Jobs number:  10
Tasks number: 32
loss: 124.17237854003906
start in data :  CyberShake 32
Jobs number:  10
Tasks number: 28
loss: 75.96282958984375
start in data :  CyberShake 33
Jobs number:  10
Tasks number: 30
loss: 89.04513549804688
start in data :  CyberShake 34
Jobs number:  10
Tasks number: 29
loss: 84.56481170654297
start in data :  CyberShake 35
Jobs number:  10
Tasks number: 27
loss: 82.4572525024414
start in data :  CyberShake 36
Jobs number:  10
Tasks number: 30
loss: 84.39244079589844
start in data :  CyberShake 37
Jobs number:  10
Tasks number: 31
loss: 98.2968978881836
start in data :  CyberShake 38
Jobs number:  10
Tasks number: 26
loss: 72.75274658203125
start in data :  CyberShake 39
Jobs number:  10
Tasks number: 35
loss: 131.71749877929688
start in data :  CyberShake 40
Jobs number:  10
Tasks number: 28
loss: 83.5634765625
start in data :  CyberShake 41
Jobs number:  10
Tasks number: 31
loss: 102.49066162109375
start in data :  CyberShake 42
Jobs number:  10
Tasks number: 32
loss: 100.40607452392578
start in data :  CyberShake 43
Jobs number:  10
Tasks number: 32
loss: 116.7322769165039
start in data :  CyberShake 44
Jobs number:  10
Tasks number: 27
loss: 72.73548889160156
start in data :  CyberShake 45
Jobs number:  10
Tasks number: 32
loss: 95.34176635742188
start in data :  CyberShake 46
Jobs number:  10
Tasks number: 27
loss: 72.4787826538086
start in data :  CyberShake 47
Jobs number:  10
Tasks number: 29
loss: 80.24141693115234
start in data :  CyberShake 48
Jobs number:  10
Tasks number: 27
loss: 84.85039520263672
start in data :  CyberShake 49
Jobs number:  10
Tasks number: 29
loss: 86.84909057617188
start in data :  CyberShake 50
Jobs number:  10
Tasks number: 28
loss: 81.0197525024414
start in data :  CyberShake 51
Jobs number:  10
Tasks number: 30
loss: 84.69375610351562
start in data :  CyberShake 52
Jobs number:  10
Tasks number: 26
loss: 61.125396728515625
start in data :  CyberShake 53
Jobs number:  10
Tasks number: 29
loss: 80.37216186523438
start in data :  CyberShake 54
Jobs number:  10
Tasks number: 26
loss: 73.51360321044922
start in data :  CyberShake 55
Jobs number:  10
Tasks number: 30
loss: 82.03045654296875
start in data :  CyberShake 56
Jobs number:  10
Tasks number: 29
loss: 79.01897430419922
start in data :  CyberShake 57
Jobs number:  10
Tasks number: 24
loss: 70.94337463378906
start in data :  CyberShake 58
Jobs number:  10
Tasks number: 28
loss: 79.05503845214844
start in data :  CyberShake 59
Jobs number:  10
Tasks number: 27
loss: 65.71175384521484
start in data :  CyberShake 60
Jobs number:  10
Tasks number: 27
loss: 78.56280517578125
start in data :  CyberShake 61
Jobs number:  10
Tasks number: 31
loss: 106.85302734375
start in data :  CyberShake 62
Jobs number:  10
Tasks number: 34
loss: 120.9142074584961
start in data :  CyberShake 63
Jobs number:  10
Tasks number: 27
loss: 82.00282287597656
start in data :  CyberShake 64
Jobs number:  10
Tasks number: 28
loss: 72.47857666015625
start in data :  CyberShake 65
Jobs number:  10
Tasks number: 35
loss: 123.72249603271484
start in data :  CyberShake 66
Jobs number:  10
Tasks number: 31
loss: 92.60187530517578
start in data :  CyberShake 67
Jobs number:  10
Tasks number: 28
loss: 69.51966094970703
start in data :  CyberShake 68
Jobs number:  10
Tasks number: 30
loss: 94.14839935302734
start in data :  CyberShake 69
Jobs number:  10
Tasks number: 30
loss: 84.40837097167969
start in data :  CyberShake 70
Jobs number:  10
Tasks number: 24
loss: 61.042991638183594
start in data :  CyberShake 71
Jobs number:  10
Tasks number: 27
loss: 80.9882583618164
start in data :  CyberShake 72
Jobs number:  10
Tasks number: 32
loss: 104.82575988769531
start in data :  CyberShake 73
Jobs number:  10
Tasks number: 27
loss: 57.82930374145508
start in data :  CyberShake 74
Jobs number:  10
Tasks number: 29
loss: 84.60650634765625
start in data :  CyberShake 75
Jobs number:  10
Tasks number: 28
loss: 70.30802917480469
start in data :  CyberShake 76
Jobs number:  10
Tasks number: 31
loss: 102.96495056152344
start in data :  CyberShake 77
Jobs number:  10
Tasks number: 27
loss: 81.90098571777344
start in data :  CyberShake 78
Jobs number:  10
Tasks number: 30
loss: 90.87090301513672
start in data :  CyberShake 79
Jobs number:  10
Tasks number: 28
loss: 80.06089782714844
start in data :  CyberShake 80
Jobs number:  10
Tasks number: 30
loss: 83.68888854980469
start in data :  CyberShake 81
Jobs number:  10
Tasks number: 27
loss: 69.60484313964844
start in data :  CyberShake 82
Jobs number:  10
Tasks number: 27
loss: 65.11782836914062
start in data :  CyberShake 83
Jobs number:  10
Tasks number: 30
loss: 81.10578918457031
start in data :  CyberShake 84
Jobs number:  10
Tasks number: 32
loss: 111.05455017089844
start in data :  CyberShake 85
Jobs number:  10
Tasks number: 27
loss: 63.777793884277344
start in data :  CyberShake 86
Jobs number:  10
Tasks number: 32
loss: 96.33165740966797
start in data :  CyberShake 87
Jobs number:  10
Tasks number: 27
loss: 87.71444702148438
start in data :  CyberShake 88
Jobs number:  10
Tasks number: 30
loss: 89.21857452392578
start in data :  CyberShake 89
Jobs number:  10
Tasks number: 29
loss: 83.65055084228516
start in data :  CyberShake 90
Jobs number:  10
Tasks number: 28
loss: 74.46064758300781
start in data :  CyberShake 91
Jobs number:  10
Tasks number: 29
loss: 88.89173889160156
start in data :  CyberShake 92
Jobs number:  10
Tasks number: 28
loss: 78.03206634521484
start in data :  CyberShake 93
Jobs number:  10
Tasks number: 31
loss: 86.98887634277344
start in data :  CyberShake 94
Jobs number:  10
Tasks number: 30
loss: 94.3659896850586
start in data :  CyberShake 95
Jobs number:  10
Tasks number: 27
loss: 66.97634887695312
start in data :  CyberShake 96
Jobs number:  10
Tasks number: 30
loss: 85.59870910644531
start in data :  CyberShake 97
Jobs number:  10
Tasks number: 28
loss: 70.47564697265625
start in data :  CyberShake 98
Jobs number:  10
Tasks number: 26
loss: 78.71805572509766
start in data :  CyberShake 99
Jobs number:  10
Tasks number: 30
loss: 104.0684814453125
start in data :  CyberShake 100
Jobs number:  10
Tasks number: 30
loss: 88.71826171875
start in data :  CyberShake 101
Jobs number:  10
Tasks number: 27
loss: 76.3956527709961
start in data :  CyberShake 102
Jobs number:  10
Tasks number: 26
loss: 72.23529052734375
start in data :  CyberShake 103
Jobs number:  10
Tasks number: 27
loss: 70.81433868408203
start in data :  CyberShake 104
Jobs number:  10
Tasks number: 29
loss: 83.71934509277344
start in data :  CyberShake 105
Jobs number:  10
Tasks number: 26
loss: 71.84297943115234
start in data :  CyberShake 106
Jobs number:  10
Tasks number: 29
loss: 72.61430358886719
start in data :  CyberShake 107
Jobs number:  10
Tasks number: 31
loss: 98.96429443359375
start in data :  CyberShake 108
Jobs number:  10
Tasks number: 31
loss: 114.36959838867188
start in data :  CyberShake 109
Jobs number:  10
Tasks number: 27
loss: 63.84690475463867
start in data :  CyberShake 110
Jobs number:  10
Tasks number: 33
loss: 116.7215805053711
start in data :  CyberShake 111
Jobs number:  10
Tasks number: 31
loss: 92.04601287841797
start in data :  CyberShake 112
Jobs number:  10
Tasks number: 30
loss: 88.03605651855469
start in data :  CyberShake 113
Jobs number:  10
Tasks number: 27
loss: 71.18197631835938
start in data :  CyberShake 114
Jobs number:  10
Tasks number: 30
loss: 99.71417999267578
start in data :  CyberShake 115
Jobs number:  10
Tasks number: 26
loss: 71.5417251586914
start in data :  CyberShake 116
Jobs number:  10
Tasks number: 27
loss: 72.68585968017578
start in data :  CyberShake 117
Jobs number:  10
Tasks number: 32
loss: 112.97933959960938
start in data :  CyberShake 118
Jobs number:  10
Tasks number: 30
loss: 84.0226058959961
start in data :  CyberShake 119
Jobs number:  10
Tasks number: 30
loss: 86.69001007080078
start in data :  CyberShake 120
Jobs number:  10
Tasks number: 28
loss: 89.49238586425781
start in data :  CyberShake 121
Jobs number:  10
Tasks number: 26
loss: 76.32984161376953
start in data :  CyberShake 122
Jobs number:  10
Tasks number: 26
loss: 74.7868423461914
start in data :  CyberShake 123
Jobs number:  10
Tasks number: 30
loss: 96.73963928222656
start in data :  CyberShake 124
Jobs number:  10
Tasks number: 30
loss: 98.10409545898438
start in data :  CyberShake 125
Jobs number:  10
Tasks number: 31
loss: 90.35946655273438
start in data :  CyberShake 126
Jobs number:  10
Tasks number: 30
loss: 86.52941131591797
start in data :  CyberShake 127
Jobs number:  10
Tasks number: 29
loss: 79.62254333496094
start in data :  CyberShake 128
Jobs number:  10
Tasks number: 29
loss: 94.09471130371094
start in data :  CyberShake 129
Jobs number:  10
Tasks number: 30
loss: 89.70176696777344
start in data :  CyberShake 130
Jobs number:  10
Tasks number: 30
loss: 87.71116638183594
start in data :  CyberShake 131
Jobs number:  10
Tasks number: 27
loss: 77.82789611816406
start in data :  CyberShake 132
Jobs number:  10
Tasks number: 31
loss: 101.50865173339844
start in data :  CyberShake 133
Jobs number:  10
Tasks number: 26
loss: 61.485721588134766
start in data :  CyberShake 134
Jobs number:  10
Tasks number: 27
loss: 74.72869873046875
start in data :  CyberShake 135
Jobs number:  10
Tasks number: 25
loss: 63.812049865722656
start in data :  CyberShake 136
Jobs number:  10
Tasks number: 26
loss: 66.13032531738281
start in data :  CyberShake 137
Jobs number:  10
Tasks number: 24
loss: 57.53253173828125
start in data :  CyberShake 138
Jobs number:  10
Tasks number: 27
loss: 78.14288330078125
start in data :  CyberShake 139
Jobs number:  10
Tasks number: 27
loss: 74.18152618408203
start in data :  CyberShake 140
Jobs number:  10
Tasks number: 28
loss: 66.56297302246094
start in data :  CyberShake 141
Jobs number:  10
Tasks number: 30
loss: 100.98236083984375
start in data :  CyberShake 142
Jobs number:  10
Tasks number: 29
loss: 79.28614044189453
start in data :  CyberShake 143
Jobs number:  10
Tasks number: 29
loss: 75.1993179321289
start in data :  CyberShake 144
Jobs number:  10
Tasks number: 32
loss: 105.00223541259766
start in data :  CyberShake 145
Jobs number:  10
Tasks number: 28
loss: 64.51236724853516
start in data :  CyberShake 146
Jobs number:  10
Tasks number: 28
loss: 73.28575897216797
start in data :  CyberShake 147
Jobs number:  10
Tasks number: 31
loss: 99.79479217529297
start in data :  CyberShake 148
Jobs number:  10
Tasks number: 28
loss: 78.15013122558594
start in data :  CyberShake 149
Jobs number:  10
Tasks number: 30
loss: 82.20796966552734
start in data :  CyberShake 150
Jobs number:  10
Tasks number: 32
loss: 101.96368408203125
start in data :  CyberShake 151
Jobs number:  10
Tasks number: 29
loss: 80.50041961669922
start in data :  CyberShake 152
Jobs number:  10
Tasks number: 27
loss: 74.20723724365234
start in data :  CyberShake 153
Jobs number:  10
Tasks number: 28
loss: 91.21192932128906
start in data :  CyberShake 154
Jobs number:  10
Tasks number: 27
loss: 67.57939147949219
start in data :  CyberShake 155
Jobs number:  10
Tasks number: 28
loss: 81.86678314208984
start in data :  CyberShake 156
Jobs number:  10
Tasks number: 29
loss: 80.8411865234375
start in data :  CyberShake 157
Jobs number:  10
Tasks number: 27
loss: 67.94960021972656
start in data :  CyberShake 158
Jobs number:  10
Tasks number: 34
loss: 116.53671264648438
start in data :  CyberShake 159
Jobs number:  10
Tasks number: 27
loss: 70.78800201416016
start in data :  CyberShake 160
Jobs number:  10
Tasks number: 33
loss: 105.72065734863281
start in data :  CyberShake 161
Jobs number:  10
Tasks number: 30
loss: 95.57200622558594
start in data :  CyberShake 162
Jobs number:  10
Tasks number: 33
loss: 105.13789367675781
start in data :  CyberShake 163
Jobs number:  10
Tasks number: 28
loss: 86.82025146484375
start in data :  CyberShake 164
Jobs number:  10
Tasks number: 34
loss: 114.64033508300781
start in data :  CyberShake 165
Jobs number:  10
Tasks number: 26
loss: 76.47341918945312
start in data :  CyberShake 166
Jobs number:  10
Tasks number: 29
loss: 81.68917083740234
start in data :  CyberShake 167
Jobs number:  10
Tasks number: 30
loss: 84.50926208496094
start in data :  CyberShake 168
Jobs number:  10
Tasks number: 28
loss: 71.03587341308594
start in data :  CyberShake 169
Jobs number:  10
Tasks number: 29
loss: 94.14077758789062
start in data :  CyberShake 170
Jobs number:  10
Tasks number: 30
loss: 106.63946533203125
start in data :  CyberShake 171
Jobs number:  10
Tasks number: 30
loss: 80.70944213867188
start in data :  CyberShake 172
Jobs number:  10
Tasks number: 29
loss: 85.20785522460938
start in data :  CyberShake 173
Jobs number:  10
Tasks number: 28
loss: 89.22283172607422
start in data :  CyberShake 174
Jobs number:  10
Tasks number: 28
loss: 70.22195434570312
start in data :  CyberShake 175
Jobs number:  10
Tasks number: 28
loss: 74.51887512207031
start in data :  CyberShake 176
Jobs number:  10
Tasks number: 26
loss: 71.94556427001953
start in data :  CyberShake 177
Jobs number:  10
Tasks number: 29
loss: 80.75385284423828
start in data :  CyberShake 178
Jobs number:  10
Tasks number: 30
loss: 94.14445495605469
start in data :  CyberShake 179
Jobs number:  10
Tasks number: 27
loss: 65.07206726074219
start in data :  CyberShake 180
Jobs number:  10
Tasks number: 31
loss: 107.32460021972656
start in data :  CyberShake 181
Jobs number:  10
Tasks number: 30
loss: 101.8455810546875
start in data :  CyberShake 182
Jobs number:  10
Tasks number: 28
loss: 73.41678619384766
start in data :  CyberShake 183
Jobs number:  10
Tasks number: 28
loss: 78.33168029785156
start in data :  CyberShake 184
Jobs number:  10
Tasks number: 28
loss: 83.0156021118164
start in data :  CyberShake 185
Jobs number:  10
Tasks number: 31
loss: 102.2933349609375
start in data :  CyberShake 186
Jobs number:  10
Tasks number: 33
loss: 107.57859802246094
start in data :  CyberShake 187
Jobs number:  10
Tasks number: 28
loss: 77.79169464111328
start in data :  CyberShake 188
Jobs number:  10
Tasks number: 32
loss: 105.12745666503906
start in data :  CyberShake 189
Jobs number:  10
Tasks number: 29
loss: 78.51670837402344
start in data :  CyberShake 190
Jobs number:  10
Tasks number: 31
loss: 97.4929428100586
start in data :  CyberShake 191
Jobs number:  10
Tasks number: 27
loss: 68.9651107788086
start in data :  CyberShake 192
Jobs number:  10
Tasks number: 31
loss: 96.17929077148438
start in data :  CyberShake 193
Jobs number:  10
Tasks number: 25
loss: 65.19672393798828
start in data :  CyberShake 194
Jobs number:  10
Tasks number: 24
loss: 63.60999298095703
start in data :  CyberShake 195
Jobs number:  10
Tasks number: 29
loss: 72.80421447753906
start in data :  CyberShake 196
Jobs number:  10
Tasks number: 29
loss: 85.6889877319336
start in data :  CyberShake 197
Jobs number:  10
Tasks number: 28
loss: 79.35802459716797
start in data :  CyberShake 198
Jobs number:  10
Tasks number: 27
loss: 64.75411224365234
start in data :  CyberShake 199
Jobs number:  10
Tasks number: 27
loss: 90.13377380371094
start in data :  CyberShake 200
Jobs number:  10
Tasks number: 27
loss: 73.38400268554688
start in data :  CyberShake 201
Jobs number:  10
Tasks number: 27
loss: 77.95809936523438
start in data :  CyberShake 202
Jobs number:  10
Tasks number: 32
loss: 109.03111267089844
start in data :  CyberShake 203
Jobs number:  10
Tasks number: 32
loss: 97.88792419433594
start in data :  CyberShake 204
Jobs number:  10
Tasks number: 27
loss: 79.47373962402344
start in data :  CyberShake 205
Jobs number:  10
Tasks number: 28
loss: 78.68311309814453
start in data :  CyberShake 206
Jobs number:  10
Tasks number: 32
loss: 108.85224151611328
start in data :  CyberShake 207
Jobs number:  10
Tasks number: 27
loss: 75.9379653930664
start in data :  CyberShake 208
Jobs number:  10
Tasks number: 30
loss: 91.29421997070312
start in data :  CyberShake 209
Jobs number:  10
Tasks number: 30
loss: 91.83332061767578
start in data :  CyberShake 210
Jobs number:  10
Tasks number: 28
loss: 74.60124206542969
start in data :  CyberShake 211
Jobs number:  10
Tasks number: 25
loss: 62.37286376953125
start in data :  CyberShake 212
Jobs number:  10
Tasks number: 29
loss: 76.64202880859375
start in data :  CyberShake 213
Jobs number:  10
Tasks number: 30
loss: 89.77412414550781
start in data :  CyberShake 214
Jobs number:  10
Tasks number: 25
loss: 80.63334655761719
start in data :  CyberShake 215
Jobs number:  10
Tasks number: 26
loss: 61.060665130615234
start in data :  CyberShake 216
Jobs number:  10
Tasks number: 28
loss: 68.82454681396484
start in data :  CyberShake 217
Jobs number:  10
Tasks number: 28
loss: 88.47595977783203
start in data :  CyberShake 218
Jobs number:  10
Tasks number: 27
loss: 74.31866455078125
start in data :  CyberShake 219
Jobs number:  10
Tasks number: 29
loss: 95.66569519042969
start in data :  CyberShake 220
Jobs number:  10
Tasks number: 30
loss: 88.01164245605469
start in data :  CyberShake 221
Jobs number:  10
Tasks number: 27
loss: 75.86410522460938
start in data :  CyberShake 222
Jobs number:  10
Tasks number: 33
loss: 114.510009765625
start in data :  CyberShake 223
Jobs number:  10
Tasks number: 31
loss: 99.37638854980469
start in data :  CyberShake 224
Jobs number:  10
Tasks number: 28
loss: 63.03670883178711
start in data :  CyberShake 225
Jobs number:  10
Tasks number: 24
loss: 59.43811798095703
start in data :  CyberShake 226
Jobs number:  10
Tasks number: 29
loss: 87.10565948486328
start in data :  CyberShake 227
Jobs number:  10
Tasks number: 30
loss: 92.93029022216797
start in data :  CyberShake 228
Jobs number:  10
Tasks number: 29
loss: 91.42811584472656
start in data :  CyberShake 229
Jobs number:  10
Tasks number: 34
loss: 112.63323974609375
start in data :  CyberShake 230
Jobs number:  10
Tasks number: 27
loss: 85.6170425415039
start in data :  CyberShake 231
Jobs number:  10
Tasks number: 25
loss: 70.24359130859375
start in data :  CyberShake 232
Jobs number:  10
Tasks number: 30
loss: 87.78453063964844
start in data :  CyberShake 233
Jobs number:  10
Tasks number: 32
loss: 96.91035461425781
start in data :  CyberShake 234
Jobs number:  10
Tasks number: 30
loss: 80.37718963623047
start in data :  CyberShake 235
Jobs number:  10
Tasks number: 32
loss: 95.0821304321289
start in data :  CyberShake 236
Jobs number:  10
Tasks number: 27
loss: 74.59699249267578
start in data :  CyberShake 237
Jobs number:  10
Tasks number: 27
loss: 76.36642456054688
start in data :  CyberShake 238
Jobs number:  10
Tasks number: 30
loss: 99.83708190917969
start in data :  CyberShake 239
Jobs number:  10
Tasks number: 31
loss: 86.12633514404297
start in data :  CyberShake 240
Jobs number:  10
Tasks number: 31
loss: 78.68620300292969
start in data :  CyberShake 241
Jobs number:  10
Tasks number: 28
loss: 69.52393341064453
start in data :  CyberShake 242
Jobs number:  10
Tasks number: 30
loss: 80.40164947509766
start in data :  CyberShake 243
Jobs number:  10
Tasks number: 32
loss: 98.63372039794922
start in data :  CyberShake 244
Jobs number:  10
Tasks number: 30
loss: 94.01537322998047
start in data :  CyberShake 245
Jobs number:  10
Tasks number: 29
loss: 82.14288330078125
start in data :  CyberShake 246
Jobs number:  10
Tasks number: 27
loss: 68.59896087646484
start in data :  CyberShake 247
Jobs number:  10
Tasks number: 25
loss: 67.84065246582031
start in data :  CyberShake 248
Jobs number:  10
Tasks number: 28
loss: 81.07410430908203
start in data :  CyberShake 249
Jobs number:  10
Tasks number: 29
loss: 74.32374572753906
start in data :  CyberShake 250
Jobs number:  10
Tasks number: 29
loss: 88.0905532836914
start in data :  CyberShake 251
Jobs number:  10
Tasks number: 29
loss: 89.93340301513672
start in data :  CyberShake 252
Jobs number:  10
Tasks number: 25
loss: 61.22395706176758
start in data :  CyberShake 253
Jobs number:  10
Tasks number: 30
loss: 84.94737243652344
start in data :  CyberShake 254
Jobs number:  10
Tasks number: 31
loss: 97.71006774902344
start in data :  CyberShake 255
Jobs number:  10
Tasks number: 28
loss: 75.01687622070312
start in data :  CyberShake 256
Jobs number:  10
Tasks number: 26
loss: 70.3666000366211
start in data :  CyberShake 257
Jobs number:  10
Tasks number: 29
loss: 74.11048126220703
start in data :  CyberShake 258
Jobs number:  10
Tasks number: 29
loss: 126.3156509399414
start in data :  CyberShake 259
Jobs number:  10
Tasks number: 26
loss: 62.361202239990234
start in data :  CyberShake 260
Jobs number:  10
Tasks number: 27
loss: 66.56629943847656
start in data :  CyberShake 261
Jobs number:  10
Tasks number: 28
loss: 68.67753601074219
start in data :  CyberShake 262
Jobs number:  10
Tasks number: 29
loss: 87.7576675415039
start in data :  CyberShake 263
Jobs number:  10
Tasks number: 26
loss: 71.12091827392578
start in data :  CyberShake 264
Jobs number:  10
Tasks number: 29
loss: 83.29534912109375
start in data :  CyberShake 265
Jobs number:  10
Tasks number: 31
loss: 94.26116943359375
start in data :  CyberShake 266
Jobs number:  10
Tasks number: 27
loss: 68.30422973632812
start in data :  CyberShake 267
Jobs number:  10
Tasks number: 27
loss: 59.181602478027344
start in data :  CyberShake 268
Jobs number:  10
Tasks number: 28
loss: 70.99103546142578
start in data :  CyberShake 269
Jobs number:  10
Tasks number: 29
loss: 102.74638366699219
start in data :  CyberShake 270
Jobs number:  10
Tasks number: 29
loss: 80.52983093261719
start in data :  CyberShake 271
Jobs number:  10
Tasks number: 32
loss: 91.440673828125
start in data :  CyberShake 272
Jobs number:  10
Tasks number: 29
loss: 87.4588394165039
start in data :  CyberShake 273
Jobs number:  10
Tasks number: 30
loss: 90.58549499511719
start in data :  CyberShake 274
Jobs number:  10
Tasks number: 33
loss: 101.52461242675781
start in data :  CyberShake 275
Jobs number:  10
Tasks number: 28
loss: 67.71588134765625
start in data :  CyberShake 276
Jobs number:  10
Tasks number: 32
loss: 95.05754852294922
start in data :  CyberShake 277
Jobs number:  10
Tasks number: 32
loss: 94.84249877929688
start in data :  CyberShake 278
Jobs number:  10
Tasks number: 28
loss: 68.10466003417969
start in data :  CyberShake 279
Jobs number:  10
Tasks number: 35
loss: 111.80317687988281
start in data :  CyberShake 280
Jobs number:  10
Tasks number: 35
loss: 119.00794982910156
start in data :  CyberShake 281
Jobs number:  10
Tasks number: 30
loss: 81.06578063964844
start in data :  CyberShake 282
Jobs number:  10
Tasks number: 30
loss: 77.05045318603516
start in data :  CyberShake 283
Jobs number:  10
Tasks number: 28
loss: 74.25286865234375
start in data :  CyberShake 284
Jobs number:  10
Tasks number: 28
loss: 64.03168487548828
start in data :  CyberShake 285
Jobs number:  10
Tasks number: 28
loss: 71.04721069335938
start in data :  CyberShake 286
Jobs number:  10
Tasks number: 31
loss: 98.06193542480469
start in data :  CyberShake 287
Jobs number:  10
Tasks number: 32
loss: 89.36002349853516
start in data :  CyberShake 288
Jobs number:  10
Tasks number: 31
loss: 75.4691162109375
start in data :  CyberShake 289
Jobs number:  10
Tasks number: 28
loss: 71.03631591796875
start in data :  CyberShake 290
Jobs number:  10
Tasks number: 29
loss: 75.0892562866211
start in data :  CyberShake 291
Jobs number:  10
Tasks number: 27
loss: 76.18480682373047
start in data :  CyberShake 292
Jobs number:  10
Tasks number: 35
loss: 114.86680603027344
start in data :  CyberShake 293
Jobs number:  10
Tasks number: 31
loss: 102.17034912109375
start in data :  CyberShake 294
Jobs number:  10
Tasks number: 30
loss: 94.33631896972656
start in data :  CyberShake 295
Jobs number:  10
Tasks number: 31
loss: 104.73080444335938
start in data :  CyberShake 296
Jobs number:  10
Tasks number: 33
loss: 96.94294738769531
start in data :  CyberShake 297
Jobs number:  10
Tasks number: 31
loss: 87.0247573852539
start in data :  CyberShake 298
Jobs number:  10
Tasks number: 25
loss: 59.453887939453125
start in data :  CyberShake 299
Jobs number:  10
Tasks number: 29
loss: 74.98294067382812
start in data :  CyberShake 300
Jobs number:  10
Tasks number: 30
loss: 87.62527465820312
start in data :  CyberShake 301
Jobs number:  10
Tasks number: 29
loss: 83.09646606445312
start in data :  CyberShake 302
Jobs number:  10
Tasks number: 35
loss: 103.13688659667969
start in data :  CyberShake 303
Jobs number:  10
Tasks number: 27
loss: 79.26276397705078
start in data :  CyberShake 304
Jobs number:  10
Tasks number: 31
loss: 86.55406188964844
start in data :  CyberShake 305
Jobs number:  10
Tasks number: 26
loss: 64.14554595947266
start in data :  CyberShake 306
Jobs number:  10
Tasks number: 33
loss: 109.99856567382812
start in data :  CyberShake 307
Jobs number:  10
Tasks number: 32
loss: 100.18354034423828
start in data :  CyberShake 308
Jobs number:  10
Tasks number: 30
loss: 94.0277099609375
start in data :  CyberShake 309
Jobs number:  10
Tasks number: 30
loss: 84.552490234375
start in data :  CyberShake 310
Jobs number:  10
Tasks number: 28
loss: 72.29588317871094
start in data :  CyberShake 311
Jobs number:  10
Tasks number: 32
loss: 94.314208984375
start in data :  CyberShake 312
Jobs number:  10
Tasks number: 29
loss: 67.17536163330078
start in data :  CyberShake 313
Jobs number:  10
Tasks number: 29
loss: 78.7089614868164
start in data :  CyberShake 314
Jobs number:  10
Tasks number: 29
loss: 71.4480972290039
start in data :  CyberShake 315
Jobs number:  10
Tasks number: 29
loss: 70.51615905761719
start in data :  CyberShake 316
Jobs number:  10
Tasks number: 30
loss: 83.94060516357422
start in data :  CyberShake 317
Jobs number:  10
Tasks number: 28
loss: 73.40899658203125
start in data :  CyberShake 318
Jobs number:  10
Tasks number: 29
loss: 79.61070251464844
start in data :  CyberShake 319
Jobs number:  10
Tasks number: 28
loss: 68.92311096191406
start in data :  CyberShake 320
Jobs number:  10
Tasks number: 27
loss: 62.938316345214844
start in data :  CyberShake 321
Jobs number:  10
Tasks number: 30
loss: 83.36551666259766
start in data :  CyberShake 322
Jobs number:  10
Tasks number: 28
loss: 72.31353759765625
start in data :  CyberShake 323
Jobs number:  10
Tasks number: 28
loss: 64.94731140136719
start in data :  CyberShake 324
Jobs number:  10
Tasks number: 25
loss: 59.62080383300781
start in data :  CyberShake 325
Jobs number:  10
Tasks number: 26
loss: 58.99176025390625
start in data :  CyberShake 326
Jobs number:  10
Tasks number: 28
loss: 80.4945068359375
start in data :  CyberShake 327
Jobs number:  10
Tasks number: 29
loss: 92.17040252685547
start in data :  CyberShake 328
Jobs number:  10
Tasks number: 25
loss: 64.77998352050781
start in data :  CyberShake 329
Jobs number:  10
Tasks number: 33
loss: 108.3809814453125
start in data :  CyberShake 330
Jobs number:  10
Tasks number: 33
loss: 101.45039367675781
start in data :  CyberShake 331
Jobs number:  10
Tasks number: 26
loss: 56.45989990234375
start in data :  CyberShake 332
Jobs number:  10
Tasks number: 28
loss: 75.19709014892578
start in data :  CyberShake 333
Jobs number:  10
Tasks number: 29
loss: 85.87086486816406
start in data :  CyberShake 334
Jobs number:  10
Tasks number: 29
loss: 81.78148651123047
start in data :  CyberShake 335
Jobs number:  10
Tasks number: 26
loss: 75.24453735351562
start in data :  CyberShake 336
Jobs number:  10
Tasks number: 31
loss: 114.1422119140625
start in data :  CyberShake 337
Jobs number:  10
Tasks number: 30
loss: 101.52298736572266
start in data :  CyberShake 338
Jobs number:  10
Tasks number: 29
loss: 78.54834747314453
start in data :  CyberShake 339
Jobs number:  10
Tasks number: 30
loss: 83.20500183105469
start in data :  CyberShake 340
Jobs number:  10
Tasks number: 27
loss: 74.14588165283203
start in data :  CyberShake 341
Jobs number:  10
Tasks number: 27
loss: 67.70569610595703
start in data :  CyberShake 342
Jobs number:  10
Tasks number: 29
loss: 88.6668701171875
start in data :  CyberShake 343
Jobs number:  10
Tasks number: 30
loss: 82.8134994506836
start in data :  CyberShake 344
Jobs number:  10
Tasks number: 27
loss: 69.17548370361328
start in data :  CyberShake 345
Jobs number:  10
Tasks number: 32
loss: 87.44954681396484
start in data :  CyberShake 346
Jobs number:  10
Tasks number: 30
loss: 74.23731231689453
start in data :  CyberShake 347
Jobs number:  10
Tasks number: 29
loss: 97.1875228881836
start in data :  CyberShake 348
Jobs number:  10
Tasks number: 26
loss: 78.65626525878906
start in data :  CyberShake 349
Jobs number:  10
Tasks number: 29
loss: 61.662933349609375
start in data :  CyberShake 350
Jobs number:  10
Tasks number: 28
loss: 75.08454895019531
start in data :  CyberShake 351
Jobs number:  10
Tasks number: 25
loss: 52.71730422973633
start in data :  CyberShake 352
Jobs number:  10
Tasks number: 29
loss: 84.76789855957031
start in data :  CyberShake 353
Jobs number:  10
Tasks number: 30
loss: 81.76856994628906
start in data :  CyberShake 354
Jobs number:  10
Tasks number: 27
loss: 76.19490814208984
start in data :  CyberShake 355
Jobs number:  10
Tasks number: 27
loss: 72.13191223144531
start in data :  CyberShake 356
Jobs number:  10
Tasks number: 30
loss: 94.59040069580078
start in data :  CyberShake 357
Jobs number:  10
Tasks number: 27
loss: 63.12390899658203
start in data :  CyberShake 358
Jobs number:  10
Tasks number: 26
loss: 62.94407653808594
start in data :  CyberShake 359
Jobs number:  10
Tasks number: 30
loss: 88.88164520263672
start in data :  CyberShake 360
Jobs number:  10
Tasks number: 28
loss: 89.6824951171875
start in data :  CyberShake 361
Jobs number:  10
Tasks number: 30
loss: 70.57571411132812
start in data :  CyberShake 362
Jobs number:  10
Tasks number: 28
loss: 82.69593048095703
start in data :  CyberShake 363
Jobs number:  10
Tasks number: 33
loss: 102.05238342285156
start in data :  CyberShake 364
Jobs number:  10
Tasks number: 29
loss: 82.21778106689453
start in data :  CyberShake 365
Jobs number:  10
Tasks number: 26
loss: 55.219078063964844
start in data :  CyberShake 366
Jobs number:  10
Tasks number: 30
loss: 88.86460876464844
start in data :  CyberShake 367
Jobs number:  10
Tasks number: 27
loss: 58.6708869934082
start in data :  CyberShake 368
Jobs number:  10
Tasks number: 28
loss: 73.61627197265625
start in data :  CyberShake 369
Jobs number:  10
Tasks number: 29
loss: 73.68119049072266
start in data :  CyberShake 370
Jobs number:  10
Tasks number: 29
loss: 72.85514831542969
start in data :  CyberShake 371
Jobs number:  10
Tasks number: 28
loss: 85.25514221191406
start in data :  CyberShake 372
Jobs number:  10
Tasks number: 29
loss: 84.53002166748047
start in data :  CyberShake 373
Jobs number:  10
Tasks number: 28
loss: 65.9810791015625
start in data :  CyberShake 374
Jobs number:  10
Tasks number: 31
loss: 80.00251770019531
start in data :  CyberShake 375
Jobs number:  10
Tasks number: 31
loss: 81.98540496826172
start in data :  CyberShake 376
Jobs number:  10
Tasks number: 28
loss: 73.87796783447266
start in data :  CyberShake 377
Jobs number:  10
Tasks number: 31
loss: 95.76844787597656
start in data :  CyberShake 378
Jobs number:  10
Tasks number: 29
loss: 77.69971466064453
start in data :  CyberShake 379
Jobs number:  10
Tasks number: 29
loss: 72.14332580566406
start in data :  CyberShake 380
Jobs number:  10
Tasks number: 24
loss: 54.95750045776367
start in data :  CyberShake 381
Jobs number:  10
Tasks number: 28
loss: 81.3835220336914
start in data :  CyberShake 382
Jobs number:  10
Tasks number: 30
loss: 75.4570083618164
start in data :  CyberShake 383
Jobs number:  10
Tasks number: 28
loss: 71.24295806884766
start in data :  CyberShake 384
Jobs number:  10
Tasks number: 28
loss: 86.6941909790039
start in data :  CyberShake 385
Jobs number:  10
Tasks number: 28
loss: 86.68268585205078
start in data :  CyberShake 386
Jobs number:  10
Tasks number: 28
loss: 73.63481140136719
start in data :  CyberShake 387
Jobs number:  10
Tasks number: 29
loss: 88.5843505859375
start in data :  CyberShake 388
Jobs number:  10
Tasks number: 33
loss: 90.2607650756836
start in data :  CyberShake 389
Jobs number:  10
Tasks number: 29
loss: 72.71195220947266
start in data :  CyberShake 390
Jobs number:  10
Tasks number: 32
loss: 96.40318298339844
start in data :  CyberShake 391
Jobs number:  10
Tasks number: 30
loss: 75.81270599365234
start in data :  CyberShake 392
Jobs number:  10
Tasks number: 28
loss: 67.62991333007812
start in data :  CyberShake 393
Jobs number:  10
Tasks number: 31
loss: 96.8117446899414
start in data :  CyberShake 394
Jobs number:  10
Tasks number: 33
loss: 100.27189636230469
start in data :  CyberShake 395
Jobs number:  10
Tasks number: 30
loss: 83.3662338256836
start in data :  CyberShake 396
Jobs number:  10
Tasks number: 29
loss: 70.6053466796875
start in data :  CyberShake 397
Jobs number:  10
Tasks number: 28
loss: 82.85015106201172
start in data :  CyberShake 398
Jobs number:  10
Tasks number: 34
loss: 121.08213806152344
start in data :  CyberShake 399
Jobs number:  10
Tasks number: 27
loss: 65.98329162597656
start in data :  CyberShake 400
Jobs number:  10
Tasks number: 30
loss: 86.5171890258789
start in data :  CyberShake 401
Jobs number:  10
Tasks number: 25
loss: 54.105079650878906
start in data :  CyberShake 402
Jobs number:  10
Tasks number: 25
loss: 74.39295959472656
start in data :  CyberShake 403
Jobs number:  10
Tasks number: 30
loss: 89.9333267211914
start in data :  CyberShake 404
Jobs number:  10
Tasks number: 27
loss: 87.0157241821289
start in data :  CyberShake 405
Jobs number:  10
Tasks number: 30
loss: 77.63500213623047
start in data :  CyberShake 406
Jobs number:  10
Tasks number: 30
loss: 77.45597839355469
start in data :  CyberShake 407
Jobs number:  10
Tasks number: 32
loss: 89.86691284179688
start in data :  CyberShake 408
Jobs number:  10
Tasks number: 27
loss: 64.17732238769531
start in data :  CyberShake 409
Jobs number:  10
Tasks number: 27
loss: 60.97296142578125
start in data :  CyberShake 410
Jobs number:  10
Tasks number: 25
loss: 60.73354721069336
start in data :  CyberShake 411
Jobs number:  10
Tasks number: 27
loss: 75.7848892211914
start in data :  CyberShake 412
Jobs number:  10
Tasks number: 24
loss: 56.961509704589844
start in data :  CyberShake 413
Jobs number:  10
Tasks number: 29
loss: 72.52176666259766
start in data :  CyberShake 414
Jobs number:  10
Tasks number: 34
loss: 113.96047973632812
start in data :  CyberShake 415
Jobs number:  10
Tasks number: 30
loss: 73.5992431640625
start in data :  CyberShake 416
Jobs number:  10
Tasks number: 29
loss: 78.56278991699219
start in data :  CyberShake 417
Jobs number:  10
Tasks number: 25
loss: 57.86208724975586
start in data :  CyberShake 418
Jobs number:  10
Tasks number: 26
loss: 59.58614730834961
start in data :  CyberShake 419
Jobs number:  10
Tasks number: 32
loss: 89.91678619384766
start in data :  CyberShake 420
Jobs number:  10
Tasks number: 29
loss: 72.00531768798828
start in data :  CyberShake 421
Jobs number:  10
Tasks number: 31
loss: 75.60679626464844
start in data :  CyberShake 422
Jobs number:  10
Tasks number: 27
loss: 65.43915557861328
start in data :  CyberShake 423
Jobs number:  10
Tasks number: 30
loss: 75.54212951660156
start in data :  CyberShake 424
Jobs number:  10
Tasks number: 31
loss: 81.24571990966797
start in data :  CyberShake 425
Jobs number:  10
Tasks number: 28
loss: 75.74752807617188
start in data :  CyberShake 426
Jobs number:  10
Tasks number: 28
loss: 88.60870361328125
start in data :  CyberShake 427
Jobs number:  10
Tasks number: 31
loss: 78.02324676513672
start in data :  CyberShake 428
Jobs number:  10
Tasks number: 26
loss: 61.307098388671875
start in data :  CyberShake 429
Jobs number:  10
Tasks number: 31
loss: 94.54032897949219
start in data :  CyberShake 430
Jobs number:  10
Tasks number: 29
loss: 94.0592041015625
start in data :  CyberShake 431
Jobs number:  10
Tasks number: 29
loss: 86.95315551757812
start in data :  CyberShake 432
Jobs number:  10
Tasks number: 28
loss: 83.51083374023438
start in data :  CyberShake 433
Jobs number:  10
Tasks number: 30
loss: 76.80197143554688
start in data :  CyberShake 434
Jobs number:  10
Tasks number: 29
loss: 77.57225036621094
start in data :  CyberShake 435
Jobs number:  10
Tasks number: 29
loss: 77.09963989257812
start in data :  CyberShake 436
Jobs number:  10
Tasks number: 28
loss: 67.21123504638672
start in data :  CyberShake 437
Jobs number:  10
Tasks number: 28
loss: 62.44975662231445
start in data :  CyberShake 438
Jobs number:  10
Tasks number: 31
loss: 97.68733978271484
start in data :  CyberShake 439
Jobs number:  10
Tasks number: 29
loss: 85.07060241699219
start in data :  CyberShake 440
Jobs number:  10
Tasks number: 27
loss: 76.33711242675781
start in data :  CyberShake 441
Jobs number:  10
Tasks number: 29
loss: 75.71002197265625
start in data :  CyberShake 442
Jobs number:  10
Tasks number: 32
loss: 84.5257568359375
start in data :  CyberShake 443
Jobs number:  10
Tasks number: 28
loss: 76.06498718261719
start in data :  CyberShake 444
Jobs number:  10
Tasks number: 33
loss: 105.48148345947266
start in data :  CyberShake 445
Jobs number:  10
Tasks number: 30
loss: 69.80680847167969
start in data :  CyberShake 446
Jobs number:  10
Tasks number: 25
loss: 59.12602233886719
start in data :  CyberShake 447
Jobs number:  10
Tasks number: 28
loss: 75.36622619628906
start in data :  CyberShake 448
Jobs number:  10
Tasks number: 30
loss: 82.98739624023438
start in data :  CyberShake 449
Jobs number:  10
Tasks number: 26
loss: 74.4073486328125
start in data :  CyberShake 450
Jobs number:  10
Tasks number: 35
loss: 115.97781372070312
start in data :  CyberShake 451
Jobs number:  10
Tasks number: 28
loss: 75.23465728759766
start in data :  CyberShake 452
Jobs number:  10
Tasks number: 34
loss: 102.9613037109375
start in data :  CyberShake 453
Jobs number:  10
Tasks number: 27
loss: 62.84477996826172
start in data :  CyberShake 454
Jobs number:  10
Tasks number: 27
loss: 61.07444381713867
start in data :  CyberShake 455
Jobs number:  10
Tasks number: 31
loss: 93.98038482666016
start in data :  CyberShake 456
Jobs number:  10
Tasks number: 28
loss: 58.04542541503906
start in data :  CyberShake 457
Jobs number:  10
Tasks number: 30
loss: 80.63316345214844
start in data :  CyberShake 458
Jobs number:  10
Tasks number: 31
loss: 100.9146499633789
start in data :  CyberShake 459
Jobs number:  10
Tasks number: 34
loss: 102.41136169433594
start in data :  CyberShake 460
Jobs number:  10
Tasks number: 32
loss: 99.2550277709961
start in data :  CyberShake 461
Jobs number:  10
Tasks number: 31
loss: 99.28057098388672
start in data :  CyberShake 462
Jobs number:  10
Tasks number: 29
loss: 77.87646484375
start in data :  CyberShake 463
Jobs number:  10
Tasks number: 32
loss: 94.65422058105469
start in data :  CyberShake 464
Jobs number:  10
Tasks number: 31
loss: 89.33361053466797
start in data :  CyberShake 465
Jobs number:  10
Tasks number: 28
loss: 73.55904388427734
start in data :  CyberShake 466
Jobs number:  10
Tasks number: 25
loss: 67.9562759399414
start in data :  CyberShake 467
Jobs number:  10
Tasks number: 31
loss: 84.79571533203125
start in data :  CyberShake 468
Jobs number:  10
Tasks number: 34
loss: 98.46247100830078
start in data :  CyberShake 469
Jobs number:  10
Tasks number: 28
loss: 76.45309448242188
start in data :  CyberShake 470
Jobs number:  10
Tasks number: 30
loss: 76.39132690429688
start in data :  CyberShake 471
Jobs number:  10
Tasks number: 28
loss: 81.07244110107422
start in data :  CyberShake 472
Jobs number:  10
Tasks number: 28
loss: 64.6910171508789
start in data :  CyberShake 473
Jobs number:  10
Tasks number: 29
loss: 78.76055145263672
start in data :  CyberShake 474
Jobs number:  10
Tasks number: 28
loss: 64.01109313964844
start in data :  CyberShake 475
Jobs number:  10
Tasks number: 30
loss: 80.28504180908203
start in data :  CyberShake 476
Jobs number:  10
Tasks number: 29
loss: 68.07138061523438
start in data :  CyberShake 477
Jobs number:  10
Tasks number: 32
loss: 82.7317886352539
start in data :  CyberShake 478
Jobs number:  10
Tasks number: 31
loss: 81.50289154052734
start in data :  CyberShake 479
Jobs number:  10
Tasks number: 30
loss: 75.67089080810547
start in data :  CyberShake 480
Jobs number:  10
Tasks number: 29
loss: 71.59013366699219
start in data :  CyberShake 481
Jobs number:  10
Tasks number: 31
loss: 89.91739654541016
start in data :  CyberShake 482
Jobs number:  10
Tasks number: 28
loss: 81.19332122802734
start in data :  CyberShake 483
Jobs number:  10
Tasks number: 29
loss: 72.34568786621094
start in data :  CyberShake 484
Jobs number:  10
Tasks number: 31
loss: 93.35891723632812
start in data :  CyberShake 485
Jobs number:  10
Tasks number: 25
loss: 63.76045608520508
start in data :  CyberShake 486
Jobs number:  10
Tasks number: 32
loss: 82.08557891845703
start in data :  CyberShake 487
Jobs number:  10
Tasks number: 28
loss: 60.070770263671875
start in data :  CyberShake 488
Jobs number:  10
Tasks number: 29
loss: 63.07684326171875
start in data :  CyberShake 489
Jobs number:  10
Tasks number: 29
loss: 82.79159545898438
start in data :  CyberShake 490
Jobs number:  10
Tasks number: 28
loss: 64.9166488647461
start in data :  CyberShake 491
Jobs number:  10
Tasks number: 33
loss: 111.54668426513672
start in data :  CyberShake 492
Jobs number:  10
Tasks number: 27
loss: 66.07027435302734
start in data :  CyberShake 493
Jobs number:  10
Tasks number: 28
loss: 56.473880767822266
start in data :  CyberShake 494
Jobs number:  10
Tasks number: 29
loss: 84.13919067382812
start in data :  CyberShake 495
Jobs number:  10
Tasks number: 31
loss: 87.33021545410156
start in data :  CyberShake 496
Jobs number:  10
Tasks number: 24
loss: 64.85948181152344
start in data :  CyberShake 497
Jobs number:  10
Tasks number: 28
loss: 74.4635009765625
start in data :  CyberShake 498
Jobs number:  10
Tasks number: 28
loss: 59.4213752746582
start in data :  CyberShake 499
Jobs number:  10
Tasks number: 28
loss: 65.51860809326172
start in data :  CyberShake 500
Jobs number:  10
Tasks number: 27
loss: 62.8145637512207
start in data :  CyberShake 501
Jobs number:  10
Tasks number: 30
loss: 90.57746124267578
start in data :  CyberShake 502
Jobs number:  10
Tasks number: 29
loss: 63.10071563720703
start in data :  CyberShake 503
Jobs number:  10
Tasks number: 25
loss: 61.02675247192383
start in data :  CyberShake 504
Jobs number:  10
Tasks number: 29
loss: 76.04170227050781
start in data :  CyberShake 505
Jobs number:  10
Tasks number: 32
loss: 98.55435943603516
start in data :  CyberShake 506
Jobs number:  10
Tasks number: 30
loss: 80.38004302978516
start in data :  CyberShake 507
Jobs number:  10
Tasks number: 30
loss: 84.72547912597656
start in data :  CyberShake 508
Jobs number:  10
Tasks number: 30
loss: 80.94165802001953
start in data :  CyberShake 509
Jobs number:  10
Tasks number: 30
loss: 81.564208984375
start in data :  CyberShake 510
Jobs number:  10
Tasks number: 27
loss: 70.14671325683594
start in data :  CyberShake 511
Jobs number:  10
Tasks number: 29
loss: 57.93255615234375
start in data :  CyberShake 512
Jobs number:  10
Tasks number: 32
loss: 88.7103271484375
start in data :  CyberShake 513
Jobs number:  10
Tasks number: 30
loss: 75.65706634521484
start in data :  CyberShake 514
Jobs number:  10
Tasks number: 28
loss: 81.96022033691406
start in data :  CyberShake 515
Jobs number:  10
Tasks number: 31
loss: 81.79185485839844
start in data :  CyberShake 516
Jobs number:  10
Tasks number: 28
loss: 76.88248443603516
start in data :  CyberShake 517
Jobs number:  10
Tasks number: 31
loss: 101.69656372070312
start in data :  CyberShake 518
Jobs number:  10
Tasks number: 28
loss: 70.01268768310547
start in data :  CyberShake 519
Jobs number:  10
Tasks number: 29
loss: 78.94425964355469
start in data :  CyberShake 520
Jobs number:  10
Tasks number: 28
loss: 70.57817840576172
start in data :  CyberShake 521
Jobs number:  10
Tasks number: 28
loss: 66.91947937011719
start in data :  CyberShake 522
Jobs number:  10
Tasks number: 28
loss: 63.19997787475586
start in data :  CyberShake 523
Jobs number:  10
Tasks number: 29
loss: 69.0837631225586
start in data :  CyberShake 524
Jobs number:  10
Tasks number: 27
loss: 67.11354064941406
start in data :  CyberShake 525
Jobs number:  10
Tasks number: 27
loss: 66.73928833007812
start in data :  CyberShake 526
Jobs number:  10
Tasks number: 33
loss: 98.2197036743164
start in data :  CyberShake 527
Jobs number:  10
Tasks number: 29
loss: 81.44578552246094
start in data :  CyberShake 528
Jobs number:  10
Tasks number: 26
loss: 61.8057746887207
start in data :  CyberShake 529
Jobs number:  10
Tasks number: 28
loss: 81.77772521972656
start in data :  CyberShake 530
Jobs number:  10
Tasks number: 27
loss: 76.04389953613281
start in data :  CyberShake 531
Jobs number:  10
Tasks number: 28
loss: 71.28604888916016
start in data :  CyberShake 532
Jobs number:  10
Tasks number: 27
loss: 72.09890747070312
start in data :  CyberShake 533
Jobs number:  10
Tasks number: 29
loss: 76.2249984741211
start in data :  CyberShake 534
Jobs number:  10
Tasks number: 32
loss: 110.21843719482422
start in data :  CyberShake 535
Jobs number:  10
Tasks number: 29
loss: 78.68011474609375
start in data :  CyberShake 536
Jobs number:  10
Tasks number: 27
loss: 67.88658905029297
start in data :  CyberShake 537
Jobs number:  10
Tasks number: 30
loss: 82.08187103271484
start in data :  CyberShake 538
Jobs number:  10
Tasks number: 27
loss: 66.19491577148438
start in data :  CyberShake 539
Jobs number:  10
Tasks number: 28
loss: 81.35985565185547
start in data :  CyberShake 540
Jobs number:  10
Tasks number: 26
loss: 69.19074249267578
start in data :  CyberShake 541
Jobs number:  10
Tasks number: 26
loss: 56.78551483154297
start in data :  CyberShake 542
Jobs number:  10
Tasks number: 35
loss: 107.6729736328125
start in data :  CyberShake 543
Jobs number:  10
Tasks number: 27
loss: 64.1408920288086
start in data :  CyberShake 544
Jobs number:  10
Tasks number: 26
loss: 56.2684326171875
start in data :  CyberShake 545
Jobs number:  10
Tasks number: 31
loss: 84.89659118652344
start in data :  CyberShake 546
Jobs number:  10
Tasks number: 25
loss: 60.590980529785156
start in data :  CyberShake 547
Jobs number:  10
Tasks number: 28
loss: 71.12486267089844
start in data :  CyberShake 548
Jobs number:  10
Tasks number: 26
loss: 61.39085006713867
start in data :  CyberShake 549
Jobs number:  10
Tasks number: 31
loss: 84.24592590332031
start in data :  CyberShake 550
Jobs number:  10
Tasks number: 25
loss: 62.83832550048828
start in data :  CyberShake 551
Jobs number:  10
Tasks number: 27
loss: 65.66085815429688
start in data :  CyberShake 552
Jobs number:  10
Tasks number: 33
loss: 110.80901336669922
start in data :  CyberShake 553
Jobs number:  10
Tasks number: 27
loss: 65.15448760986328
start in data :  CyberShake 554
Jobs number:  10
Tasks number: 29
loss: 86.32251739501953
start in data :  CyberShake 555
Jobs number:  10
Tasks number: 32
loss: 96.01652526855469
start in data :  CyberShake 556
Jobs number:  10
Tasks number: 32
loss: 95.0468521118164
start in data :  CyberShake 557
Jobs number:  10
Tasks number: 25
loss: 55.6005859375
start in data :  CyberShake 558
Jobs number:  10
Tasks number: 27
loss: 73.70968627929688
start in data :  CyberShake 559
Jobs number:  10
Tasks number: 25
loss: 55.24515914916992
start in data :  CyberShake 560
Jobs number:  10
Tasks number: 27
loss: 60.92587661743164
start in data :  CyberShake 561
Jobs number:  10
Tasks number: 27
loss: 70.26548767089844
start in data :  CyberShake 562
Jobs number:  10
Tasks number: 31
loss: 79.31336212158203
start in data :  CyberShake 563
Jobs number:  10
Tasks number: 28
loss: 73.94493103027344
start in data :  CyberShake 564
Jobs number:  10
Tasks number: 32
loss: 104.57122039794922
start in data :  CyberShake 565
Jobs number:  10
Tasks number: 29
loss: 71.75436401367188
start in data :  CyberShake 566
Jobs number:  10
Tasks number: 31
loss: 82.94462585449219
start in data :  CyberShake 567
Jobs number:  10
Tasks number: 30
loss: 71.62741088867188
start in data :  CyberShake 568
Jobs number:  10
Tasks number: 31
loss: 89.01006317138672
start in data :  CyberShake 569
Jobs number:  10
Tasks number: 28
loss: 63.39188003540039
start in data :  CyberShake 570
Jobs number:  10
Tasks number: 34
loss: 97.32938385009766
start in data :  CyberShake 571
Jobs number:  10
Tasks number: 25
loss: 59.65388488769531
start in data :  CyberShake 572
Jobs number:  10
Tasks number: 29
loss: 72.86071014404297
start in data :  CyberShake 573
Jobs number:  10
Tasks number: 31
loss: 86.49341583251953
start in data :  CyberShake 574
Jobs number:  10
Tasks number: 27
loss: 62.847530364990234
start in data :  CyberShake 575
Jobs number:  10
Tasks number: 29
loss: 77.65414428710938
start in data :  CyberShake 576
Jobs number:  10
Tasks number: 31
loss: 84.33283233642578
start in data :  CyberShake 577
Jobs number:  10
Tasks number: 28
loss: 71.7587890625
start in data :  CyberShake 578
Jobs number:  10
Tasks number: 26
loss: 63.71021270751953
start in data :  CyberShake 579
Jobs number:  10
Tasks number: 30
loss: 85.40621185302734
start in data :  CyberShake 580
Jobs number:  10
Tasks number: 30
loss: 82.0490951538086
start in data :  CyberShake 581
Jobs number:  10
Tasks number: 30
loss: 82.0018310546875
start in data :  CyberShake 582
Jobs number:  10
Tasks number: 26
loss: 58.17816162109375
start in data :  CyberShake 583
Jobs number:  10
Tasks number: 29
loss: 83.68074798583984
start in data :  CyberShake 584
Jobs number:  10
Tasks number: 26
loss: 63.31077575683594
start in data :  CyberShake 585
Jobs number:  10
Tasks number: 26
loss: 69.027099609375
start in data :  CyberShake 586
Jobs number:  10
Tasks number: 31
loss: 84.40718841552734
start in data :  CyberShake 587
Jobs number:  10
Tasks number: 25
loss: 59.88606262207031
start in data :  CyberShake 588
Jobs number:  10
Tasks number: 27
loss: 71.95997619628906
start in data :  CyberShake 589
Jobs number:  10
Tasks number: 32
loss: 104.19051361083984
start in data :  CyberShake 590
Jobs number:  10
Tasks number: 28
loss: 68.7109603881836
start in data :  CyberShake 591
Jobs number:  10
Tasks number: 32
loss: 104.47908782958984
start in data :  CyberShake 592
Jobs number:  10
Tasks number: 27
loss: 66.79745483398438
start in data :  CyberShake 593
Jobs number:  10
Tasks number: 28
loss: 69.32361602783203
start in data :  CyberShake 594
Jobs number:  10
Tasks number: 31
loss: 91.25835418701172
start in data :  CyberShake 595
Jobs number:  10
Tasks number: 29
loss: 84.46717071533203
start in data :  CyberShake 596
Jobs number:  10
Tasks number: 30
loss: 70.96022033691406
start in data :  CyberShake 597
Jobs number:  10
Tasks number: 26
loss: 55.57577133178711
start in data :  CyberShake 598
Jobs number:  10
Tasks number: 25
loss: 67.44739532470703
start in data :  CyberShake 599
Jobs number:  10
Tasks number: 28
loss: 67.35772705078125
start in data :  CyberShake 600
Jobs number:  10
Tasks number: 29
loss: 82.0739974975586
start in data :  CyberShake 601
Jobs number:  10
Tasks number: 28
loss: 64.01322937011719
start in data :  CyberShake 602
Jobs number:  10
Tasks number: 29
loss: 68.11869049072266
start in data :  CyberShake 603
Jobs number:  10
Tasks number: 26
loss: 53.404693603515625
start in data :  CyberShake 604
Jobs number:  10
Tasks number: 30
loss: 85.74241638183594
start in data :  CyberShake 605
Jobs number:  10
Tasks number: 28
loss: 67.47328186035156
start in data :  CyberShake 606
Jobs number:  10
Tasks number: 25
loss: 46.052711486816406
start in data :  CyberShake 607
Jobs number:  10
Tasks number: 29
loss: 75.476318359375
start in data :  CyberShake 608
Jobs number:  10
Tasks number: 28
loss: 75.99530792236328
start in data :  CyberShake 609
Jobs number:  10
Tasks number: 30
loss: 74.45401000976562
start in data :  CyberShake 610
Jobs number:  10
Tasks number: 29
loss: 76.60177612304688
start in data :  CyberShake 611
Jobs number:  10
Tasks number: 29
loss: 74.38447570800781
start in data :  CyberShake 612
Jobs number:  10
Tasks number: 25
loss: 62.341102600097656
start in data :  CyberShake 613
Jobs number:  10
Tasks number: 30
loss: 75.5724868774414
start in data :  CyberShake 614
Jobs number:  10
Tasks number: 30
loss: 87.66716766357422
start in data :  CyberShake 615
Jobs number:  10
Tasks number: 28
loss: 62.25193405151367
start in data :  CyberShake 616
Jobs number:  10
Tasks number: 26
loss: 59.457496643066406
start in data :  CyberShake 617
Jobs number:  10
Tasks number: 29
loss: 83.99424743652344
start in data :  CyberShake 618
Jobs number:  10
Tasks number: 27
loss: 59.37282943725586
start in data :  CyberShake 619
Jobs number:  10
Tasks number: 31
loss: 88.11585235595703
start in data :  CyberShake 620
Jobs number:  10
Tasks number: 27
loss: 56.329078674316406
start in data :  CyberShake 621
Jobs number:  10
Tasks number: 35
loss: 128.9578857421875
start in data :  CyberShake 622
Jobs number:  10
Tasks number: 29
loss: 83.71227264404297
start in data :  CyberShake 623
Jobs number:  10
Tasks number: 30
loss: 88.01134490966797
start in data :  CyberShake 624
Jobs number:  10
Tasks number: 30
loss: 75.75162506103516
start in data :  CyberShake 625
Jobs number:  10
Tasks number: 27
loss: 71.02818298339844
start in data :  CyberShake 626
Jobs number:  10
Tasks number: 30
loss: 81.36190795898438
start in data :  CyberShake 627
Jobs number:  10
Tasks number: 30
loss: 80.1417007446289
start in data :  CyberShake 628
Jobs number:  10
Tasks number: 31
loss: 86.02669525146484
start in data :  CyberShake 629
Jobs number:  10
Tasks number: 26
loss: 61.60009765625
start in data :  CyberShake 630
Jobs number:  10
Tasks number: 34
loss: 96.02363586425781
start in data :  CyberShake 631
Jobs number:  10
Tasks number: 27
loss: 73.09693145751953
start in data :  CyberShake 632
Jobs number:  10
Tasks number: 28
loss: 70.84149169921875
start in data :  CyberShake 633
Jobs number:  10
Tasks number: 32
loss: 90.26412963867188
start in data :  CyberShake 634
Jobs number:  10
Tasks number: 27
loss: 75.89315795898438
start in data :  CyberShake 635
Jobs number:  10
Tasks number: 29
loss: 74.83210754394531
start in data :  CyberShake 636
Jobs number:  10
Tasks number: 30
loss: 71.7743148803711
start in data :  CyberShake 637
Jobs number:  10
Tasks number: 29
loss: 78.17313385009766
start in data :  CyberShake 638
Jobs number:  10
Tasks number: 28
loss: 78.4822769165039
start in data :  CyberShake 639
Jobs number:  10
Tasks number: 32
loss: 108.26781463623047
start in data :  CyberShake 640
Jobs number:  10
Tasks number: 25
loss: 58.080322265625
start in data :  CyberShake 641
Jobs number:  10
Tasks number: 32
loss: 87.82715606689453
start in data :  CyberShake 642
Jobs number:  10
Tasks number: 31
loss: 86.92793273925781
start in data :  CyberShake 643
Jobs number:  10
Tasks number: 29
loss: 78.9238052368164
start in data :  CyberShake 644
Jobs number:  10
Tasks number: 28
loss: 76.20381164550781
start in data :  CyberShake 645
Jobs number:  10
Tasks number: 30
loss: 78.94451904296875
start in data :  CyberShake 646
Jobs number:  10
Tasks number: 28
loss: 62.980628967285156
start in data :  CyberShake 647
Jobs number:  10
Tasks number: 30
loss: 75.73975372314453
start in data :  CyberShake 648
Jobs number:  10
Tasks number: 30
loss: 74.51744079589844
start in data :  CyberShake 649
Jobs number:  10
Tasks number: 28
loss: 73.65121459960938
start in data :  CyberShake 650
Jobs number:  10
Tasks number: 27
loss: 56.358272552490234
start in data :  CyberShake 651
Jobs number:  10
Tasks number: 27
loss: 67.16477966308594
start in data :  CyberShake 652
Jobs number:  10
Tasks number: 35
loss: 95.0462417602539
start in data :  CyberShake 653
Jobs number:  10
Tasks number: 27
loss: 59.211177825927734
start in data :  CyberShake 654
Jobs number:  10
Tasks number: 28
loss: 75.76762390136719
start in data :  CyberShake 655
Jobs number:  10
Tasks number: 29
loss: 71.79020690917969
start in data :  CyberShake 656
Jobs number:  10
Tasks number: 27
loss: 82.56584930419922
start in data :  CyberShake 657
Jobs number:  10
Tasks number: 27
loss: 62.14441680908203
start in data :  CyberShake 658
Jobs number:  10
Tasks number: 29
loss: 80.51797485351562
start in data :  CyberShake 659
Jobs number:  10
Tasks number: 26
loss: 57.398338317871094
start in data :  CyberShake 660
Jobs number:  10
Tasks number: 25
loss: 64.1031723022461
start in data :  CyberShake 661
Jobs number:  10
Tasks number: 32
loss: 99.60823822021484
start in data :  CyberShake 662
Jobs number:  10
Tasks number: 29
loss: 68.15016174316406
start in data :  CyberShake 663
Jobs number:  10
Tasks number: 31
loss: 86.89802551269531
start in data :  CyberShake 664
Jobs number:  10
Tasks number: 27
loss: 65.29106903076172
start in data :  CyberShake 665
Jobs number:  10
Tasks number: 28
loss: 74.35643005371094
start in data :  CyberShake 666
Jobs number:  10
Tasks number: 27
loss: 67.07552337646484
start in data :  CyberShake 667
Jobs number:  10
Tasks number: 29
loss: 86.5931167602539
start in data :  CyberShake 668
Jobs number:  10
Tasks number: 24
loss: 49.46014404296875
start in data :  CyberShake 669
Jobs number:  10
Tasks number: 28
loss: 75.61219024658203
start in data :  CyberShake 670
Jobs number:  10
Tasks number: 30
loss: 82.73982238769531
start in data :  CyberShake 671
Jobs number:  10
Tasks number: 26
loss: 64.53282165527344
start in data :  CyberShake 672
Jobs number:  10
Tasks number: 28
loss: 71.45785522460938
start in data :  CyberShake 673
Jobs number:  10
Tasks number: 33
loss: 84.86332702636719
start in data :  CyberShake 674
Jobs number:  10
Tasks number: 28
loss: 75.45621490478516
start in data :  CyberShake 675
Jobs number:  10
Tasks number: 29
loss: 84.14012145996094
start in data :  CyberShake 676
Jobs number:  10
Tasks number: 32
loss: 85.32005310058594
start in data :  CyberShake 677
Jobs number:  10
Tasks number: 33
loss: 102.28363800048828
start in data :  CyberShake 678
Jobs number:  10
Tasks number: 28
loss: 56.68705749511719
start in data :  CyberShake 679
Jobs number:  10
Tasks number: 29
loss: 83.4183578491211
start in data :  CyberShake 680
Jobs number:  10
Tasks number: 28
loss: 71.42909240722656
start in data :  CyberShake 681
Jobs number:  10
Tasks number: 32
loss: 120.60674285888672
start in data :  CyberShake 682
Jobs number:  10
Tasks number: 27
loss: 66.72959899902344
start in data :  CyberShake 683
Jobs number:  10
Tasks number: 27
loss: 56.48833465576172
start in data :  CyberShake 684
Jobs number:  10
Tasks number: 33
loss: 115.35093688964844
start in data :  CyberShake 685
Jobs number:  10
Tasks number: 32
loss: 105.13362121582031
start in data :  CyberShake 686
Jobs number:  10
Tasks number: 29
loss: 73.41120910644531
start in data :  CyberShake 687
Jobs number:  10
Tasks number: 30
loss: 88.54415893554688
start in data :  CyberShake 688
Jobs number:  10
Tasks number: 28
loss: 95.37820434570312
start in data :  CyberShake 689
Jobs number:  10
Tasks number: 26
loss: 75.57421875
start in data :  CyberShake 690
Jobs number:  10
Tasks number: 28
loss: 68.4354019165039
start in data :  CyberShake 691
Jobs number:  10
Tasks number: 27
loss: 76.61857604980469
start in data :  CyberShake 692
Jobs number:  10
Tasks number: 32
loss: 84.21853637695312
start in data :  CyberShake 693
Jobs number:  10
Tasks number: 28
loss: 83.36559295654297
start in data :  CyberShake 694
Jobs number:  10
Tasks number: 30
loss: 90.3578872680664
start in data :  CyberShake 695
Jobs number:  10
Tasks number: 29
loss: 80.21344757080078
start in data :  CyberShake 696
Jobs number:  10
Tasks number: 26
loss: 61.680782318115234
start in data :  CyberShake 697
Jobs number:  10
Tasks number: 32
loss: 90.17286682128906
start in data :  CyberShake 698
Jobs number:  10
Tasks number: 32
loss: 102.43230438232422
start in data :  CyberShake 699
Jobs number:  10
Tasks number: 26
loss: 51.01628494262695
start in data :  CyberShake 700
Jobs number:  10
Tasks number: 28
loss: 62.02113342285156
start in data :  CyberShake 701
Jobs number:  10
Tasks number: 29
loss: 79.48883819580078
start in data :  CyberShake 702
Jobs number:  10
Tasks number: 29
loss: 71.9648666381836
start in data :  CyberShake 703
Jobs number:  10
Tasks number: 31
loss: 85.14002227783203
start in data :  CyberShake 704
Jobs number:  10
Tasks number: 27
loss: 72.78058624267578
start in data :  CyberShake 705
Jobs number:  10
Tasks number: 29
loss: 79.48487854003906
start in data :  CyberShake 706
Jobs number:  10
Tasks number: 30
loss: 72.21802520751953
start in data :  CyberShake 707
Jobs number:  10
Tasks number: 31
loss: 104.51087951660156
start in data :  CyberShake 708
Jobs number:  10
Tasks number: 36
loss: 112.4268569946289
start in data :  CyberShake 709
Jobs number:  10
Tasks number: 25
loss: 59.673194885253906
start in data :  CyberShake 710
Jobs number:  10
Tasks number: 28
loss: 76.14793395996094
start in data :  CyberShake 711
Jobs number:  10
Tasks number: 29
loss: 65.97431945800781
start in data :  CyberShake 712
Jobs number:  10
Tasks number: 24
loss: 45.25627136230469
start in data :  CyberShake 713
Jobs number:  10
Tasks number: 25
loss: 59.76438522338867
start in data :  CyberShake 714
Jobs number:  10
Tasks number: 29
loss: 76.48243713378906
start in data :  CyberShake 715
Jobs number:  10
Tasks number: 31
loss: 96.858642578125
start in data :  CyberShake 716
Jobs number:  10
Tasks number: 29
loss: 81.35530090332031
start in data :  CyberShake 717
Jobs number:  10
Tasks number: 30
loss: 88.46197509765625
start in data :  CyberShake 718
Jobs number:  10
Tasks number: 30
loss: 83.91716003417969
start in data :  CyberShake 719
Jobs number:  10
Tasks number: 29
loss: 85.24134063720703
start in data :  CyberShake 720
Jobs number:  10
Tasks number: 29
loss: 84.7950439453125
start in data :  CyberShake 721
Jobs number:  10
Tasks number: 33
loss: 103.0421142578125
start in data :  CyberShake 722
Jobs number:  10
Tasks number: 34
loss: 113.3318862915039
start in data :  CyberShake 723
Jobs number:  10
Tasks number: 33
loss: 103.37425231933594
start in data :  CyberShake 724
Jobs number:  10
Tasks number: 29
loss: 71.16417694091797
start in data :  CyberShake 725
Jobs number:  10
Tasks number: 35
loss: 99.45538330078125
start in data :  CyberShake 726
Jobs number:  10
Tasks number: 34
loss: 127.748779296875
start in data :  CyberShake 727
Jobs number:  10
Tasks number: 28
loss: 86.58065795898438
start in data :  CyberShake 728
Jobs number:  10
Tasks number: 31
loss: 81.08153533935547
start in data :  CyberShake 729
Jobs number:  10
Tasks number: 27
loss: 70.97525024414062
start in data :  CyberShake 730
Jobs number:  10
Tasks number: 27
loss: 57.289581298828125
start in data :  CyberShake 731
Jobs number:  10
Tasks number: 28
loss: 59.89669418334961
start in data :  CyberShake 732
Jobs number:  10
Tasks number: 32
loss: 98.33914184570312
start in data :  CyberShake 733
Jobs number:  10
Tasks number: 28
loss: 71.60270690917969
start in data :  CyberShake 734
Jobs number:  10
Tasks number: 28
loss: 69.53144073486328
start in data :  CyberShake 735
Jobs number:  10
Tasks number: 28
loss: 73.34059143066406
start in data :  CyberShake 736
Jobs number:  10
Tasks number: 25
loss: 55.15949630737305
start in data :  CyberShake 737
Jobs number:  10
Tasks number: 29
loss: 73.5064697265625
start in data :  CyberShake 738
Jobs number:  10
Tasks number: 32
loss: 94.704345703125
start in data :  CyberShake 739
Jobs number:  10
Tasks number: 30
loss: 69.60427856445312
start in data :  CyberShake 740
Jobs number:  10
Tasks number: 26
loss: 64.14563751220703
start in data :  CyberShake 741
Jobs number:  10
Tasks number: 29
loss: 58.046958923339844
start in data :  CyberShake 742
Jobs number:  10
Tasks number: 31
loss: 85.30512237548828
start in data :  CyberShake 743
Jobs number:  10
Tasks number: 32
loss: 107.92053985595703
start in data :  CyberShake 744
Jobs number:  10
Tasks number: 28
loss: 70.32817840576172
start in data :  CyberShake 745
Jobs number:  10
Tasks number: 30
loss: 86.17723083496094
start in data :  CyberShake 746
Jobs number:  10
Tasks number: 27
loss: 68.77854919433594
start in data :  CyberShake 747
Jobs number:  10
Tasks number: 35
loss: 99.75858306884766
start in data :  CyberShake 748
Jobs number:  10
Tasks number: 30
loss: 84.52437591552734
start in data :  CyberShake 749
Jobs number:  10
Tasks number: 25
loss: 74.3649673461914
start in data :  CyberShake 750
Jobs number:  10
Tasks number: 31
loss: 85.71569061279297
start in data :  CyberShake 751
Jobs number:  10
Tasks number: 24
loss: 65.22785186767578
start in data :  CyberShake 752
Jobs number:  10
Tasks number: 30
loss: 81.90505981445312
start in data :  CyberShake 753
Jobs number:  10
Tasks number: 29
loss: 97.45439147949219
start in data :  CyberShake 754
Jobs number:  10
Tasks number: 31
loss: 80.65522003173828
start in data :  CyberShake 755
Jobs number:  10
Tasks number: 29
loss: 73.2352523803711
start in data :  CyberShake 756
Jobs number:  10
Tasks number: 28
loss: 71.85821533203125
start in data :  CyberShake 757
Jobs number:  10
Tasks number: 30
loss: 81.81159973144531
start in data :  CyberShake 758
Jobs number:  10
Tasks number: 31
loss: 88.27377319335938
start in data :  CyberShake 759
Jobs number:  10
Tasks number: 24
loss: 57.55522918701172
start in data :  CyberShake 760
Jobs number:  10
Tasks number: 31
loss: 89.09651184082031
start in data :  CyberShake 761
Jobs number:  10
Tasks number: 30
loss: 81.34185791015625
start in data :  CyberShake 762
Jobs number:  10
Tasks number: 26
loss: 59.58051300048828
start in data :  CyberShake 763
Jobs number:  10
Tasks number: 26
loss: 62.954307556152344
start in data :  CyberShake 764
Jobs number:  10
Tasks number: 28
loss: 74.6572265625
start in data :  CyberShake 765
Jobs number:  10
Tasks number: 29
loss: 79.16793823242188
start in data :  CyberShake 766
Jobs number:  10
Tasks number: 29
loss: 71.95387268066406
start in data :  CyberShake 767
Jobs number:  10
Tasks number: 27
loss: 69.91597747802734
start in data :  CyberShake 768
Jobs number:  10
Tasks number: 28
loss: 70.93975067138672
start in data :  CyberShake 769
Jobs number:  10
Tasks number: 28
loss: 67.06637573242188
start in data :  CyberShake 770
Jobs number:  10
Tasks number: 30
loss: 97.25450134277344
start in data :  CyberShake 771
Jobs number:  10
Tasks number: 29
loss: 75.31764221191406
start in data :  CyberShake 772
Jobs number:  10
Tasks number: 36
loss: 124.8987045288086
start in data :  CyberShake 773
Jobs number:  10
Tasks number: 30
loss: 77.09998321533203
start in data :  CyberShake 774
Jobs number:  10
Tasks number: 31
loss: 95.98951721191406
start in data :  CyberShake 775
Jobs number:  10
Tasks number: 28
loss: 68.2669677734375
start in data :  CyberShake 776
Jobs number:  10
Tasks number: 30
loss: 93.5233383178711
start in data :  CyberShake 777
Jobs number:  10
Tasks number: 28
loss: 73.70194244384766
start in data :  CyberShake 778
Jobs number:  10
Tasks number: 27
loss: 70.90916442871094
start in data :  CyberShake 779
Jobs number:  10
Tasks number: 30
loss: 86.80079650878906
start in data :  CyberShake 780
Jobs number:  10
Tasks number: 28
loss: 81.83685302734375
start in data :  CyberShake 781
Jobs number:  10
Tasks number: 30
loss: 91.92498779296875
start in data :  CyberShake 782
Jobs number:  10
Tasks number: 29
loss: 73.26435852050781
start in data :  CyberShake 783
Jobs number:  10
Tasks number: 30
loss: 72.32125091552734
start in data :  CyberShake 784
Jobs number:  10
Tasks number: 31
loss: 77.61370849609375
start in data :  CyberShake 785
Jobs number:  10
Tasks number: 32
loss: 85.9227294921875
start in data :  CyberShake 786
Jobs number:  10
Tasks number: 30
loss: 80.98441314697266
start in data :  CyberShake 787
Jobs number:  10
Tasks number: 31
loss: 77.71685791015625
start in data :  CyberShake 788
Jobs number:  10
Tasks number: 32
loss: 110.83385467529297
start in data :  CyberShake 789
Jobs number:  10
Tasks number: 31
loss: 95.14851379394531
start in data :  CyberShake 790
Jobs number:  10
Tasks number: 30
loss: 86.53800964355469
start in data :  CyberShake 791
Jobs number:  10
Tasks number: 31
loss: 96.79989624023438
start in data :  CyberShake 792
Jobs number:  10
Tasks number: 29
loss: 82.7348861694336
start in data :  CyberShake 793
Jobs number:  10
Tasks number: 31
loss: 83.35712432861328
start in data :  CyberShake 794
Jobs number:  10
Tasks number: 35
loss: 112.92371368408203
start in data :  CyberShake 795
Jobs number:  10
Tasks number: 33
loss: 99.71825408935547
start in data :  CyberShake 796
Jobs number:  10
Tasks number: 25
loss: 61.480316162109375
start in data :  CyberShake 797
Jobs number:  10
Tasks number: 27
loss: 81.13021850585938
start in data :  CyberShake 798
Jobs number:  10
Tasks number: 31
loss: 90.06922149658203
start in data :  CyberShake 799
Jobs number:  10
Tasks number: 30
loss: 90.73005676269531
start in data :  CyberShake 800
Jobs number:  10
Tasks number: 27
loss: 68.75466918945312
start in data :  CyberShake 801
Jobs number:  10
Tasks number: 29
loss: 70.80609130859375
start in data :  CyberShake 802
Jobs number:  10
Tasks number: 29
loss: 79.25859832763672
start in data :  CyberShake 803
Jobs number:  10
Tasks number: 35
loss: 105.77252960205078
start in data :  CyberShake 804
Jobs number:  10
Tasks number: 31
loss: 90.93128967285156
start in data :  CyberShake 805
Jobs number:  10
Tasks number: 30
loss: 74.1167984008789
start in data :  CyberShake 806
Jobs number:  10
Tasks number: 29
loss: 65.8763198852539
start in data :  CyberShake 807
Jobs number:  10
Tasks number: 28
loss: 75.40204620361328
start in data :  CyberShake 808
Jobs number:  10
Tasks number: 33
loss: 103.73764038085938
start in data :  CyberShake 809
Jobs number:  10
Tasks number: 28
loss: 77.56806182861328
start in data :  CyberShake 810
Jobs number:  10
Tasks number: 30
loss: 82.21492767333984
start in data :  CyberShake 811
Jobs number:  10
Tasks number: 30
loss: 86.76268005371094
start in data :  CyberShake 812
Jobs number:  10
Tasks number: 27
loss: 58.55802536010742
start in data :  CyberShake 813
Jobs number:  10
Tasks number: 29
loss: 83.1352310180664
start in data :  CyberShake 814
Jobs number:  10
Tasks number: 26
loss: 66.8757095336914
start in data :  CyberShake 815
Jobs number:  10
Tasks number: 27
loss: 66.05177307128906
start in data :  CyberShake 816
Jobs number:  10
Tasks number: 31
loss: 82.65693664550781
start in data :  CyberShake 817
Jobs number:  10
Tasks number: 27
loss: 87.83792114257812
start in data :  CyberShake 818
Jobs number:  10
Tasks number: 29
loss: 84.5341796875
start in data :  CyberShake 819
Jobs number:  10
Tasks number: 30
loss: 84.05928039550781
start in data :  CyberShake 820
Jobs number:  10
Tasks number: 26
loss: 63.34284591674805
start in data :  CyberShake 821
Jobs number:  10
Tasks number: 34
loss: 118.68165588378906
start in data :  CyberShake 822
Jobs number:  10
Tasks number: 30
loss: 83.39305877685547
start in data :  CyberShake 823
Jobs number:  10
Tasks number: 29
loss: 74.5084228515625
start in data :  CyberShake 824
Jobs number:  10
Tasks number: 33
loss: 109.93480682373047
start in data :  CyberShake 825
Jobs number:  10
Tasks number: 31
loss: 97.8102798461914
start in data :  CyberShake 826
Jobs number:  10
Tasks number: 29
loss: 90.6434555053711
start in data :  CyberShake 827
Jobs number:  10
Tasks number: 26
loss: 68.85238647460938
start in data :  CyberShake 828
Jobs number:  10
Tasks number: 27
loss: 57.18339538574219
start in data :  CyberShake 829
Jobs number:  10
Tasks number: 36
loss: 127.9935531616211
start in data :  CyberShake 830
Jobs number:  10
Tasks number: 31
loss: 88.71299743652344
start in data :  CyberShake 831
Jobs number:  10
Tasks number: 26
loss: 66.93694305419922
start in data :  CyberShake 832
Jobs number:  10
Tasks number: 27
loss: 61.65074920654297
start in data :  CyberShake 833
Jobs number:  10
Tasks number: 30
loss: 80.15184020996094
start in data :  CyberShake 834
Jobs number:  10
Tasks number: 32
loss: 97.69546508789062
start in data :  CyberShake 835
Jobs number:  10
Tasks number: 30
loss: 89.90392303466797
start in data :  CyberShake 836
Jobs number:  10
Tasks number: 29
loss: 78.79557800292969
start in data :  CyberShake 837
Jobs number:  10
Tasks number: 31
loss: 92.50591278076172
start in data :  CyberShake 838
Jobs number:  10
Tasks number: 32
loss: 98.14104461669922
start in data :  CyberShake 839
Jobs number:  10
Tasks number: 33
loss: 108.71015930175781
start in data :  CyberShake 840
Jobs number:  10
Tasks number: 29
loss: 79.23088073730469
start in data :  CyberShake 841
Jobs number:  10
Tasks number: 26
loss: 60.20722198486328
start in data :  CyberShake 842
Jobs number:  10
Tasks number: 26
loss: 67.3678970336914
start in data :  CyberShake 843
Jobs number:  10
Tasks number: 29
loss: 69.64480590820312
start in data :  CyberShake 844
Jobs number:  10
Tasks number: 29
loss: 84.46864318847656
start in data :  CyberShake 845
Jobs number:  10
Tasks number: 30
loss: 75.86683654785156
start in data :  CyberShake 846
Jobs number:  10
Tasks number: 24
loss: 56.39400863647461
start in data :  CyberShake 847
Jobs number:  10
Tasks number: 25
loss: 56.790550231933594
start in data :  CyberShake 848
Jobs number:  10
Tasks number: 32
loss: 95.658447265625
start in data :  CyberShake 849
Jobs number:  10
Tasks number: 29
loss: 90.59270477294922
start in data :  CyberShake 850
Jobs number:  10
Tasks number: 31
loss: 93.02914428710938
start in data :  CyberShake 851
Jobs number:  10
Tasks number: 32
loss: 116.4938735961914
start in data :  CyberShake 852
Jobs number:  10
Tasks number: 25
loss: 49.81066131591797
start in data :  CyberShake 853
Jobs number:  10
Tasks number: 33
loss: 90.130615234375
start in data :  CyberShake 854
Jobs number:  10
Tasks number: 30
loss: 83.30915832519531
start in data :  CyberShake 855
Jobs number:  10
Tasks number: 30
loss: 80.1446533203125
start in data :  CyberShake 856
Jobs number:  10
Tasks number: 31
loss: 85.35611724853516
start in data :  CyberShake 857
Jobs number:  10
Tasks number: 26
loss: 59.47917938232422
start in data :  CyberShake 858
Jobs number:  10
Tasks number: 32
loss: 92.38330078125
start in data :  CyberShake 859
Jobs number:  10
Tasks number: 27
loss: 58.74816131591797
start in data :  CyberShake 860
Jobs number:  10
Tasks number: 32
loss: 100.01068115234375
start in data :  CyberShake 861
Jobs number:  10
Tasks number: 27
loss: 60.167057037353516
start in data :  CyberShake 862
Jobs number:  10
Tasks number: 32
loss: 106.88701629638672
start in data :  CyberShake 863
Jobs number:  10
Tasks number: 30
loss: 77.51263427734375
start in data :  CyberShake 864
Jobs number:  10
Tasks number: 26
loss: 67.36418151855469
start in data :  CyberShake 865
Jobs number:  10
Tasks number: 32
loss: 107.76789855957031
start in data :  CyberShake 866
Jobs number:  10
Tasks number: 25
loss: 65.58814239501953
start in data :  CyberShake 867
Jobs number:  10
Tasks number: 30
loss: 77.56366729736328
start in data :  CyberShake 868
Jobs number:  10
Tasks number: 28
loss: 68.60163116455078
start in data :  CyberShake 869
Jobs number:  10
Tasks number: 32
loss: 90.8623046875
start in data :  CyberShake 870
Jobs number:  10
Tasks number: 27
loss: 80.47555541992188
start in data :  CyberShake 871
Jobs number:  10
Tasks number: 27
loss: 78.77253723144531
start in data :  CyberShake 872
Jobs number:  10
Tasks number: 28
loss: 80.42672729492188
start in data :  CyberShake 873
Jobs number:  10
Tasks number: 33
loss: 89.88385009765625
start in data :  CyberShake 874
Jobs number:  10
Tasks number: 28
loss: 65.68940734863281
start in data :  CyberShake 875
Jobs number:  10
Tasks number: 30
loss: 87.69412231445312
start in data :  CyberShake 876
Jobs number:  10
Tasks number: 31
loss: 98.05985260009766
start in data :  CyberShake 877
Jobs number:  10
Tasks number: 30
loss: 94.7901611328125
start in data :  CyberShake 878
Jobs number:  10
Tasks number: 33
loss: 104.39703369140625
start in data :  CyberShake 879
Jobs number:  10
Tasks number: 29
loss: 72.256591796875
start in data :  CyberShake 880
Jobs number:  10
Tasks number: 30
loss: 83.24211883544922
start in data :  CyberShake 881
Jobs number:  10
Tasks number: 28
loss: 75.41444396972656
start in data :  CyberShake 882
Jobs number:  10
Tasks number: 29
loss: 88.46150207519531
start in data :  CyberShake 883
Jobs number:  10
Tasks number: 26
loss: 76.09465789794922
start in data :  CyberShake 884
Jobs number:  10
Tasks number: 26
loss: 58.05072784423828
start in data :  CyberShake 885
Jobs number:  10
Tasks number: 26
loss: 59.194374084472656
start in data :  CyberShake 886
Jobs number:  10
Tasks number: 31
loss: 91.01594543457031
start in data :  CyberShake 887
Jobs number:  10
Tasks number: 29
loss: 74.52787780761719
start in data :  CyberShake 888
Jobs number:  10
Tasks number: 26
loss: 79.44146728515625
start in data :  CyberShake 889
Jobs number:  10
Tasks number: 26
loss: 77.31890106201172
start in data :  CyberShake 890
Jobs number:  10
Tasks number: 26
loss: 71.38972473144531
start in data :  CyberShake 891
Jobs number:  10
Tasks number: 29
loss: 93.72930908203125
start in data :  CyberShake 892
Jobs number:  10
Tasks number: 26
loss: 65.5070571899414
start in data :  CyberShake 893
Jobs number:  10
Tasks number: 30
loss: 87.61089324951172
start in data :  CyberShake 894
Jobs number:  10
Tasks number: 27
loss: 66.76475524902344
start in data :  CyberShake 895
Jobs number:  10
Tasks number: 29
loss: 61.09786605834961
start in data :  CyberShake 896
Jobs number:  10
Tasks number: 26
loss: 68.28630828857422
start in data :  CyberShake 897
Jobs number:  10
Tasks number: 29
loss: 90.87832641601562
start in data :  CyberShake 898
Jobs number:  10
Tasks number: 27
loss: 75.34906768798828
start in data :  CyberShake 899
Jobs number:  10
Tasks number: 32
loss: 100.13912200927734
start in data: CyberShake 900
Jobs number:  10
Tasks number: 26
makespan: 18
start in data: CyberShake 901
Jobs number:  10
Tasks number: 27
makespan: 19
start in data: CyberShake 902
Jobs number:  10
Tasks number: 30
makespan: 25
start in data: CyberShake 903
Jobs number:  10
Tasks number: 27
makespan: 24
start in data: CyberShake 904
Jobs number:  10
Tasks number: 30
makespan: 24
start in data: CyberShake 905
Jobs number:  10
Tasks number: 29
makespan: 23
start in data: CyberShake 906
Jobs number:  10
Tasks number: 26
makespan: 20
start in data: CyberShake 907
Jobs number:  10
Tasks number: 31
makespan: 23
start in data: CyberShake 908
Jobs number:  10
Tasks number: 31
makespan: 25
start in data: CyberShake 909
Jobs number:  10
Tasks number: 28
makespan: 21
start in data: CyberShake 910
Jobs number:  10
Tasks number: 26
makespan: 20
start in data: CyberShake 911
Jobs number:  10
Tasks number: 29
makespan: 20
start in data: CyberShake 912
Jobs number:  10
Tasks number: 26
makespan: 17
start in data: CyberShake 913
Jobs number:  10
Tasks number: 33
makespan: 23
start in data: CyberShake 914
Jobs number:  10
Tasks number: 29
makespan: 23
start in data: CyberShake 915
Jobs number:  10
Tasks number: 29
makespan: 21
start in data: CyberShake 916
Jobs number:  10
Tasks number: 32
makespan: 27
start in data: CyberShake 917
Jobs number:  10
Tasks number: 30
makespan: 20
start in data: CyberShake 918
Jobs number:  10
Tasks number: 27
makespan: 16
start in data: CyberShake 919
Jobs number:  10
Tasks number: 28
makespan: 16
start in data: CyberShake 920
Jobs number:  10
Tasks number: 29
makespan: 23
start in data: CyberShake 921
Jobs number:  10
Tasks number: 29
makespan: 21
start in data: CyberShake 922
Jobs number:  10
Tasks number: 24
makespan: 22
start in data: CyberShake 923
Jobs number:  10
Tasks number: 27
makespan: 22
start in data: CyberShake 924
Jobs number:  10
Tasks number: 28
makespan: 15
start in data: CyberShake 925
Jobs number:  10
Tasks number: 28
makespan: 20
start in data: CyberShake 926
Jobs number:  10
Tasks number: 26
makespan: 21
start in data: CyberShake 927
Jobs number:  10
Tasks number: 28
makespan: 23
start in data: CyberShake 928
Jobs number:  10
Tasks number: 29
makespan: 26
start in data: CyberShake 929
Jobs number:  10
Tasks number: 29
makespan: 20
start in data: CyberShake 930
Jobs number:  10
Tasks number: 28
makespan: 27
start in data: CyberShake 931
Jobs number:  10
Tasks number: 30
makespan: 19
start in data: CyberShake 932
Jobs number:  10
Tasks number: 24
makespan: 18
start in data: CyberShake 933
Jobs number:  10
Tasks number: 29
makespan: 22
start in data: CyberShake 934
Jobs number:  10
Tasks number: 29
makespan: 23
start in data: CyberShake 935
Jobs number:  10
Tasks number: 31
makespan: 27
start in data: CyberShake 936
Jobs number:  10
Tasks number: 33
makespan: 22
start in data: CyberShake 937
Jobs number:  10
Tasks number: 30
makespan: 24
start in data: CyberShake 938
Jobs number:  10
Tasks number: 35
makespan: 23
start in data: CyberShake 939
Jobs number:  10
Tasks number: 28
makespan: 20
start in data: CyberShake 940
Jobs number:  10
Tasks number: 26
makespan: 20
start in data: CyberShake 941
Jobs number:  10
Tasks number: 27
makespan: 15
start in data: CyberShake 942
Jobs number:  10
Tasks number: 32
makespan: 24
start in data: CyberShake 943
Jobs number:  10
Tasks number: 27
makespan: 21
start in data: CyberShake 944
Jobs number:  10
Tasks number: 28
makespan: 19
start in data: CyberShake 945
Jobs number:  10
Tasks number: 30
makespan: 21
start in data: CyberShake 946
Jobs number:  10
Tasks number: 26
makespan: 18
start in data: CyberShake 947
Jobs number:  10
Tasks number: 29
makespan: 23
start in data: CyberShake 948
Jobs number:  10
Tasks number: 30
makespan: 20
start in data: CyberShake 949
Jobs number:  10
Tasks number: 32
makespan: 24
start in data: CyberShake 950
Jobs number:  10
Tasks number: 27
makespan: 28
start in data: CyberShake 951
Jobs number:  10
Tasks number: 26
makespan: 19
start in data: CyberShake 952
Jobs number:  10
Tasks number: 27
makespan: 27
start in data: CyberShake 953
Jobs number:  10
Tasks number: 25
makespan: 18
start in data: CyberShake 954
Jobs number:  10
Tasks number: 25
makespan: 25
start in data: CyberShake 955
Jobs number:  10
Tasks number: 29
makespan: 24
start in data: CyberShake 956
Jobs number:  10
Tasks number: 24
makespan: 20
start in data: CyberShake 957
Jobs number:  10
Tasks number: 30
makespan: 21
start in data: CyberShake 958
Jobs number:  10
Tasks number: 24
makespan: 22
start in data: CyberShake 959
Jobs number:  10
Tasks number: 30
makespan: 22
start in data: CyberShake 960
Jobs number:  10
Tasks number: 30
makespan: 22
start in data: CyberShake 961
Jobs number:  10
Tasks number: 31
makespan: 25
start in data: CyberShake 962
Jobs number:  10
Tasks number: 27
makespan: 20
start in data: CyberShake 963
Jobs number:  10
Tasks number: 29
makespan: 18
start in data: CyberShake 964
Jobs number:  10
Tasks number: 32
makespan: 25
start in data: CyberShake 965
Jobs number:  10
Tasks number: 29
makespan: 15
start in data: CyberShake 966
Jobs number:  10
Tasks number: 29
makespan: 24
start in data: CyberShake 967
Jobs number:  10
Tasks number: 32
makespan: 24
start in data: CyberShake 968
Jobs number:  10
Tasks number: 29
makespan: 21
start in data: CyberShake 969
Jobs number:  10
Tasks number: 30
makespan: 21
start in data: CyberShake 970
Jobs number:  10
Tasks number: 25
makespan: 22
start in data: CyberShake 971
Jobs number:  10
Tasks number: 31
makespan: 22
start in data: CyberShake 972
Jobs number:  10
Tasks number: 30
makespan: 22
start in data: CyberShake 973
Jobs number:  10
Tasks number: 27
makespan: 22
start in data: CyberShake 974
Jobs number:  10
Tasks number: 28
makespan: 24
start in data: CyberShake 975
Jobs number:  10
Tasks number: 34
makespan: 24
start in data: CyberShake 976
Jobs number:  10
Tasks number: 33
makespan: 26
start in data: CyberShake 977
Jobs number:  10
Tasks number: 30
makespan: 21
start in data: CyberShake 978
Jobs number:  10
Tasks number: 29
makespan: 20
start in data: CyberShake 979
Jobs number:  10
Tasks number: 30
makespan: 20
start in data: CyberShake 980
Jobs number:  10
Tasks number: 28
makespan: 22
start in data: CyberShake 981
Jobs number:  10
Tasks number: 32
makespan: 25
start in data: CyberShake 982
Jobs number:  10
Tasks number: 27
makespan: 23
start in data: CyberShake 983
Jobs number:  10
Tasks number: 28
makespan: 15
start in data: CyberShake 984
Jobs number:  10
Tasks number: 27
makespan: 26
start in data: CyberShake 985
Jobs number:  10
Tasks number: 27
makespan: 18
start in data: CyberShake 986
Jobs number:  10
Tasks number: 30
makespan: 18
start in data: CyberShake 987
Jobs number:  10
Tasks number: 27
makespan: 19
start in data: CyberShake 988
Jobs number:  10
Tasks number: 26
makespan: 25
start in data: CyberShake 989
Jobs number:  10
Tasks number: 28
makespan: 19
start in data: CyberShake 990
Jobs number:  10
Tasks number: 26
makespan: 25
start in data: CyberShake 991
Jobs number:  10
Tasks number: 31
makespan: 25
start in data: CyberShake 992
Jobs number:  10
Tasks number: 28
makespan: 26
start in data: CyberShake 993
Jobs number:  10
Tasks number: 27
makespan: 25
start in data: CyberShake 994
Jobs number:  10
Tasks number: 32
makespan: 23
start in data: CyberShake 995
Jobs number:  10
Tasks number: 27
makespan: 20
start in data: CyberShake 996
Jobs number:  10
Tasks number: 27
makespan: 20
start in data: CyberShake 997
Jobs number:  10
Tasks number: 29
makespan: 24
start in data: CyberShake 998
Jobs number:  10
Tasks number: 31
makespan: 22
start in data: CyberShake 999
Jobs number:  10
Tasks number: 31
makespan: 20
