start in data :  CyberShake 0
Jobs number:  30
Tasks number: 88
loss: 502.039306640625
start in data :  CyberShake 1
Jobs number:  30
Tasks number: 92
loss: 415.915771484375
start in data :  CyberShake 2
Jobs number:  30
Tasks number: 88
loss: 350.76318359375
start in data :  CyberShake 3
Jobs number:  30
Tasks number: 88
loss: 356.0774841308594
start in data :  CyberShake 4
Jobs number:  30
Tasks number: 93
loss: 355.29022216796875
start in data :  CyberShake 5
Jobs number:  30
Tasks number: 90
loss: 343.91357421875
start in data :  CyberShake 6
Jobs number:  30
Tasks number: 86
loss: 330.5133361816406
start in data :  CyberShake 7
Jobs number:  30
Tasks number: 93
loss: 405.5574645996094
start in data :  CyberShake 8
Jobs number:  30
Tasks number: 91
loss: 378.73065185546875
start in data :  CyberShake 9
Jobs number:  30
Tasks number: 85
loss: 326.0670471191406
start in data :  CyberShake 10
Jobs number:  30
Tasks number: 86
loss: 314.83294677734375
start in data :  CyberShake 11
Jobs number:  30
Tasks number: 95
loss: 373.6286315917969
start in data :  CyberShake 12
Jobs number:  30
Tasks number: 86
loss: 318.2681579589844
start in data :  CyberShake 13
Jobs number:  30
Tasks number: 84
loss: 299.130859375
start in data :  CyberShake 14
Jobs number:  30
Tasks number: 92
loss: 328.4301452636719
start in data :  CyberShake 15
Jobs number:  30
Tasks number: 89
loss: 322.1794128417969
start in data :  CyberShake 16
Jobs number:  30
Tasks number: 90
loss: 342.8795166015625
start in data :  CyberShake 17
Jobs number:  30
Tasks number: 91
loss: 342.8540344238281
start in data :  CyberShake 18
Jobs number:  30
Tasks number: 90
loss: 310.50311279296875
start in data :  CyberShake 19
Jobs number:  30
Tasks number: 89
loss: 310.9222106933594
start in data :  CyberShake 20
Jobs number:  30
Tasks number: 90
loss: 325.4974060058594
start in data :  CyberShake 21
Jobs number:  30
Tasks number: 91
loss: 345.37640380859375
start in data :  CyberShake 22
Jobs number:  30
Tasks number: 88
loss: 304.419921875
start in data :  CyberShake 23
Jobs number:  30
Tasks number: 88
loss: 303.1675109863281
start in data :  CyberShake 24
Jobs number:  30
Tasks number: 88
loss: 287.1231384277344
start in data :  CyberShake 25
Jobs number:  30
Tasks number: 91
loss: 311.4608459472656
start in data :  CyberShake 26
Jobs number:  30
Tasks number: 93
loss: 330.2566833496094
start in data :  CyberShake 27
Jobs number:  30
Tasks number: 86
loss: 301.68035888671875
start in data :  CyberShake 28
Jobs number:  30
Tasks number: 87
loss: 272.4401550292969
start in data :  CyberShake 29
Jobs number:  30
Tasks number: 90
loss: 299.4908142089844
start in data :  CyberShake 30
Jobs number:  30
Tasks number: 85
loss: 298.6120910644531
start in data :  CyberShake 31
Jobs number:  30
Tasks number: 89
loss: 317.67474365234375
start in data :  CyberShake 32
Jobs number:  30
Tasks number: 90
loss: 307.1752014160156
start in data :  CyberShake 33
Jobs number:  30
Tasks number: 91
loss: 311.7347412109375
start in data :  CyberShake 34
Jobs number:  30
Tasks number: 87
loss: 296.6164245605469
start in data :  CyberShake 35
Jobs number:  30
Tasks number: 86
loss: 279.90936279296875
start in data :  CyberShake 36
Jobs number:  30
Tasks number: 89
loss: 324.31591796875
start in data :  CyberShake 37
Jobs number:  30
Tasks number: 89
loss: 300.21539306640625
start in data :  CyberShake 38
Jobs number:  30
Tasks number: 89
loss: 296.4095153808594
start in data :  CyberShake 39
Jobs number:  30
Tasks number: 94
loss: 325.853515625
start in data :  CyberShake 40
Jobs number:  30
Tasks number: 88
loss: 307.1190185546875
start in data :  CyberShake 41
Jobs number:  30
Tasks number: 90
loss: 330.29345703125
start in data :  CyberShake 42
Jobs number:  30
Tasks number: 85
loss: 263.3768615722656
start in data :  CyberShake 43
Jobs number:  30
Tasks number: 90
loss: 325.0394592285156
start in data :  CyberShake 44
Jobs number:  30
Tasks number: 87
loss: 308.0904235839844
start in data :  CyberShake 45
Jobs number:  30
Tasks number: 88
loss: 284.265380859375
start in data :  CyberShake 46
Jobs number:  30
Tasks number: 88
loss: 298.6600341796875
start in data :  CyberShake 47
Jobs number:  30
Tasks number: 92
loss: 320.91998291015625
start in data :  CyberShake 48
Jobs number:  30
Tasks number: 85
loss: 278.0690002441406
start in data :  CyberShake 49
Jobs number:  30
Tasks number: 88
loss: 287.5469970703125
start in data :  CyberShake 50
Jobs number:  30
Tasks number: 93
loss: 318.1985168457031
start in data :  CyberShake 51
Jobs number:  30
Tasks number: 91
loss: 331.6112060546875
start in data :  CyberShake 52
Jobs number:  30
Tasks number: 91
loss: 313.1950988769531
start in data :  CyberShake 53
Jobs number:  30
Tasks number: 90
loss: 315.0706481933594
start in data :  CyberShake 54
Jobs number:  30
Tasks number: 87
loss: 295.8953857421875
start in data :  CyberShake 55
Jobs number:  30
Tasks number: 87
loss: 300.0540771484375
start in data :  CyberShake 56
Jobs number:  30
Tasks number: 89
loss: 333.6575927734375
start in data :  CyberShake 57
Jobs number:  30
Tasks number: 88
loss: 329.5162658691406
start in data :  CyberShake 58
Jobs number:  30
Tasks number: 95
loss: 329.9766845703125
start in data :  CyberShake 59
Jobs number:  30
Tasks number: 88
loss: 296.4468688964844
start in data :  CyberShake 60
Jobs number:  30
Tasks number: 89
loss: 296.04779052734375
start in data :  CyberShake 61
Jobs number:  30
Tasks number: 90
loss: 299.4342956542969
start in data :  CyberShake 62
Jobs number:  30
Tasks number: 87
loss: 294.4301452636719
start in data :  CyberShake 63
Jobs number:  30
Tasks number: 91
loss: 300.83563232421875
start in data :  CyberShake 64
Jobs number:  30
Tasks number: 92
loss: 317.7180480957031
start in data :  CyberShake 65
Jobs number:  30
Tasks number: 90
loss: 303.24212646484375
start in data :  CyberShake 66
Jobs number:  30
Tasks number: 90
loss: 291.20526123046875
start in data :  CyberShake 67
Jobs number:  30
Tasks number: 89
loss: 303.83123779296875
start in data :  CyberShake 68
Jobs number:  30
Tasks number: 88
loss: 279.25396728515625
start in data :  CyberShake 69
Jobs number:  30
Tasks number: 93
loss: 320.5880432128906
start in data :  CyberShake 70
Jobs number:  30
Tasks number: 88
loss: 300.42083740234375
start in data :  CyberShake 71
Jobs number:  30
Tasks number: 86
loss: 339.5794372558594
start in data :  CyberShake 72
Jobs number:  30
Tasks number: 88
loss: 287.0577087402344
start in data :  CyberShake 73
Jobs number:  30
Tasks number: 87
loss: 281.1275634765625
start in data :  CyberShake 74
Jobs number:  30
Tasks number: 86
loss: 276.7631530761719
start in data :  CyberShake 75
Jobs number:  30
Tasks number: 86
loss: 293.1133728027344
start in data :  CyberShake 76
Jobs number:  30
Tasks number: 90
loss: 296.7044982910156
start in data :  CyberShake 77
Jobs number:  30
Tasks number: 88
loss: 314.4230651855469
start in data :  CyberShake 78
Jobs number:  30
Tasks number: 94
loss: 335.57470703125
start in data :  CyberShake 79
Jobs number:  30
Tasks number: 89
loss: 304.73602294921875
start in data :  CyberShake 80
Jobs number:  30
Tasks number: 93
loss: 310.9208679199219
start in data :  CyberShake 81
Jobs number:  30
Tasks number: 88
loss: 280.6404113769531
start in data :  CyberShake 82
Jobs number:  30
Tasks number: 89
loss: 303.41064453125
start in data :  CyberShake 83
Jobs number:  30
Tasks number: 90
loss: 280.4532775878906
start in data :  CyberShake 84
Jobs number:  30
Tasks number: 93
loss: 320.9274597167969
start in data :  CyberShake 85
Jobs number:  30
Tasks number: 85
loss: 281.9747619628906
start in data :  CyberShake 86
Jobs number:  30
Tasks number: 87
loss: 283.4134521484375
start in data :  CyberShake 87
Jobs number:  30
Tasks number: 88
loss: 332.48834228515625
start in data :  CyberShake 88
Jobs number:  30
Tasks number: 89
loss: 308.1141052246094
start in data :  CyberShake 89
Jobs number:  30
Tasks number: 88
loss: 278.7244567871094
start in data :  CyberShake 90
Jobs number:  30
Tasks number: 88
loss: 278.49755859375
start in data :  CyberShake 91
Jobs number:  30
Tasks number: 92
loss: 322.05755615234375
start in data :  CyberShake 92
Jobs number:  30
Tasks number: 90
loss: 302.80401611328125
start in data :  CyberShake 93
Jobs number:  30
Tasks number: 92
loss: 311.37042236328125
start in data :  CyberShake 94
Jobs number:  30
Tasks number: 91
loss: 317.5749206542969
start in data :  CyberShake 95
Jobs number:  30
Tasks number: 86
loss: 290.98828125
start in data :  CyberShake 96
Jobs number:  30
Tasks number: 90
loss: 291.8838195800781
start in data :  CyberShake 97
Jobs number:  30
Tasks number: 93
loss: 320.3185729980469
start in data :  CyberShake 98
Jobs number:  30
Tasks number: 87
loss: 309.6947021484375
start in data :  CyberShake 99
Jobs number:  30
Tasks number: 85
loss: 274.1972351074219
start in data :  CyberShake 100
Jobs number:  30
Tasks number: 90
loss: 299.0482177734375
start in data :  CyberShake 101
Jobs number:  30
Tasks number: 87
loss: 274.01324462890625
start in data :  CyberShake 102
Jobs number:  30
Tasks number: 92
loss: 312.57000732421875
start in data :  CyberShake 103
Jobs number:  30
Tasks number: 92
loss: 304.72369384765625
start in data :  CyberShake 104
Jobs number:  30
Tasks number: 89
loss: 323.3662109375
start in data :  CyberShake 105
Jobs number:  30
Tasks number: 90
loss: 278.49517822265625
start in data :  CyberShake 106
Jobs number:  30
Tasks number: 90
loss: 310.377197265625
start in data :  CyberShake 107
Jobs number:  30
Tasks number: 92
loss: 315.2523498535156
start in data :  CyberShake 108
Jobs number:  30
Tasks number: 89
loss: 290.10247802734375
start in data :  CyberShake 109
Jobs number:  30
Tasks number: 90
loss: 309.3404541015625
start in data :  CyberShake 110
Jobs number:  30
Tasks number: 87
loss: 298.17657470703125
start in data :  CyberShake 111
Jobs number:  30
Tasks number: 89
loss: 286.8093566894531
start in data :  CyberShake 112
Jobs number:  30
Tasks number: 89
loss: 290.4540710449219
start in data :  CyberShake 113
Jobs number:  30
Tasks number: 89
loss: 295.7635803222656
start in data :  CyberShake 114
Jobs number:  30
Tasks number: 89
loss: 281.7352294921875
start in data :  CyberShake 115
Jobs number:  30
Tasks number: 88
loss: 281.3704833984375
start in data :  CyberShake 116
Jobs number:  30
Tasks number: 87
loss: 283.424560546875
start in data :  CyberShake 117
Jobs number:  30
Tasks number: 87
loss: 279.19329833984375
start in data :  CyberShake 118
Jobs number:  30
Tasks number: 87
loss: 287.90252685546875
start in data :  CyberShake 119
Jobs number:  30
Tasks number: 88
loss: 291.0098876953125
start in data :  CyberShake 120
Jobs number:  30
Tasks number: 86
loss: 283.2940673828125
start in data :  CyberShake 121
Jobs number:  30
Tasks number: 91
loss: 329.7868347167969
start in data :  CyberShake 122
Jobs number:  30
Tasks number: 92
loss: 307.6031494140625
start in data :  CyberShake 123
Jobs number:  30
Tasks number: 89
loss: 287.42578125
start in data :  CyberShake 124
Jobs number:  30
Tasks number: 90
loss: 314.51556396484375
start in data :  CyberShake 125
Jobs number:  30
Tasks number: 86
loss: 274.8621826171875
start in data :  CyberShake 126
Jobs number:  30
Tasks number: 95
loss: 339.7037048339844
start in data :  CyberShake 127
Jobs number:  30
Tasks number: 94
loss: 322.7650451660156
start in data :  CyberShake 128
Jobs number:  30
Tasks number: 89
loss: 292.56854248046875
start in data :  CyberShake 129
Jobs number:  30
Tasks number: 91
loss: 282.61444091796875
start in data :  CyberShake 130
Jobs number:  30
Tasks number: 93
loss: 313.88824462890625
start in data :  CyberShake 131
Jobs number:  30
Tasks number: 86
loss: 284.0380554199219
start in data :  CyberShake 132
Jobs number:  30
Tasks number: 90
loss: 328.8507385253906
start in data :  CyberShake 133
Jobs number:  30
Tasks number: 92
loss: 322.14117431640625
start in data :  CyberShake 134
Jobs number:  30
Tasks number: 89
loss: 310.2657470703125
start in data :  CyberShake 135
Jobs number:  30
Tasks number: 87
loss: 293.2134704589844
start in data :  CyberShake 136
Jobs number:  30
Tasks number: 90
loss: 328.8825378417969
start in data :  CyberShake 137
Jobs number:  30
Tasks number: 87
loss: 300.031494140625
start in data :  CyberShake 138
Jobs number:  30
Tasks number: 88
loss: 301.03912353515625
start in data :  CyberShake 139
Jobs number:  30
Tasks number: 86
loss: 287.776123046875
start in data :  CyberShake 140
Jobs number:  30
Tasks number: 87
loss: 288.4906005859375
start in data :  CyberShake 141
Jobs number:  30
Tasks number: 86
loss: 269.351806640625
start in data :  CyberShake 142
Jobs number:  30
Tasks number: 89
loss: 298.5464172363281
start in data :  CyberShake 143
Jobs number:  30
Tasks number: 89
loss: 303.1864013671875
start in data :  CyberShake 144
Jobs number:  30
Tasks number: 89
loss: 287.6334533691406
start in data :  CyberShake 145
Jobs number:  30
Tasks number: 90
loss: 357.7286071777344
start in data :  CyberShake 146
Jobs number:  30
Tasks number: 87
loss: 274.5741271972656
start in data :  CyberShake 147
Jobs number:  30
Tasks number: 90
loss: 317.8944396972656
start in data :  CyberShake 148
Jobs number:  30
Tasks number: 88
loss: 274.5432434082031
start in data :  CyberShake 149
Jobs number:  30
Tasks number: 90
loss: 283.9371643066406
start in data :  CyberShake 150
Jobs number:  30
Tasks number: 90
loss: 303.51507568359375
start in data :  CyberShake 151
Jobs number:  30
Tasks number: 86
loss: 292.4124755859375
start in data :  CyberShake 152
Jobs number:  30
Tasks number: 88
loss: 279.52886962890625
start in data :  CyberShake 153
Jobs number:  30
Tasks number: 87
loss: 292.465087890625
start in data :  CyberShake 154
Jobs number:  30
Tasks number: 89
loss: 285.7953186035156
start in data :  CyberShake 155
Jobs number:  30
Tasks number: 90
loss: 292.4278564453125
start in data :  CyberShake 156
Jobs number:  30
Tasks number: 87
loss: 280.3954162597656
start in data :  CyberShake 157
Jobs number:  30
Tasks number: 86
loss: 303.37371826171875
start in data :  CyberShake 158
Jobs number:  30
Tasks number: 91
loss: 354.010009765625
start in data :  CyberShake 159
Jobs number:  30
Tasks number: 87
loss: 293.8914794921875
start in data :  CyberShake 160
Jobs number:  30
Tasks number: 91
loss: 296.97161865234375
start in data :  CyberShake 161
Jobs number:  30
Tasks number: 86
loss: 271.7771301269531
start in data :  CyberShake 162
Jobs number:  30
Tasks number: 88
loss: 272.0061340332031
start in data :  CyberShake 163
Jobs number:  30
Tasks number: 87
loss: 289.13604736328125
start in data :  CyberShake 164
Jobs number:  30
Tasks number: 91
loss: 302.3540954589844
start in data :  CyberShake 165
Jobs number:  30
Tasks number: 91
loss: 283.10638427734375
start in data :  CyberShake 166
Jobs number:  30
Tasks number: 88
loss: 282.6005859375
start in data :  CyberShake 167
Jobs number:  30
Tasks number: 89
loss: 290.08123779296875
start in data :  CyberShake 168
Jobs number:  30
Tasks number: 90
loss: 297.6385803222656
start in data :  CyberShake 169
Jobs number:  30
Tasks number: 90
loss: 347.7948913574219
start in data :  CyberShake 170
Jobs number:  30
Tasks number: 88
loss: 280.9875793457031
start in data :  CyberShake 171
Jobs number:  30
Tasks number: 88
loss: 279.2837219238281
start in data :  CyberShake 172
Jobs number:  30
Tasks number: 87
loss: 287.7327880859375
start in data :  CyberShake 173
Jobs number:  30
Tasks number: 90
loss: 299.3377380371094
start in data :  CyberShake 174
Jobs number:  30
Tasks number: 87
loss: 275.8931884765625
start in data :  CyberShake 175
Jobs number:  30
Tasks number: 88
loss: 268.63922119140625
start in data :  CyberShake 176
Jobs number:  30
Tasks number: 85
loss: 271.94036865234375
start in data :  CyberShake 177
Jobs number:  30
Tasks number: 94
loss: 313.9729919433594
start in data :  CyberShake 178
Jobs number:  30
Tasks number: 88
loss: 287.3559265136719
start in data :  CyberShake 179
Jobs number:  30
Tasks number: 90
loss: 281.5788269042969
start in data :  CyberShake 180
Jobs number:  30
Tasks number: 92
loss: 292.3580627441406
start in data :  CyberShake 181
Jobs number:  30
Tasks number: 91
loss: 300.297119140625
start in data :  CyberShake 182
Jobs number:  30
Tasks number: 91
loss: 285.656982421875
start in data :  CyberShake 183
Jobs number:  30
Tasks number: 90
loss: 290.1659240722656
start in data :  CyberShake 184
Jobs number:  30
Tasks number: 88
loss: 254.85055541992188
start in data :  CyberShake 185
Jobs number:  30
Tasks number: 89
loss: 287.89752197265625
start in data :  CyberShake 186
Jobs number:  30
Tasks number: 92
loss: 309.44305419921875
start in data :  CyberShake 187
Jobs number:  30
Tasks number: 89
loss: 272.7802429199219
start in data :  CyberShake 188
Jobs number:  30
Tasks number: 91
loss: 290.1862487792969
start in data :  CyberShake 189
Jobs number:  30
Tasks number: 86
loss: 272.86798095703125
start in data :  CyberShake 190
Jobs number:  30
Tasks number: 91
loss: 287.0145263671875
start in data :  CyberShake 191
Jobs number:  30
Tasks number: 88
loss: 288.40460205078125
start in data :  CyberShake 192
Jobs number:  30
Tasks number: 93
loss: 317.5989990234375
start in data :  CyberShake 193
Jobs number:  30
Tasks number: 89
loss: 268.7020263671875
start in data :  CyberShake 194
Jobs number:  30
Tasks number: 88
loss: 273.4273986816406
start in data :  CyberShake 195
Jobs number:  30
Tasks number: 91
loss: 279.467529296875
start in data :  CyberShake 196
Jobs number:  30
Tasks number: 91
loss: 295.1471862792969
start in data :  CyberShake 197
Jobs number:  30
Tasks number: 92
loss: 266.0936584472656
start in data :  CyberShake 198
Jobs number:  30
Tasks number: 91
loss: 282.920654296875
start in data :  CyberShake 199
Jobs number:  30
Tasks number: 90
loss: 310.49737548828125
start in data :  CyberShake 200
Jobs number:  30
Tasks number: 88
loss: 261.5504150390625
start in data :  CyberShake 201
Jobs number:  30
Tasks number: 89
loss: 295.56207275390625
start in data :  CyberShake 202
Jobs number:  30
Tasks number: 88
loss: 293.6993713378906
start in data :  CyberShake 203
Jobs number:  30
Tasks number: 89
loss: 276.783203125
start in data :  CyberShake 204
Jobs number:  30
Tasks number: 90
loss: 290.3793640136719
start in data :  CyberShake 205
Jobs number:  30
Tasks number: 92
loss: 327.1839599609375
start in data :  CyberShake 206
Jobs number:  30
Tasks number: 90
loss: 291.07550048828125
start in data :  CyberShake 207
Jobs number:  30
Tasks number: 88
loss: 266.5838317871094
start in data :  CyberShake 208
Jobs number:  30
Tasks number: 89
loss: 292.4395446777344
start in data :  CyberShake 209
Jobs number:  30
Tasks number: 91
loss: 290.85516357421875
start in data :  CyberShake 210
Jobs number:  30
Tasks number: 87
loss: 273.427734375
start in data :  CyberShake 211
Jobs number:  30
Tasks number: 87
loss: 262.50689697265625
start in data :  CyberShake 212
Jobs number:  30
Tasks number: 84
loss: 264.7405090332031
start in data :  CyberShake 213
Jobs number:  30
Tasks number: 88
loss: 276.79931640625
start in data :  CyberShake 214
Jobs number:  30
Tasks number: 87
loss: 282.9032897949219
start in data :  CyberShake 215
Jobs number:  30
Tasks number: 89
loss: 273.826416015625
start in data :  CyberShake 216
Jobs number:  30
Tasks number: 87
loss: 321.27252197265625
start in data :  CyberShake 217
Jobs number:  30
Tasks number: 88
loss: 280.0068359375
start in data :  CyberShake 218
Jobs number:  30
Tasks number: 87
loss: 269.591552734375
start in data :  CyberShake 219
Jobs number:  30
Tasks number: 90
loss: 311.44140625
start in data :  CyberShake 220
Jobs number:  30
Tasks number: 88
loss: 284.7890930175781
start in data :  CyberShake 221
Jobs number:  30
Tasks number: 89
loss: 287.11517333984375
start in data :  CyberShake 222
Jobs number:  30
Tasks number: 86
loss: 261.509765625
start in data :  CyberShake 223
Jobs number:  30
Tasks number: 86
loss: 258.7264709472656
start in data :  CyberShake 224
Jobs number:  30
Tasks number: 86
loss: 250.8253936767578
start in data :  CyberShake 225
Jobs number:  30
Tasks number: 87
loss: 273.3448791503906
start in data :  CyberShake 226
Jobs number:  30
Tasks number: 89
loss: 273.3161926269531
start in data :  CyberShake 227
Jobs number:  30
Tasks number: 90
loss: 303.1021728515625
start in data :  CyberShake 228
Jobs number:  30
Tasks number: 87
loss: 265.73944091796875
start in data :  CyberShake 229
Jobs number:  30
Tasks number: 88
loss: 285.711669921875
start in data :  CyberShake 230
Jobs number:  30
Tasks number: 90
loss: 325.30181884765625
start in data :  CyberShake 231
Jobs number:  30
Tasks number: 89
loss: 307.4967346191406
start in data :  CyberShake 232
Jobs number:  30
Tasks number: 90
loss: 301.2046203613281
start in data :  CyberShake 233
Jobs number:  30
Tasks number: 92
loss: 296.61138916015625
start in data :  CyberShake 234
Jobs number:  30
Tasks number: 94
loss: 304.52197265625
start in data :  CyberShake 235
Jobs number:  30
Tasks number: 89
loss: 272.7377624511719
start in data :  CyberShake 236
Jobs number:  30
Tasks number: 89
loss: 276.8797607421875
start in data :  CyberShake 237
Jobs number:  30
Tasks number: 87
loss: 268.9527587890625
start in data :  CyberShake 238
Jobs number:  30
Tasks number: 90
loss: 273.5551452636719
start in data :  CyberShake 239
Jobs number:  30
Tasks number: 89
loss: 275.05841064453125
start in data :  CyberShake 240
Jobs number:  30
Tasks number: 91
loss: 294.2470703125
start in data :  CyberShake 241
Jobs number:  30
Tasks number: 87
loss: 284.22625732421875
start in data :  CyberShake 242
Jobs number:  30
Tasks number: 91
loss: 308.9406433105469
start in data :  CyberShake 243
Jobs number:  30
Tasks number: 88
loss: 281.81439208984375
start in data :  CyberShake 244
Jobs number:  30
Tasks number: 87
loss: 266.2790222167969
start in data :  CyberShake 245
Jobs number:  30
Tasks number: 86
loss: 279.02569580078125
start in data :  CyberShake 246
Jobs number:  30
Tasks number: 87
loss: 272.205810546875
start in data :  CyberShake 247
Jobs number:  30
Tasks number: 85
loss: 261.43243408203125
start in data :  CyberShake 248
Jobs number:  30
Tasks number: 86
loss: 270.03118896484375
start in data :  CyberShake 249
Jobs number:  30
Tasks number: 90
loss: 289.1710205078125
start in data :  CyberShake 250
Jobs number:  30
Tasks number: 91
loss: 328.63037109375
start in data :  CyberShake 251
Jobs number:  30
Tasks number: 87
loss: 269.68115234375
start in data :  CyberShake 252
Jobs number:  30
Tasks number: 88
loss: 268.13543701171875
start in data :  CyberShake 253
Jobs number:  30
Tasks number: 90
loss: 279.5751953125
start in data :  CyberShake 254
Jobs number:  30
Tasks number: 88
loss: 284.09661865234375
start in data :  CyberShake 255
Jobs number:  30
Tasks number: 92
loss: 319.47918701171875
start in data :  CyberShake 256
Jobs number:  30
Tasks number: 87
loss: 271.77349853515625
start in data :  CyberShake 257
Jobs number:  30
Tasks number: 88
loss: 276.3507385253906
start in data :  CyberShake 258
Jobs number:  30
Tasks number: 89
loss: 293.6983642578125
start in data :  CyberShake 259
Jobs number:  30
Tasks number: 92
loss: 289.75885009765625
start in data :  CyberShake 260
Jobs number:  30
Tasks number: 85
loss: 265.73089599609375
start in data :  CyberShake 261
Jobs number:  30
Tasks number: 92
loss: 291.1726379394531
start in data :  CyberShake 262
Jobs number:  30
Tasks number: 90
loss: 274.4249572753906
start in data :  CyberShake 263
Jobs number:  30
Tasks number: 87
loss: 266.2627868652344
start in data :  CyberShake 264
Jobs number:  30
Tasks number: 87
loss: 271.8164978027344
start in data :  CyberShake 265
Jobs number:  30
Tasks number: 99
loss: 333.173828125
start in data :  CyberShake 266
Jobs number:  30
Tasks number: 92
loss: 297.83697509765625
start in data :  CyberShake 267
Jobs number:  30
Tasks number: 89
loss: 277.58929443359375
start in data :  CyberShake 268
Jobs number:  30
Tasks number: 89
loss: 297.7684020996094
start in data :  CyberShake 269
Jobs number:  30
Tasks number: 87
loss: 281.7516174316406
start in data :  CyberShake 270
Jobs number:  30
Tasks number: 86
loss: 250.14244079589844
start in data :  CyberShake 271
Jobs number:  30
Tasks number: 89
loss: 290.0323486328125
start in data :  CyberShake 272
Jobs number:  30
Tasks number: 87
loss: 285.847412109375
start in data :  CyberShake 273
Jobs number:  30
Tasks number: 93
loss: 308.29266357421875
start in data :  CyberShake 274
Jobs number:  30
Tasks number: 89
loss: 313.64971923828125
start in data :  CyberShake 275
Jobs number:  30
Tasks number: 85
loss: 261.4153137207031
start in data :  CyberShake 276
Jobs number:  30
Tasks number: 89
loss: 267.37994384765625
start in data :  CyberShake 277
Jobs number:  30
Tasks number: 88
loss: 275.6521911621094
start in data :  CyberShake 278
Jobs number:  30
Tasks number: 85
loss: 259.705322265625
start in data :  CyberShake 279
Jobs number:  30
Tasks number: 87
loss: 275.5261535644531
start in data :  CyberShake 280
Jobs number:  30
Tasks number: 92
loss: 296.16778564453125
start in data :  CyberShake 281
Jobs number:  30
Tasks number: 90
loss: 268.23565673828125
start in data :  CyberShake 282
Jobs number:  30
Tasks number: 87
loss: 284.74420166015625
start in data :  CyberShake 283
Jobs number:  30
Tasks number: 88
loss: 257.91387939453125
start in data :  CyberShake 284
Jobs number:  30
Tasks number: 89
loss: 268.74700927734375
start in data :  CyberShake 285
Jobs number:  30
Tasks number: 90
loss: 303.8959045410156
start in data :  CyberShake 286
Jobs number:  30
Tasks number: 88
loss: 268.782470703125
start in data :  CyberShake 287
Jobs number:  30
Tasks number: 92
loss: 319.3797302246094
start in data :  CyberShake 288
Jobs number:  30
Tasks number: 89
loss: 284.1958923339844
start in data :  CyberShake 289
Jobs number:  30
Tasks number: 89
loss: 286.018798828125
start in data :  CyberShake 290
Jobs number:  30
Tasks number: 87
loss: 252.09933471679688
start in data :  CyberShake 291
Jobs number:  30
Tasks number: 90
loss: 273.9946594238281
start in data :  CyberShake 292
Jobs number:  30
Tasks number: 85
loss: 242.58750915527344
start in data :  CyberShake 293
Jobs number:  30
Tasks number: 90
loss: 291.7763977050781
start in data :  CyberShake 294
Jobs number:  30
Tasks number: 91
loss: 283.5669860839844
start in data :  CyberShake 295
Jobs number:  30
Tasks number: 85
loss: 255.29962158203125
start in data :  CyberShake 296
Jobs number:  30
Tasks number: 88
loss: 298.8023681640625
start in data :  CyberShake 297
Jobs number:  30
Tasks number: 88
loss: 284.8492431640625
start in data :  CyberShake 298
Jobs number:  30
Tasks number: 91
loss: 285.407470703125
start in data :  CyberShake 299
Jobs number:  30
Tasks number: 88
loss: 283.2131652832031
start in data :  CyberShake 300
Jobs number:  30
Tasks number: 86
loss: 248.3267364501953
start in data :  CyberShake 301
Jobs number:  30
Tasks number: 90
loss: 285.65777587890625
start in data :  CyberShake 302
Jobs number:  30
Tasks number: 92
loss: 291.47613525390625
start in data :  CyberShake 303
Jobs number:  30
Tasks number: 86
loss: 276.2070617675781
start in data :  CyberShake 304
Jobs number:  30
Tasks number: 91
loss: 302.9659118652344
start in data :  CyberShake 305
Jobs number:  30
Tasks number: 88
loss: 257.5465393066406
start in data :  CyberShake 306
Jobs number:  30
Tasks number: 92
loss: 321.82183837890625
start in data :  CyberShake 307
Jobs number:  30
Tasks number: 88
loss: 269.723388671875
start in data :  CyberShake 308
Jobs number:  30
Tasks number: 86
loss: 269.1017150878906
start in data :  CyberShake 309
Jobs number:  30
Tasks number: 85
loss: 243.16146850585938
start in data :  CyberShake 310
Jobs number:  30
Tasks number: 87
loss: 287.1805419921875
start in data :  CyberShake 311
Jobs number:  30
Tasks number: 87
loss: 264.804443359375
start in data :  CyberShake 312
Jobs number:  30
Tasks number: 88
loss: 284.5027160644531
start in data :  CyberShake 313
Jobs number:  30
Tasks number: 93
loss: 298.1634521484375
start in data :  CyberShake 314
Jobs number:  30
Tasks number: 93
loss: 293.7238464355469
start in data :  CyberShake 315
Jobs number:  30
Tasks number: 88
loss: 266.6000671386719
start in data :  CyberShake 316
Jobs number:  30
Tasks number: 90
loss: 285.2762756347656
start in data :  CyberShake 317
Jobs number:  30
Tasks number: 91
loss: 285.86883544921875
start in data :  CyberShake 318
Jobs number:  30
Tasks number: 85
loss: 246.1864013671875
start in data :  CyberShake 319
Jobs number:  30
Tasks number: 90
loss: 286.86993408203125
start in data :  CyberShake 320
Jobs number:  30
Tasks number: 89
loss: 283.110595703125
start in data :  CyberShake 321
Jobs number:  30
Tasks number: 86
loss: 250.6692352294922
start in data :  CyberShake 322
Jobs number:  30
Tasks number: 87
loss: 248.89901733398438
start in data :  CyberShake 323
Jobs number:  30
Tasks number: 92
loss: 310.3932189941406
start in data :  CyberShake 324
Jobs number:  30
Tasks number: 87
loss: 265.33294677734375
start in data :  CyberShake 325
Jobs number:  30
Tasks number: 89
loss: 280.30462646484375
start in data :  CyberShake 326
Jobs number:  30
Tasks number: 88
loss: 272.7843322753906
start in data :  CyberShake 327
Jobs number:  30
Tasks number: 87
loss: 286.6092529296875
start in data :  CyberShake 328
Jobs number:  30
Tasks number: 91
loss: 296.23760986328125
start in data :  CyberShake 329
Jobs number:  30
Tasks number: 91
loss: 279.08074951171875
start in data :  CyberShake 330
Jobs number:  30
Tasks number: 89
loss: 267.2010498046875
start in data :  CyberShake 331
Jobs number:  30
Tasks number: 92
loss: 281.1750183105469
start in data :  CyberShake 332
Jobs number:  30
Tasks number: 86
loss: 243.63600158691406
start in data :  CyberShake 333
Jobs number:  30
Tasks number: 87
loss: 283.8812561035156
start in data :  CyberShake 334
Jobs number:  30
Tasks number: 87
loss: 277.0265197753906
start in data :  CyberShake 335
Jobs number:  30
Tasks number: 93
loss: 279.69708251953125
start in data :  CyberShake 336
Jobs number:  30
Tasks number: 89
loss: 272.619873046875
start in data :  CyberShake 337
Jobs number:  30
Tasks number: 92
loss: 306.38189697265625
start in data :  CyberShake 338
Jobs number:  30
Tasks number: 88
loss: 266.39190673828125
start in data :  CyberShake 339
Jobs number:  30
Tasks number: 93
loss: 287.138671875
start in data :  CyberShake 340
Jobs number:  30
Tasks number: 86
loss: 276.31561279296875
start in data :  CyberShake 341
Jobs number:  30
Tasks number: 92
loss: 284.2786865234375
start in data :  CyberShake 342
Jobs number:  30
Tasks number: 92
loss: 285.95587158203125
start in data :  CyberShake 343
Jobs number:  30
Tasks number: 92
loss: 278.89581298828125
start in data :  CyberShake 344
Jobs number:  30
Tasks number: 89
loss: 275.3673095703125
start in data :  CyberShake 345
Jobs number:  30
Tasks number: 88
loss: 290.86700439453125
start in data :  CyberShake 346
Jobs number:  30
Tasks number: 89
loss: 284.1025695800781
start in data :  CyberShake 347
Jobs number:  30
Tasks number: 91
loss: 297.133056640625
start in data :  CyberShake 348
Jobs number:  30
Tasks number: 90
loss: 316.0167236328125
start in data :  CyberShake 349
Jobs number:  30
Tasks number: 90
loss: 275.2843322753906
start in data :  CyberShake 350
Jobs number:  30
Tasks number: 91
loss: 300.9371032714844
start in data :  CyberShake 351
Jobs number:  30
Tasks number: 93
loss: 301.8580017089844
start in data :  CyberShake 352
Jobs number:  30
Tasks number: 89
loss: 273.1442565917969
start in data :  CyberShake 353
Jobs number:  30
Tasks number: 91
loss: 284.2214660644531
start in data :  CyberShake 354
Jobs number:  30
Tasks number: 90
loss: 315.287353515625
start in data :  CyberShake 355
Jobs number:  30
Tasks number: 86
loss: 258.6529541015625
start in data :  CyberShake 356
Jobs number:  30
Tasks number: 91
loss: 275.517578125
start in data :  CyberShake 357
Jobs number:  30
Tasks number: 90
loss: 282.5369873046875
start in data :  CyberShake 358
Jobs number:  30
Tasks number: 89
loss: 265.513427734375
start in data :  CyberShake 359
Jobs number:  30
Tasks number: 89
loss: 283.0567626953125
start in data :  CyberShake 360
Jobs number:  30
Tasks number: 86
loss: 262.6500244140625
start in data :  CyberShake 361
Jobs number:  30
Tasks number: 88
loss: 294.24591064453125
start in data :  CyberShake 362
Jobs number:  30
Tasks number: 89
loss: 286.2162780761719
start in data :  CyberShake 363
Jobs number:  30
Tasks number: 94
loss: 338.2011413574219
start in data :  CyberShake 364
Jobs number:  30
Tasks number: 91
loss: 282.7459411621094
start in data :  CyberShake 365
Jobs number:  30
Tasks number: 90
loss: 265.53790283203125
start in data :  CyberShake 366
Jobs number:  30
Tasks number: 86
loss: 258.6989440917969
start in data :  CyberShake 367
Jobs number:  30
Tasks number: 88
loss: 286.4325866699219
start in data :  CyberShake 368
Jobs number:  30
Tasks number: 90
loss: 265.34283447265625
start in data :  CyberShake 369
Jobs number:  30
Tasks number: 90
loss: 280.6604919433594
start in data :  CyberShake 370
Jobs number:  30
Tasks number: 89
loss: 279.010009765625
start in data :  CyberShake 371
Jobs number:  30
Tasks number: 86
loss: 290.5664367675781
start in data :  CyberShake 372
Jobs number:  30
Tasks number: 92
loss: 301.9737243652344
start in data :  CyberShake 373
Jobs number:  30
Tasks number: 88
loss: 269.4522705078125
start in data :  CyberShake 374
Jobs number:  30
Tasks number: 85
loss: 246.70541381835938
start in data :  CyberShake 375
Jobs number:  30
Tasks number: 89
loss: 287.8302001953125
start in data :  CyberShake 376
Jobs number:  30
Tasks number: 88
loss: 264.1247253417969
start in data :  CyberShake 377
Jobs number:  30
Tasks number: 87
loss: 255.60317993164062
start in data :  CyberShake 378
Jobs number:  30
Tasks number: 94
loss: 340.5376281738281
start in data :  CyberShake 379
Jobs number:  30
Tasks number: 87
loss: 255.24581909179688
start in data :  CyberShake 380
Jobs number:  30
Tasks number: 84
loss: 239.2772979736328
start in data :  CyberShake 381
Jobs number:  30
Tasks number: 89
loss: 270.38140869140625
start in data :  CyberShake 382
Jobs number:  30
Tasks number: 85
loss: 261.8472900390625
start in data :  CyberShake 383
Jobs number:  30
Tasks number: 90
loss: 270.32965087890625
start in data :  CyberShake 384
Jobs number:  30
Tasks number: 89
loss: 299.7750244140625
start in data :  CyberShake 385
Jobs number:  30
Tasks number: 85
loss: 256.4090881347656
start in data :  CyberShake 386
Jobs number:  30
Tasks number: 88
loss: 278.9268493652344
start in data :  CyberShake 387
Jobs number:  30
Tasks number: 88
loss: 275.7488708496094
start in data :  CyberShake 388
Jobs number:  30
Tasks number: 87
loss: 258.631591796875
start in data :  CyberShake 389
Jobs number:  30
Tasks number: 92
loss: 305.69818115234375
start in data :  CyberShake 390
Jobs number:  30
Tasks number: 90
loss: 290.87701416015625
start in data :  CyberShake 391
Jobs number:  30
Tasks number: 88
loss: 282.8018798828125
start in data :  CyberShake 392
Jobs number:  30
Tasks number: 88
loss: 275.0516052246094
start in data :  CyberShake 393
Jobs number:  30
Tasks number: 85
loss: 252.79898071289062
start in data :  CyberShake 394
Jobs number:  30
Tasks number: 89
loss: 267.49658203125
start in data :  CyberShake 395
Jobs number:  30
Tasks number: 87
loss: 270.34002685546875
start in data :  CyberShake 396
Jobs number:  30
Tasks number: 92
loss: 292.8219909667969
start in data :  CyberShake 397
Jobs number:  30
Tasks number: 93
loss: 294.3121032714844
start in data :  CyberShake 398
Jobs number:  30
Tasks number: 88
loss: 267.53033447265625
start in data :  CyberShake 399
Jobs number:  30
Tasks number: 92
loss: 281.42822265625
start in data :  CyberShake 400
Jobs number:  30
Tasks number: 88
loss: 265.991455078125
start in data :  CyberShake 401
Jobs number:  30
Tasks number: 94
loss: 300.594970703125
start in data :  CyberShake 402
Jobs number:  30
Tasks number: 89
loss: 271.0789794921875
start in data :  CyberShake 403
Jobs number:  30
Tasks number: 90
loss: 273.15350341796875
start in data :  CyberShake 404
Jobs number:  30
Tasks number: 88
loss: 282.76153564453125
start in data :  CyberShake 405
Jobs number:  30
Tasks number: 86
loss: 249.94760131835938
start in data :  CyberShake 406
Jobs number:  30
Tasks number: 89
loss: 270.53662109375
start in data :  CyberShake 407
Jobs number:  30
Tasks number: 89
loss: 267.0439147949219
start in data :  CyberShake 408
Jobs number:  30
Tasks number: 90
loss: 282.146728515625
start in data :  CyberShake 409
Jobs number:  30
Tasks number: 87
loss: 262.6905822753906
start in data :  CyberShake 410
Jobs number:  30
Tasks number: 88
loss: 258.97979736328125
start in data :  CyberShake 411
Jobs number:  30
Tasks number: 86
loss: 284.1119689941406
start in data :  CyberShake 412
Jobs number:  30
Tasks number: 92
loss: 284.6864929199219
start in data :  CyberShake 413
Jobs number:  30
Tasks number: 88
loss: 254.28993225097656
start in data :  CyberShake 414
Jobs number:  30
Tasks number: 85
loss: 238.83367919921875
start in data :  CyberShake 415
Jobs number:  30
Tasks number: 89
loss: 269.4778137207031
start in data :  CyberShake 416
Jobs number:  30
Tasks number: 92
loss: 279.03411865234375
start in data :  CyberShake 417
Jobs number:  30
Tasks number: 89
loss: 257.25885009765625
start in data :  CyberShake 418
Jobs number:  30
Tasks number: 92
loss: 277.5592956542969
start in data :  CyberShake 419
Jobs number:  30
Tasks number: 87
loss: 256.01751708984375
start in data :  CyberShake 420
Jobs number:  30
Tasks number: 93
loss: 278.7027587890625
start in data :  CyberShake 421
Jobs number:  30
Tasks number: 89
loss: 265.47650146484375
start in data :  CyberShake 422
Jobs number:  30
Tasks number: 91
loss: 276.9978942871094
start in data :  CyberShake 423
Jobs number:  30
Tasks number: 85
loss: 249.28131103515625
start in data :  CyberShake 424
Jobs number:  30
Tasks number: 88
loss: 256.5340576171875
start in data :  CyberShake 425
Jobs number:  30
Tasks number: 88
loss: 267.13922119140625
start in data :  CyberShake 426
Jobs number:  30
Tasks number: 88
loss: 261.9818420410156
start in data :  CyberShake 427
Jobs number:  30
Tasks number: 87
loss: 269.81658935546875
start in data :  CyberShake 428
Jobs number:  30
Tasks number: 90
loss: 269.3711853027344
start in data :  CyberShake 429
Jobs number:  30
Tasks number: 87
loss: 263.8288879394531
start in data :  CyberShake 430
Jobs number:  30
Tasks number: 89
loss: 289.3394775390625
start in data :  CyberShake 431
Jobs number:  30
Tasks number: 87
loss: 255.88961791992188
start in data :  CyberShake 432
Jobs number:  30
Tasks number: 87
loss: 255.13490295410156
start in data :  CyberShake 433
Jobs number:  30
Tasks number: 90
loss: 304.34295654296875
start in data :  CyberShake 434
Jobs number:  30
Tasks number: 87
loss: 262.4510192871094
start in data :  CyberShake 435
Jobs number:  30
Tasks number: 90
loss: 255.47259521484375
start in data :  CyberShake 436
Jobs number:  30
Tasks number: 87
loss: 273.93817138671875
start in data :  CyberShake 437
Jobs number:  30
Tasks number: 90
loss: 264.508544921875
start in data :  CyberShake 438
Jobs number:  30
Tasks number: 90
loss: 279.0692443847656
start in data :  CyberShake 439
Jobs number:  30
Tasks number: 88
loss: 268.06439208984375
start in data :  CyberShake 440
Jobs number:  30
Tasks number: 89
loss: 262.7071228027344
start in data :  CyberShake 441
Jobs number:  30
Tasks number: 86
loss: 281.5345764160156
start in data :  CyberShake 442
Jobs number:  30
Tasks number: 90
loss: 278.9508972167969
start in data :  CyberShake 443
Jobs number:  30
Tasks number: 89
loss: 278.12493896484375
start in data :  CyberShake 444
Jobs number:  30
Tasks number: 89
loss: 278.7872314453125
start in data :  CyberShake 445
Jobs number:  30
Tasks number: 85
loss: 258.2786865234375
start in data :  CyberShake 446
Jobs number:  30
Tasks number: 85
loss: 250.86053466796875
start in data :  CyberShake 447
Jobs number:  30
Tasks number: 91
loss: 280.7143859863281
start in data :  CyberShake 448
Jobs number:  30
Tasks number: 90
loss: 277.0603332519531
start in data :  CyberShake 449
Jobs number:  30
Tasks number: 92
loss: 273.2969970703125
start in data :  CyberShake 450
Jobs number:  30
Tasks number: 86
loss: 257.4331359863281
start in data :  CyberShake 451
Jobs number:  30
Tasks number: 88
loss: 263.6177978515625
start in data :  CyberShake 452
Jobs number:  30
Tasks number: 90
loss: 282.6277770996094
start in data :  CyberShake 453
Jobs number:  30
Tasks number: 86
loss: 257.3758239746094
start in data :  CyberShake 454
Jobs number:  30
Tasks number: 88
loss: 268.790771484375
start in data :  CyberShake 455
Jobs number:  30
Tasks number: 87
loss: 267.6205139160156
start in data :  CyberShake 456
Jobs number:  30
Tasks number: 87
loss: 266.833740234375
start in data :  CyberShake 457
Jobs number:  30
Tasks number: 88
loss: 266.4949951171875
start in data :  CyberShake 458
Jobs number:  30
Tasks number: 94
loss: 298.3632507324219
start in data :  CyberShake 459
Jobs number:  30
Tasks number: 87
loss: 277.14349365234375
start in data :  CyberShake 460
Jobs number:  30
Tasks number: 88
loss: 258.979248046875
start in data :  CyberShake 461
Jobs number:  30
Tasks number: 90
loss: 258.1431884765625
start in data :  CyberShake 462
Jobs number:  30
Tasks number: 85
loss: 261.4033203125
start in data :  CyberShake 463
Jobs number:  30
Tasks number: 87
loss: 275.9576416015625
start in data :  CyberShake 464
Jobs number:  30
Tasks number: 92
loss: 289.9688720703125
start in data :  CyberShake 465
Jobs number:  30
Tasks number: 86
loss: 256.79486083984375
start in data :  CyberShake 466
Jobs number:  30
Tasks number: 89
loss: 280.50506591796875
start in data :  CyberShake 467
Jobs number:  30
Tasks number: 88
loss: 255.0723876953125
start in data :  CyberShake 468
Jobs number:  30
Tasks number: 92
loss: 307.6044006347656
start in data :  CyberShake 469
Jobs number:  30
Tasks number: 96
loss: 346.2139892578125
start in data :  CyberShake 470
Jobs number:  30
Tasks number: 89
loss: 270.9440002441406
start in data :  CyberShake 471
Jobs number:  30
Tasks number: 87
loss: 272.18463134765625
start in data :  CyberShake 472
Jobs number:  30
Tasks number: 88
loss: 293.23431396484375
start in data :  CyberShake 473
Jobs number:  30
Tasks number: 89
loss: 275.1216125488281
start in data :  CyberShake 474
Jobs number:  30
Tasks number: 89
loss: 285.625
start in data :  CyberShake 475
Jobs number:  30
Tasks number: 87
loss: 258.3931884765625
start in data :  CyberShake 476
Jobs number:  30
Tasks number: 90
loss: 282.5585021972656
start in data :  CyberShake 477
Jobs number:  30
Tasks number: 88
loss: 279.52813720703125
start in data :  CyberShake 478
Jobs number:  30
Tasks number: 87
loss: 267.6822204589844
start in data :  CyberShake 479
Jobs number:  30
Tasks number: 93
loss: 308.85650634765625
start in data :  CyberShake 480
Jobs number:  30
Tasks number: 89
loss: 270.88250732421875
start in data :  CyberShake 481
Jobs number:  30
Tasks number: 88
loss: 284.59027099609375
start in data :  CyberShake 482
Jobs number:  30
Tasks number: 90
loss: 272.2864990234375
start in data :  CyberShake 483
Jobs number:  30
Tasks number: 93
loss: 302.96746826171875
start in data :  CyberShake 484
Jobs number:  30
Tasks number: 88
loss: 285.2762145996094
start in data :  CyberShake 485
Jobs number:  30
Tasks number: 89
loss: 284.5727844238281
start in data :  CyberShake 486
Jobs number:  30
Tasks number: 87
loss: 248.5577850341797
start in data :  CyberShake 487
Jobs number:  30
Tasks number: 87
loss: 249.32728576660156
start in data :  CyberShake 488
Jobs number:  30
Tasks number: 88
loss: 272.28778076171875
start in data :  CyberShake 489
Jobs number:  30
Tasks number: 90
loss: 290.8397521972656
start in data :  CyberShake 490
Jobs number:  30
Tasks number: 92
loss: 273.96514892578125
start in data :  CyberShake 491
Jobs number:  30
Tasks number: 88
loss: 284.05584716796875
start in data :  CyberShake 492
Jobs number:  30
Tasks number: 92
loss: 285.6325988769531
start in data :  CyberShake 493
Jobs number:  30
Tasks number: 87
loss: 274.6104736328125
start in data :  CyberShake 494
Jobs number:  30
Tasks number: 87
loss: 259.5932922363281
start in data :  CyberShake 495
Jobs number:  30
Tasks number: 86
loss: 256.3174133300781
start in data :  CyberShake 496
Jobs number:  30
Tasks number: 87
loss: 276.18389892578125
start in data :  CyberShake 497
Jobs number:  30
Tasks number: 88
loss: 253.94725036621094
start in data :  CyberShake 498
Jobs number:  30
Tasks number: 87
loss: 267.37908935546875
start in data :  CyberShake 499
Jobs number:  30
Tasks number: 89
loss: 276.81549072265625
start in data :  CyberShake 500
Jobs number:  30
Tasks number: 91
loss: 318.0684509277344
start in data :  CyberShake 501
Jobs number:  30
Tasks number: 90
loss: 286.82940673828125
start in data :  CyberShake 502
Jobs number:  30
Tasks number: 88
loss: 264.963623046875
start in data :  CyberShake 503
Jobs number:  30
Tasks number: 89
loss: 266.1801452636719
start in data :  CyberShake 504
Jobs number:  30
Tasks number: 88
loss: 262.4239196777344
start in data :  CyberShake 505
Jobs number:  30
Tasks number: 89
loss: 263.3675842285156
start in data :  CyberShake 506
Jobs number:  30
Tasks number: 87
loss: 314.73248291015625
start in data :  CyberShake 507
Jobs number:  30
Tasks number: 87
loss: 285.5339050292969
start in data :  CyberShake 508
Jobs number:  30
Tasks number: 84
loss: 229.94630432128906
start in data :  CyberShake 509
Jobs number:  30
Tasks number: 88
loss: 271.6881103515625
start in data :  CyberShake 510
Jobs number:  30
Tasks number: 85
loss: 265.6810607910156
start in data :  CyberShake 511
Jobs number:  30
Tasks number: 91
loss: 298.2018737792969
start in data :  CyberShake 512
Jobs number:  30
Tasks number: 89
loss: 282.01287841796875
start in data :  CyberShake 513
Jobs number:  30
Tasks number: 89
loss: 269.7224426269531
start in data :  CyberShake 514
Jobs number:  30
Tasks number: 88
loss: 300.8802185058594
start in data :  CyberShake 515
Jobs number:  30
Tasks number: 90
loss: 282.6888732910156
start in data :  CyberShake 516
Jobs number:  30
Tasks number: 88
loss: 265.5310974121094
start in data :  CyberShake 517
Jobs number:  30
Tasks number: 90
loss: 258.65643310546875
start in data :  CyberShake 518
Jobs number:  30
Tasks number: 89
loss: 278.67572021484375
start in data :  CyberShake 519
Jobs number:  30
Tasks number: 88
loss: 264.288818359375
start in data :  CyberShake 520
Jobs number:  30
Tasks number: 93
loss: 282.5846862792969
start in data :  CyberShake 521
Jobs number:  30
Tasks number: 89
loss: 250.48135375976562
start in data :  CyberShake 522
Jobs number:  30
Tasks number: 92
loss: 281.3462829589844
start in data :  CyberShake 523
Jobs number:  30
Tasks number: 88
loss: 280.1485595703125
start in data :  CyberShake 524
Jobs number:  30
Tasks number: 90
loss: 267.0968017578125
start in data :  CyberShake 525
Jobs number:  30
Tasks number: 87
loss: 257.3785400390625
start in data :  CyberShake 526
Jobs number:  30
Tasks number: 89
loss: 263.27569580078125
start in data :  CyberShake 527
Jobs number:  30
Tasks number: 92
loss: 282.32574462890625
start in data :  CyberShake 528
Jobs number:  30
Tasks number: 84
loss: 238.12191772460938
start in data :  CyberShake 529
Jobs number:  30
Tasks number: 89
loss: 295.7606506347656
start in data :  CyberShake 530
Jobs number:  30
Tasks number: 90
loss: 266.3992614746094
start in data :  CyberShake 531
Jobs number:  30
Tasks number: 87
loss: 259.694580078125
start in data :  CyberShake 532
Jobs number:  30
Tasks number: 91
loss: 293.3957214355469
start in data :  CyberShake 533
Jobs number:  30
Tasks number: 88
loss: 266.7770080566406
start in data :  CyberShake 534
Jobs number:  30
Tasks number: 91
loss: 289.0691223144531
start in data :  CyberShake 535
Jobs number:  30
Tasks number: 89
loss: 330.391357421875
start in data :  CyberShake 536
Jobs number:  30
Tasks number: 92
loss: 309.09588623046875
start in data :  CyberShake 537
Jobs number:  30
Tasks number: 90
loss: 280.9988708496094
start in data :  CyberShake 538
Jobs number:  30
Tasks number: 86
loss: 270.8225402832031
start in data :  CyberShake 539
Jobs number:  30
Tasks number: 90
loss: 292.3301086425781
start in data :  CyberShake 540
Jobs number:  30
Tasks number: 86
loss: 252.98178100585938
start in data :  CyberShake 541
Jobs number:  30
Tasks number: 89
loss: 265.3711242675781
start in data :  CyberShake 542
Jobs number:  30
Tasks number: 94
loss: 308.77655029296875
start in data :  CyberShake 543
Jobs number:  30
Tasks number: 89
loss: 256.35870361328125
start in data :  CyberShake 544
Jobs number:  30
Tasks number: 88
loss: 270.2198181152344
start in data :  CyberShake 545
Jobs number:  30
Tasks number: 87
loss: 266.09710693359375
start in data :  CyberShake 546
Jobs number:  30
Tasks number: 94
loss: 281.543212890625
start in data :  CyberShake 547
Jobs number:  30
Tasks number: 90
loss: 307.9931640625
start in data :  CyberShake 548
Jobs number:  30
Tasks number: 91
loss: 260.7176208496094
start in data :  CyberShake 549
Jobs number:  30
Tasks number: 88
loss: 280.357666015625
start in data :  CyberShake 550
Jobs number:  30
Tasks number: 87
loss: 267.8724060058594
start in data :  CyberShake 551
Jobs number:  30
Tasks number: 92
loss: 314.4310302734375
start in data :  CyberShake 552
Jobs number:  30
Tasks number: 88
loss: 261.41473388671875
start in data :  CyberShake 553
Jobs number:  30
Tasks number: 89
loss: 274.6220397949219
start in data :  CyberShake 554
Jobs number:  30
Tasks number: 92
loss: 301.5669860839844
start in data :  CyberShake 555
Jobs number:  30
Tasks number: 87
loss: 267.4993896484375
start in data :  CyberShake 556
Jobs number:  30
Tasks number: 87
loss: 242.22970581054688
start in data :  CyberShake 557
Jobs number:  30
Tasks number: 91
loss: 295.2078857421875
start in data :  CyberShake 558
Jobs number:  30
Tasks number: 87
loss: 296.51580810546875
start in data :  CyberShake 559
Jobs number:  30
Tasks number: 89
loss: 265.2408142089844
start in data :  CyberShake 560
Jobs number:  30
Tasks number: 84
loss: 234.320068359375
start in data :  CyberShake 561
Jobs number:  30
Tasks number: 89
loss: 277.14691162109375
start in data :  CyberShake 562
Jobs number:  30
Tasks number: 87
loss: 260.5644836425781
start in data :  CyberShake 563
Jobs number:  30
Tasks number: 91
loss: 291.6199951171875
start in data :  CyberShake 564
Jobs number:  30
Tasks number: 87
loss: 257.8746643066406
start in data :  CyberShake 565
Jobs number:  30
Tasks number: 87
loss: 252.5397186279297
start in data :  CyberShake 566
Jobs number:  30
Tasks number: 90
loss: 278.604248046875
start in data :  CyberShake 567
Jobs number:  30
Tasks number: 87
loss: 257.6441345214844
start in data :  CyberShake 568
Jobs number:  30
Tasks number: 90
loss: 269.8662414550781
start in data :  CyberShake 569
Jobs number:  30
Tasks number: 90
loss: 262.7032775878906
start in data :  CyberShake 570
Jobs number:  30
Tasks number: 89
loss: 258.5479736328125
start in data :  CyberShake 571
Jobs number:  30
Tasks number: 87
loss: 276.6784362792969
start in data :  CyberShake 572
Jobs number:  30
Tasks number: 87
loss: 256.1061096191406
start in data :  CyberShake 573
Jobs number:  30
Tasks number: 92
loss: 293.58526611328125
start in data :  CyberShake 574
Jobs number:  30
Tasks number: 87
loss: 254.86708068847656
start in data :  CyberShake 575
Jobs number:  30
Tasks number: 87
loss: 266.4325866699219
start in data :  CyberShake 576
Jobs number:  30
Tasks number: 88
loss: 272.04248046875
start in data :  CyberShake 577
Jobs number:  30
Tasks number: 88
loss: 282.1888122558594
start in data :  CyberShake 578
Jobs number:  30
Tasks number: 85
loss: 241.70973205566406
start in data :  CyberShake 579
Jobs number:  30
Tasks number: 86
loss: 242.614990234375
start in data :  CyberShake 580
Jobs number:  30
Tasks number: 88
loss: 258.68450927734375
start in data :  CyberShake 581
Jobs number:  30
Tasks number: 89
loss: 269.0435485839844
start in data :  CyberShake 582
Jobs number:  30
Tasks number: 89
loss: 276.0453186035156
start in data :  CyberShake 583
Jobs number:  30
Tasks number: 84
loss: 241.6644744873047
start in data :  CyberShake 584
Jobs number:  30
Tasks number: 85
loss: 249.01226806640625
start in data :  CyberShake 585
Jobs number:  30
Tasks number: 85
loss: 257.2077941894531
start in data :  CyberShake 586
Jobs number:  30
Tasks number: 87
loss: 245.61923217773438
start in data :  CyberShake 587
Jobs number:  30
Tasks number: 92
loss: 304.2602233886719
start in data :  CyberShake 588
Jobs number:  30
Tasks number: 88
loss: 249.28297424316406
start in data :  CyberShake 589
Jobs number:  30
Tasks number: 87
loss: 251.45233154296875
start in data :  CyberShake 590
Jobs number:  30
Tasks number: 84
loss: 232.72767639160156
start in data :  CyberShake 591
Jobs number:  30
Tasks number: 87
loss: 299.3818359375
start in data :  CyberShake 592
Jobs number:  30
Tasks number: 87
loss: 282.01715087890625
start in data :  CyberShake 593
Jobs number:  30
Tasks number: 91
loss: 288.1670227050781
start in data :  CyberShake 594
Jobs number:  30
Tasks number: 84
loss: 254.8934783935547
start in data :  CyberShake 595
Jobs number:  30
Tasks number: 93
loss: 294.7999267578125
start in data :  CyberShake 596
Jobs number:  30
Tasks number: 90
loss: 298.511962890625
start in data :  CyberShake 597
Jobs number:  30
Tasks number: 84
loss: 256.27545166015625
start in data :  CyberShake 598
Jobs number:  30
Tasks number: 89
loss: 268.1053466796875
start in data :  CyberShake 599
Jobs number:  30
Tasks number: 88
loss: 292.94677734375
start in data :  CyberShake 600
Jobs number:  30
Tasks number: 94
loss: 311.7597961425781
start in data :  CyberShake 601
Jobs number:  30
Tasks number: 85
loss: 248.51011657714844
start in data :  CyberShake 602
Jobs number:  30
Tasks number: 87
loss: 256.6726989746094
start in data :  CyberShake 603
Jobs number:  30
Tasks number: 88
loss: 263.8765869140625
start in data :  CyberShake 604
Jobs number:  30
Tasks number: 86
loss: 254.68321228027344
start in data :  CyberShake 605
Jobs number:  30
Tasks number: 87
loss: 268.2429504394531
start in data :  CyberShake 606
Jobs number:  30
Tasks number: 86
loss: 252.4153289794922
start in data :  CyberShake 607
Jobs number:  30
Tasks number: 90
loss: 268.9268798828125
start in data :  CyberShake 608
Jobs number:  30
Tasks number: 90
loss: 274.127685546875
start in data :  CyberShake 609
Jobs number:  30
Tasks number: 89
loss: 246.482177734375
start in data :  CyberShake 610
Jobs number:  30
Tasks number: 90
loss: 278.6788635253906
start in data :  CyberShake 611
Jobs number:  30
Tasks number: 93
loss: 310.084716796875
start in data :  CyberShake 612
Jobs number:  30
Tasks number: 89
loss: 258.4200134277344
start in data :  CyberShake 613
Jobs number:  30
Tasks number: 92
loss: 326.97064208984375
start in data :  CyberShake 614
Jobs number:  30
Tasks number: 90
loss: 275.34735107421875
start in data :  CyberShake 615
Jobs number:  30
Tasks number: 88
loss: 264.44097900390625
start in data :  CyberShake 616
Jobs number:  30
Tasks number: 90
loss: 255.15557861328125
start in data :  CyberShake 617
Jobs number:  30
Tasks number: 84
loss: 261.49932861328125
start in data :  CyberShake 618
Jobs number:  30
Tasks number: 91
loss: 285.0389709472656
start in data :  CyberShake 619
Jobs number:  30
Tasks number: 85
loss: 257.718017578125
start in data :  CyberShake 620
Jobs number:  30
Tasks number: 90
loss: 303.5848083496094
start in data :  CyberShake 621
Jobs number:  30
Tasks number: 89
loss: 297.1912536621094
start in data :  CyberShake 622
Jobs number:  30
Tasks number: 90
loss: 276.2696228027344
start in data :  CyberShake 623
Jobs number:  30
Tasks number: 89
loss: 274.56719970703125
start in data :  CyberShake 624
Jobs number:  30
Tasks number: 90
loss: 279.9382019042969
start in data :  CyberShake 625
Jobs number:  30
Tasks number: 86
loss: 240.3829345703125
start in data :  CyberShake 626
Jobs number:  30
Tasks number: 88
loss: 252.5883331298828
start in data :  CyberShake 627
Jobs number:  30
Tasks number: 87
loss: 262.5343322753906
start in data :  CyberShake 628
Jobs number:  30
Tasks number: 91
loss: 287.026611328125
start in data :  CyberShake 629
Jobs number:  30
Tasks number: 85
loss: 235.4267578125
start in data :  CyberShake 630
Jobs number:  30
Tasks number: 88
loss: 261.5207214355469
start in data :  CyberShake 631
Jobs number:  30
Tasks number: 88
loss: 255.19570922851562
start in data :  CyberShake 632
Jobs number:  30
Tasks number: 89
loss: 249.71270751953125
start in data :  CyberShake 633
Jobs number:  30
Tasks number: 90
loss: 274.84527587890625
start in data :  CyberShake 634
Jobs number:  30
Tasks number: 93
loss: 308.6935119628906
start in data :  CyberShake 635
Jobs number:  30
Tasks number: 93
loss: 291.2069396972656
start in data :  CyberShake 636
Jobs number:  30
Tasks number: 88
loss: 257.09588623046875
start in data :  CyberShake 637
Jobs number:  30
Tasks number: 89
loss: 271.7752380371094
start in data :  CyberShake 638
Jobs number:  30
Tasks number: 88
loss: 254.4788055419922
start in data :  CyberShake 639
Jobs number:  30
Tasks number: 86
loss: 262.6855163574219
start in data :  CyberShake 640
Jobs number:  30
Tasks number: 86
loss: 235.3778076171875
start in data :  CyberShake 641
Jobs number:  30
Tasks number: 91
loss: 269.8109130859375
start in data :  CyberShake 642
Jobs number:  30
Tasks number: 87
loss: 237.1010284423828
start in data :  CyberShake 643
Jobs number:  30
Tasks number: 84
loss: 229.10922241210938
start in data :  CyberShake 644
Jobs number:  30
Tasks number: 86
loss: 240.6669464111328
start in data :  CyberShake 645
Jobs number:  30
Tasks number: 92
loss: 266.3349914550781
start in data :  CyberShake 646
Jobs number:  30
Tasks number: 91
loss: 280.3605651855469
start in data :  CyberShake 647
Jobs number:  30
Tasks number: 87
loss: 248.0387725830078
start in data :  CyberShake 648
Jobs number:  30
Tasks number: 90
loss: 280.57550048828125
start in data :  CyberShake 649
Jobs number:  30
Tasks number: 88
loss: 251.41859436035156
start in data :  CyberShake 650
Jobs number:  30
Tasks number: 90
loss: 278.2213134765625
start in data :  CyberShake 651
Jobs number:  30
Tasks number: 91
loss: 267.2956237792969
start in data :  CyberShake 652
Jobs number:  30
Tasks number: 90
loss: 291.2156066894531
start in data :  CyberShake 653
Jobs number:  30
Tasks number: 86
loss: 255.17840576171875
start in data :  CyberShake 654
Jobs number:  30
Tasks number: 92
loss: 290.046630859375
start in data :  CyberShake 655
Jobs number:  30
Tasks number: 91
loss: 274.1632385253906
start in data :  CyberShake 656
Jobs number:  30
Tasks number: 91
loss: 276.6966247558594
start in data :  CyberShake 657
Jobs number:  30
Tasks number: 89
loss: 292.33111572265625
start in data :  CyberShake 658
Jobs number:  30
Tasks number: 87
loss: 255.9637451171875
start in data :  CyberShake 659
Jobs number:  30
Tasks number: 89
loss: 274.6676025390625
start in data :  CyberShake 660
Jobs number:  30
Tasks number: 88
loss: 254.16041564941406
start in data :  CyberShake 661
Jobs number:  30
Tasks number: 88
loss: 278.3360900878906
start in data :  CyberShake 662
Jobs number:  30
Tasks number: 95
loss: 314.8235168457031
start in data :  CyberShake 663
Jobs number:  30
Tasks number: 88
loss: 250.7218475341797
start in data :  CyberShake 664
Jobs number:  30
Tasks number: 92
loss: 284.0751037597656
start in data :  CyberShake 665
Jobs number:  30
Tasks number: 91
loss: 292.7846984863281
start in data :  CyberShake 666
Jobs number:  30
Tasks number: 95
loss: 361.2572021484375
start in data :  CyberShake 667
Jobs number:  30
Tasks number: 89
loss: 258.522216796875
start in data :  CyberShake 668
Jobs number:  30
Tasks number: 87
loss: 286.12725830078125
start in data :  CyberShake 669
Jobs number:  30
Tasks number: 89
loss: 286.3931884765625
start in data :  CyberShake 670
Jobs number:  30
Tasks number: 89
loss: 294.5903015136719
start in data :  CyberShake 671
Jobs number:  30
Tasks number: 91
loss: 275.44927978515625
start in data :  CyberShake 672
Jobs number:  30
Tasks number: 85
loss: 238.07960510253906
start in data :  CyberShake 673
Jobs number:  30
Tasks number: 85
loss: 267.3177795410156
start in data :  CyberShake 674
Jobs number:  30
Tasks number: 90
loss: 283.5540466308594
start in data :  CyberShake 675
Jobs number:  30
Tasks number: 87
loss: 250.28341674804688
start in data :  CyberShake 676
Jobs number:  30
Tasks number: 90
loss: 273.5711364746094
start in data :  CyberShake 677
Jobs number:  30
Tasks number: 88
loss: 283.4735107421875
start in data :  CyberShake 678
Jobs number:  30
Tasks number: 90
loss: 276.7379150390625
start in data :  CyberShake 679
Jobs number:  30
Tasks number: 91
loss: 266.1980895996094
start in data :  CyberShake 680
Jobs number:  30
Tasks number: 91
loss: 267.394287109375
start in data :  CyberShake 681
Jobs number:  30
Tasks number: 86
loss: 252.60235595703125
start in data :  CyberShake 682
Jobs number:  30
Tasks number: 88
loss: 264.47772216796875
start in data :  CyberShake 683
Jobs number:  30
Tasks number: 88
loss: 288.9208984375
start in data :  CyberShake 684
Jobs number:  30
Tasks number: 86
loss: 257.0074157714844
start in data :  CyberShake 685
Jobs number:  30
Tasks number: 89
loss: 274.8420715332031
start in data :  CyberShake 686
Jobs number:  30
Tasks number: 88
loss: 284.3230895996094
start in data :  CyberShake 687
Jobs number:  30
Tasks number: 87
loss: 255.06089782714844
start in data :  CyberShake 688
Jobs number:  30
Tasks number: 89
loss: 262.8898010253906
start in data :  CyberShake 689
Jobs number:  30
Tasks number: 86
loss: 262.0583801269531
start in data :  CyberShake 690
Jobs number:  30
Tasks number: 87
loss: 262.6278381347656
start in data :  CyberShake 691
Jobs number:  30
Tasks number: 88
loss: 286.00567626953125
start in data :  CyberShake 692
Jobs number:  30
Tasks number: 87
loss: 254.01214599609375
start in data :  CyberShake 693
Jobs number:  30
Tasks number: 92
loss: 298.14166259765625
start in data :  CyberShake 694
Jobs number:  30
Tasks number: 88
loss: 263.242919921875
start in data :  CyberShake 695
Jobs number:  30
Tasks number: 88
loss: 263.1912536621094
start in data :  CyberShake 696
Jobs number:  30
Tasks number: 84
loss: 255.41378784179688
start in data :  CyberShake 697
Jobs number:  30
Tasks number: 88
loss: 256.26983642578125
start in data :  CyberShake 698
Jobs number:  30
Tasks number: 92
loss: 279.984130859375
start in data :  CyberShake 699
Jobs number:  30
Tasks number: 89
loss: 258.44647216796875
start in data :  CyberShake 700
Jobs number:  30
Tasks number: 91
loss: 271.975830078125
start in data :  CyberShake 701
Jobs number:  30
Tasks number: 90
loss: 277.3572998046875
start in data :  CyberShake 702
Jobs number:  30
Tasks number: 90
loss: 251.267822265625
start in data :  CyberShake 703
Jobs number:  30
Tasks number: 88
loss: 236.39117431640625
start in data :  CyberShake 704
Jobs number:  30
Tasks number: 86
loss: 253.5049591064453
start in data :  CyberShake 705
Jobs number:  30
Tasks number: 89
loss: 270.5707702636719
start in data :  CyberShake 706
Jobs number:  30
Tasks number: 91
loss: 275.40753173828125
start in data :  CyberShake 707
Jobs number:  30
Tasks number: 91
loss: 291.4466857910156
start in data :  CyberShake 708
Jobs number:  30
Tasks number: 86
loss: 264.797607421875
start in data :  CyberShake 709
Jobs number:  30
Tasks number: 85
loss: 253.80996704101562
start in data :  CyberShake 710
Jobs number:  30
Tasks number: 89
loss: 258.3363342285156
start in data :  CyberShake 711
Jobs number:  30
Tasks number: 90
loss: 292.19842529296875
start in data :  CyberShake 712
Jobs number:  30
Tasks number: 91
loss: 284.56573486328125
start in data :  CyberShake 713
Jobs number:  30
Tasks number: 91
loss: 278.12432861328125
start in data :  CyberShake 714
Jobs number:  30
Tasks number: 85
loss: 263.8943176269531
start in data :  CyberShake 715
Jobs number:  30
Tasks number: 90
loss: 274.21075439453125
start in data :  CyberShake 716
Jobs number:  30
Tasks number: 89
loss: 258.51129150390625
start in data :  CyberShake 717
Jobs number:  30
Tasks number: 92
loss: 300.3089904785156
start in data :  CyberShake 718
Jobs number:  30
Tasks number: 94
loss: 287.0758972167969
start in data :  CyberShake 719
Jobs number:  30
Tasks number: 86
loss: 257.7798156738281
start in data :  CyberShake 720
Jobs number:  30
Tasks number: 92
loss: 291.5458984375
start in data :  CyberShake 721
Jobs number:  30
Tasks number: 89
loss: 255.4178009033203
start in data :  CyberShake 722
Jobs number:  30
Tasks number: 91
loss: 270.1365966796875
start in data :  CyberShake 723
Jobs number:  30
Tasks number: 85
loss: 246.0562744140625
start in data :  CyberShake 724
Jobs number:  30
Tasks number: 88
loss: 250.5872039794922
start in data :  CyberShake 725
Jobs number:  30
Tasks number: 86
loss: 257.14459228515625
start in data :  CyberShake 726
Jobs number:  30
Tasks number: 90
loss: 285.1346435546875
start in data :  CyberShake 727
Jobs number:  30
Tasks number: 88
loss: 255.22254943847656
start in data :  CyberShake 728
Jobs number:  30
Tasks number: 89
loss: 272.7171936035156
start in data :  CyberShake 729
Jobs number:  30
Tasks number: 91
loss: 276.3175964355469
start in data :  CyberShake 730
Jobs number:  30
Tasks number: 90
loss: 263.841796875
start in data :  CyberShake 731
Jobs number:  30
Tasks number: 89
loss: 268.4808349609375
start in data :  CyberShake 732
Jobs number:  30
Tasks number: 92
loss: 279.144775390625
start in data :  CyberShake 733
Jobs number:  30
Tasks number: 85
loss: 250.09939575195312
start in data :  CyberShake 734
Jobs number:  30
Tasks number: 86
loss: 258.87640380859375
start in data :  CyberShake 735
Jobs number:  30
Tasks number: 88
loss: 268.7545166015625
start in data :  CyberShake 736
Jobs number:  30
Tasks number: 89
loss: 271.6995544433594
start in data :  CyberShake 737
Jobs number:  30
Tasks number: 92
loss: 305.1056213378906
start in data :  CyberShake 738
Jobs number:  30
Tasks number: 89
loss: 280.08673095703125
start in data :  CyberShake 739
Jobs number:  30
Tasks number: 87
loss: 263.2070617675781
start in data :  CyberShake 740
Jobs number:  30
Tasks number: 86
loss: 266.2606506347656
start in data :  CyberShake 741
Jobs number:  30
Tasks number: 87
loss: 274.67041015625
start in data :  CyberShake 742
Jobs number:  30
Tasks number: 88
loss: 278.4320068359375
start in data :  CyberShake 743
Jobs number:  30
Tasks number: 92
loss: 292.9000549316406
start in data :  CyberShake 744
Jobs number:  30
Tasks number: 88
loss: 274.2932434082031
start in data :  CyberShake 745
Jobs number:  30
Tasks number: 89
loss: 281.0751953125
start in data :  CyberShake 746
Jobs number:  30
Tasks number: 90
loss: 258.45556640625
start in data :  CyberShake 747
Jobs number:  30
Tasks number: 85
loss: 269.8499755859375
start in data :  CyberShake 748
Jobs number:  30
Tasks number: 90
loss: 264.6441650390625
start in data :  CyberShake 749
Jobs number:  30
Tasks number: 87
loss: 243.48423767089844
start in data :  CyberShake 750
Jobs number:  30
Tasks number: 93
loss: 343.53857421875
start in data :  CyberShake 751
Jobs number:  30
Tasks number: 89
loss: 264.78070068359375
start in data :  CyberShake 752
Jobs number:  30
Tasks number: 89
loss: 285.66351318359375
start in data :  CyberShake 753
Jobs number:  30
Tasks number: 86
loss: 257.2212219238281
start in data :  CyberShake 754
Jobs number:  30
Tasks number: 85
loss: 238.68716430664062
start in data :  CyberShake 755
Jobs number:  30
Tasks number: 92
loss: 283.58770751953125
start in data :  CyberShake 756
Jobs number:  30
Tasks number: 92
loss: 290.32659912109375
start in data :  CyberShake 757
Jobs number:  30
Tasks number: 86
loss: 249.22030639648438
start in data :  CyberShake 758
Jobs number:  30
Tasks number: 93
loss: 290.95416259765625
start in data :  CyberShake 759
Jobs number:  30
Tasks number: 91
loss: 279.5914306640625
start in data :  CyberShake 760
Jobs number:  30
Tasks number: 86
loss: 268.6324157714844
start in data :  CyberShake 761
Jobs number:  30
Tasks number: 86
loss: 239.48504638671875
start in data :  CyberShake 762
Jobs number:  30
Tasks number: 91
loss: 262.7886962890625
start in data :  CyberShake 763
Jobs number:  30
Tasks number: 88
loss: 252.25242614746094
start in data :  CyberShake 764
Jobs number:  30
Tasks number: 91
loss: 273.8803405761719
start in data :  CyberShake 765
Jobs number:  30
Tasks number: 88
loss: 273.2215270996094
start in data :  CyberShake 766
Jobs number:  30
Tasks number: 92
loss: 275.9781494140625
start in data :  CyberShake 767
Jobs number:  30
Tasks number: 92
loss: 286.8975524902344
start in data :  CyberShake 768
Jobs number:  30
Tasks number: 86
loss: 274.2171325683594
start in data :  CyberShake 769
Jobs number:  30
Tasks number: 87
loss: 265.7336730957031
start in data :  CyberShake 770
Jobs number:  30
Tasks number: 91
loss: 276.0787658691406
start in data :  CyberShake 771
Jobs number:  30
Tasks number: 91
loss: 277.6095275878906
start in data :  CyberShake 772
Jobs number:  30
Tasks number: 87
loss: 243.2734832763672
start in data :  CyberShake 773
Jobs number:  30
Tasks number: 92
loss: 272.9586486816406
start in data :  CyberShake 774
Jobs number:  30
Tasks number: 87
loss: 256.9871826171875
start in data :  CyberShake 775
Jobs number:  30
Tasks number: 90
loss: 285.49609375
start in data :  CyberShake 776
Jobs number:  30
Tasks number: 89
loss: 260.854736328125
start in data :  CyberShake 777
Jobs number:  30
Tasks number: 91
loss: 285.438720703125
start in data :  CyberShake 778
Jobs number:  30
Tasks number: 86
loss: 257.0687561035156
start in data :  CyberShake 779
Jobs number:  30
Tasks number: 92
loss: 267.8790588378906
start in data :  CyberShake 780
Jobs number:  30
Tasks number: 91
loss: 285.70684814453125
start in data :  CyberShake 781
Jobs number:  30
Tasks number: 91
loss: 280.71795654296875
start in data :  CyberShake 782
Jobs number:  30
Tasks number: 88
loss: 288.7225341796875
start in data :  CyberShake 783
Jobs number:  30
Tasks number: 86
loss: 261.3410949707031
start in data :  CyberShake 784
Jobs number:  30
Tasks number: 91
loss: 284.33074951171875
start in data :  CyberShake 785
Jobs number:  30
Tasks number: 89
loss: 255.06910705566406
start in data :  CyberShake 786
Jobs number:  30
Tasks number: 87
loss: 267.10845947265625
start in data :  CyberShake 787
Jobs number:  30
Tasks number: 87
loss: 250.90121459960938
start in data :  CyberShake 788
Jobs number:  30
Tasks number: 87
loss: 251.65707397460938
start in data :  CyberShake 789
Jobs number:  30
Tasks number: 93
loss: 301.87481689453125
start in data :  CyberShake 790
Jobs number:  30
Tasks number: 90
loss: 262.33843994140625
start in data :  CyberShake 791
Jobs number:  30
Tasks number: 87
loss: 238.3936767578125
start in data :  CyberShake 792
Jobs number:  30
Tasks number: 87
loss: 252.31008911132812
start in data :  CyberShake 793
Jobs number:  30
Tasks number: 89
loss: 277.4433288574219
start in data :  CyberShake 794
Jobs number:  30
Tasks number: 91
loss: 306.6208801269531
start in data :  CyberShake 795
Jobs number:  30
Tasks number: 90
loss: 287.2825012207031
start in data :  CyberShake 796
Jobs number:  30
Tasks number: 88
loss: 248.1557159423828
start in data :  CyberShake 797
Jobs number:  30
Tasks number: 91
loss: 263.08355712890625
start in data :  CyberShake 798
Jobs number:  30
Tasks number: 89
loss: 260.75970458984375
start in data :  CyberShake 799
Jobs number:  30
Tasks number: 90
loss: 273.9290466308594
start in data :  CyberShake 800
Jobs number:  30
Tasks number: 88
loss: 294.2934875488281
start in data :  CyberShake 801
Jobs number:  30
Tasks number: 88
loss: 277.7539978027344
start in data :  CyberShake 802
Jobs number:  30
Tasks number: 85
loss: 263.2723083496094
start in data :  CyberShake 803
Jobs number:  30
Tasks number: 90
loss: 257.20733642578125
start in data :  CyberShake 804
Jobs number:  30
Tasks number: 87
loss: 271.06683349609375
start in data :  CyberShake 805
Jobs number:  30
Tasks number: 87
loss: 257.8695983886719
start in data :  CyberShake 806
Jobs number:  30
Tasks number: 91
loss: 279.436279296875
start in data :  CyberShake 807
Jobs number:  30
Tasks number: 85
loss: 255.02423095703125
start in data :  CyberShake 808
Jobs number:  30
Tasks number: 92
loss: 295.41461181640625
start in data :  CyberShake 809
Jobs number:  30
Tasks number: 89
loss: 272.70233154296875
start in data :  CyberShake 810
Jobs number:  30
Tasks number: 88
loss: 254.22691345214844
start in data :  CyberShake 811
Jobs number:  30
Tasks number: 88
loss: 241.4013214111328
start in data :  CyberShake 812
Jobs number:  30
Tasks number: 87
loss: 256.6321105957031
start in data :  CyberShake 813
Jobs number:  30
Tasks number: 92
loss: 288.57177734375
start in data :  CyberShake 814
Jobs number:  30
Tasks number: 91
loss: 280.63079833984375
start in data :  CyberShake 815
Jobs number:  30
Tasks number: 90
loss: 281.363037109375
start in data :  CyberShake 816
Jobs number:  30
Tasks number: 90
loss: 262.62335205078125
start in data :  CyberShake 817
Jobs number:  30
Tasks number: 91
loss: 292.4567565917969
start in data :  CyberShake 818
Jobs number:  30
Tasks number: 88
loss: 262.59393310546875
start in data :  CyberShake 819
Jobs number:  30
Tasks number: 88
loss: 261.2345275878906
start in data :  CyberShake 820
Jobs number:  30
Tasks number: 85
loss: 238.76101684570312
start in data :  CyberShake 821
Jobs number:  30
Tasks number: 88
loss: 252.96127319335938
start in data :  CyberShake 822
Jobs number:  30
Tasks number: 92
loss: 277.1564025878906
start in data :  CyberShake 823
Jobs number:  30
Tasks number: 86
loss: 267.3533935546875
start in data :  CyberShake 824
Jobs number:  30
Tasks number: 86
loss: 254.41763305664062
start in data :  CyberShake 825
Jobs number:  30
Tasks number: 89
loss: 270.8238525390625
start in data :  CyberShake 826
Jobs number:  30
Tasks number: 87
loss: 248.9917755126953
start in data :  CyberShake 827
Jobs number:  30
Tasks number: 86
loss: 232.42825317382812
start in data :  CyberShake 828
Jobs number:  30
Tasks number: 87
loss: 255.9811553955078
start in data :  CyberShake 829
Jobs number:  30
Tasks number: 89
loss: 258.2357177734375
start in data :  CyberShake 830
Jobs number:  30
Tasks number: 91
loss: 286.7105407714844
start in data :  CyberShake 831
Jobs number:  30
Tasks number: 91
loss: 266.5456237792969
start in data :  CyberShake 832
Jobs number:  30
Tasks number: 92
loss: 307.8250732421875
start in data :  CyberShake 833
Jobs number:  30
Tasks number: 86
loss: 258.1496276855469
start in data :  CyberShake 834
Jobs number:  30
Tasks number: 87
loss: 242.9839324951172
start in data :  CyberShake 835
Jobs number:  30
Tasks number: 94
loss: 299.3509216308594
start in data :  CyberShake 836
Jobs number:  30
Tasks number: 87
loss: 253.51513671875
start in data :  CyberShake 837
Jobs number:  30
Tasks number: 91
loss: 282.30828857421875
start in data :  CyberShake 838
Jobs number:  30
Tasks number: 87
loss: 256.9512939453125
start in data :  CyberShake 839
Jobs number:  30
Tasks number: 86
loss: 269.5446472167969
start in data :  CyberShake 840
Jobs number:  30
Tasks number: 88
loss: 265.7666015625
start in data :  CyberShake 841
Jobs number:  30
Tasks number: 93
loss: 293.8685302734375
start in data :  CyberShake 842
Jobs number:  30
Tasks number: 85
loss: 259.5218811035156
start in data :  CyberShake 843
Jobs number:  30
Tasks number: 89
loss: 265.6064758300781
start in data :  CyberShake 844
Jobs number:  30
Tasks number: 87
loss: 231.32887268066406
start in data :  CyberShake 845
Jobs number:  30
Tasks number: 87
loss: 274.2158508300781
start in data :  CyberShake 846
Jobs number:  30
Tasks number: 86
loss: 266.297119140625
start in data :  CyberShake 847
Jobs number:  30
Tasks number: 91
loss: 282.20355224609375
start in data :  CyberShake 848
Jobs number:  30
Tasks number: 88
loss: 260.9906311035156
start in data :  CyberShake 849
Jobs number:  30
Tasks number: 87
loss: 272.135009765625
start in data :  CyberShake 850
Jobs number:  30
Tasks number: 91
loss: 282.3183898925781
start in data :  CyberShake 851
Jobs number:  30
Tasks number: 91
loss: 275.93365478515625
start in data :  CyberShake 852
Jobs number:  30
Tasks number: 87
loss: 276.004638671875
start in data :  CyberShake 853
Jobs number:  30
Tasks number: 88
loss: 260.33074951171875
start in data :  CyberShake 854
Jobs number:  30
Tasks number: 89
loss: 280.23797607421875
start in data :  CyberShake 855
Jobs number:  30
Tasks number: 87
loss: 259.7995300292969
start in data :  CyberShake 856
Jobs number:  30
Tasks number: 89
loss: 275.531494140625
start in data :  CyberShake 857
Jobs number:  30
Tasks number: 89
loss: 276.55023193359375
start in data :  CyberShake 858
Jobs number:  30
Tasks number: 89
loss: 253.31927490234375
start in data :  CyberShake 859
Jobs number:  30
Tasks number: 89
loss: 276.6230163574219
start in data :  CyberShake 860
Jobs number:  30
Tasks number: 89
loss: 256.93426513671875
start in data :  CyberShake 861
Jobs number:  30
Tasks number: 92
loss: 278.9617614746094
start in data :  CyberShake 862
Jobs number:  30
Tasks number: 92
loss: 262.0593566894531
start in data :  CyberShake 863
Jobs number:  30
Tasks number: 87
loss: 266.6304931640625
start in data :  CyberShake 864
Jobs number:  30
Tasks number: 91
loss: 302.44635009765625
start in data :  CyberShake 865
Jobs number:  30
Tasks number: 91
loss: 264.823486328125
start in data :  CyberShake 866
Jobs number:  30
Tasks number: 94
loss: 273.57098388671875
start in data :  CyberShake 867
Jobs number:  30
Tasks number: 86
loss: 268.6926574707031
start in data :  CyberShake 868
Jobs number:  30
Tasks number: 91
loss: 294.2578430175781
start in data :  CyberShake 869
Jobs number:  30
Tasks number: 89
loss: 273.75360107421875
start in data :  CyberShake 870
Jobs number:  30
Tasks number: 88
loss: 263.85186767578125
start in data :  CyberShake 871
Jobs number:  30
Tasks number: 88
loss: 261.838134765625
start in data :  CyberShake 872
Jobs number:  30
Tasks number: 90
loss: 263.78741455078125
start in data :  CyberShake 873
Jobs number:  30
Tasks number: 90
loss: 297.4398498535156
start in data :  CyberShake 874
Jobs number:  30
Tasks number: 89
loss: 269.0737609863281
start in data :  CyberShake 875
Jobs number:  30
Tasks number: 87
loss: 269.374267578125
start in data :  CyberShake 876
Jobs number:  30
Tasks number: 89
loss: 272.7530822753906
start in data :  CyberShake 877
Jobs number:  30
Tasks number: 86
loss: 254.00057983398438
start in data :  CyberShake 878
Jobs number:  30
Tasks number: 88
loss: 293.99249267578125
start in data :  CyberShake 879
Jobs number:  30
Tasks number: 88
loss: 271.35162353515625
start in data :  CyberShake 880
Jobs number:  30
Tasks number: 90
loss: 299.73590087890625
start in data :  CyberShake 881
Jobs number:  30
Tasks number: 86
loss: 279.2712097167969
start in data :  CyberShake 882
Jobs number:  30
Tasks number: 88
loss: 251.42596435546875
start in data :  CyberShake 883
Jobs number:  30
Tasks number: 90
loss: 266.3848876953125
start in data :  CyberShake 884
Jobs number:  30
Tasks number: 86
loss: 249.32815551757812
start in data :  CyberShake 885
Jobs number:  30
Tasks number: 92
loss: 287.8701477050781
start in data :  CyberShake 886
Jobs number:  30
Tasks number: 92
loss: 286.5641174316406
start in data :  CyberShake 887
Jobs number:  30
Tasks number: 87
loss: 243.07992553710938
start in data :  CyberShake 888
Jobs number:  30
Tasks number: 90
loss: 274.712646484375
start in data :  CyberShake 889
Jobs number:  30
Tasks number: 87
loss: 271.0196838378906
start in data :  CyberShake 890
Jobs number:  30
Tasks number: 86
loss: 251.36280822753906
start in data :  CyberShake 891
Jobs number:  30
Tasks number: 89
loss: 300.5560607910156
start in data :  CyberShake 892
Jobs number:  30
Tasks number: 90
loss: 287.66748046875
start in data :  CyberShake 893
Jobs number:  30
Tasks number: 91
loss: 278.9476013183594
start in data :  CyberShake 894
Jobs number:  30
Tasks number: 86
loss: 235.65670776367188
start in data :  CyberShake 895
Jobs number:  30
Tasks number: 91
loss: 318.8053283691406
start in data :  CyberShake 896
Jobs number:  30
Tasks number: 88
loss: 258.3624572753906
start in data :  CyberShake 897
Jobs number:  30
Tasks number: 87
loss: 243.41067504882812
start in data :  CyberShake 898
Jobs number:  30
Tasks number: 89
loss: 282.431884765625
start in data :  CyberShake 899
Jobs number:  30
Tasks number: 91
loss: 276.71795654296875
start in data: CyberShake 900
Jobs number:  30
Tasks number: 86
makespan: 54
start in data: CyberShake 901
Jobs number:  30
Tasks number: 89
makespan: 59
start in data: CyberShake 902
Jobs number:  30
Tasks number: 89
makespan: 53
start in data: CyberShake 903
Jobs number:  30
Tasks number: 91
makespan: 60
start in data: CyberShake 904
Jobs number:  30
Tasks number: 86
makespan: 51
start in data: CyberShake 905
Jobs number:  30
Tasks number: 86
makespan: 56
start in data: CyberShake 906
Jobs number:  30
Tasks number: 89
makespan: 48
start in data: CyberShake 907
Jobs number:  30
Tasks number: 92
makespan: 56
start in data: CyberShake 908
Jobs number:  30
Tasks number: 88
makespan: 60
start in data: CyberShake 909
Jobs number:  30
Tasks number: 85
makespan: 54
start in data: CyberShake 910
Jobs number:  30
Tasks number: 87
makespan: 57
start in data: CyberShake 911
Jobs number:  30
Tasks number: 91
makespan: 58
start in data: CyberShake 912
Jobs number:  30
Tasks number: 91
makespan: 63
start in data: CyberShake 913
Jobs number:  30
Tasks number: 89
makespan: 53
start in data: CyberShake 914
Jobs number:  30
Tasks number: 90
makespan: 49
start in data: CyberShake 915
Jobs number:  30
Tasks number: 86
makespan: 56
start in data: CyberShake 916
Jobs number:  30
Tasks number: 85
makespan: 57
start in data: CyberShake 917
Jobs number:  30
Tasks number: 91
makespan: 59
start in data: CyberShake 918
Jobs number:  30
Tasks number: 88
makespan: 50
start in data: CyberShake 919
Jobs number:  30
Tasks number: 89
makespan: 51
start in data: CyberShake 920
Jobs number:  30
Tasks number: 88
makespan: 52
start in data: CyberShake 921
Jobs number:  30
Tasks number: 89
makespan: 54
start in data: CyberShake 922
Jobs number:  30
Tasks number: 89
makespan: 54
start in data: CyberShake 923
Jobs number:  30
Tasks number: 90
makespan: 52
start in data: CyberShake 924
Jobs number:  30
Tasks number: 85
makespan: 52
start in data: CyberShake 925
Jobs number:  30
Tasks number: 89
makespan: 56
start in data: CyberShake 926
Jobs number:  30
Tasks number: 91
makespan: 61
start in data: CyberShake 927
Jobs number:  30
Tasks number: 89
makespan: 48
start in data: CyberShake 928
Jobs number:  30
Tasks number: 91
makespan: 57
start in data: CyberShake 929
Jobs number:  30
Tasks number: 87
makespan: 58
start in data: CyberShake 930
Jobs number:  30
Tasks number: 87
makespan: 46
start in data: CyberShake 931
Jobs number:  30
Tasks number: 89
makespan: 40
start in data: CyberShake 932
Jobs number:  30
Tasks number: 89
makespan: 54
start in data: CyberShake 933
Jobs number:  30
Tasks number: 89
makespan: 57
start in data: CyberShake 934
Jobs number:  30
Tasks number: 90
makespan: 50
start in data: CyberShake 935
Jobs number:  30
Tasks number: 90
makespan: 59
start in data: CyberShake 936
Jobs number:  30
Tasks number: 88
makespan: 55
start in data: CyberShake 937
Jobs number:  30
Tasks number: 89
makespan: 45
start in data: CyberShake 938
Jobs number:  30
Tasks number: 86
makespan: 50
start in data: CyberShake 939
Jobs number:  30
Tasks number: 88
makespan: 54
start in data: CyberShake 940
Jobs number:  30
Tasks number: 93
makespan: 52
start in data: CyberShake 941
Jobs number:  30
Tasks number: 93
makespan: 54
start in data: CyberShake 942
Jobs number:  30
Tasks number: 89
makespan: 58
start in data: CyberShake 943
Jobs number:  30
Tasks number: 90
makespan: 57
start in data: CyberShake 944
Jobs number:  30
Tasks number: 88
makespan: 48
start in data: CyberShake 945
Jobs number:  30
Tasks number: 87
makespan: 60
start in data: CyberShake 946
Jobs number:  30
Tasks number: 89
makespan: 54
start in data: CyberShake 947
Jobs number:  30
Tasks number: 87
makespan: 49
start in data: CyberShake 948
Jobs number:  30
Tasks number: 90
makespan: 41
start in data: CyberShake 949
Jobs number:  30
Tasks number: 88
makespan: 48
start in data: CyberShake 950
Jobs number:  30
Tasks number: 86
makespan: 56
start in data: CyberShake 951
Jobs number:  30
Tasks number: 87
makespan: 54
start in data: CyberShake 952
Jobs number:  30
Tasks number: 88
makespan: 53
start in data: CyberShake 953
Jobs number:  30
Tasks number: 88
makespan: 52
start in data: CyberShake 954
Jobs number:  30
Tasks number: 88
makespan: 45
start in data: CyberShake 955
Jobs number:  30
Tasks number: 90
makespan: 61
start in data: CyberShake 956
Jobs number:  30
Tasks number: 89
makespan: 45
start in data: CyberShake 957
Jobs number:  30
Tasks number: 88
makespan: 53
start in data: CyberShake 958
Jobs number:  30
Tasks number: 92
makespan: 51
start in data: CyberShake 959
Jobs number:  30
Tasks number: 91
makespan: 56
start in data: CyberShake 960
Jobs number:  30
Tasks number: 91
makespan: 56
start in data: CyberShake 961
Jobs number:  30
Tasks number: 87
makespan: 56
start in data: CyberShake 962
Jobs number:  30
Tasks number: 86
makespan: 48
start in data: CyberShake 963
Jobs number:  30
Tasks number: 86
makespan: 46
start in data: CyberShake 964
Jobs number:  30
Tasks number: 86
makespan: 51
start in data: CyberShake 965
Jobs number:  30
Tasks number: 94
makespan: 58
start in data: CyberShake 966
Jobs number:  30
Tasks number: 85
makespan: 54
start in data: CyberShake 967
Jobs number:  30
Tasks number: 90
makespan: 48
start in data: CyberShake 968
Jobs number:  30
Tasks number: 92
makespan: 60
start in data: CyberShake 969
Jobs number:  30
Tasks number: 89
makespan: 59
start in data: CyberShake 970
Jobs number:  30
Tasks number: 90
makespan: 54
start in data: CyberShake 971
Jobs number:  30
Tasks number: 89
makespan: 58
start in data: CyberShake 972
Jobs number:  30
Tasks number: 93
makespan: 55
start in data: CyberShake 973
Jobs number:  30
Tasks number: 89
makespan: 53
start in data: CyberShake 974
Jobs number:  30
Tasks number: 92
makespan: 56
start in data: CyberShake 975
Jobs number:  30
Tasks number: 89
makespan: 52
start in data: CyberShake 976
Jobs number:  30
Tasks number: 89
makespan: 52
start in data: CyberShake 977
Jobs number:  30
Tasks number: 86
makespan: 51
start in data: CyberShake 978
Jobs number:  30
Tasks number: 87
makespan: 57
start in data: CyberShake 979
Jobs number:  30
Tasks number: 86
makespan: 54
start in data: CyberShake 980
Jobs number:  30
Tasks number: 95
makespan: 54
start in data: CyberShake 981
Jobs number:  30
Tasks number: 86
makespan: 54
start in data: CyberShake 982
Jobs number:  30
Tasks number: 90
makespan: 56
start in data: CyberShake 983
Jobs number:  30
Tasks number: 89
makespan: 59
start in data: CyberShake 984
Jobs number:  30
Tasks number: 89
makespan: 57
start in data: CyberShake 985
Jobs number:  30
Tasks number: 88
makespan: 49
start in data: CyberShake 986
Jobs number:  30
Tasks number: 90
makespan: 53
start in data: CyberShake 987
Jobs number:  30
Tasks number: 88
makespan: 55
start in data: CyberShake 988
Jobs number:  30
Tasks number: 92
makespan: 58
start in data: CyberShake 989
Jobs number:  30
Tasks number: 90
makespan: 59
start in data: CyberShake 990
Jobs number:  30
Tasks number: 91
makespan: 55
start in data: CyberShake 991
Jobs number:  30
Tasks number: 91
makespan: 56
start in data: CyberShake 992
Jobs number:  30
Tasks number: 90
makespan: 57
start in data: CyberShake 993
Jobs number:  30
Tasks number: 91
makespan: 46
start in data: CyberShake 994
Jobs number:  30
Tasks number: 87
makespan: 59
start in data: CyberShake 995
Jobs number:  30
Tasks number: 91
makespan: 55
start in data: CyberShake 996
Jobs number:  30
Tasks number: 89
makespan: 55
start in data: CyberShake 997
Jobs number:  30
Tasks number: 89
makespan: 58
start in data: CyberShake 998
Jobs number:  30
Tasks number: 87
makespan: 54
start in data: CyberShake 999
Jobs number:  30
Tasks number: 86
makespan: 53
