start in data :  CyberShake 0
Jobs number:  10
Tasks number: 31
loss: 126.0993881225586
start in data :  CyberShake 1
Jobs number:  10
Tasks number: 34
loss: 136.20703125
start in data :  CyberShake 2
Jobs number:  10
Tasks number: 28
loss: 90.66020202636719
start in data :  CyberShake 3
Jobs number:  10
Tasks number: 29
loss: 91.87451934814453
start in data :  CyberShake 4
Jobs number:  10
Tasks number: 27
loss: 60.535606384277344
start in data :  CyberShake 5
Jobs number:  10
Tasks number: 31
loss: 86.9615478515625
start in data :  CyberShake 6
Jobs number:  10
Tasks number: 29
loss: 93.18006896972656
start in data :  CyberShake 7
Jobs number:  10
Tasks number: 26
loss: 84.79859924316406
start in data :  CyberShake 8
Jobs number:  10
Tasks number: 25
loss: 86.28440856933594
start in data :  CyberShake 9
Jobs number:  10
Tasks number: 33
loss: 136.36126708984375
start in data :  CyberShake 10
Jobs number:  10
Tasks number: 30
loss: 98.50244140625
start in data :  CyberShake 11
Jobs number:  10
Tasks number: 31
loss: 115.1185302734375
start in data :  CyberShake 12
Jobs number:  10
Tasks number: 31
loss: 103.26410675048828
start in data :  CyberShake 13
Jobs number:  10
Tasks number: 29
loss: 91.48847961425781
start in data :  CyberShake 14
Jobs number:  10
Tasks number: 26
loss: 71.22699737548828
start in data :  CyberShake 15
Jobs number:  10
Tasks number: 27
loss: 75.2073974609375
start in data :  CyberShake 16
Jobs number:  10
Tasks number: 27
loss: 67.96955871582031
start in data :  CyberShake 17
Jobs number:  10
Tasks number: 32
loss: 110.5806655883789
start in data :  CyberShake 18
Jobs number:  10
Tasks number: 24
loss: 68.71769714355469
start in data :  CyberShake 19
Jobs number:  10
Tasks number: 25
loss: 80.10260009765625
start in data :  CyberShake 20
Jobs number:  10
Tasks number: 28
loss: 77.29268646240234
start in data :  CyberShake 21
Jobs number:  10
Tasks number: 37
loss: 149.7574462890625
start in data :  CyberShake 22
Jobs number:  10
Tasks number: 30
loss: 100.74886322021484
start in data :  CyberShake 23
Jobs number:  10
Tasks number: 28
loss: 81.54503631591797
start in data :  CyberShake 24
Jobs number:  10
Tasks number: 31
loss: 89.20772552490234
start in data :  CyberShake 25
Jobs number:  10
Tasks number: 27
loss: 66.71903991699219
start in data :  CyberShake 26
Jobs number:  10
Tasks number: 31
loss: 88.36150360107422
start in data :  CyberShake 27
Jobs number:  10
Tasks number: 30
loss: 84.9190902709961
start in data :  CyberShake 28
Jobs number:  10
Tasks number: 27
loss: 75.7877197265625
start in data :  CyberShake 29
Jobs number:  10
Tasks number: 29
loss: 86.59249877929688
start in data :  CyberShake 30
Jobs number:  10
Tasks number: 29
loss: 80.20073699951172
start in data :  CyberShake 31
Jobs number:  10
Tasks number: 32
loss: 119.3050765991211
start in data :  CyberShake 32
Jobs number:  10
Tasks number: 28
loss: 74.47567749023438
start in data :  CyberShake 33
Jobs number:  10
Tasks number: 30
loss: 89.28018951416016
start in data :  CyberShake 34
Jobs number:  10
Tasks number: 29
loss: 90.93595123291016
start in data :  CyberShake 35
Jobs number:  10
Tasks number: 27
loss: 84.7416000366211
start in data :  CyberShake 36
Jobs number:  10
Tasks number: 30
loss: 79.87500762939453
start in data :  CyberShake 37
Jobs number:  10
Tasks number: 31
loss: 94.24874114990234
start in data :  CyberShake 38
Jobs number:  10
Tasks number: 26
loss: 70.5341567993164
start in data :  CyberShake 39
Jobs number:  10
Tasks number: 35
loss: 135.8179931640625
start in data :  CyberShake 40
Jobs number:  10
Tasks number: 28
loss: 82.40052795410156
start in data :  CyberShake 41
Jobs number:  10
Tasks number: 31
loss: 106.14822387695312
start in data :  CyberShake 42
Jobs number:  10
Tasks number: 32
loss: 98.09526824951172
start in data :  CyberShake 43
Jobs number:  10
Tasks number: 32
loss: 118.45661926269531
start in data :  CyberShake 44
Jobs number:  10
Tasks number: 27
loss: 74.54519653320312
start in data :  CyberShake 45
Jobs number:  10
Tasks number: 32
loss: 96.46826934814453
start in data :  CyberShake 46
Jobs number:  10
Tasks number: 27
loss: 75.77490997314453
start in data :  CyberShake 47
Jobs number:  10
Tasks number: 29
loss: 83.30859375
start in data :  CyberShake 48
Jobs number:  10
Tasks number: 27
loss: 83.35905456542969
start in data :  CyberShake 49
Jobs number:  10
Tasks number: 29
loss: 89.52249908447266
start in data :  CyberShake 50
Jobs number:  10
Tasks number: 28
loss: 81.06112670898438
start in data :  CyberShake 51
Jobs number:  10
Tasks number: 30
loss: 86.91941833496094
start in data :  CyberShake 52
Jobs number:  10
Tasks number: 26
loss: 59.034996032714844
start in data :  CyberShake 53
Jobs number:  10
Tasks number: 29
loss: 86.68324279785156
start in data :  CyberShake 54
Jobs number:  10
Tasks number: 26
loss: 74.85228729248047
start in data :  CyberShake 55
Jobs number:  10
Tasks number: 30
loss: 79.63713073730469
start in data :  CyberShake 56
Jobs number:  10
Tasks number: 29
loss: 73.60029602050781
start in data :  CyberShake 57
Jobs number:  10
Tasks number: 24
loss: 71.49861907958984
start in data :  CyberShake 58
Jobs number:  10
Tasks number: 28
loss: 79.33484649658203
start in data :  CyberShake 59
Jobs number:  10
Tasks number: 27
loss: 62.2457160949707
start in data :  CyberShake 60
Jobs number:  10
Tasks number: 27
loss: 81.05406951904297
start in data :  CyberShake 61
Jobs number:  10
Tasks number: 31
loss: 108.96086120605469
start in data :  CyberShake 62
Jobs number:  10
Tasks number: 34
loss: 123.7676773071289
start in data :  CyberShake 63
Jobs number:  10
Tasks number: 27
loss: 81.36080932617188
start in data :  CyberShake 64
Jobs number:  10
Tasks number: 28
loss: 71.690185546875
start in data :  CyberShake 65
Jobs number:  10
Tasks number: 35
loss: 118.78890991210938
start in data :  CyberShake 66
Jobs number:  10
Tasks number: 31
loss: 89.5687026977539
start in data :  CyberShake 67
Jobs number:  10
Tasks number: 28
loss: 70.57698822021484
start in data :  CyberShake 68
Jobs number:  10
Tasks number: 30
loss: 92.1461410522461
start in data :  CyberShake 69
Jobs number:  10
Tasks number: 30
loss: 80.63436889648438
start in data :  CyberShake 70
Jobs number:  10
Tasks number: 24
loss: 61.71730041503906
start in data :  CyberShake 71
Jobs number:  10
Tasks number: 27
loss: 78.87242889404297
start in data :  CyberShake 72
Jobs number:  10
Tasks number: 32
loss: 106.3326187133789
start in data :  CyberShake 73
Jobs number:  10
Tasks number: 27
loss: 63.90570068359375
start in data :  CyberShake 74
Jobs number:  10
Tasks number: 29
loss: 88.28087615966797
start in data :  CyberShake 75
Jobs number:  10
Tasks number: 28
loss: 77.91085815429688
start in data :  CyberShake 76
Jobs number:  10
Tasks number: 31
loss: 93.54505920410156
start in data :  CyberShake 77
Jobs number:  10
Tasks number: 27
loss: 79.7204360961914
start in data :  CyberShake 78
Jobs number:  10
Tasks number: 30
loss: 90.79994201660156
start in data :  CyberShake 79
Jobs number:  10
Tasks number: 28
loss: 81.93523406982422
start in data :  CyberShake 80
Jobs number:  10
Tasks number: 30
loss: 86.55485534667969
start in data :  CyberShake 81
Jobs number:  10
Tasks number: 27
loss: 69.60591888427734
start in data :  CyberShake 82
Jobs number:  10
Tasks number: 27
loss: 65.11626434326172
start in data :  CyberShake 83
Jobs number:  10
Tasks number: 30
loss: 85.74044799804688
start in data :  CyberShake 84
Jobs number:  10
Tasks number: 32
loss: 113.72786712646484
start in data :  CyberShake 85
Jobs number:  10
Tasks number: 27
loss: 61.40391540527344
start in data :  CyberShake 86
Jobs number:  10
Tasks number: 32
loss: 99.81034088134766
start in data :  CyberShake 87
Jobs number:  10
Tasks number: 27
loss: 89.67422485351562
start in data :  CyberShake 88
Jobs number:  10
Tasks number: 30
loss: 86.9914779663086
start in data :  CyberShake 89
Jobs number:  10
Tasks number: 29
loss: 89.29591369628906
start in data :  CyberShake 90
Jobs number:  10
Tasks number: 28
loss: 73.8866958618164
start in data :  CyberShake 91
Jobs number:  10
Tasks number: 29
loss: 89.98291015625
start in data :  CyberShake 92
Jobs number:  10
Tasks number: 28
loss: 76.10802459716797
start in data :  CyberShake 93
Jobs number:  10
Tasks number: 31
loss: 84.27116394042969
start in data :  CyberShake 94
Jobs number:  10
Tasks number: 30
loss: 98.71330261230469
start in data :  CyberShake 95
Jobs number:  10
Tasks number: 27
loss: 65.06173706054688
start in data :  CyberShake 96
Jobs number:  10
Tasks number: 30
loss: 86.19253540039062
start in data :  CyberShake 97
Jobs number:  10
Tasks number: 28
loss: 77.1302719116211
start in data :  CyberShake 98
Jobs number:  10
Tasks number: 26
loss: 78.59490966796875
start in data :  CyberShake 99
Jobs number:  10
Tasks number: 30
loss: 103.74895477294922
start in data :  CyberShake 100
Jobs number:  10
Tasks number: 30
loss: 101.16266632080078
start in data :  CyberShake 101
Jobs number:  10
Tasks number: 27
loss: 72.93810272216797
start in data :  CyberShake 102
Jobs number:  10
Tasks number: 26
loss: 73.00057220458984
start in data :  CyberShake 103
Jobs number:  10
Tasks number: 27
loss: 77.56714630126953
start in data :  CyberShake 104
Jobs number:  10
Tasks number: 29
loss: 91.81674194335938
start in data :  CyberShake 105
Jobs number:  10
Tasks number: 26
loss: 70.94659423828125
start in data :  CyberShake 106
Jobs number:  10
Tasks number: 29
loss: 74.79317474365234
start in data :  CyberShake 107
Jobs number:  10
Tasks number: 31
loss: 95.74376678466797
start in data :  CyberShake 108
Jobs number:  10
Tasks number: 31
loss: 117.33441162109375
start in data :  CyberShake 109
Jobs number:  10
Tasks number: 27
loss: 57.555381774902344
start in data :  CyberShake 110
Jobs number:  10
Tasks number: 33
loss: 97.07537078857422
start in data :  CyberShake 111
Jobs number:  10
Tasks number: 31
loss: 97.89738464355469
start in data :  CyberShake 112
Jobs number:  10
Tasks number: 30
loss: 114.02629852294922
start in data :  CyberShake 113
Jobs number:  10
Tasks number: 27
loss: 64.27201843261719
start in data :  CyberShake 114
Jobs number:  10
Tasks number: 30
loss: 102.70857238769531
start in data :  CyberShake 115
Jobs number:  10
Tasks number: 26
loss: 66.99385070800781
start in data :  CyberShake 116
Jobs number:  10
Tasks number: 27
loss: 68.55618286132812
start in data :  CyberShake 117
Jobs number:  10
Tasks number: 32
loss: 115.30682373046875
start in data :  CyberShake 118
Jobs number:  10
Tasks number: 30
loss: 84.67666625976562
start in data :  CyberShake 119
Jobs number:  10
Tasks number: 30
loss: 86.00433349609375
start in data :  CyberShake 120
Jobs number:  10
Tasks number: 28
loss: 87.20777130126953
start in data :  CyberShake 121
Jobs number:  10
Tasks number: 26
loss: 74.82402801513672
start in data :  CyberShake 122
Jobs number:  10
Tasks number: 26
loss: 69.56153106689453
start in data :  CyberShake 123
Jobs number:  10
Tasks number: 30
loss: 100.36945343017578
start in data :  CyberShake 124
Jobs number:  10
Tasks number: 30
loss: 90.6383056640625
start in data :  CyberShake 125
Jobs number:  10
Tasks number: 31
loss: 91.422607421875
start in data :  CyberShake 126
Jobs number:  10
Tasks number: 30
loss: 86.94684600830078
start in data :  CyberShake 127
Jobs number:  10
Tasks number: 29
loss: 82.16735076904297
start in data :  CyberShake 128
Jobs number:  10
Tasks number: 29
loss: 91.80089569091797
start in data :  CyberShake 129
Jobs number:  10
Tasks number: 30
loss: 89.76377868652344
start in data :  CyberShake 130
Jobs number:  10
Tasks number: 30
loss: 88.7486343383789
start in data :  CyberShake 131
Jobs number:  10
Tasks number: 27
loss: 77.83908081054688
start in data :  CyberShake 132
Jobs number:  10
Tasks number: 31
loss: 98.53278350830078
start in data :  CyberShake 133
Jobs number:  10
Tasks number: 26
loss: 59.19009780883789
start in data :  CyberShake 134
Jobs number:  10
Tasks number: 27
loss: 74.35478973388672
start in data :  CyberShake 135
Jobs number:  10
Tasks number: 25
loss: 62.252403259277344
start in data :  CyberShake 136
Jobs number:  10
Tasks number: 26
loss: 60.54634475708008
start in data :  CyberShake 137
Jobs number:  10
Tasks number: 24
loss: 52.65517807006836
start in data :  CyberShake 138
Jobs number:  10
Tasks number: 27
loss: 78.0782470703125
start in data :  CyberShake 139
Jobs number:  10
Tasks number: 27
loss: 73.72046661376953
start in data :  CyberShake 140
Jobs number:  10
Tasks number: 28
loss: 63.54042053222656
start in data :  CyberShake 141
Jobs number:  10
Tasks number: 30
loss: 90.99492645263672
start in data :  CyberShake 142
Jobs number:  10
Tasks number: 29
loss: 82.34403991699219
start in data :  CyberShake 143
Jobs number:  10
Tasks number: 29
loss: 74.6272201538086
start in data :  CyberShake 144
Jobs number:  10
Tasks number: 32
loss: 100.08544921875
start in data :  CyberShake 145
Jobs number:  10
Tasks number: 28
loss: 68.8753662109375
start in data :  CyberShake 146
Jobs number:  10
Tasks number: 28
loss: 68.08467864990234
start in data :  CyberShake 147
Jobs number:  10
Tasks number: 31
loss: 98.7560806274414
start in data :  CyberShake 148
Jobs number:  10
Tasks number: 28
loss: 67.78097534179688
start in data :  CyberShake 149
Jobs number:  10
Tasks number: 30
loss: 83.66644287109375
start in data :  CyberShake 150
Jobs number:  10
Tasks number: 32
loss: 95.66817474365234
start in data :  CyberShake 151
Jobs number:  10
Tasks number: 29
loss: 75.94261169433594
start in data :  CyberShake 152
Jobs number:  10
Tasks number: 27
loss: 69.28677368164062
start in data :  CyberShake 153
Jobs number:  10
Tasks number: 28
loss: 83.998779296875
start in data :  CyberShake 154
Jobs number:  10
Tasks number: 27
loss: 62.283912658691406
start in data :  CyberShake 155
Jobs number:  10
Tasks number: 28
loss: 78.1947021484375
start in data :  CyberShake 156
Jobs number:  10
Tasks number: 29
loss: 76.82361602783203
start in data :  CyberShake 157
Jobs number:  10
Tasks number: 27
loss: 65.9149398803711
start in data :  CyberShake 158
Jobs number:  10
Tasks number: 34
loss: 107.08317565917969
start in data :  CyberShake 159
Jobs number:  10
Tasks number: 27
loss: 65.09649658203125
start in data :  CyberShake 160
Jobs number:  10
Tasks number: 33
loss: 98.60050201416016
start in data :  CyberShake 161
Jobs number:  10
Tasks number: 30
loss: 93.05154418945312
start in data :  CyberShake 162
Jobs number:  10
Tasks number: 33
loss: 99.89498901367188
start in data :  CyberShake 163
Jobs number:  10
Tasks number: 28
loss: 85.0364990234375
start in data :  CyberShake 164
Jobs number:  10
Tasks number: 34
loss: 121.39602661132812
start in data :  CyberShake 165
Jobs number:  10
Tasks number: 26
loss: 65.97682189941406
start in data :  CyberShake 166
Jobs number:  10
Tasks number: 29
loss: 78.25203704833984
start in data :  CyberShake 167
Jobs number:  10
Tasks number: 30
loss: 83.21987915039062
start in data :  CyberShake 168
Jobs number:  10
Tasks number: 28
loss: 68.14390563964844
start in data :  CyberShake 169
Jobs number:  10
Tasks number: 29
loss: 91.36273193359375
start in data :  CyberShake 170
Jobs number:  10
Tasks number: 30
loss: 102.71123504638672
start in data :  CyberShake 171
Jobs number:  10
Tasks number: 30
loss: 79.41084289550781
start in data :  CyberShake 172
Jobs number:  10
Tasks number: 29
loss: 77.85626220703125
start in data :  CyberShake 173
Jobs number:  10
Tasks number: 28
loss: 80.994140625
start in data :  CyberShake 174
Jobs number:  10
Tasks number: 28
loss: 68.76085662841797
start in data :  CyberShake 175
Jobs number:  10
Tasks number: 28
loss: 83.08796691894531
start in data :  CyberShake 176
Jobs number:  10
Tasks number: 26
loss: 72.41842651367188
start in data :  CyberShake 177
Jobs number:  10
Tasks number: 29
loss: 76.33084869384766
start in data :  CyberShake 178
Jobs number:  10
Tasks number: 30
loss: 86.73680114746094
start in data :  CyberShake 179
Jobs number:  10
Tasks number: 27
loss: 58.226905822753906
start in data :  CyberShake 180
Jobs number:  10
Tasks number: 31
loss: 102.46943664550781
start in data :  CyberShake 181
Jobs number:  10
Tasks number: 30
loss: 103.56159210205078
start in data :  CyberShake 182
Jobs number:  10
Tasks number: 28
loss: 66.9425277709961
start in data :  CyberShake 183
Jobs number:  10
Tasks number: 28
loss: 72.7100601196289
start in data :  CyberShake 184
Jobs number:  10
Tasks number: 28
loss: 75.0167007446289
start in data :  CyberShake 185
Jobs number:  10
Tasks number: 31
loss: 99.0411376953125
start in data :  CyberShake 186
Jobs number:  10
Tasks number: 33
loss: 106.16204071044922
start in data :  CyberShake 187
Jobs number:  10
Tasks number: 28
loss: 72.97405242919922
start in data :  CyberShake 188
Jobs number:  10
Tasks number: 32
loss: 89.70993041992188
start in data :  CyberShake 189
Jobs number:  10
Tasks number: 29
loss: 82.41368865966797
start in data :  CyberShake 190
Jobs number:  10
Tasks number: 31
loss: 94.45869445800781
start in data :  CyberShake 191
Jobs number:  10
Tasks number: 27
loss: 59.62894821166992
start in data :  CyberShake 192
Jobs number:  10
Tasks number: 31
loss: 92.73622131347656
start in data :  CyberShake 193
Jobs number:  10
Tasks number: 25
loss: 62.947235107421875
start in data :  CyberShake 194
Jobs number:  10
Tasks number: 24
loss: 66.31269836425781
start in data :  CyberShake 195
Jobs number:  10
Tasks number: 29
loss: 68.51819610595703
start in data :  CyberShake 196
Jobs number:  10
Tasks number: 29
loss: 75.07635498046875
start in data :  CyberShake 197
Jobs number:  10
Tasks number: 28
loss: 73.13311767578125
start in data :  CyberShake 198
Jobs number:  10
Tasks number: 27
loss: 60.29942321777344
start in data :  CyberShake 199
Jobs number:  10
Tasks number: 27
loss: 79.77288818359375
start in data :  CyberShake 200
Jobs number:  10
Tasks number: 27
loss: 69.072509765625
start in data :  CyberShake 201
Jobs number:  10
Tasks number: 27
loss: 75.04171752929688
start in data :  CyberShake 202
Jobs number:  10
Tasks number: 32
loss: 106.42646026611328
start in data :  CyberShake 203
Jobs number:  10
Tasks number: 32
loss: 94.61264038085938
start in data :  CyberShake 204
Jobs number:  10
Tasks number: 27
loss: 68.52110290527344
start in data :  CyberShake 205
Jobs number:  10
Tasks number: 28
loss: 73.3634033203125
start in data :  CyberShake 206
Jobs number:  10
Tasks number: 32
loss: 92.73555755615234
start in data :  CyberShake 207
Jobs number:  10
Tasks number: 27
loss: 69.99346160888672
start in data :  CyberShake 208
Jobs number:  10
Tasks number: 30
loss: 87.62753295898438
start in data :  CyberShake 209
Jobs number:  10
Tasks number: 30
loss: 81.98957061767578
start in data :  CyberShake 210
Jobs number:  10
Tasks number: 28
loss: 76.831787109375
start in data :  CyberShake 211
Jobs number:  10
Tasks number: 25
loss: 56.453765869140625
start in data :  CyberShake 212
Jobs number:  10
Tasks number: 29
loss: 77.86975860595703
start in data :  CyberShake 213
Jobs number:  10
Tasks number: 30
loss: 76.91806030273438
start in data :  CyberShake 214
Jobs number:  10
Tasks number: 25
loss: 69.31371307373047
start in data :  CyberShake 215
Jobs number:  10
Tasks number: 26
loss: 57.04334259033203
start in data :  CyberShake 216
Jobs number:  10
Tasks number: 28
loss: 75.09478759765625
start in data :  CyberShake 217
Jobs number:  10
Tasks number: 28
loss: 88.08840942382812
start in data :  CyberShake 218
Jobs number:  10
Tasks number: 27
loss: 70.22061920166016
start in data :  CyberShake 219
Jobs number:  10
Tasks number: 29
loss: 91.59230041503906
start in data :  CyberShake 220
Jobs number:  10
Tasks number: 30
loss: 82.62772369384766
start in data :  CyberShake 221
Jobs number:  10
Tasks number: 27
loss: 71.06988525390625
start in data :  CyberShake 222
Jobs number:  10
Tasks number: 33
loss: 112.19996643066406
start in data :  CyberShake 223
Jobs number:  10
Tasks number: 31
loss: 111.92111206054688
start in data :  CyberShake 224
Jobs number:  10
Tasks number: 28
loss: 63.79071044921875
start in data :  CyberShake 225
Jobs number:  10
Tasks number: 24
loss: 54.50973129272461
start in data :  CyberShake 226
Jobs number:  10
Tasks number: 29
loss: 80.650390625
start in data :  CyberShake 227
Jobs number:  10
Tasks number: 30
loss: 90.28304290771484
start in data :  CyberShake 228
Jobs number:  10
Tasks number: 29
loss: 92.03067016601562
start in data :  CyberShake 229
Jobs number:  10
Tasks number: 34
loss: 117.74199676513672
start in data :  CyberShake 230
Jobs number:  10
Tasks number: 27
loss: 68.46800231933594
start in data :  CyberShake 231
Jobs number:  10
Tasks number: 25
loss: 58.360496520996094
start in data :  CyberShake 232
Jobs number:  10
Tasks number: 30
loss: 87.94434356689453
start in data :  CyberShake 233
Jobs number:  10
Tasks number: 32
loss: 95.1075668334961
start in data :  CyberShake 234
Jobs number:  10
Tasks number: 30
loss: 76.8883285522461
start in data :  CyberShake 235
Jobs number:  10
Tasks number: 32
loss: 90.84215545654297
start in data :  CyberShake 236
Jobs number:  10
Tasks number: 27
loss: 70.50936126708984
start in data :  CyberShake 237
Jobs number:  10
Tasks number: 27
loss: 74.66705322265625
start in data :  CyberShake 238
Jobs number:  10
Tasks number: 30
loss: 96.42364501953125
start in data :  CyberShake 239
Jobs number:  10
Tasks number: 31
loss: 83.94662475585938
start in data :  CyberShake 240
Jobs number:  10
Tasks number: 31
loss: 82.57408905029297
start in data :  CyberShake 241
Jobs number:  10
Tasks number: 28
loss: 72.8309555053711
start in data :  CyberShake 242
Jobs number:  10
Tasks number: 30
loss: 76.14353942871094
start in data :  CyberShake 243
Jobs number:  10
Tasks number: 32
loss: 99.35354614257812
start in data :  CyberShake 244
Jobs number:  10
Tasks number: 30
loss: 82.5861587524414
start in data :  CyberShake 245
Jobs number:  10
Tasks number: 29
loss: 80.13554382324219
start in data :  CyberShake 246
Jobs number:  10
Tasks number: 27
loss: 67.37189483642578
start in data :  CyberShake 247
Jobs number:  10
Tasks number: 25
loss: 69.30792999267578
start in data :  CyberShake 248
Jobs number:  10
Tasks number: 28
loss: 79.44355773925781
start in data :  CyberShake 249
Jobs number:  10
Tasks number: 29
loss: 72.02229309082031
start in data :  CyberShake 250
Jobs number:  10
Tasks number: 29
loss: 78.84783935546875
start in data :  CyberShake 251
Jobs number:  10
Tasks number: 29
loss: 87.47539520263672
start in data :  CyberShake 252
Jobs number:  10
Tasks number: 25
loss: 53.00574493408203
start in data :  CyberShake 253
Jobs number:  10
Tasks number: 30
loss: 82.25949096679688
start in data :  CyberShake 254
Jobs number:  10
Tasks number: 31
loss: 94.23345947265625
start in data :  CyberShake 255
Jobs number:  10
Tasks number: 28
loss: 74.64118957519531
start in data :  CyberShake 256
Jobs number:  10
Tasks number: 26
loss: 65.35338592529297
start in data :  CyberShake 257
Jobs number:  10
Tasks number: 29
loss: 77.46198272705078
start in data :  CyberShake 258
Jobs number:  10
Tasks number: 29
loss: 104.19014739990234
start in data :  CyberShake 259
Jobs number:  10
Tasks number: 26
loss: 67.34791564941406
start in data :  CyberShake 260
Jobs number:  10
Tasks number: 27
loss: 70.80227661132812
start in data :  CyberShake 261
Jobs number:  10
Tasks number: 28
loss: 64.43599700927734
start in data :  CyberShake 262
Jobs number:  10
Tasks number: 29
loss: 84.84025573730469
start in data :  CyberShake 263
Jobs number:  10
Tasks number: 26
loss: 59.64982986450195
start in data :  CyberShake 264
Jobs number:  10
Tasks number: 29
loss: 78.98654174804688
start in data :  CyberShake 265
Jobs number:  10
Tasks number: 31
loss: 92.69593048095703
start in data :  CyberShake 266
Jobs number:  10
Tasks number: 27
loss: 69.38980102539062
start in data :  CyberShake 267
Jobs number:  10
Tasks number: 27
loss: 58.23952865600586
start in data :  CyberShake 268
Jobs number:  10
Tasks number: 28
loss: 69.35313415527344
start in data :  CyberShake 269
Jobs number:  10
Tasks number: 29
loss: 100.71271514892578
start in data :  CyberShake 270
Jobs number:  10
Tasks number: 29
loss: 73.07221221923828
start in data :  CyberShake 271
Jobs number:  10
Tasks number: 32
loss: 88.5970458984375
start in data :  CyberShake 272
Jobs number:  10
Tasks number: 29
loss: 87.45841217041016
start in data :  CyberShake 273
Jobs number:  10
Tasks number: 30
loss: 92.68765258789062
start in data :  CyberShake 274
Jobs number:  10
Tasks number: 33
loss: 106.23603057861328
start in data :  CyberShake 275
Jobs number:  10
Tasks number: 28
loss: 68.53116607666016
start in data :  CyberShake 276
Jobs number:  10
Tasks number: 32
loss: 88.4442138671875
start in data :  CyberShake 277
Jobs number:  10
Tasks number: 32
loss: 89.20439147949219
start in data :  CyberShake 278
Jobs number:  10
Tasks number: 28
loss: 66.37812042236328
start in data :  CyberShake 279
Jobs number:  10
Tasks number: 35
loss: 115.39178466796875
start in data :  CyberShake 280
Jobs number:  10
Tasks number: 35
loss: 120.96910858154297
start in data :  CyberShake 281
Jobs number:  10
Tasks number: 30
loss: 85.60164642333984
start in data :  CyberShake 282
Jobs number:  10
Tasks number: 30
loss: 76.5633544921875
start in data :  CyberShake 283
Jobs number:  10
Tasks number: 28
loss: 72.69579315185547
start in data :  CyberShake 284
Jobs number:  10
Tasks number: 28
loss: 60.685333251953125
start in data :  CyberShake 285
Jobs number:  10
Tasks number: 28
loss: 66.52256774902344
start in data :  CyberShake 286
Jobs number:  10
Tasks number: 31
loss: 90.13893127441406
start in data :  CyberShake 287
Jobs number:  10
Tasks number: 32
loss: 86.9696044921875
start in data :  CyberShake 288
Jobs number:  10
Tasks number: 31
loss: 73.58464050292969
start in data :  CyberShake 289
Jobs number:  10
Tasks number: 28
loss: 67.68199157714844
start in data :  CyberShake 290
Jobs number:  10
Tasks number: 29
loss: 73.40386199951172
start in data :  CyberShake 291
Jobs number:  10
Tasks number: 27
loss: 78.13592529296875
start in data :  CyberShake 292
Jobs number:  10
Tasks number: 35
loss: 111.08172607421875
start in data :  CyberShake 293
Jobs number:  10
Tasks number: 31
loss: 97.51619720458984
start in data :  CyberShake 294
Jobs number:  10
Tasks number: 30
loss: 90.20283508300781
start in data :  CyberShake 295
Jobs number:  10
Tasks number: 31
loss: 103.8850326538086
start in data :  CyberShake 296
Jobs number:  10
Tasks number: 33
loss: 99.09322357177734
start in data :  CyberShake 297
Jobs number:  10
Tasks number: 31
loss: 87.71918487548828
start in data :  CyberShake 298
Jobs number:  10
Tasks number: 25
loss: 59.23773193359375
start in data :  CyberShake 299
Jobs number:  10
Tasks number: 29
loss: 74.30801391601562
start in data :  CyberShake 300
Jobs number:  10
Tasks number: 30
loss: 79.10697937011719
start in data :  CyberShake 301
Jobs number:  10
Tasks number: 29
loss: 78.76189422607422
start in data :  CyberShake 302
Jobs number:  10
Tasks number: 35
loss: 105.23670959472656
start in data :  CyberShake 303
Jobs number:  10
Tasks number: 27
loss: 77.35714721679688
start in data :  CyberShake 304
Jobs number:  10
Tasks number: 31
loss: 89.09090423583984
start in data :  CyberShake 305
Jobs number:  10
Tasks number: 26
loss: 63.617767333984375
start in data :  CyberShake 306
Jobs number:  10
Tasks number: 33
loss: 110.80487823486328
start in data :  CyberShake 307
Jobs number:  10
Tasks number: 32
loss: 96.20999908447266
start in data :  CyberShake 308
Jobs number:  10
Tasks number: 30
loss: 90.4840087890625
start in data :  CyberShake 309
Jobs number:  10
Tasks number: 30
loss: 82.50794982910156
start in data :  CyberShake 310
Jobs number:  10
Tasks number: 28
loss: 66.62609100341797
start in data :  CyberShake 311
Jobs number:  10
Tasks number: 32
loss: 90.34988403320312
start in data :  CyberShake 312
Jobs number:  10
Tasks number: 29
loss: 68.49990844726562
start in data :  CyberShake 313
Jobs number:  10
Tasks number: 29
loss: 79.07780456542969
start in data :  CyberShake 314
Jobs number:  10
Tasks number: 29
loss: 68.6908950805664
start in data :  CyberShake 315
Jobs number:  10
Tasks number: 29
loss: 72.23585510253906
start in data :  CyberShake 316
Jobs number:  10
Tasks number: 30
loss: 88.99565887451172
start in data :  CyberShake 317
Jobs number:  10
Tasks number: 28
loss: 74.74169158935547
start in data :  CyberShake 318
Jobs number:  10
Tasks number: 29
loss: 78.47203063964844
start in data :  CyberShake 319
Jobs number:  10
Tasks number: 28
loss: 66.95494842529297
start in data :  CyberShake 320
Jobs number:  10
Tasks number: 27
loss: 59.18224334716797
start in data :  CyberShake 321
Jobs number:  10
Tasks number: 30
loss: 78.35197448730469
start in data :  CyberShake 322
Jobs number:  10
Tasks number: 28
loss: 73.42707824707031
start in data :  CyberShake 323
Jobs number:  10
Tasks number: 28
loss: 64.7835693359375
start in data :  CyberShake 324
Jobs number:  10
Tasks number: 25
loss: 57.80258560180664
start in data :  CyberShake 325
Jobs number:  10
Tasks number: 26
loss: 57.78240966796875
start in data :  CyberShake 326
Jobs number:  10
Tasks number: 28
loss: 71.41211700439453
start in data :  CyberShake 327
Jobs number:  10
Tasks number: 29
loss: 90.07678985595703
start in data :  CyberShake 328
Jobs number:  10
Tasks number: 25
loss: 62.88243865966797
start in data :  CyberShake 329
Jobs number:  10
Tasks number: 33
loss: 107.25483703613281
start in data :  CyberShake 330
Jobs number:  10
Tasks number: 33
loss: 104.0166244506836
start in data :  CyberShake 331
Jobs number:  10
Tasks number: 26
loss: 60.09712219238281
start in data :  CyberShake 332
Jobs number:  10
Tasks number: 28
loss: 75.22478485107422
start in data :  CyberShake 333
Jobs number:  10
Tasks number: 29
loss: 86.40070343017578
start in data :  CyberShake 334
Jobs number:  10
Tasks number: 29
loss: 77.13743591308594
start in data :  CyberShake 335
Jobs number:  10
Tasks number: 26
loss: 67.59249877929688
start in data :  CyberShake 336
Jobs number:  10
Tasks number: 31
loss: 104.568115234375
start in data :  CyberShake 337
Jobs number:  10
Tasks number: 30
loss: 96.90951538085938
start in data :  CyberShake 338
Jobs number:  10
Tasks number: 29
loss: 77.9308090209961
start in data :  CyberShake 339
Jobs number:  10
Tasks number: 30
loss: 84.64559173583984
start in data :  CyberShake 340
Jobs number:  10
Tasks number: 27
loss: 67.05992126464844
start in data :  CyberShake 341
Jobs number:  10
Tasks number: 27
loss: 68.45854949951172
start in data :  CyberShake 342
Jobs number:  10
Tasks number: 29
loss: 82.06866455078125
start in data :  CyberShake 343
Jobs number:  10
Tasks number: 30
loss: 78.75178527832031
start in data :  CyberShake 344
Jobs number:  10
Tasks number: 27
loss: 68.55512237548828
start in data :  CyberShake 345
Jobs number:  10
Tasks number: 32
loss: 89.74625396728516
start in data :  CyberShake 346
Jobs number:  10
Tasks number: 30
loss: 70.1923599243164
start in data :  CyberShake 347
Jobs number:  10
Tasks number: 29
loss: 91.39276885986328
start in data :  CyberShake 348
Jobs number:  10
Tasks number: 26
loss: 87.704345703125
start in data :  CyberShake 349
Jobs number:  10
Tasks number: 29
loss: 59.09794998168945
start in data :  CyberShake 350
Jobs number:  10
Tasks number: 28
loss: 74.00367736816406
start in data :  CyberShake 351
Jobs number:  10
Tasks number: 25
loss: 54.21306228637695
start in data :  CyberShake 352
Jobs number:  10
Tasks number: 29
loss: 80.24115753173828
start in data :  CyberShake 353
Jobs number:  10
Tasks number: 30
loss: 80.73931121826172
start in data :  CyberShake 354
Jobs number:  10
Tasks number: 27
loss: 72.2515640258789
start in data :  CyberShake 355
Jobs number:  10
Tasks number: 27
loss: 64.45480346679688
start in data :  CyberShake 356
Jobs number:  10
Tasks number: 30
loss: 87.83561706542969
start in data :  CyberShake 357
Jobs number:  10
Tasks number: 27
loss: 61.47385025024414
start in data :  CyberShake 358
Jobs number:  10
Tasks number: 26
loss: 63.895111083984375
start in data :  CyberShake 359
Jobs number:  10
Tasks number: 30
loss: 88.26068878173828
start in data :  CyberShake 360
Jobs number:  10
Tasks number: 28
loss: 88.59944152832031
start in data :  CyberShake 361
Jobs number:  10
Tasks number: 30
loss: 72.91080474853516
start in data :  CyberShake 362
Jobs number:  10
Tasks number: 28
loss: 76.44721984863281
start in data :  CyberShake 363
Jobs number:  10
Tasks number: 33
loss: 95.21177673339844
start in data :  CyberShake 364
Jobs number:  10
Tasks number: 29
loss: 74.51606750488281
start in data :  CyberShake 365
Jobs number:  10
Tasks number: 26
loss: 56.75797653198242
start in data :  CyberShake 366
Jobs number:  10
Tasks number: 30
loss: 88.44570922851562
start in data :  CyberShake 367
Jobs number:  10
Tasks number: 27
loss: 59.83383560180664
start in data :  CyberShake 368
Jobs number:  10
Tasks number: 28
loss: 69.60476684570312
start in data :  CyberShake 369
Jobs number:  10
Tasks number: 29
loss: 73.73345184326172
start in data :  CyberShake 370
Jobs number:  10
Tasks number: 29
loss: 74.035888671875
start in data :  CyberShake 371
Jobs number:  10
Tasks number: 28
loss: 84.92703247070312
start in data :  CyberShake 372
Jobs number:  10
Tasks number: 29
loss: 76.97648620605469
start in data :  CyberShake 373
Jobs number:  10
Tasks number: 28
loss: 67.78431701660156
start in data :  CyberShake 374
Jobs number:  10
Tasks number: 31
loss: 76.74998474121094
start in data :  CyberShake 375
Jobs number:  10
Tasks number: 31
loss: 79.43692779541016
start in data :  CyberShake 376
Jobs number:  10
Tasks number: 28
loss: 71.37861633300781
start in data :  CyberShake 377
Jobs number:  10
Tasks number: 31
loss: 92.00485229492188
start in data :  CyberShake 378
Jobs number:  10
Tasks number: 29
loss: 76.54306030273438
start in data :  CyberShake 379
Jobs number:  10
Tasks number: 29
loss: 71.24541473388672
start in data :  CyberShake 380
Jobs number:  10
Tasks number: 24
loss: 56.40774154663086
start in data :  CyberShake 381
Jobs number:  10
Tasks number: 28
loss: 77.02992248535156
start in data :  CyberShake 382
Jobs number:  10
Tasks number: 30
loss: 77.032958984375
start in data :  CyberShake 383
Jobs number:  10
Tasks number: 28
loss: 68.68216705322266
start in data :  CyberShake 384
Jobs number:  10
Tasks number: 28
loss: 87.49748229980469
start in data :  CyberShake 385
Jobs number:  10
Tasks number: 28
loss: 86.07797241210938
start in data :  CyberShake 386
Jobs number:  10
Tasks number: 28
loss: 72.97113800048828
start in data :  CyberShake 387
Jobs number:  10
Tasks number: 29
loss: 91.20108032226562
start in data :  CyberShake 388
Jobs number:  10
Tasks number: 33
loss: 99.59004974365234
start in data :  CyberShake 389
Jobs number:  10
Tasks number: 29
loss: 70.80191802978516
start in data :  CyberShake 390
Jobs number:  10
Tasks number: 32
loss: 94.52725219726562
start in data :  CyberShake 391
Jobs number:  10
Tasks number: 30
loss: 74.41456604003906
start in data :  CyberShake 392
Jobs number:  10
Tasks number: 28
loss: 66.74378967285156
start in data :  CyberShake 393
Jobs number:  10
Tasks number: 31
loss: 100.34872436523438
start in data :  CyberShake 394
Jobs number:  10
Tasks number: 33
loss: 103.10612487792969
start in data :  CyberShake 395
Jobs number:  10
Tasks number: 30
loss: 90.55561065673828
start in data :  CyberShake 396
Jobs number:  10
Tasks number: 29
loss: 71.9801025390625
start in data :  CyberShake 397
Jobs number:  10
Tasks number: 28
loss: 79.57457733154297
start in data :  CyberShake 398
Jobs number:  10
Tasks number: 34
loss: 123.5523452758789
start in data :  CyberShake 399
Jobs number:  10
Tasks number: 27
loss: 67.9891128540039
start in data :  CyberShake 400
Jobs number:  10
Tasks number: 30
loss: 95.96257019042969
start in data :  CyberShake 401
Jobs number:  10
Tasks number: 25
loss: 52.46968078613281
start in data :  CyberShake 402
Jobs number:  10
Tasks number: 25
loss: 70.66801452636719
start in data :  CyberShake 403
Jobs number:  10
Tasks number: 30
loss: 87.00371551513672
start in data :  CyberShake 404
Jobs number:  10
Tasks number: 27
loss: 81.91622924804688
start in data :  CyberShake 405
Jobs number:  10
Tasks number: 30
loss: 74.41847229003906
start in data :  CyberShake 406
Jobs number:  10
Tasks number: 30
loss: 78.2369613647461
start in data :  CyberShake 407
Jobs number:  10
Tasks number: 32
loss: 91.25862121582031
start in data :  CyberShake 408
Jobs number:  10
Tasks number: 27
loss: 60.24654769897461
start in data :  CyberShake 409
Jobs number:  10
Tasks number: 27
loss: 55.821929931640625
start in data :  CyberShake 410
Jobs number:  10
Tasks number: 25
loss: 59.101531982421875
start in data :  CyberShake 411
Jobs number:  10
Tasks number: 27
loss: 73.50852966308594
start in data :  CyberShake 412
Jobs number:  10
Tasks number: 24
loss: 59.031898498535156
start in data :  CyberShake 413
Jobs number:  10
Tasks number: 29
loss: 70.340576171875
start in data :  CyberShake 414
Jobs number:  10
Tasks number: 34
loss: 121.13388061523438
start in data :  CyberShake 415
Jobs number:  10
Tasks number: 30
loss: 79.21646118164062
start in data :  CyberShake 416
Jobs number:  10
Tasks number: 29
loss: 76.65653228759766
start in data :  CyberShake 417
Jobs number:  10
Tasks number: 25
loss: 53.96352767944336
start in data :  CyberShake 418
Jobs number:  10
Tasks number: 26
loss: 56.1814079284668
start in data :  CyberShake 419
Jobs number:  10
Tasks number: 32
loss: 91.69210052490234
start in data :  CyberShake 420
Jobs number:  10
Tasks number: 29
loss: 83.13827514648438
start in data :  CyberShake 421
Jobs number:  10
Tasks number: 31
loss: 82.3110122680664
start in data :  CyberShake 422
Jobs number:  10
Tasks number: 27
loss: 67.99320220947266
start in data :  CyberShake 423
Jobs number:  10
Tasks number: 30
loss: 72.86077117919922
start in data :  CyberShake 424
Jobs number:  10
Tasks number: 31
loss: 85.63792419433594
start in data :  CyberShake 425
Jobs number:  10
Tasks number: 28
loss: 77.89694213867188
start in data :  CyberShake 426
Jobs number:  10
Tasks number: 28
loss: 83.28520202636719
start in data :  CyberShake 427
Jobs number:  10
Tasks number: 31
loss: 83.86292266845703
start in data :  CyberShake 428
Jobs number:  10
Tasks number: 26
loss: 60.135589599609375
start in data :  CyberShake 429
Jobs number:  10
Tasks number: 31
loss: 90.7845230102539
start in data :  CyberShake 430
Jobs number:  10
Tasks number: 29
loss: 94.02418518066406
start in data :  CyberShake 431
Jobs number:  10
Tasks number: 29
loss: 89.81451416015625
start in data :  CyberShake 432
Jobs number:  10
Tasks number: 28
loss: 80.76953125
start in data :  CyberShake 433
Jobs number:  10
Tasks number: 30
loss: 73.95343017578125
start in data :  CyberShake 434
Jobs number:  10
Tasks number: 29
loss: 76.58975219726562
start in data :  CyberShake 435
Jobs number:  10
Tasks number: 29
loss: 76.67655181884766
start in data :  CyberShake 436
Jobs number:  10
Tasks number: 28
loss: 70.15280151367188
start in data :  CyberShake 437
Jobs number:  10
Tasks number: 28
loss: 65.35723876953125
start in data :  CyberShake 438
Jobs number:  10
Tasks number: 31
loss: 100.6742172241211
start in data :  CyberShake 439
Jobs number:  10
Tasks number: 29
loss: 81.37462615966797
start in data :  CyberShake 440
Jobs number:  10
Tasks number: 27
loss: 75.88613891601562
start in data :  CyberShake 441
Jobs number:  10
Tasks number: 29
loss: 73.8917465209961
start in data :  CyberShake 442
Jobs number:  10
Tasks number: 32
loss: 81.67675018310547
start in data :  CyberShake 443
Jobs number:  10
Tasks number: 28
loss: 71.34685516357422
start in data :  CyberShake 444
Jobs number:  10
Tasks number: 33
loss: 103.64151000976562
start in data :  CyberShake 445
Jobs number:  10
Tasks number: 30
loss: 70.66554260253906
start in data :  CyberShake 446
Jobs number:  10
Tasks number: 25
loss: 56.78804397583008
start in data :  CyberShake 447
Jobs number:  10
Tasks number: 28
loss: 75.2530517578125
start in data :  CyberShake 448
Jobs number:  10
Tasks number: 30
loss: 82.94072723388672
start in data :  CyberShake 449
Jobs number:  10
Tasks number: 26
loss: 76.20680236816406
start in data :  CyberShake 450
Jobs number:  10
Tasks number: 35
loss: 120.30512237548828
start in data :  CyberShake 451
Jobs number:  10
Tasks number: 28
loss: 78.45472717285156
start in data :  CyberShake 452
Jobs number:  10
Tasks number: 34
loss: 105.74125671386719
start in data :  CyberShake 453
Jobs number:  10
Tasks number: 27
loss: 57.921138763427734
start in data :  CyberShake 454
Jobs number:  10
Tasks number: 27
loss: 61.19744873046875
start in data :  CyberShake 455
Jobs number:  10
Tasks number: 31
loss: 93.87451934814453
start in data :  CyberShake 456
Jobs number:  10
Tasks number: 28
loss: 60.024444580078125
start in data :  CyberShake 457
Jobs number:  10
Tasks number: 30
loss: 81.72444152832031
start in data :  CyberShake 458
Jobs number:  10
Tasks number: 31
loss: 96.42044830322266
start in data :  CyberShake 459
Jobs number:  10
Tasks number: 34
loss: 102.6068344116211
start in data :  CyberShake 460
Jobs number:  10
Tasks number: 32
loss: 99.39846801757812
start in data :  CyberShake 461
Jobs number:  10
Tasks number: 31
loss: 97.2101058959961
start in data :  CyberShake 462
Jobs number:  10
Tasks number: 29
loss: 73.69230651855469
start in data :  CyberShake 463
Jobs number:  10
Tasks number: 32
loss: 98.02605438232422
start in data :  CyberShake 464
Jobs number:  10
Tasks number: 31
loss: 81.18415069580078
start in data :  CyberShake 465
Jobs number:  10
Tasks number: 28
loss: 86.14324951171875
start in data :  CyberShake 466
Jobs number:  10
Tasks number: 25
loss: 67.33968353271484
start in data :  CyberShake 467
Jobs number:  10
Tasks number: 31
loss: 90.19212341308594
start in data :  CyberShake 468
Jobs number:  10
Tasks number: 34
loss: 98.07676696777344
start in data :  CyberShake 469
Jobs number:  10
Tasks number: 28
loss: 74.66487884521484
start in data :  CyberShake 470
Jobs number:  10
Tasks number: 30
loss: 79.46266174316406
start in data :  CyberShake 471
Jobs number:  10
Tasks number: 28
loss: 82.12190246582031
start in data :  CyberShake 472
Jobs number:  10
Tasks number: 28
loss: 65.8484878540039
start in data :  CyberShake 473
Jobs number:  10
Tasks number: 29
loss: 80.58712005615234
start in data :  CyberShake 474
Jobs number:  10
Tasks number: 28
loss: 61.559356689453125
start in data :  CyberShake 475
Jobs number:  10
Tasks number: 30
loss: 89.34668731689453
start in data :  CyberShake 476
Jobs number:  10
Tasks number: 29
loss: 68.33060455322266
start in data :  CyberShake 477
Jobs number:  10
Tasks number: 32
loss: 85.9342041015625
start in data :  CyberShake 478
Jobs number:  10
Tasks number: 31
loss: 81.83303833007812
start in data :  CyberShake 479
Jobs number:  10
Tasks number: 30
loss: 79.16361999511719
start in data :  CyberShake 480
Jobs number:  10
Tasks number: 29
loss: 75.68328857421875
start in data :  CyberShake 481
Jobs number:  10
Tasks number: 31
loss: 85.73363494873047
start in data :  CyberShake 482
Jobs number:  10
Tasks number: 28
loss: 79.04461669921875
start in data :  CyberShake 483
Jobs number:  10
Tasks number: 29
loss: 73.04395294189453
start in data :  CyberShake 484
Jobs number:  10
Tasks number: 31
loss: 90.20228576660156
start in data :  CyberShake 485
Jobs number:  10
Tasks number: 25
loss: 60.87595748901367
start in data :  CyberShake 486
Jobs number:  10
Tasks number: 32
loss: 88.05806732177734
start in data :  CyberShake 487
Jobs number:  10
Tasks number: 28
loss: 60.98127746582031
start in data :  CyberShake 488
Jobs number:  10
Tasks number: 29
loss: 63.88977813720703
start in data :  CyberShake 489
Jobs number:  10
Tasks number: 29
loss: 82.50338745117188
start in data :  CyberShake 490
Jobs number:  10
Tasks number: 28
loss: 64.97237396240234
start in data :  CyberShake 491
Jobs number:  10
Tasks number: 33
loss: 113.86692810058594
start in data :  CyberShake 492
Jobs number:  10
Tasks number: 27
loss: 61.71332550048828
start in data :  CyberShake 493
Jobs number:  10
Tasks number: 28
loss: 59.446266174316406
start in data :  CyberShake 494
Jobs number:  10
Tasks number: 29
loss: 84.72627258300781
start in data :  CyberShake 495
Jobs number:  10
Tasks number: 31
loss: 84.39764404296875
start in data :  CyberShake 496
Jobs number:  10
Tasks number: 24
loss: 65.90363311767578
start in data :  CyberShake 497
Jobs number:  10
Tasks number: 28
loss: 75.79668426513672
start in data :  CyberShake 498
Jobs number:  10
Tasks number: 28
loss: 60.218441009521484
start in data :  CyberShake 499
Jobs number:  10
Tasks number: 28
loss: 69.24886322021484
start in data :  CyberShake 500
Jobs number:  10
Tasks number: 27
loss: 61.84196853637695
start in data :  CyberShake 501
Jobs number:  10
Tasks number: 30
loss: 93.57460021972656
start in data :  CyberShake 502
Jobs number:  10
Tasks number: 29
loss: 63.09423065185547
start in data :  CyberShake 503
Jobs number:  10
Tasks number: 25
loss: 58.297607421875
start in data :  CyberShake 504
Jobs number:  10
Tasks number: 29
loss: 76.79129028320312
start in data :  CyberShake 505
Jobs number:  10
Tasks number: 32
loss: 97.30103302001953
start in data :  CyberShake 506
Jobs number:  10
Tasks number: 30
loss: 75.23466491699219
start in data :  CyberShake 507
Jobs number:  10
Tasks number: 30
loss: 84.00453186035156
start in data :  CyberShake 508
Jobs number:  10
Tasks number: 30
loss: 86.80555725097656
start in data :  CyberShake 509
Jobs number:  10
Tasks number: 30
loss: 86.4776840209961
start in data :  CyberShake 510
Jobs number:  10
Tasks number: 27
loss: 72.3731689453125
start in data :  CyberShake 511
Jobs number:  10
Tasks number: 29
loss: 58.38447952270508
start in data :  CyberShake 512
Jobs number:  10
Tasks number: 32
loss: 92.96198272705078
start in data :  CyberShake 513
Jobs number:  10
Tasks number: 30
loss: 76.0285873413086
start in data :  CyberShake 514
Jobs number:  10
Tasks number: 28
loss: 80.68697357177734
start in data :  CyberShake 515
Jobs number:  10
Tasks number: 31
loss: 79.5307388305664
start in data :  CyberShake 516
Jobs number:  10
Tasks number: 28
loss: 76.44640350341797
start in data :  CyberShake 517
Jobs number:  10
Tasks number: 31
loss: 107.18832397460938
start in data :  CyberShake 518
Jobs number:  10
Tasks number: 28
loss: 74.32430267333984
start in data :  CyberShake 519
Jobs number:  10
Tasks number: 29
loss: 77.01615905761719
start in data :  CyberShake 520
Jobs number:  10
Tasks number: 28
loss: 70.37176513671875
start in data :  CyberShake 521
Jobs number:  10
Tasks number: 28
loss: 67.97383880615234
start in data :  CyberShake 522
Jobs number:  10
Tasks number: 28
loss: 68.03240203857422
start in data :  CyberShake 523
Jobs number:  10
Tasks number: 29
loss: 75.74662017822266
start in data :  CyberShake 524
Jobs number:  10
Tasks number: 27
loss: 73.2193603515625
start in data :  CyberShake 525
Jobs number:  10
Tasks number: 27
loss: 69.87754821777344
start in data :  CyberShake 526
Jobs number:  10
Tasks number: 33
loss: 99.56562805175781
start in data :  CyberShake 527
Jobs number:  10
Tasks number: 29
loss: 80.58770751953125
start in data :  CyberShake 528
Jobs number:  10
Tasks number: 26
loss: 61.176849365234375
start in data :  CyberShake 529
Jobs number:  10
Tasks number: 28
loss: 85.57115936279297
start in data :  CyberShake 530
Jobs number:  10
Tasks number: 27
loss: 89.44218444824219
start in data :  CyberShake 531
Jobs number:  10
Tasks number: 28
loss: 76.9545669555664
start in data :  CyberShake 532
Jobs number:  10
Tasks number: 27
loss: 75.62674713134766
start in data :  CyberShake 533
Jobs number:  10
Tasks number: 29
loss: 75.96772766113281
start in data :  CyberShake 534
Jobs number:  10
Tasks number: 32
loss: 97.2068099975586
start in data :  CyberShake 535
Jobs number:  10
Tasks number: 29
loss: 80.58737182617188
start in data :  CyberShake 536
Jobs number:  10
Tasks number: 27
loss: 66.44671630859375
start in data :  CyberShake 537
Jobs number:  10
Tasks number: 30
loss: 79.35784149169922
start in data :  CyberShake 538
Jobs number:  10
Tasks number: 27
loss: 66.6520004272461
start in data :  CyberShake 539
Jobs number:  10
Tasks number: 28
loss: 84.53680419921875
start in data :  CyberShake 540
Jobs number:  10
Tasks number: 26
loss: 69.49103546142578
start in data :  CyberShake 541
Jobs number:  10
Tasks number: 26
loss: 54.526649475097656
start in data :  CyberShake 542
Jobs number:  10
Tasks number: 35
loss: 105.68934631347656
start in data :  CyberShake 543
Jobs number:  10
Tasks number: 27
loss: 62.71650695800781
start in data :  CyberShake 544
Jobs number:  10
Tasks number: 26
loss: 56.808048248291016
start in data :  CyberShake 545
Jobs number:  10
Tasks number: 31
loss: 81.196044921875
start in data :  CyberShake 546
Jobs number:  10
Tasks number: 25
loss: 60.758270263671875
start in data :  CyberShake 547
Jobs number:  10
Tasks number: 28
loss: 71.32856750488281
start in data :  CyberShake 548
Jobs number:  10
Tasks number: 26
loss: 58.88925552368164
start in data :  CyberShake 549
Jobs number:  10
Tasks number: 31
loss: 82.32943725585938
start in data :  CyberShake 550
Jobs number:  10
Tasks number: 25
loss: 64.2974853515625
start in data :  CyberShake 551
Jobs number:  10
Tasks number: 27
loss: 64.58477783203125
start in data :  CyberShake 552
Jobs number:  10
Tasks number: 33
loss: 108.24208068847656
start in data :  CyberShake 553
Jobs number:  10
Tasks number: 27
loss: 60.7918586730957
start in data :  CyberShake 554
Jobs number:  10
Tasks number: 29
loss: 91.59420013427734
start in data :  CyberShake 555
Jobs number:  10
Tasks number: 32
loss: 90.58494567871094
start in data :  CyberShake 556
Jobs number:  10
Tasks number: 32
loss: 93.89207458496094
start in data :  CyberShake 557
Jobs number:  10
Tasks number: 25
loss: 53.33804702758789
start in data :  CyberShake 558
Jobs number:  10
Tasks number: 27
loss: 68.9726333618164
start in data :  CyberShake 559
Jobs number:  10
Tasks number: 25
loss: 55.923492431640625
start in data :  CyberShake 560
Jobs number:  10
Tasks number: 27
loss: 59.18171691894531
start in data :  CyberShake 561
Jobs number:  10
Tasks number: 27
loss: 70.39331817626953
start in data :  CyberShake 562
Jobs number:  10
Tasks number: 31
loss: 80.09783172607422
start in data :  CyberShake 563
Jobs number:  10
Tasks number: 28
loss: 73.30455780029297
start in data :  CyberShake 564
Jobs number:  10
Tasks number: 32
loss: 105.0389633178711
start in data :  CyberShake 565
Jobs number:  10
Tasks number: 29
loss: 76.48079681396484
start in data :  CyberShake 566
Jobs number:  10
Tasks number: 31
loss: 79.9112777709961
start in data :  CyberShake 567
Jobs number:  10
Tasks number: 30
loss: 69.16875457763672
start in data :  CyberShake 568
Jobs number:  10
Tasks number: 31
loss: 85.517578125
start in data :  CyberShake 569
Jobs number:  10
Tasks number: 28
loss: 66.9246597290039
start in data :  CyberShake 570
Jobs number:  10
Tasks number: 34
loss: 97.77049255371094
start in data :  CyberShake 571
Jobs number:  10
Tasks number: 25
loss: 60.769989013671875
start in data :  CyberShake 572
Jobs number:  10
Tasks number: 29
loss: 73.99239349365234
start in data :  CyberShake 573
Jobs number:  10
Tasks number: 31
loss: 86.0707015991211
start in data :  CyberShake 574
Jobs number:  10
Tasks number: 27
loss: 61.39444351196289
start in data :  CyberShake 575
Jobs number:  10
Tasks number: 29
loss: 78.12002563476562
start in data :  CyberShake 576
Jobs number:  10
Tasks number: 31
loss: 84.85603332519531
start in data :  CyberShake 577
Jobs number:  10
Tasks number: 28
loss: 70.04961395263672
start in data :  CyberShake 578
Jobs number:  10
Tasks number: 26
loss: 64.82386779785156
start in data :  CyberShake 579
Jobs number:  10
Tasks number: 30
loss: 80.56084442138672
start in data :  CyberShake 580
Jobs number:  10
Tasks number: 30
loss: 82.42180633544922
start in data :  CyberShake 581
Jobs number:  10
Tasks number: 30
loss: 82.31635284423828
start in data :  CyberShake 582
Jobs number:  10
Tasks number: 26
loss: 58.8591423034668
start in data :  CyberShake 583
Jobs number:  10
Tasks number: 29
loss: 89.07203674316406
start in data :  CyberShake 584
Jobs number:  10
Tasks number: 26
loss: 61.398223876953125
start in data :  CyberShake 585
Jobs number:  10
Tasks number: 26
loss: 68.51042175292969
start in data :  CyberShake 586
Jobs number:  10
Tasks number: 31
loss: 88.38082122802734
start in data :  CyberShake 587
Jobs number:  10
Tasks number: 25
loss: 59.99776077270508
start in data :  CyberShake 588
Jobs number:  10
Tasks number: 27
loss: 68.69226837158203
start in data :  CyberShake 589
Jobs number:  10
Tasks number: 32
loss: 101.97846221923828
start in data :  CyberShake 590
Jobs number:  10
Tasks number: 28
loss: 66.59269714355469
start in data :  CyberShake 591
Jobs number:  10
Tasks number: 32
loss: 101.03715515136719
start in data :  CyberShake 592
Jobs number:  10
Tasks number: 27
loss: 63.645286560058594
start in data :  CyberShake 593
Jobs number:  10
Tasks number: 28
loss: 71.26402282714844
start in data :  CyberShake 594
Jobs number:  10
Tasks number: 31
loss: 89.17323303222656
start in data :  CyberShake 595
Jobs number:  10
Tasks number: 29
loss: 88.00135803222656
start in data :  CyberShake 596
Jobs number:  10
Tasks number: 30
loss: 75.42672729492188
start in data :  CyberShake 597
Jobs number:  10
Tasks number: 26
loss: 59.847930908203125
start in data :  CyberShake 598
Jobs number:  10
Tasks number: 25
loss: 65.87649536132812
start in data :  CyberShake 599
Jobs number:  10
Tasks number: 28
loss: 73.63435363769531
start in data :  CyberShake 600
Jobs number:  10
Tasks number: 29
loss: 80.9618148803711
start in data :  CyberShake 601
Jobs number:  10
Tasks number: 28
loss: 66.39251708984375
start in data :  CyberShake 602
Jobs number:  10
Tasks number: 29
loss: 70.90909576416016
start in data :  CyberShake 603
Jobs number:  10
Tasks number: 26
loss: 55.0724983215332
start in data :  CyberShake 604
Jobs number:  10
Tasks number: 30
loss: 84.36265563964844
start in data :  CyberShake 605
Jobs number:  10
Tasks number: 28
loss: 67.41029357910156
start in data :  CyberShake 606
Jobs number:  10
Tasks number: 25
loss: 46.50421142578125
start in data :  CyberShake 607
Jobs number:  10
Tasks number: 29
loss: 75.81922912597656
start in data :  CyberShake 608
Jobs number:  10
Tasks number: 28
loss: 72.11685943603516
start in data :  CyberShake 609
Jobs number:  10
Tasks number: 30
loss: 74.0407943725586
start in data :  CyberShake 610
Jobs number:  10
Tasks number: 29
loss: 77.73741912841797
start in data :  CyberShake 611
Jobs number:  10
Tasks number: 29
loss: 70.8600082397461
start in data :  CyberShake 612
Jobs number:  10
Tasks number: 25
loss: 61.44965744018555
start in data :  CyberShake 613
Jobs number:  10
Tasks number: 30
loss: 74.85844421386719
start in data :  CyberShake 614
Jobs number:  10
Tasks number: 30
loss: 96.16349792480469
start in data :  CyberShake 615
Jobs number:  10
Tasks number: 28
loss: 61.89916229248047
start in data :  CyberShake 616
Jobs number:  10
Tasks number: 26
loss: 60.33420944213867
start in data :  CyberShake 617
Jobs number:  10
Tasks number: 29
loss: 79.69024658203125
start in data :  CyberShake 618
Jobs number:  10
Tasks number: 27
loss: 62.02454376220703
start in data :  CyberShake 619
Jobs number:  10
Tasks number: 31
loss: 89.62220001220703
start in data :  CyberShake 620
Jobs number:  10
Tasks number: 27
loss: 55.442108154296875
start in data :  CyberShake 621
Jobs number:  10
Tasks number: 35
loss: 118.35321044921875
start in data :  CyberShake 622
Jobs number:  10
Tasks number: 29
loss: 87.16349029541016
start in data :  CyberShake 623
Jobs number:  10
Tasks number: 30
loss: 86.65351104736328
start in data :  CyberShake 624
Jobs number:  10
Tasks number: 30
loss: 75.18256378173828
start in data :  CyberShake 625
Jobs number:  10
Tasks number: 27
loss: 72.117919921875
start in data :  CyberShake 626
Jobs number:  10
Tasks number: 30
loss: 86.3060302734375
start in data :  CyberShake 627
Jobs number:  10
Tasks number: 30
loss: 77.76018524169922
start in data :  CyberShake 628
Jobs number:  10
Tasks number: 31
loss: 85.62622833251953
start in data :  CyberShake 629
Jobs number:  10
Tasks number: 26
loss: 60.713035583496094
start in data :  CyberShake 630
Jobs number:  10
Tasks number: 34
loss: 96.40203857421875
start in data :  CyberShake 631
Jobs number:  10
Tasks number: 27
loss: 72.4526596069336
start in data :  CyberShake 632
Jobs number:  10
Tasks number: 28
loss: 71.00676727294922
start in data :  CyberShake 633
Jobs number:  10
Tasks number: 32
loss: 89.26402282714844
start in data :  CyberShake 634
Jobs number:  10
Tasks number: 27
loss: 77.00853729248047
start in data :  CyberShake 635
Jobs number:  10
Tasks number: 29
loss: 76.43409729003906
start in data :  CyberShake 636
Jobs number:  10
Tasks number: 30
loss: 75.18641662597656
start in data :  CyberShake 637
Jobs number:  10
Tasks number: 29
loss: 77.13880920410156
start in data :  CyberShake 638
Jobs number:  10
Tasks number: 28
loss: 85.22303009033203
start in data :  CyberShake 639
Jobs number:  10
Tasks number: 32
loss: 101.78388214111328
start in data :  CyberShake 640
Jobs number:  10
Tasks number: 25
loss: 62.70767593383789
start in data :  CyberShake 641
Jobs number:  10
Tasks number: 32
loss: 83.88041687011719
start in data :  CyberShake 642
Jobs number:  10
Tasks number: 31
loss: 85.50989532470703
start in data :  CyberShake 643
Jobs number:  10
Tasks number: 29
loss: 75.40534973144531
start in data :  CyberShake 644
Jobs number:  10
Tasks number: 28
loss: 77.68586730957031
start in data :  CyberShake 645
Jobs number:  10
Tasks number: 30
loss: 75.77216339111328
start in data :  CyberShake 646
Jobs number:  10
Tasks number: 28
loss: 63.14008331298828
start in data :  CyberShake 647
Jobs number:  10
Tasks number: 30
loss: 76.33016204833984
start in data :  CyberShake 648
Jobs number:  10
Tasks number: 30
loss: 71.93973541259766
start in data :  CyberShake 649
Jobs number:  10
Tasks number: 28
loss: 75.12449645996094
start in data :  CyberShake 650
Jobs number:  10
Tasks number: 27
loss: 56.012508392333984
start in data :  CyberShake 651
Jobs number:  10
Tasks number: 27
loss: 65.8724136352539
start in data :  CyberShake 652
Jobs number:  10
Tasks number: 35
loss: 102.55978393554688
start in data :  CyberShake 653
Jobs number:  10
Tasks number: 27
loss: 59.81660842895508
start in data :  CyberShake 654
Jobs number:  10
Tasks number: 28
loss: 78.28470611572266
start in data :  CyberShake 655
Jobs number:  10
Tasks number: 29
loss: 70.97728729248047
start in data :  CyberShake 656
Jobs number:  10
Tasks number: 27
loss: 78.47975158691406
start in data :  CyberShake 657
Jobs number:  10
Tasks number: 27
loss: 59.25339126586914
start in data :  CyberShake 658
Jobs number:  10
Tasks number: 29
loss: 81.8746337890625
start in data :  CyberShake 659
Jobs number:  10
Tasks number: 26
loss: 56.90736770629883
start in data :  CyberShake 660
Jobs number:  10
Tasks number: 25
loss: 65.61136627197266
start in data :  CyberShake 661
Jobs number:  10
Tasks number: 32
loss: 101.9069595336914
start in data :  CyberShake 662
Jobs number:  10
Tasks number: 29
loss: 71.9603042602539
start in data :  CyberShake 663
Jobs number:  10
Tasks number: 31
loss: 92.28569030761719
start in data :  CyberShake 664
Jobs number:  10
Tasks number: 27
loss: 70.26261901855469
start in data :  CyberShake 665
Jobs number:  10
Tasks number: 28
loss: 76.17059326171875
start in data :  CyberShake 666
Jobs number:  10
Tasks number: 27
loss: 65.31512451171875
start in data :  CyberShake 667
Jobs number:  10
Tasks number: 29
loss: 88.68668365478516
start in data :  CyberShake 668
Jobs number:  10
Tasks number: 24
loss: 45.74646759033203
start in data :  CyberShake 669
Jobs number:  10
Tasks number: 28
loss: 81.75517272949219
start in data :  CyberShake 670
Jobs number:  10
Tasks number: 30
loss: 84.60787200927734
start in data :  CyberShake 671
Jobs number:  10
Tasks number: 26
loss: 67.08684539794922
start in data :  CyberShake 672
Jobs number:  10
Tasks number: 28
loss: 68.57241821289062
start in data :  CyberShake 673
Jobs number:  10
Tasks number: 33
loss: 87.6164321899414
start in data :  CyberShake 674
Jobs number:  10
Tasks number: 28
loss: 77.2921142578125
start in data :  CyberShake 675
Jobs number:  10
Tasks number: 29
loss: 81.89431762695312
start in data :  CyberShake 676
Jobs number:  10
Tasks number: 32
loss: 81.40939331054688
start in data :  CyberShake 677
Jobs number:  10
Tasks number: 33
loss: 105.2165298461914
start in data :  CyberShake 678
Jobs number:  10
Tasks number: 28
loss: 59.98690414428711
start in data :  CyberShake 679
Jobs number:  10
Tasks number: 29
loss: 87.73275756835938
start in data :  CyberShake 680
Jobs number:  10
Tasks number: 28
loss: 74.07717895507812
start in data :  CyberShake 681
Jobs number:  10
Tasks number: 32
loss: 111.69805145263672
start in data :  CyberShake 682
Jobs number:  10
Tasks number: 27
loss: 66.72349548339844
start in data :  CyberShake 683
Jobs number:  10
Tasks number: 27
loss: 59.49067687988281
start in data :  CyberShake 684
Jobs number:  10
Tasks number: 33
loss: 116.11782836914062
start in data :  CyberShake 685
Jobs number:  10
Tasks number: 32
loss: 105.54680633544922
start in data :  CyberShake 686
Jobs number:  10
Tasks number: 29
loss: 74.05387115478516
start in data :  CyberShake 687
Jobs number:  10
Tasks number: 30
loss: 80.4861068725586
start in data :  CyberShake 688
Jobs number:  10
Tasks number: 28
loss: 91.3685073852539
start in data :  CyberShake 689
Jobs number:  10
Tasks number: 26
loss: 79.16912841796875
start in data :  CyberShake 690
Jobs number:  10
Tasks number: 28
loss: 75.03434753417969
start in data :  CyberShake 691
Jobs number:  10
Tasks number: 27
loss: 79.42021942138672
start in data :  CyberShake 692
Jobs number:  10
Tasks number: 32
loss: 78.06605529785156
start in data :  CyberShake 693
Jobs number:  10
Tasks number: 28
loss: 80.1642837524414
start in data :  CyberShake 694
Jobs number:  10
Tasks number: 30
loss: 89.66439056396484
start in data :  CyberShake 695
Jobs number:  10
Tasks number: 29
loss: 79.65823364257812
start in data :  CyberShake 696
Jobs number:  10
Tasks number: 26
loss: 62.45929718017578
start in data :  CyberShake 697
Jobs number:  10
Tasks number: 32
loss: 84.4283447265625
start in data :  CyberShake 698
Jobs number:  10
Tasks number: 32
loss: 99.00572204589844
start in data :  CyberShake 699
Jobs number:  10
Tasks number: 26
loss: 47.7540168762207
start in data :  CyberShake 700
Jobs number:  10
Tasks number: 28
loss: 66.95567321777344
start in data :  CyberShake 701
Jobs number:  10
Tasks number: 29
loss: 75.20743560791016
start in data :  CyberShake 702
Jobs number:  10
Tasks number: 29
loss: 69.50375366210938
start in data :  CyberShake 703
Jobs number:  10
Tasks number: 31
loss: 84.95498657226562
start in data :  CyberShake 704
Jobs number:  10
Tasks number: 27
loss: 72.32704162597656
start in data :  CyberShake 705
Jobs number:  10
Tasks number: 29
loss: 79.1822738647461
start in data :  CyberShake 706
Jobs number:  10
Tasks number: 30
loss: 74.9374008178711
start in data :  CyberShake 707
Jobs number:  10
Tasks number: 31
loss: 102.48150634765625
start in data :  CyberShake 708
Jobs number:  10
Tasks number: 36
loss: 112.95313262939453
start in data :  CyberShake 709
Jobs number:  10
Tasks number: 25
loss: 59.55009460449219
start in data :  CyberShake 710
Jobs number:  10
Tasks number: 28
loss: 71.68736267089844
start in data :  CyberShake 711
Jobs number:  10
Tasks number: 29
loss: 65.8875732421875
start in data :  CyberShake 712
Jobs number:  10
Tasks number: 24
loss: 47.26561737060547
start in data :  CyberShake 713
Jobs number:  10
Tasks number: 25
loss: 59.540428161621094
start in data :  CyberShake 714
Jobs number:  10
Tasks number: 29
loss: 74.69923400878906
start in data :  CyberShake 715
Jobs number:  10
Tasks number: 31
loss: 97.53023529052734
start in data :  CyberShake 716
Jobs number:  10
Tasks number: 29
loss: 81.58341979980469
start in data :  CyberShake 717
Jobs number:  10
Tasks number: 30
loss: 89.46871948242188
start in data :  CyberShake 718
Jobs number:  10
Tasks number: 30
loss: 88.87220764160156
start in data :  CyberShake 719
Jobs number:  10
Tasks number: 29
loss: 84.83309936523438
start in data :  CyberShake 720
Jobs number:  10
Tasks number: 29
loss: 82.35327911376953
start in data :  CyberShake 721
Jobs number:  10
Tasks number: 33
loss: 106.79244232177734
start in data :  CyberShake 722
Jobs number:  10
Tasks number: 34
loss: 112.60468292236328
start in data :  CyberShake 723
Jobs number:  10
Tasks number: 33
loss: 99.28425598144531
start in data :  CyberShake 724
Jobs number:  10
Tasks number: 29
loss: 69.84104919433594
start in data :  CyberShake 725
Jobs number:  10
Tasks number: 35
loss: 100.17012023925781
start in data :  CyberShake 726
Jobs number:  10
Tasks number: 34
loss: 123.65194702148438
start in data :  CyberShake 727
Jobs number:  10
Tasks number: 28
loss: 92.15650939941406
start in data :  CyberShake 728
Jobs number:  10
Tasks number: 31
loss: 82.7692642211914
start in data :  CyberShake 729
Jobs number:  10
Tasks number: 27
loss: 71.2803955078125
start in data :  CyberShake 730
Jobs number:  10
Tasks number: 27
loss: 55.162940979003906
start in data :  CyberShake 731
Jobs number:  10
Tasks number: 28
loss: 61.25254821777344
start in data :  CyberShake 732
Jobs number:  10
Tasks number: 32
loss: 96.77960968017578
start in data :  CyberShake 733
Jobs number:  10
Tasks number: 28
loss: 69.73954772949219
start in data :  CyberShake 734
Jobs number:  10
Tasks number: 28
loss: 66.92294311523438
start in data :  CyberShake 735
Jobs number:  10
Tasks number: 28
loss: 75.24082946777344
start in data :  CyberShake 736
Jobs number:  10
Tasks number: 25
loss: 54.5660400390625
start in data :  CyberShake 737
Jobs number:  10
Tasks number: 29
loss: 75.95082092285156
start in data :  CyberShake 738
Jobs number:  10
Tasks number: 32
loss: 89.91435241699219
start in data :  CyberShake 739
Jobs number:  10
Tasks number: 30
loss: 69.69354248046875
start in data :  CyberShake 740
Jobs number:  10
Tasks number: 26
loss: 65.15520477294922
start in data :  CyberShake 741
Jobs number:  10
Tasks number: 29
loss: 64.32618713378906
start in data :  CyberShake 742
Jobs number:  10
Tasks number: 31
loss: 88.31900787353516
start in data :  CyberShake 743
Jobs number:  10
Tasks number: 32
loss: 105.74739837646484
start in data :  CyberShake 744
Jobs number:  10
Tasks number: 28
loss: 70.4693603515625
start in data :  CyberShake 745
Jobs number:  10
Tasks number: 30
loss: 87.86742401123047
start in data :  CyberShake 746
Jobs number:  10
Tasks number: 27
loss: 70.61528015136719
start in data :  CyberShake 747
Jobs number:  10
Tasks number: 35
loss: 103.5508804321289
start in data :  CyberShake 748
Jobs number:  10
Tasks number: 30
loss: 85.13735961914062
start in data :  CyberShake 749
Jobs number:  10
Tasks number: 25
loss: 73.4245376586914
start in data :  CyberShake 750
Jobs number:  10
Tasks number: 31
loss: 86.91841888427734
start in data :  CyberShake 751
Jobs number:  10
Tasks number: 24
loss: 60.147525787353516
start in data :  CyberShake 752
Jobs number:  10
Tasks number: 30
loss: 81.33154296875
start in data :  CyberShake 753
Jobs number:  10
Tasks number: 29
loss: 97.04054260253906
start in data :  CyberShake 754
Jobs number:  10
Tasks number: 31
loss: 84.71632385253906
start in data :  CyberShake 755
Jobs number:  10
Tasks number: 29
loss: 72.33084869384766
start in data :  CyberShake 756
Jobs number:  10
Tasks number: 28
loss: 71.41946411132812
start in data :  CyberShake 757
Jobs number:  10
Tasks number: 30
loss: 79.39826965332031
start in data :  CyberShake 758
Jobs number:  10
Tasks number: 31
loss: 83.22319793701172
start in data :  CyberShake 759
Jobs number:  10
Tasks number: 24
loss: 56.35862731933594
start in data :  CyberShake 760
Jobs number:  10
Tasks number: 31
loss: 86.43766021728516
start in data :  CyberShake 761
Jobs number:  10
Tasks number: 30
loss: 78.48218536376953
start in data :  CyberShake 762
Jobs number:  10
Tasks number: 26
loss: 56.420597076416016
start in data :  CyberShake 763
Jobs number:  10
Tasks number: 26
loss: 61.41031265258789
start in data :  CyberShake 764
Jobs number:  10
Tasks number: 28
loss: 69.10629272460938
start in data :  CyberShake 765
Jobs number:  10
Tasks number: 29
loss: 81.43695068359375
start in data :  CyberShake 766
Jobs number:  10
Tasks number: 29
loss: 69.134765625
start in data :  CyberShake 767
Jobs number:  10
Tasks number: 27
loss: 71.41313171386719
start in data :  CyberShake 768
Jobs number:  10
Tasks number: 28
loss: 66.2403793334961
start in data :  CyberShake 769
Jobs number:  10
Tasks number: 28
loss: 59.435794830322266
start in data :  CyberShake 770
Jobs number:  10
Tasks number: 30
loss: 93.5754165649414
start in data :  CyberShake 771
Jobs number:  10
Tasks number: 29
loss: 78.64706420898438
start in data :  CyberShake 772
Jobs number:  10
Tasks number: 36
loss: 131.11724853515625
start in data :  CyberShake 773
Jobs number:  10
Tasks number: 30
loss: 83.27252960205078
start in data :  CyberShake 774
Jobs number:  10
Tasks number: 31
loss: 91.09660339355469
start in data :  CyberShake 775
Jobs number:  10
Tasks number: 28
loss: 66.57244110107422
start in data :  CyberShake 776
Jobs number:  10
Tasks number: 30
loss: 94.969482421875
start in data :  CyberShake 777
Jobs number:  10
Tasks number: 28
loss: 79.77025604248047
start in data :  CyberShake 778
Jobs number:  10
Tasks number: 27
loss: 68.4367446899414
start in data :  CyberShake 779
Jobs number:  10
Tasks number: 30
loss: 83.08326721191406
start in data :  CyberShake 780
Jobs number:  10
Tasks number: 28
loss: 81.1685791015625
start in data :  CyberShake 781
Jobs number:  10
Tasks number: 30
loss: 86.05950164794922
start in data :  CyberShake 782
Jobs number:  10
Tasks number: 29
loss: 72.62110900878906
start in data :  CyberShake 783
Jobs number:  10
Tasks number: 30
loss: 72.46774291992188
start in data :  CyberShake 784
Jobs number:  10
Tasks number: 31
loss: 80.31575775146484
start in data :  CyberShake 785
Jobs number:  10
Tasks number: 32
loss: 87.70801544189453
start in data :  CyberShake 786
Jobs number:  10
Tasks number: 30
loss: 81.32946014404297
start in data :  CyberShake 787
Jobs number:  10
Tasks number: 31
loss: 78.84051513671875
start in data :  CyberShake 788
Jobs number:  10
Tasks number: 32
loss: 104.86677551269531
start in data :  CyberShake 789
Jobs number:  10
Tasks number: 31
loss: 95.47259521484375
start in data :  CyberShake 790
Jobs number:  10
Tasks number: 30
loss: 78.88603210449219
start in data :  CyberShake 791
Jobs number:  10
Tasks number: 31
loss: 92.91490936279297
start in data :  CyberShake 792
Jobs number:  10
Tasks number: 29
loss: 80.03179931640625
start in data :  CyberShake 793
Jobs number:  10
Tasks number: 31
loss: 80.08039855957031
start in data :  CyberShake 794
Jobs number:  10
Tasks number: 35
loss: 110.25689697265625
start in data :  CyberShake 795
Jobs number:  10
Tasks number: 33
loss: 99.55332946777344
start in data :  CyberShake 796
Jobs number:  10
Tasks number: 25
loss: 64.00730895996094
start in data :  CyberShake 797
Jobs number:  10
Tasks number: 27
loss: 78.11306762695312
start in data :  CyberShake 798
Jobs number:  10
Tasks number: 31
loss: 89.51748657226562
start in data :  CyberShake 799
Jobs number:  10
Tasks number: 30
loss: 91.93002319335938
start in data :  CyberShake 800
Jobs number:  10
Tasks number: 27
loss: 67.2767105102539
start in data :  CyberShake 801
Jobs number:  10
Tasks number: 29
loss: 63.673484802246094
start in data :  CyberShake 802
Jobs number:  10
Tasks number: 29
loss: 75.13796997070312
start in data :  CyberShake 803
Jobs number:  10
Tasks number: 35
loss: 104.08451843261719
start in data :  CyberShake 804
Jobs number:  10
Tasks number: 31
loss: 90.79402923583984
start in data :  CyberShake 805
Jobs number:  10
Tasks number: 30
loss: 73.5915756225586
start in data :  CyberShake 806
Jobs number:  10
Tasks number: 29
loss: 67.06765747070312
start in data :  CyberShake 807
Jobs number:  10
Tasks number: 28
loss: 71.2307357788086
start in data :  CyberShake 808
Jobs number:  10
Tasks number: 33
loss: 98.74665832519531
start in data :  CyberShake 809
Jobs number:  10
Tasks number: 28
loss: 74.90835571289062
start in data :  CyberShake 810
Jobs number:  10
Tasks number: 30
loss: 78.99156188964844
start in data :  CyberShake 811
Jobs number:  10
Tasks number: 30
loss: 85.93531799316406
start in data :  CyberShake 812
Jobs number:  10
Tasks number: 27
loss: 60.4045524597168
start in data :  CyberShake 813
Jobs number:  10
Tasks number: 29
loss: 80.91954040527344
start in data :  CyberShake 814
Jobs number:  10
Tasks number: 26
loss: 63.4066276550293
start in data :  CyberShake 815
Jobs number:  10
Tasks number: 27
loss: 65.64273834228516
start in data :  CyberShake 816
Jobs number:  10
Tasks number: 31
loss: 89.11518859863281
start in data :  CyberShake 817
Jobs number:  10
Tasks number: 27
loss: 83.30819702148438
start in data :  CyberShake 818
Jobs number:  10
Tasks number: 29
loss: 85.58782196044922
start in data :  CyberShake 819
Jobs number:  10
Tasks number: 30
loss: 80.82991027832031
start in data :  CyberShake 820
Jobs number:  10
Tasks number: 26
loss: 62.182159423828125
start in data :  CyberShake 821
Jobs number:  10
Tasks number: 34
loss: 120.71576690673828
start in data :  CyberShake 822
Jobs number:  10
Tasks number: 30
loss: 77.74292755126953
start in data :  CyberShake 823
Jobs number:  10
Tasks number: 29
loss: 74.94667053222656
start in data :  CyberShake 824
Jobs number:  10
Tasks number: 33
loss: 103.35582733154297
start in data :  CyberShake 825
Jobs number:  10
Tasks number: 31
loss: 97.1884536743164
start in data :  CyberShake 826
Jobs number:  10
Tasks number: 29
loss: 87.306396484375
start in data :  CyberShake 827
Jobs number:  10
Tasks number: 26
loss: 69.83853149414062
start in data :  CyberShake 828
Jobs number:  10
Tasks number: 27
loss: 58.512306213378906
start in data :  CyberShake 829
Jobs number:  10
Tasks number: 36
loss: 130.30258178710938
start in data :  CyberShake 830
Jobs number:  10
Tasks number: 31
loss: 86.74525451660156
start in data :  CyberShake 831
Jobs number:  10
Tasks number: 26
loss: 63.58364486694336
start in data :  CyberShake 832
Jobs number:  10
Tasks number: 27
loss: 61.00544357299805
start in data :  CyberShake 833
Jobs number:  10
Tasks number: 30
loss: 83.42793273925781
start in data :  CyberShake 834
Jobs number:  10
Tasks number: 32
loss: 101.1264877319336
start in data :  CyberShake 835
Jobs number:  10
Tasks number: 30
loss: 93.48255920410156
start in data :  CyberShake 836
Jobs number:  10
Tasks number: 29
loss: 79.67278289794922
start in data :  CyberShake 837
Jobs number:  10
Tasks number: 31
loss: 92.21209716796875
start in data :  CyberShake 838
Jobs number:  10
Tasks number: 32
loss: 97.0460205078125
start in data :  CyberShake 839
Jobs number:  10
Tasks number: 33
loss: 106.01695251464844
start in data :  CyberShake 840
Jobs number:  10
Tasks number: 29
loss: 74.77268981933594
start in data :  CyberShake 841
Jobs number:  10
Tasks number: 26
loss: 59.69889831542969
start in data :  CyberShake 842
Jobs number:  10
Tasks number: 26
loss: 70.58363342285156
start in data :  CyberShake 843
Jobs number:  10
Tasks number: 29
loss: 70.20116424560547
start in data :  CyberShake 844
Jobs number:  10
Tasks number: 29
loss: 86.99346923828125
start in data :  CyberShake 845
Jobs number:  10
Tasks number: 30
loss: 74.38398742675781
start in data :  CyberShake 846
Jobs number:  10
Tasks number: 24
loss: 62.13731002807617
start in data :  CyberShake 847
Jobs number:  10
Tasks number: 25
loss: 55.84843444824219
start in data :  CyberShake 848
Jobs number:  10
Tasks number: 32
loss: 109.96048736572266
start in data :  CyberShake 849
Jobs number:  10
Tasks number: 29
loss: 88.8386001586914
start in data :  CyberShake 850
Jobs number:  10
Tasks number: 31
loss: 105.92093658447266
start in data :  CyberShake 851
Jobs number:  10
Tasks number: 32
loss: 130.10389709472656
start in data :  CyberShake 852
Jobs number:  10
Tasks number: 25
loss: 48.05297088623047
start in data :  CyberShake 853
Jobs number:  10
Tasks number: 33
loss: 91.54773712158203
start in data :  CyberShake 854
Jobs number:  10
Tasks number: 30
loss: 81.83785247802734
start in data :  CyberShake 855
Jobs number:  10
Tasks number: 30
loss: 76.21000671386719
start in data :  CyberShake 856
Jobs number:  10
Tasks number: 31
loss: 85.81670379638672
start in data :  CyberShake 857
Jobs number:  10
Tasks number: 26
loss: 62.45386505126953
start in data :  CyberShake 858
Jobs number:  10
Tasks number: 32
loss: 96.37315368652344
start in data :  CyberShake 859
Jobs number:  10
Tasks number: 27
loss: 61.596771240234375
start in data :  CyberShake 860
Jobs number:  10
Tasks number: 32
loss: 106.20973205566406
start in data :  CyberShake 861
Jobs number:  10
Tasks number: 27
loss: 62.91390609741211
start in data :  CyberShake 862
Jobs number:  10
Tasks number: 32
loss: 99.25784301757812
start in data :  CyberShake 863
Jobs number:  10
Tasks number: 30
loss: 74.77619934082031
start in data :  CyberShake 864
Jobs number:  10
Tasks number: 26
loss: 69.11270141601562
start in data :  CyberShake 865
Jobs number:  10
Tasks number: 32
loss: 112.21105194091797
start in data :  CyberShake 866
Jobs number:  10
Tasks number: 25
loss: 69.9405746459961
start in data :  CyberShake 867
Jobs number:  10
Tasks number: 30
loss: 78.9734878540039
start in data :  CyberShake 868
Jobs number:  10
Tasks number: 28
loss: 65.13650512695312
start in data :  CyberShake 869
Jobs number:  10
Tasks number: 32
loss: 83.4301528930664
start in data :  CyberShake 870
Jobs number:  10
Tasks number: 27
loss: 85.93087005615234
start in data :  CyberShake 871
Jobs number:  10
Tasks number: 27
loss: 72.69896697998047
start in data :  CyberShake 872
Jobs number:  10
Tasks number: 28
loss: 80.80472564697266
start in data :  CyberShake 873
Jobs number:  10
Tasks number: 33
loss: 99.9595947265625
start in data :  CyberShake 874
Jobs number:  10
Tasks number: 28
loss: 68.05828094482422
start in data :  CyberShake 875
Jobs number:  10
Tasks number: 30
loss: 87.45303344726562
start in data :  CyberShake 876
Jobs number:  10
Tasks number: 31
loss: 95.04718780517578
start in data :  CyberShake 877
Jobs number:  10
Tasks number: 30
loss: 89.2071762084961
start in data :  CyberShake 878
Jobs number:  10
Tasks number: 33
loss: 100.03948974609375
start in data :  CyberShake 879
Jobs number:  10
Tasks number: 29
loss: 67.8670425415039
start in data :  CyberShake 880
Jobs number:  10
Tasks number: 30
loss: 88.72111511230469
start in data :  CyberShake 881
Jobs number:  10
Tasks number: 28
loss: 69.96109771728516
start in data :  CyberShake 882
Jobs number:  10
Tasks number: 29
loss: 85.22198486328125
start in data :  CyberShake 883
Jobs number:  10
Tasks number: 26
loss: 65.7109375
start in data :  CyberShake 884
Jobs number:  10
Tasks number: 26
loss: 56.20124435424805
start in data :  CyberShake 885
Jobs number:  10
Tasks number: 26
loss: 59.28660202026367
start in data :  CyberShake 886
Jobs number:  10
Tasks number: 31
loss: 91.691650390625
start in data :  CyberShake 887
Jobs number:  10
Tasks number: 29
loss: 75.49397277832031
start in data :  CyberShake 888
Jobs number:  10
Tasks number: 26
loss: 75.16151428222656
start in data :  CyberShake 889
Jobs number:  10
Tasks number: 26
loss: 73.47761535644531
start in data :  CyberShake 890
Jobs number:  10
Tasks number: 26
loss: 73.22921752929688
start in data :  CyberShake 891
Jobs number:  10
Tasks number: 29
loss: 88.79143524169922
start in data :  CyberShake 892
Jobs number:  10
Tasks number: 26
loss: 63.833526611328125
start in data :  CyberShake 893
Jobs number:  10
Tasks number: 30
loss: 89.4427490234375
start in data :  CyberShake 894
Jobs number:  10
Tasks number: 27
loss: 69.62919616699219
start in data :  CyberShake 895
Jobs number:  10
Tasks number: 29
loss: 62.82183837890625
start in data :  CyberShake 896
Jobs number:  10
Tasks number: 26
loss: 62.87062454223633
start in data :  CyberShake 897
Jobs number:  10
Tasks number: 29
loss: 88.8982162475586
start in data :  CyberShake 898
Jobs number:  10
Tasks number: 27
loss: 69.25106811523438
start in data :  CyberShake 899
Jobs number:  10
Tasks number: 32
loss: 94.8904800415039
start in data: CyberShake 900
Jobs number:  10
Tasks number: 26
makespan: 18
start in data: CyberShake 901
Jobs number:  10
Tasks number: 27
makespan: 20
start in data: CyberShake 902
Jobs number:  10
Tasks number: 30
makespan: 26
start in data: CyberShake 903
Jobs number:  10
Tasks number: 27
makespan: 24
start in data: CyberShake 904
Jobs number:  10
Tasks number: 30
makespan: 28
start in data: CyberShake 905
Jobs number:  10
Tasks number: 29
makespan: 26
start in data: CyberShake 906
Jobs number:  10
Tasks number: 26
makespan: 20
start in data: CyberShake 907
Jobs number:  10
Tasks number: 31
makespan: 25
start in data: CyberShake 908
Jobs number:  10
Tasks number: 31
makespan: 26
start in data: CyberShake 909
Jobs number:  10
Tasks number: 28
makespan: 21
start in data: CyberShake 910
Jobs number:  10
Tasks number: 26
makespan: 20
start in data: CyberShake 911
Jobs number:  10
Tasks number: 29
makespan: 22
start in data: CyberShake 912
Jobs number:  10
Tasks number: 26
makespan: 17
start in data: CyberShake 913
Jobs number:  10
Tasks number: 33
makespan: 25
start in data: CyberShake 914
Jobs number:  10
Tasks number: 29
makespan: 25
start in data: CyberShake 915
Jobs number:  10
Tasks number: 29
makespan: 24
start in data: CyberShake 916
Jobs number:  10
Tasks number: 32
makespan: 26
start in data: CyberShake 917
Jobs number:  10
Tasks number: 30
makespan: 23
start in data: CyberShake 918
Jobs number:  10
Tasks number: 27
makespan: 16
start in data: CyberShake 919
Jobs number:  10
Tasks number: 28
makespan: 17
start in data: CyberShake 920
Jobs number:  10
Tasks number: 29
makespan: 22
start in data: CyberShake 921
Jobs number:  10
Tasks number: 29
makespan: 22
start in data: CyberShake 922
Jobs number:  10
Tasks number: 24
makespan: 23
start in data: CyberShake 923
Jobs number:  10
Tasks number: 27
makespan: 24
start in data: CyberShake 924
Jobs number:  10
Tasks number: 28
makespan: 16
start in data: CyberShake 925
Jobs number:  10
Tasks number: 28
makespan: 19
start in data: CyberShake 926
Jobs number:  10
Tasks number: 26
makespan: 24
start in data: CyberShake 927
Jobs number:  10
Tasks number: 28
makespan: 21
start in data: CyberShake 928
Jobs number:  10
Tasks number: 29
makespan: 28
start in data: CyberShake 929
Jobs number:  10
Tasks number: 29
makespan: 21
start in data: CyberShake 930
Jobs number:  10
Tasks number: 28
makespan: 27
start in data: CyberShake 931
Jobs number:  10
Tasks number: 30
makespan: 17
start in data: CyberShake 932
Jobs number:  10
Tasks number: 24
makespan: 20
start in data: CyberShake 933
Jobs number:  10
Tasks number: 29
makespan: 24
start in data: CyberShake 934
Jobs number:  10
Tasks number: 29
makespan: 25
start in data: CyberShake 935
Jobs number:  10
Tasks number: 31
makespan: 27
start in data: CyberShake 936
Jobs number:  10
Tasks number: 33
makespan: 21
start in data: CyberShake 937
Jobs number:  10
Tasks number: 30
makespan: 24
start in data: CyberShake 938
Jobs number:  10
Tasks number: 35
makespan: 25
start in data: CyberShake 939
Jobs number:  10
Tasks number: 28
makespan: 23
start in data: CyberShake 940
Jobs number:  10
Tasks number: 26
makespan: 21
start in data: CyberShake 941
Jobs number:  10
Tasks number: 27
makespan: 15
start in data: CyberShake 942
Jobs number:  10
Tasks number: 32
makespan: 23
start in data: CyberShake 943
Jobs number:  10
Tasks number: 27
makespan: 22
start in data: CyberShake 944
Jobs number:  10
Tasks number: 28
makespan: 19
start in data: CyberShake 945
Jobs number:  10
Tasks number: 30
makespan: 22
start in data: CyberShake 946
Jobs number:  10
Tasks number: 26
makespan: 17
start in data: CyberShake 947
Jobs number:  10
Tasks number: 29
makespan: 25
start in data: CyberShake 948
Jobs number:  10
Tasks number: 30
makespan: 20
start in data: CyberShake 949
Jobs number:  10
Tasks number: 32
makespan: 24
start in data: CyberShake 950
Jobs number:  10
Tasks number: 27
makespan: 30
start in data: CyberShake 951
Jobs number:  10
Tasks number: 26
makespan: 19
start in data: CyberShake 952
Jobs number:  10
Tasks number: 27
makespan: 26
start in data: CyberShake 953
Jobs number:  10
Tasks number: 25
makespan: 19
start in data: CyberShake 954
Jobs number:  10
Tasks number: 25
makespan: 25
start in data: CyberShake 955
Jobs number:  10
Tasks number: 29
makespan: 28
start in data: CyberShake 956
Jobs number:  10
Tasks number: 24
makespan: 20
start in data: CyberShake 957
Jobs number:  10
Tasks number: 30
makespan: 20
start in data: CyberShake 958
Jobs number:  10
Tasks number: 24
makespan: 24
start in data: CyberShake 959
Jobs number:  10
Tasks number: 30
makespan: 21
start in data: CyberShake 960
Jobs number:  10
Tasks number: 30
makespan: 26
start in data: CyberShake 961
Jobs number:  10
Tasks number: 31
makespan: 24
start in data: CyberShake 962
Jobs number:  10
Tasks number: 27
makespan: 20
start in data: CyberShake 963
Jobs number:  10
Tasks number: 29
makespan: 18
start in data: CyberShake 964
Jobs number:  10
Tasks number: 32
makespan: 25
start in data: CyberShake 965
Jobs number:  10
Tasks number: 29
makespan: 16
start in data: CyberShake 966
Jobs number:  10
Tasks number: 29
makespan: 22
start in data: CyberShake 967
Jobs number:  10
Tasks number: 32
makespan: 24
start in data: CyberShake 968
Jobs number:  10
Tasks number: 29
makespan: 23
start in data: CyberShake 969
Jobs number:  10
Tasks number: 30
makespan: 22
start in data: CyberShake 970
Jobs number:  10
Tasks number: 25
makespan: 24
start in data: CyberShake 971
Jobs number:  10
Tasks number: 31
makespan: 22
start in data: CyberShake 972
Jobs number:  10
Tasks number: 30
makespan: 23
start in data: CyberShake 973
Jobs number:  10
Tasks number: 27
makespan: 23
start in data: CyberShake 974
Jobs number:  10
Tasks number: 28
makespan: 28
start in data: CyberShake 975
Jobs number:  10
Tasks number: 34
makespan: 24
start in data: CyberShake 976
Jobs number:  10
Tasks number: 33
makespan: 26
start in data: CyberShake 977
Jobs number:  10
Tasks number: 30
makespan: 22
start in data: CyberShake 978
Jobs number:  10
Tasks number: 29
makespan: 23
start in data: CyberShake 979
Jobs number:  10
Tasks number: 30
makespan: 20
start in data: CyberShake 980
Jobs number:  10
Tasks number: 28
makespan: 23
start in data: CyberShake 981
Jobs number:  10
Tasks number: 32
makespan: 24
start in data: CyberShake 982
Jobs number:  10
Tasks number: 27
makespan: 22
start in data: CyberShake 983
Jobs number:  10
Tasks number: 28
makespan: 18
start in data: CyberShake 984
Jobs number:  10
Tasks number: 27
makespan: 26
start in data: CyberShake 985
Jobs number:  10
Tasks number: 27
makespan: 20
start in data: CyberShake 986
Jobs number:  10
Tasks number: 30
makespan: 21
start in data: CyberShake 987
Jobs number:  10
Tasks number: 27
makespan: 19
start in data: CyberShake 988
Jobs number:  10
Tasks number: 26
makespan: 25
start in data: CyberShake 989
Jobs number:  10
Tasks number: 28
makespan: 18
start in data: CyberShake 990
Jobs number:  10
Tasks number: 26
makespan: 25
start in data: CyberShake 991
Jobs number:  10
Tasks number: 31
makespan: 25
start in data: CyberShake 992
Jobs number:  10
Tasks number: 28
makespan: 26
start in data: CyberShake 993
Jobs number:  10
Tasks number: 27
makespan: 25
start in data: CyberShake 994
Jobs number:  10
Tasks number: 32
makespan: 22
start in data: CyberShake 995
Jobs number:  10
Tasks number: 27
makespan: 20
start in data: CyberShake 996
Jobs number:  10
Tasks number: 27
makespan: 20
start in data: CyberShake 997
Jobs number:  10
Tasks number: 29
makespan: 28
start in data: CyberShake 998
Jobs number:  10
Tasks number: 31
makespan: 24
start in data: CyberShake 999
Jobs number:  10
Tasks number: 31
makespan: 20
Traceback (most recent call last):
  File "/home/wy/project/wy/RL/launch/initial.py", line 263, in <module>
    create_vm(machine_type, machine_num, total_machine)
  File "/home/wy/project/wy/RL/launch/initial.py", line 235, in read_data
    plt.show()
  File "/home/wy/anaconda3/envs/mycloudsim/lib/python3.9/site-packages/matplotlib/pyplot.py", line 1228, in savefig
    res = fig.savefig(*args, **kwargs)  # type: ignore[func-returns-value]
  File "/home/wy/anaconda3/envs/mycloudsim/lib/python3.9/site-packages/matplotlib/figure.py", line 3395, in savefig
    self.canvas.print_figure(fname, **kwargs)
  File "/home/wy/anaconda3/envs/mycloudsim/lib/python3.9/site-packages/matplotlib/backend_bases.py", line 2204, in print_figure
    result = print_method(
  File "/home/wy/anaconda3/envs/mycloudsim/lib/python3.9/site-packages/matplotlib/backend_bases.py", line 2054, in <lambda>
    print_method = functools.wraps(meth)(lambda *args, **kwargs: meth(
  File "/home/wy/anaconda3/envs/mycloudsim/lib/python3.9/site-packages/matplotlib/backends/backend_agg.py", line 496, in print_png
    self._print_pil(filename_or_obj, "png", pil_kwargs, metadata)
  File "/home/wy/anaconda3/envs/mycloudsim/lib/python3.9/site-packages/matplotlib/backends/backend_agg.py", line 445, in _print_pil
    mpl.image.imsave(
  File "/home/wy/anaconda3/envs/mycloudsim/lib/python3.9/site-packages/matplotlib/image.py", line 1676, in imsave
    image.save(fname, **pil_kwargs)
  File "/home/wy/anaconda3/envs/mycloudsim/lib/python3.9/site-packages/PIL/Image.py", line 2563, in save
    fp = builtins.open(filename, "w+b")
FileNotFoundError: [Errno 2] No such file or directory: '/home/wy/project/wy/RL/model/pretrain/gat_cache_file_1000_job_10_task_10/result.png'
