start in data :  CyberShake 0
Jobs number:  50
Tasks number: 150
loss: 683.333251953125
start in data :  CyberShake 1
Jobs number:  50
Tasks number: 148
loss: 643.392333984375
start in data :  CyberShake 2
Jobs number:  50
Tasks number: 147
loss: 583.242919921875
start in data :  CyberShake 3
Jobs number:  50
Tasks number: 151
loss: 606.06005859375
start in data :  CyberShake 4
Jobs number:  50
Tasks number: 150
loss: 583.1690063476562
start in data :  CyberShake 5
Jobs number:  50
Tasks number: 149
loss: 597.200439453125
start in data :  CyberShake 6
Jobs number:  50
Tasks number: 149
loss: 606.4307861328125
start in data :  CyberShake 7
Jobs number:  50
Tasks number: 148
loss: 669.4859619140625
start in data :  CyberShake 8
Jobs number:  50
Tasks number: 153
loss: 626.3434448242188
start in data :  CyberShake 9
Jobs number:  50
Tasks number: 145
loss: 557.6422729492188
start in data :  CyberShake 10
Jobs number:  50
Tasks number: 149
loss: 581.416259765625
start in data :  CyberShake 11
Jobs number:  50
Tasks number: 148
loss: 591.45703125
start in data :  CyberShake 12
Jobs number:  50
Tasks number: 152
loss: 604.42236328125
start in data :  CyberShake 13
Jobs number:  50
Tasks number: 149
loss: 574.8767700195312
start in data :  CyberShake 14
Jobs number:  50
Tasks number: 149
loss: 601.6629638671875
start in data :  CyberShake 15
Jobs number:  50
Tasks number: 148
loss: 595.7178344726562
start in data :  CyberShake 16
Jobs number:  50
Tasks number: 150
loss: 594.96240234375
start in data :  CyberShake 17
Jobs number:  50
Tasks number: 149
loss: 610.9300537109375
start in data :  CyberShake 18
Jobs number:  50
Tasks number: 149
loss: 618.9713134765625
start in data :  CyberShake 19
Jobs number:  50
Tasks number: 145
loss: 587.9782104492188
start in data :  CyberShake 20
Jobs number:  50
Tasks number: 152
loss: 650.015380859375
start in data :  CyberShake 21
Jobs number:  50
Tasks number: 148
loss: 585.0363159179688
start in data :  CyberShake 22
Jobs number:  50
Tasks number: 152
loss: 634.3289794921875
start in data :  CyberShake 23
Jobs number:  50
Tasks number: 148
loss: 590.7393798828125
start in data :  CyberShake 24
Jobs number:  50
Tasks number: 144
loss: 568.9487915039062
start in data :  CyberShake 25
Jobs number:  50
Tasks number: 146
loss: 578.2853393554688
start in data :  CyberShake 26
Jobs number:  50
Tasks number: 147
loss: 569.09375
start in data :  CyberShake 27
Jobs number:  50
Tasks number: 150
loss: 608.7229614257812
start in data :  CyberShake 28
Jobs number:  50
Tasks number: 149
loss: 569.98095703125
start in data :  CyberShake 29
Jobs number:  50
Tasks number: 148
loss: 565.6499633789062
start in data :  CyberShake 30
Jobs number:  50
Tasks number: 149
loss: 589.08544921875
start in data :  CyberShake 31
Jobs number:  50
Tasks number: 147
loss: 585.879638671875
start in data :  CyberShake 32
Jobs number:  50
Tasks number: 150
loss: 593.950927734375
start in data :  CyberShake 33
Jobs number:  50
Tasks number: 153
loss: 613.6390991210938
start in data :  CyberShake 34
Jobs number:  50
Tasks number: 145
loss: 570.7520751953125
start in data :  CyberShake 35
Jobs number:  50
Tasks number: 147
loss: 585.3239135742188
start in data :  CyberShake 36
Jobs number:  50
Tasks number: 149
loss: 562.468017578125
start in data :  CyberShake 37
Jobs number:  50
Tasks number: 148
loss: 566.4432983398438
start in data :  CyberShake 38
Jobs number:  50
Tasks number: 153
loss: 619.9401245117188
start in data :  CyberShake 39
Jobs number:  50
Tasks number: 147
loss: 582.2662353515625
start in data :  CyberShake 40
Jobs number:  50
Tasks number: 146
loss: 538.2308349609375
start in data :  CyberShake 41
Jobs number:  50
Tasks number: 146
loss: 547.737060546875
start in data :  CyberShake 42
Jobs number:  50
Tasks number: 150
loss: 578.2802124023438
start in data :  CyberShake 43
Jobs number:  50
Tasks number: 149
loss: 583.8428344726562
start in data :  CyberShake 44
Jobs number:  50
Tasks number: 152
loss: 638.294921875
start in data :  CyberShake 45
Jobs number:  50
Tasks number: 144
loss: 567.9784545898438
start in data :  CyberShake 46
Jobs number:  50
Tasks number: 147
loss: 575.777099609375
start in data :  CyberShake 47
Jobs number:  50
Tasks number: 152
loss: 570.1080932617188
start in data :  CyberShake 48
Jobs number:  50
Tasks number: 148
loss: 564.0267944335938
start in data :  CyberShake 49
Jobs number:  50
Tasks number: 148
loss: 556.274658203125
start in data :  CyberShake 50
Jobs number:  50
Tasks number: 152
loss: 591.2269287109375
start in data :  CyberShake 51
Jobs number:  50
Tasks number: 145
loss: 554.1757202148438
start in data :  CyberShake 52
Jobs number:  50
Tasks number: 147
loss: 559.7891845703125
start in data :  CyberShake 53
Jobs number:  50
Tasks number: 148
loss: 648.959716796875
start in data :  CyberShake 54
Jobs number:  50
Tasks number: 149
loss: 601.6654052734375
start in data :  CyberShake 55
Jobs number:  50
Tasks number: 148
loss: 559.0362548828125
start in data :  CyberShake 56
Jobs number:  50
Tasks number: 148
loss: 575.0601196289062
start in data :  CyberShake 57
Jobs number:  50
Tasks number: 149
loss: 559.3642578125
start in data :  CyberShake 58
Jobs number:  50
Tasks number: 146
loss: 558.9027709960938
start in data :  CyberShake 59
Jobs number:  50
Tasks number: 147
loss: 562.1791381835938
start in data :  CyberShake 60
Jobs number:  50
Tasks number: 151
loss: 583.9364624023438
start in data :  CyberShake 61
Jobs number:  50
Tasks number: 147
loss: 567.4472045898438
start in data :  CyberShake 62
Jobs number:  50
Tasks number: 148
loss: 548.234375
start in data :  CyberShake 63
Jobs number:  50
Tasks number: 147
loss: 547.4720458984375
start in data :  CyberShake 64
Jobs number:  50
Tasks number: 150
loss: 564.0353393554688
start in data :  CyberShake 65
Jobs number:  50
Tasks number: 148
loss: 552.548583984375
start in data :  CyberShake 66
Jobs number:  50
Tasks number: 153
loss: 627.3197021484375
start in data :  CyberShake 67
Jobs number:  50
Tasks number: 151
loss: 594.3206176757812
start in data :  CyberShake 68
Jobs number:  50
Tasks number: 150
loss: 585.7249145507812
start in data :  CyberShake 69
Jobs number:  50
Tasks number: 149
loss: 565.28173828125
start in data :  CyberShake 70
Jobs number:  50
Tasks number: 148
loss: 549.1697387695312
start in data :  CyberShake 71
Jobs number:  50
Tasks number: 148
loss: 542.2110595703125
start in data :  CyberShake 72
Jobs number:  50
Tasks number: 144
loss: 539.0270385742188
start in data :  CyberShake 73
Jobs number:  50
Tasks number: 147
loss: 545.181884765625
start in data :  CyberShake 74
Jobs number:  50
Tasks number: 151
loss: 584.130126953125
start in data :  CyberShake 75
Jobs number:  50
Tasks number: 149
loss: 571.8320922851562
start in data :  CyberShake 76
Jobs number:  50
Tasks number: 149
loss: 555.6707763671875
start in data :  CyberShake 77
Jobs number:  50
Tasks number: 151
loss: 560.4991455078125
start in data :  CyberShake 78
Jobs number:  50
Tasks number: 147
loss: 542.40478515625
start in data :  CyberShake 79
Jobs number:  50
Tasks number: 150
loss: 579.642822265625
start in data :  CyberShake 80
Jobs number:  50
Tasks number: 152
loss: 559.6076049804688
start in data :  CyberShake 81
Jobs number:  50
Tasks number: 146
loss: 559.8519897460938
start in data :  CyberShake 82
Jobs number:  50
Tasks number: 151
loss: 566.2110595703125
start in data :  CyberShake 83
Jobs number:  50
Tasks number: 145
loss: 516.4402465820312
start in data :  CyberShake 84
Jobs number:  50
Tasks number: 146
loss: 576.7481689453125
start in data :  CyberShake 85
Jobs number:  50
Tasks number: 153
loss: 594.6892700195312
start in data :  CyberShake 86
Jobs number:  50
Tasks number: 148
loss: 550.87548828125
start in data :  CyberShake 87
Jobs number:  50
Tasks number: 149
loss: 564.4956665039062
start in data :  CyberShake 88
Jobs number:  50
Tasks number: 145
loss: 503.6335754394531
start in data :  CyberShake 89
Jobs number:  50
Tasks number: 146
loss: 521.7593994140625
start in data :  CyberShake 90
Jobs number:  50
Tasks number: 147
loss: 523.4303588867188
start in data :  CyberShake 91
Jobs number:  50
Tasks number: 146
loss: 519.9194946289062
start in data :  CyberShake 92
Jobs number:  50
Tasks number: 150
loss: 552.6577758789062
start in data :  CyberShake 93
Jobs number:  50
Tasks number: 146
loss: 566.983642578125
start in data :  CyberShake 94
Jobs number:  50
Tasks number: 150
loss: 557.97314453125
start in data :  CyberShake 95
Jobs number:  50
Tasks number: 150
loss: 551.1510009765625
start in data :  CyberShake 96
Jobs number:  50
Tasks number: 150
loss: 576.4067993164062
start in data :  CyberShake 97
Jobs number:  50
Tasks number: 153
loss: 561.4286499023438
start in data :  CyberShake 98
Jobs number:  50
Tasks number: 151
loss: 553.0769653320312
start in data :  CyberShake 99
Jobs number:  50
Tasks number: 151
loss: 546.5362548828125
start in data :  CyberShake 100
Jobs number:  50
Tasks number: 146
loss: 513.0045166015625
start in data :  CyberShake 101
Jobs number:  50
Tasks number: 146
loss: 511.0746765136719
start in data :  CyberShake 102
Jobs number:  50
Tasks number: 149
loss: 574.086669921875
start in data :  CyberShake 103
Jobs number:  50
Tasks number: 148
loss: 540.9813842773438
start in data :  CyberShake 104
Jobs number:  50
Tasks number: 150
loss: 565.8917236328125
start in data :  CyberShake 105
Jobs number:  50
Tasks number: 148
loss: 550.5716552734375
start in data :  CyberShake 106
Jobs number:  50
Tasks number: 149
loss: 533.9874267578125
start in data :  CyberShake 107
Jobs number:  50
Tasks number: 153
loss: 571.3809814453125
start in data :  CyberShake 108
Jobs number:  50
Tasks number: 148
loss: 520.8869018554688
start in data :  CyberShake 109
Jobs number:  50
Tasks number: 152
loss: 546.5485229492188
start in data :  CyberShake 110
Jobs number:  50
Tasks number: 148
loss: 516.0540161132812
start in data :  CyberShake 111
Jobs number:  50
Tasks number: 148
loss: 530.8744506835938
start in data :  CyberShake 112
Jobs number:  50
Tasks number: 145
loss: 512.2022094726562
start in data :  CyberShake 113
Jobs number:  50
Tasks number: 152
loss: 576.1756591796875
start in data :  CyberShake 114
Jobs number:  50
Tasks number: 152
loss: 572.172119140625
start in data :  CyberShake 115
Jobs number:  50
Tasks number: 147
loss: 535.1409301757812
start in data :  CyberShake 116
Jobs number:  50
Tasks number: 147
loss: 533.1405639648438
start in data :  CyberShake 117
Jobs number:  50
Tasks number: 147
loss: 541.4434814453125
start in data :  CyberShake 118
Jobs number:  50
Tasks number: 146
loss: 523.7810668945312
start in data :  CyberShake 119
Jobs number:  50
Tasks number: 147
loss: 518.1875
start in data :  CyberShake 120
Jobs number:  50
Tasks number: 154
loss: 557.5101318359375
start in data :  CyberShake 121
Jobs number:  50
Tasks number: 146
loss: 491.1327819824219
start in data :  CyberShake 122
Jobs number:  50
Tasks number: 149
loss: 547.1874389648438
start in data :  CyberShake 123
Jobs number:  50
Tasks number: 151
loss: 550.4318237304688
start in data :  CyberShake 124
Jobs number:  50
Tasks number: 147
loss: 590.060302734375
start in data :  CyberShake 125
Jobs number:  50
Tasks number: 146
loss: 512.59375
start in data :  CyberShake 126
Jobs number:  50
Tasks number: 148
loss: 543.4690551757812
start in data :  CyberShake 127
Jobs number:  50
Tasks number: 147
loss: 510.8604431152344
start in data :  CyberShake 128
Jobs number:  50
Tasks number: 152
loss: 567.8331298828125
start in data :  CyberShake 129
Jobs number:  50
Tasks number: 147
loss: 531.5007934570312
start in data :  CyberShake 130
Jobs number:  50
Tasks number: 147
loss: 542.0184936523438
start in data :  CyberShake 131
Jobs number:  50
Tasks number: 149
loss: 546.9557495117188
start in data :  CyberShake 132
Jobs number:  50
Tasks number: 148
loss: 510.63958740234375
start in data :  CyberShake 133
Jobs number:  50
Tasks number: 147
loss: 572.1385498046875
start in data :  CyberShake 134
Jobs number:  50
Tasks number: 146
loss: 506.65911865234375
start in data :  CyberShake 135
Jobs number:  50
Tasks number: 153
loss: 577.345458984375
start in data :  CyberShake 136
Jobs number:  50
Tasks number: 147
loss: 526.5835571289062
start in data :  CyberShake 137
Jobs number:  50
Tasks number: 148
loss: 541.1959228515625
start in data :  CyberShake 138
Jobs number:  50
Tasks number: 151
loss: 556.8260498046875
start in data :  CyberShake 139
Jobs number:  50
Tasks number: 148
loss: 550.8983154296875
start in data :  CyberShake 140
Jobs number:  50
Tasks number: 148
loss: 521.0555419921875
start in data :  CyberShake 141
Jobs number:  50
Tasks number: 147
loss: 519.6494140625
start in data :  CyberShake 142
Jobs number:  50
Tasks number: 149
loss: 533.732177734375
start in data :  CyberShake 143
Jobs number:  50
Tasks number: 145
loss: 493.9625244140625
start in data :  CyberShake 144
Jobs number:  50
Tasks number: 150
loss: 534.4639282226562
start in data :  CyberShake 145
Jobs number:  50
Tasks number: 149
loss: 530.042724609375
start in data :  CyberShake 146
Jobs number:  50
Tasks number: 149
loss: 574.6488037109375
start in data :  CyberShake 147
Jobs number:  50
Tasks number: 147
loss: 526.181640625
start in data :  CyberShake 148
Jobs number:  50
Tasks number: 150
loss: 521.9830932617188
start in data :  CyberShake 149
Jobs number:  50
Tasks number: 145
loss: 508.28082275390625
start in data :  CyberShake 150
Jobs number:  50
Tasks number: 149
loss: 549.0594482421875
start in data :  CyberShake 151
Jobs number:  50
Tasks number: 147
loss: 526.0462646484375
start in data :  CyberShake 152
Jobs number:  50
Tasks number: 150
loss: 540.5486450195312
start in data :  CyberShake 153
Jobs number:  50
Tasks number: 146
loss: 541.0763549804688
start in data :  CyberShake 154
Jobs number:  50
Tasks number: 158
loss: 580.7595825195312
start in data :  CyberShake 155
Jobs number:  50
Tasks number: 147
loss: 502.768310546875
start in data :  CyberShake 156
Jobs number:  50
Tasks number: 147
loss: 504.3674621582031
start in data :  CyberShake 157
Jobs number:  50
Tasks number: 145
loss: 532.9170532226562
start in data :  CyberShake 158
Jobs number:  50
Tasks number: 149
loss: 551.9794311523438
start in data :  CyberShake 159
Jobs number:  50
Tasks number: 148
loss: 527.5172729492188
start in data :  CyberShake 160
Jobs number:  50
Tasks number: 147
loss: 500.86639404296875
start in data :  CyberShake 161
Jobs number:  50
Tasks number: 149
loss: 522.4439086914062
start in data :  CyberShake 162
Jobs number:  50
Tasks number: 154
loss: 551.3196411132812
start in data :  CyberShake 163
Jobs number:  50
Tasks number: 148
loss: 518.4276123046875
start in data :  CyberShake 164
Jobs number:  50
Tasks number: 147
loss: 509.37689208984375
start in data :  CyberShake 165
Jobs number:  50
Tasks number: 151
loss: 541.4763793945312
start in data :  CyberShake 166
Jobs number:  50
Tasks number: 156
loss: 558.599365234375
start in data :  CyberShake 167
Jobs number:  50
Tasks number: 150
loss: 551.5507202148438
start in data :  CyberShake 168
Jobs number:  50
Tasks number: 148
loss: 524.2733154296875
start in data :  CyberShake 169
Jobs number:  50
Tasks number: 150
loss: 516.172607421875
start in data :  CyberShake 170
Jobs number:  50
Tasks number: 149
loss: 548.5418701171875
start in data :  CyberShake 171
Jobs number:  50
Tasks number: 153
loss: 579.9798583984375
start in data :  CyberShake 172
Jobs number:  50
Tasks number: 148
loss: 518.1292724609375
start in data :  CyberShake 173
Jobs number:  50
Tasks number: 151
loss: 516.1715698242188
start in data :  CyberShake 174
Jobs number:  50
Tasks number: 145
loss: 511.3497619628906
start in data :  CyberShake 175
Jobs number:  50
Tasks number: 153
loss: 611.9683227539062
start in data :  CyberShake 176
Jobs number:  50
Tasks number: 153
loss: 550.651611328125
start in data :  CyberShake 177
Jobs number:  50
Tasks number: 148
loss: 538.8789672851562
start in data :  CyberShake 178
Jobs number:  50
Tasks number: 149
loss: 550.128173828125
start in data :  CyberShake 179
Jobs number:  50
Tasks number: 149
loss: 525.2006225585938
start in data :  CyberShake 180
Jobs number:  50
Tasks number: 148
loss: 489.2850036621094
start in data :  CyberShake 181
Jobs number:  50
Tasks number: 146
loss: 510.9797058105469
start in data :  CyberShake 182
Jobs number:  50
Tasks number: 156
loss: 557.5050048828125
start in data :  CyberShake 183
Jobs number:  50
Tasks number: 146
loss: 516.2325439453125
start in data :  CyberShake 184
Jobs number:  50
Tasks number: 145
loss: 524.98876953125
start in data :  CyberShake 185
Jobs number:  50
Tasks number: 152
loss: 585.4212646484375
start in data :  CyberShake 186
Jobs number:  50
Tasks number: 146
loss: 517.1063232421875
start in data :  CyberShake 187
Jobs number:  50
Tasks number: 149
loss: 519.4624633789062
start in data :  CyberShake 188
Jobs number:  50
Tasks number: 145
loss: 499.59661865234375
start in data :  CyberShake 189
Jobs number:  50
Tasks number: 152
loss: 540.9681396484375
start in data :  CyberShake 190
Jobs number:  50
Tasks number: 149
loss: 584.664306640625
start in data :  CyberShake 191
Jobs number:  50
Tasks number: 146
loss: 494.4816589355469
start in data :  CyberShake 192
Jobs number:  50
Tasks number: 148
loss: 534.728515625
start in data :  CyberShake 193
Jobs number:  50
Tasks number: 154
loss: 554.970458984375
start in data :  CyberShake 194
Jobs number:  50
Tasks number: 146
loss: 509.03192138671875
start in data :  CyberShake 195
Jobs number:  50
Tasks number: 148
loss: 534.0121459960938
start in data :  CyberShake 196
Jobs number:  50
Tasks number: 151
loss: 549.7276000976562
start in data :  CyberShake 197
Jobs number:  50
Tasks number: 148
loss: 553.1563110351562
start in data :  CyberShake 198
Jobs number:  50
Tasks number: 152
loss: 541.7823486328125
start in data :  CyberShake 199
Jobs number:  50
Tasks number: 149
loss: 492.1741638183594
start in data :  CyberShake 200
Jobs number:  50
Tasks number: 145
loss: 508.8989562988281
start in data :  CyberShake 201
Jobs number:  50
Tasks number: 147
loss: 518.7088623046875
start in data :  CyberShake 202
Jobs number:  50
Tasks number: 146
loss: 499.6343994140625
start in data :  CyberShake 203
Jobs number:  50
Tasks number: 150
loss: 566.1214599609375
start in data :  CyberShake 204
Jobs number:  50
Tasks number: 152
loss: 554.153076171875
start in data :  CyberShake 205
Jobs number:  50
Tasks number: 146
loss: 508.0643005371094
start in data :  CyberShake 206
Jobs number:  50
Tasks number: 153
loss: 575.3104248046875
start in data :  CyberShake 207
Jobs number:  50
Tasks number: 148
loss: 497.87310791015625
start in data :  CyberShake 208
Jobs number:  50
Tasks number: 149
loss: 525.77099609375
start in data :  CyberShake 209
Jobs number:  50
Tasks number: 147
loss: 525.5336303710938
start in data :  CyberShake 210
Jobs number:  50
Tasks number: 151
loss: 516.4663696289062
start in data :  CyberShake 211
Jobs number:  50
Tasks number: 149
loss: 503.9139404296875
start in data :  CyberShake 212
Jobs number:  50
Tasks number: 147
loss: 501.52032470703125
start in data :  CyberShake 213
Jobs number:  50
Tasks number: 148
loss: 507.9186096191406
start in data :  CyberShake 214
Jobs number:  50
Tasks number: 150
loss: 562.8827514648438
start in data :  CyberShake 215
Jobs number:  50
Tasks number: 149
loss: 550.184814453125
start in data :  CyberShake 216
Jobs number:  50
Tasks number: 155
loss: 558.1652221679688
start in data :  CyberShake 217
Jobs number:  50
Tasks number: 151
loss: 553.6246948242188
start in data :  CyberShake 218
Jobs number:  50
Tasks number: 151
loss: 519.5016479492188
start in data :  CyberShake 219
Jobs number:  50
Tasks number: 151
loss: 542.0081787109375
start in data :  CyberShake 220
Jobs number:  50
Tasks number: 154
loss: 634.169921875
start in data :  CyberShake 221
Jobs number:  50
Tasks number: 153
loss: 554.6006469726562
start in data :  CyberShake 222
Jobs number:  50
Tasks number: 153
loss: 559.0404663085938
start in data :  CyberShake 223
Jobs number:  50
Tasks number: 149
loss: 550.26904296875
start in data :  CyberShake 224
Jobs number:  50
Tasks number: 146
loss: 535.6166381835938
start in data :  CyberShake 225
Jobs number:  50
Tasks number: 145
loss: 516.9614868164062
start in data :  CyberShake 226
Jobs number:  50
Tasks number: 148
loss: 509.4532165527344
start in data :  CyberShake 227
Jobs number:  50
Tasks number: 149
loss: 528.25634765625
start in data :  CyberShake 228
Jobs number:  50
Tasks number: 150
loss: 536.5016479492188
start in data :  CyberShake 229
Jobs number:  50
Tasks number: 149
loss: 520.3392944335938
start in data :  CyberShake 230
Jobs number:  50
Tasks number: 147
loss: 516.9310302734375
start in data :  CyberShake 231
Jobs number:  50
Tasks number: 152
loss: 531.8123168945312
start in data :  CyberShake 232
Jobs number:  50
Tasks number: 152
loss: 544.5066528320312
start in data :  CyberShake 233
Jobs number:  50
Tasks number: 147
loss: 517.2010498046875
start in data :  CyberShake 234
Jobs number:  50
Tasks number: 150
loss: 509.98809814453125
start in data :  CyberShake 235
Jobs number:  50
Tasks number: 151
loss: 575.2689208984375
start in data :  CyberShake 236
Jobs number:  50
Tasks number: 150
loss: 519.37109375
start in data :  CyberShake 237
Jobs number:  50
Tasks number: 147
loss: 516.9725341796875
start in data :  CyberShake 238
Jobs number:  50
Tasks number: 145
loss: 502.82952880859375
start in data :  CyberShake 239
Jobs number:  50
Tasks number: 150
loss: 522.3275146484375
start in data :  CyberShake 240
Jobs number:  50
Tasks number: 146
loss: 550.2863159179688
start in data :  CyberShake 241
Jobs number:  50
Tasks number: 149
loss: 498.11474609375
start in data :  CyberShake 242
Jobs number:  50
Tasks number: 148
loss: 499.33428955078125
start in data :  CyberShake 243
Jobs number:  50
Tasks number: 148
loss: 520.5631103515625
start in data :  CyberShake 244
Jobs number:  50
Tasks number: 146
loss: 496.2650451660156
start in data :  CyberShake 245
Jobs number:  50
Tasks number: 151
loss: 538.0432739257812
start in data :  CyberShake 246
Jobs number:  50
Tasks number: 147
loss: 496.0633544921875
start in data :  CyberShake 247
Jobs number:  50
Tasks number: 150
loss: 524.5014038085938
start in data :  CyberShake 248
Jobs number:  50
Tasks number: 149
loss: 524.8272094726562
start in data :  CyberShake 249
Jobs number:  50
Tasks number: 149
loss: 513.40869140625
start in data :  CyberShake 250
Jobs number:  50
Tasks number: 149
loss: 519.2138671875
start in data :  CyberShake 251
Jobs number:  50
Tasks number: 152
loss: 527.6898193359375
start in data :  CyberShake 252
Jobs number:  50
Tasks number: 149
loss: 478.17437744140625
start in data :  CyberShake 253
Jobs number:  50
Tasks number: 148
loss: 532.5844116210938
start in data :  CyberShake 254
Jobs number:  50
Tasks number: 153
loss: 547.6425170898438
start in data :  CyberShake 255
Jobs number:  50
Tasks number: 146
loss: 537.3163452148438
start in data :  CyberShake 256
Jobs number:  50
Tasks number: 151
loss: 542.5040283203125
start in data :  CyberShake 257
Jobs number:  50
Tasks number: 148
loss: 505.1563415527344
start in data :  CyberShake 258
Jobs number:  50
Tasks number: 150
loss: 552.48291015625
start in data :  CyberShake 259
Jobs number:  50
Tasks number: 149
loss: 525.0366821289062
start in data :  CyberShake 260
Jobs number:  50
Tasks number: 148
loss: 504.0290832519531
start in data :  CyberShake 261
Jobs number:  50
Tasks number: 151
loss: 541.06298828125
start in data :  CyberShake 262
Jobs number:  50
Tasks number: 148
loss: 511.5025939941406
start in data :  CyberShake 263
Jobs number:  50
Tasks number: 152
loss: 584.0090942382812
start in data :  CyberShake 264
Jobs number:  50
Tasks number: 154
loss: 545.9473876953125
start in data :  CyberShake 265
Jobs number:  50
Tasks number: 146
loss: 482.9017333984375
start in data :  CyberShake 266
Jobs number:  50
Tasks number: 148
loss: 507.9981994628906
start in data :  CyberShake 267
Jobs number:  50
Tasks number: 145
loss: 511.8067626953125
start in data :  CyberShake 268
Jobs number:  50
Tasks number: 149
loss: 516.6895751953125
start in data :  CyberShake 269
Jobs number:  50
Tasks number: 148
loss: 510.10235595703125
start in data :  CyberShake 270
Jobs number:  50
Tasks number: 146
loss: 480.6751708984375
start in data :  CyberShake 271
Jobs number:  50
Tasks number: 152
loss: 525.8677368164062
start in data :  CyberShake 272
Jobs number:  50
Tasks number: 149
loss: 507.0553283691406
start in data :  CyberShake 273
Jobs number:  50
Tasks number: 145
loss: 548.742919921875
start in data :  CyberShake 274
Jobs number:  50
Tasks number: 151
loss: 512.8016357421875
start in data :  CyberShake 275
Jobs number:  50
Tasks number: 151
loss: 576.7666625976562
start in data :  CyberShake 276
Jobs number:  50
Tasks number: 145
loss: 505.8025207519531
start in data :  CyberShake 277
Jobs number:  50
Tasks number: 149
loss: 520.4876708984375
start in data :  CyberShake 278
Jobs number:  50
Tasks number: 144
loss: 490.00079345703125
start in data :  CyberShake 279
Jobs number:  50
Tasks number: 152
loss: 521.3272094726562
start in data :  CyberShake 280
Jobs number:  50
Tasks number: 150
loss: 552.8838500976562
start in data :  CyberShake 281
Jobs number:  50
Tasks number: 147
loss: 514.5286865234375
start in data :  CyberShake 282
Jobs number:  50
Tasks number: 153
loss: 575.1854858398438
start in data :  CyberShake 283
Jobs number:  50
Tasks number: 147
loss: 481.2314147949219
start in data :  CyberShake 284
Jobs number:  50
Tasks number: 148
loss: 519.6915893554688
start in data :  CyberShake 285
Jobs number:  50
Tasks number: 152
loss: 549.3612060546875
start in data :  CyberShake 286
Jobs number:  50
Tasks number: 146
loss: 480.8518371582031
start in data :  CyberShake 287
Jobs number:  50
Tasks number: 147
loss: 545.2272338867188
start in data :  CyberShake 288
Jobs number:  50
Tasks number: 146
loss: 511.871826171875
start in data :  CyberShake 289
Jobs number:  50
Tasks number: 147
loss: 520.5982055664062
start in data :  CyberShake 290
Jobs number:  50
Tasks number: 150
loss: 521.71435546875
start in data :  CyberShake 291
Jobs number:  50
Tasks number: 145
loss: 512.3359375
start in data :  CyberShake 292
Jobs number:  50
Tasks number: 148
loss: 522.9736328125
start in data :  CyberShake 293
Jobs number:  50
Tasks number: 149
loss: 515.849609375
start in data :  CyberShake 294
Jobs number:  50
Tasks number: 146
loss: 542.1551513671875
start in data :  CyberShake 295
Jobs number:  50
Tasks number: 148
loss: 511.17803955078125
start in data :  CyberShake 296
Jobs number:  50
Tasks number: 157
loss: 552.0003662109375
start in data :  CyberShake 297
Jobs number:  50
Tasks number: 151
loss: 515.4674072265625
start in data :  CyberShake 298
Jobs number:  50
Tasks number: 149
loss: 524.9080810546875
start in data :  CyberShake 299
Jobs number:  50
Tasks number: 146
loss: 507.0349426269531
start in data :  CyberShake 300
Jobs number:  50
Tasks number: 150
loss: 533.0401000976562
start in data :  CyberShake 301
Jobs number:  50
Tasks number: 148
loss: 511.1189270019531
start in data :  CyberShake 302
Jobs number:  50
Tasks number: 147
loss: 495.1597595214844
start in data :  CyberShake 303
Jobs number:  50
Tasks number: 147
loss: 512.2870483398438
start in data :  CyberShake 304
Jobs number:  50
Tasks number: 149
loss: 504.63189697265625
start in data :  CyberShake 305
Jobs number:  50
Tasks number: 148
loss: 507.0947265625
start in data :  CyberShake 306
Jobs number:  50
Tasks number: 148
loss: 537.9044189453125
start in data :  CyberShake 307
Jobs number:  50
Tasks number: 147
loss: 515.0302124023438
start in data :  CyberShake 308
Jobs number:  50
Tasks number: 150
loss: 549.2185668945312
start in data :  CyberShake 309
Jobs number:  50
Tasks number: 145
loss: 488.5711364746094
start in data :  CyberShake 310
Jobs number:  50
Tasks number: 144
loss: 487.11865234375
start in data :  CyberShake 311
Jobs number:  50
Tasks number: 149
loss: 530.6398315429688
start in data :  CyberShake 312
Jobs number:  50
Tasks number: 151
loss: 529.83935546875
start in data :  CyberShake 313
Jobs number:  50
Tasks number: 149
loss: 518.3162231445312
start in data :  CyberShake 314
Jobs number:  50
Tasks number: 153
loss: 545.1845092773438
start in data :  CyberShake 315
Jobs number:  50
Tasks number: 145
loss: 521.3309936523438
start in data :  CyberShake 316
Jobs number:  50
Tasks number: 150
loss: 510.38140869140625
start in data :  CyberShake 317
Jobs number:  50
Tasks number: 149
loss: 517.19482421875
start in data :  CyberShake 318
Jobs number:  50
Tasks number: 149
loss: 502.0630798339844
start in data :  CyberShake 319
Jobs number:  50
Tasks number: 150
loss: 527.0463256835938
start in data :  CyberShake 320
Jobs number:  50
Tasks number: 150
loss: 523.525390625
start in data :  CyberShake 321
Jobs number:  50
Tasks number: 147
loss: 521.3802490234375
start in data :  CyberShake 322
Jobs number:  50
Tasks number: 152
loss: 541.6695556640625
start in data :  CyberShake 323
Jobs number:  50
Tasks number: 148
loss: 509.18280029296875
start in data :  CyberShake 324
Jobs number:  50
Tasks number: 153
loss: 546.3314208984375
start in data :  CyberShake 325
Jobs number:  50
Tasks number: 147
loss: 503.05718994140625
start in data :  CyberShake 326
Jobs number:  50
Tasks number: 149
loss: 490.6981201171875
start in data :  CyberShake 327
Jobs number:  50
Tasks number: 151
loss: 510.0486145019531
start in data :  CyberShake 328
Jobs number:  50
Tasks number: 149
loss: 523.3209228515625
start in data :  CyberShake 329
Jobs number:  50
Tasks number: 153
loss: 560.6253662109375
start in data :  CyberShake 330
Jobs number:  50
Tasks number: 155
loss: 525.8004150390625
start in data :  CyberShake 331
Jobs number:  50
Tasks number: 154
loss: 506.6526794433594
start in data :  CyberShake 332
Jobs number:  50
Tasks number: 150
loss: 517.73779296875
start in data :  CyberShake 333
Jobs number:  50
Tasks number: 149
loss: 509.7961120605469
start in data :  CyberShake 334
Jobs number:  50
Tasks number: 151
loss: 485.7523193359375
start in data :  CyberShake 335
Jobs number:  50
Tasks number: 150
loss: 499.4400329589844
start in data :  CyberShake 336
Jobs number:  50
Tasks number: 150
loss: 507.738037109375
start in data :  CyberShake 337
Jobs number:  50
Tasks number: 146
loss: 490.23895263671875
start in data :  CyberShake 338
Jobs number:  50
Tasks number: 148
loss: 519.3372802734375
start in data :  CyberShake 339
Jobs number:  50
Tasks number: 148
loss: 470.55389404296875
start in data :  CyberShake 340
Jobs number:  50
Tasks number: 149
loss: 476.1983947753906
start in data :  CyberShake 341
Jobs number:  50
Tasks number: 146
loss: 487.1974182128906
start in data :  CyberShake 342
Jobs number:  50
Tasks number: 152
loss: 529.8643188476562
start in data :  CyberShake 343
Jobs number:  50
Tasks number: 151
loss: 512.76953125
start in data :  CyberShake 344
Jobs number:  50
Tasks number: 148
loss: 480.6278076171875
start in data :  CyberShake 345
Jobs number:  50
Tasks number: 150
loss: 513.4105834960938
start in data :  CyberShake 346
Jobs number:  50
Tasks number: 148
loss: 490.52972412109375
start in data :  CyberShake 347
Jobs number:  50
Tasks number: 148
loss: 495.35906982421875
start in data :  CyberShake 348
Jobs number:  50
Tasks number: 149
loss: 488.9121398925781
start in data :  CyberShake 349
Jobs number:  50
Tasks number: 152
loss: 538.3182983398438
start in data :  CyberShake 350
Jobs number:  50
Tasks number: 147
loss: 497.3441162109375
start in data :  CyberShake 351
Jobs number:  50
Tasks number: 155
loss: 560.927490234375
start in data :  CyberShake 352
Jobs number:  50
Tasks number: 150
loss: 495.18084716796875
start in data :  CyberShake 353
Jobs number:  50
Tasks number: 147
loss: 511.882568359375
start in data :  CyberShake 354
Jobs number:  50
Tasks number: 152
loss: 539.462646484375
start in data :  CyberShake 355
Jobs number:  50
Tasks number: 150
loss: 501.93658447265625
start in data :  CyberShake 356
Jobs number:  50
Tasks number: 150
loss: 504.45941162109375
start in data :  CyberShake 357
Jobs number:  50
Tasks number: 150
loss: 486.2494201660156
start in data :  CyberShake 358
Jobs number:  50
Tasks number: 147
loss: 525.2967529296875
start in data :  CyberShake 359
Jobs number:  50
Tasks number: 154
loss: 514.208251953125
start in data :  CyberShake 360
Jobs number:  50
Tasks number: 147
loss: 491.174072265625
start in data :  CyberShake 361
Jobs number:  50
Tasks number: 146
loss: 486.920166015625
start in data :  CyberShake 362
Jobs number:  50
Tasks number: 155
loss: 567.4180908203125
start in data :  CyberShake 363
Jobs number:  50
Tasks number: 147
loss: 524.5184936523438
start in data :  CyberShake 364
Jobs number:  50
Tasks number: 147
loss: 470.8556823730469
start in data :  CyberShake 365
Jobs number:  50
Tasks number: 152
loss: 521.4619140625
start in data :  CyberShake 366
Jobs number:  50
Tasks number: 147
loss: 506.855224609375
start in data :  CyberShake 367
Jobs number:  50
Tasks number: 146
loss: 479.64532470703125
start in data :  CyberShake 368
Jobs number:  50
Tasks number: 146
loss: 509.5849609375
start in data :  CyberShake 369
Jobs number:  50
Tasks number: 149
loss: 518.863037109375
start in data :  CyberShake 370
Jobs number:  50
Tasks number: 148
loss: 509.0899353027344
start in data :  CyberShake 371
Jobs number:  50
Tasks number: 153
loss: 518.9612426757812
start in data :  CyberShake 372
Jobs number:  50
Tasks number: 147
loss: 491.623046875
start in data :  CyberShake 373
Jobs number:  50
Tasks number: 146
loss: 478.140869140625
start in data :  CyberShake 374
Jobs number:  50
Tasks number: 151
loss: 496.54998779296875
start in data :  CyberShake 375
Jobs number:  50
Tasks number: 149
loss: 516.9591064453125
start in data :  CyberShake 376
Jobs number:  50
Tasks number: 151
loss: 532.3854370117188
start in data :  CyberShake 377
Jobs number:  50
Tasks number: 148
loss: 466.4553527832031
start in data :  CyberShake 378
Jobs number:  50
Tasks number: 146
loss: 498.6828308105469
start in data :  CyberShake 379
Jobs number:  50
Tasks number: 147
loss: 507.2706298828125
start in data :  CyberShake 380
Jobs number:  50
Tasks number: 147
loss: 500.3086242675781
start in data :  CyberShake 381
Jobs number:  50
Tasks number: 147
loss: 481.6621398925781
start in data :  CyberShake 382
Jobs number:  50
Tasks number: 148
loss: 504.36700439453125
start in data :  CyberShake 383
Jobs number:  50
Tasks number: 151
loss: 496.4122009277344
start in data :  CyberShake 384
Jobs number:  50
Tasks number: 153
loss: 524.1668701171875
start in data :  CyberShake 385
Jobs number:  50
Tasks number: 145
loss: 492.0726013183594
start in data :  CyberShake 386
Jobs number:  50
Tasks number: 148
loss: 490.25860595703125
start in data :  CyberShake 387
Jobs number:  50
Tasks number: 148
loss: 522.8153076171875
start in data :  CyberShake 388
Jobs number:  50
Tasks number: 150
loss: 512.1027221679688
start in data :  CyberShake 389
Jobs number:  50
Tasks number: 148
loss: 524.719482421875
start in data :  CyberShake 390
Jobs number:  50
Tasks number: 149
loss: 503.31011962890625
start in data :  CyberShake 391
Jobs number:  50
Tasks number: 150
loss: 530.6705322265625
start in data :  CyberShake 392
Jobs number:  50
Tasks number: 149
loss: 515.2879638671875
start in data :  CyberShake 393
Jobs number:  50
Tasks number: 149
loss: 496.416015625
start in data :  CyberShake 394
Jobs number:  50
Tasks number: 151
loss: 520.7841186523438
start in data :  CyberShake 395
Jobs number:  50
Tasks number: 145
loss: 515.2566528320312
start in data :  CyberShake 396
Jobs number:  50
Tasks number: 146
loss: 496.34619140625
start in data :  CyberShake 397
Jobs number:  50
Tasks number: 150
loss: 507.07952880859375
start in data :  CyberShake 398
Jobs number:  50
Tasks number: 148
loss: 493.1117858886719
start in data :  CyberShake 399
Jobs number:  50
Tasks number: 145
loss: 535.5382080078125
start in data :  CyberShake 400
Jobs number:  50
Tasks number: 148
loss: 514.26904296875
start in data :  CyberShake 401
Jobs number:  50
Tasks number: 148
loss: 494.2864685058594
start in data :  CyberShake 402
Jobs number:  50
Tasks number: 148
loss: 506.332275390625
start in data :  CyberShake 403
Jobs number:  50
Tasks number: 148
loss: 470.6844177246094
start in data :  CyberShake 404
Jobs number:  50
Tasks number: 150
loss: 515.8840942382812
start in data :  CyberShake 405
Jobs number:  50
Tasks number: 148
loss: 528.033203125
start in data :  CyberShake 406
Jobs number:  50
Tasks number: 154
loss: 520.9979858398438
start in data :  CyberShake 407
Jobs number:  50
Tasks number: 150
loss: 495.35418701171875
start in data :  CyberShake 408
Jobs number:  50
Tasks number: 150
loss: 472.43243408203125
start in data :  CyberShake 409
Jobs number:  50
Tasks number: 146
loss: 510.368408203125
start in data :  CyberShake 410
Jobs number:  50
Tasks number: 146
loss: 511.96466064453125
start in data :  CyberShake 411
Jobs number:  50
Tasks number: 147
loss: 491.6700744628906
start in data :  CyberShake 412
Jobs number:  50
Tasks number: 148
loss: 497.9700622558594
start in data :  CyberShake 413
Jobs number:  50
Tasks number: 150
loss: 517.0570068359375
start in data :  CyberShake 414
Jobs number:  50
Tasks number: 145
loss: 510.33917236328125
start in data :  CyberShake 415
Jobs number:  50
Tasks number: 146
loss: 479.63897705078125
start in data :  CyberShake 416
Jobs number:  50
Tasks number: 150
loss: 512.7295532226562
start in data :  CyberShake 417
Jobs number:  50
Tasks number: 150
loss: 517.673095703125
start in data :  CyberShake 418
Jobs number:  50
Tasks number: 149
loss: 559.82177734375
start in data :  CyberShake 419
Jobs number:  50
Tasks number: 149
loss: 481.6523132324219
start in data :  CyberShake 420
Jobs number:  50
Tasks number: 153
loss: 520.836669921875
start in data :  CyberShake 421
Jobs number:  50
Tasks number: 149
loss: 511.94537353515625
start in data :  CyberShake 422
Jobs number:  50
Tasks number: 147
loss: 493.7416687011719
start in data :  CyberShake 423
Jobs number:  50
Tasks number: 148
loss: 545.9910888671875
start in data :  CyberShake 424
Jobs number:  50
Tasks number: 148
loss: 486.61749267578125
start in data :  CyberShake 425
Jobs number:  50
Tasks number: 150
loss: 504.19366455078125
start in data :  CyberShake 426
Jobs number:  50
Tasks number: 153
loss: 538.0267333984375
start in data :  CyberShake 427
Jobs number:  50
Tasks number: 148
loss: 479.8919982910156
start in data :  CyberShake 428
Jobs number:  50
Tasks number: 155
loss: 538.4508056640625
start in data :  CyberShake 429
Jobs number:  50
Tasks number: 147
loss: 483.47369384765625
start in data :  CyberShake 430
Jobs number:  50
Tasks number: 152
loss: 521.6275634765625
start in data :  CyberShake 431
Jobs number:  50
Tasks number: 148
loss: 496.98748779296875
start in data :  CyberShake 432
Jobs number:  50
Tasks number: 146
loss: 505.80010986328125
start in data :  CyberShake 433
Jobs number:  50
Tasks number: 148
loss: 494.1666564941406
start in data :  CyberShake 434
Jobs number:  50
Tasks number: 146
loss: 499.58123779296875
start in data :  CyberShake 435
Jobs number:  50
Tasks number: 149
loss: 498.2020263671875
start in data :  CyberShake 436
Jobs number:  50
Tasks number: 147
loss: 521.1353149414062
start in data :  CyberShake 437
Jobs number:  50
Tasks number: 151
loss: 522.4837646484375
start in data :  CyberShake 438
Jobs number:  50
Tasks number: 148
loss: 491.9547424316406
start in data :  CyberShake 439
Jobs number:  50
Tasks number: 149
loss: 470.7947692871094
start in data :  CyberShake 440
Jobs number:  50
Tasks number: 147
loss: 460.55029296875
start in data :  CyberShake 441
Jobs number:  50
Tasks number: 148
loss: 499.2801513671875
start in data :  CyberShake 442
Jobs number:  50
Tasks number: 149
loss: 477.7535705566406
start in data :  CyberShake 443
Jobs number:  50
Tasks number: 152
loss: 522.8890380859375
start in data :  CyberShake 444
Jobs number:  50
Tasks number: 149
loss: 497.4278564453125
start in data :  CyberShake 445
Jobs number:  50
Tasks number: 148
loss: 460.2603759765625
start in data :  CyberShake 446
Jobs number:  50
Tasks number: 149
loss: 514.037841796875
start in data :  CyberShake 447
Jobs number:  50
Tasks number: 149
loss: 499.9793395996094
start in data :  CyberShake 448
Jobs number:  50
Tasks number: 146
loss: 523.5546264648438
start in data :  CyberShake 449
Jobs number:  50
Tasks number: 149
loss: 513.9255981445312
start in data :  CyberShake 450
Jobs number:  50
Tasks number: 147
loss: 473.65179443359375
start in data :  CyberShake 451
Jobs number:  50
Tasks number: 149
loss: 506.9565734863281
start in data :  CyberShake 452
Jobs number:  50
Tasks number: 149
loss: 485.47552490234375
start in data :  CyberShake 453
Jobs number:  50
Tasks number: 147
loss: 534.5031127929688
start in data :  CyberShake 454
Jobs number:  50
Tasks number: 153
loss: 542.4796142578125
start in data :  CyberShake 455
Jobs number:  50
Tasks number: 147
loss: 482.4060363769531
start in data :  CyberShake 456
Jobs number:  50
Tasks number: 151
loss: 526.00634765625
start in data :  CyberShake 457
Jobs number:  50
Tasks number: 147
loss: 494.25347900390625
start in data :  CyberShake 458
Jobs number:  50
Tasks number: 151
loss: 512.315673828125
start in data :  CyberShake 459
Jobs number:  50
Tasks number: 148
loss: 495.9510803222656
start in data :  CyberShake 460
Jobs number:  50
Tasks number: 149
loss: 493.3095703125
start in data :  CyberShake 461
Jobs number:  50
Tasks number: 149
loss: 527.041015625
start in data :  CyberShake 462
Jobs number:  50
Tasks number: 149
loss: 507.6081237792969
start in data :  CyberShake 463
Jobs number:  50
Tasks number: 149
loss: 482.8876037597656
start in data :  CyberShake 464
Jobs number:  50
Tasks number: 147
loss: 489.11212158203125
start in data :  CyberShake 465
Jobs number:  50
Tasks number: 152
loss: 519.9717407226562
start in data :  CyberShake 466
Jobs number:  50
Tasks number: 149
loss: 509.124267578125
start in data :  CyberShake 467
Jobs number:  50
Tasks number: 150
loss: 502.60015869140625
start in data :  CyberShake 468
Jobs number:  50
Tasks number: 150
loss: 525.330810546875
start in data :  CyberShake 469
Jobs number:  50
Tasks number: 150
loss: 516.9920654296875
start in data :  CyberShake 470
Jobs number:  50
Tasks number: 150
loss: 521.8389892578125
start in data :  CyberShake 471
Jobs number:  50
Tasks number: 148
loss: 490.7848815917969
start in data :  CyberShake 472
Jobs number:  50
Tasks number: 144
loss: 480.180908203125
start in data :  CyberShake 473
Jobs number:  50
Tasks number: 148
loss: 478.1285705566406
start in data :  CyberShake 474
Jobs number:  50
Tasks number: 148
loss: 497.01824951171875
start in data :  CyberShake 475
Jobs number:  50
Tasks number: 149
loss: 525.5639038085938
start in data :  CyberShake 476
Jobs number:  50
Tasks number: 148
loss: 496.0947265625
start in data :  CyberShake 477
Jobs number:  50
Tasks number: 149
loss: 497.4437561035156
start in data :  CyberShake 478
Jobs number:  50
Tasks number: 147
loss: 479.910888671875
start in data :  CyberShake 479
Jobs number:  50
Tasks number: 151
loss: 503.753662109375
start in data :  CyberShake 480
Jobs number:  50
Tasks number: 147
loss: 462.3236999511719
start in data :  CyberShake 481
Jobs number:  50
Tasks number: 152
loss: 510.27789306640625
start in data :  CyberShake 482
Jobs number:  50
Tasks number: 151
loss: 515.0525512695312
start in data :  CyberShake 483
Jobs number:  50
Tasks number: 152
loss: 509.64892578125
start in data :  CyberShake 484
Jobs number:  50
Tasks number: 147
loss: 478.5511169433594
start in data :  CyberShake 485
Jobs number:  50
Tasks number: 145
loss: 478.865966796875
start in data :  CyberShake 486
Jobs number:  50
Tasks number: 147
loss: 465.7720947265625
start in data :  CyberShake 487
Jobs number:  50
Tasks number: 147
loss: 536.4757690429688
start in data :  CyberShake 488
Jobs number:  50
Tasks number: 147
loss: 508.5601806640625
start in data :  CyberShake 489
Jobs number:  50
Tasks number: 148
loss: 483.95745849609375
start in data :  CyberShake 490
Jobs number:  50
Tasks number: 150
loss: 497.52496337890625
start in data :  CyberShake 491
Jobs number:  50
Tasks number: 149
loss: 498.73779296875
start in data :  CyberShake 492
Jobs number:  50
Tasks number: 151
loss: 488.8334655761719
start in data :  CyberShake 493
Jobs number:  50
Tasks number: 147
loss: 499.30078125
start in data :  CyberShake 494
Jobs number:  50
Tasks number: 151
loss: 511.44000244140625
start in data :  CyberShake 495
Jobs number:  50
Tasks number: 149
loss: 502.93096923828125
start in data :  CyberShake 496
Jobs number:  50
Tasks number: 152
loss: 505.8841857910156
start in data :  CyberShake 497
Jobs number:  50
Tasks number: 147
loss: 488.22320556640625
start in data :  CyberShake 498
Jobs number:  50
Tasks number: 149
loss: 502.61199951171875
start in data :  CyberShake 499
Jobs number:  50
Tasks number: 152
loss: 512.17919921875
start in data :  CyberShake 500
Jobs number:  50
Tasks number: 145
loss: 481.7379455566406
start in data :  CyberShake 501
Jobs number:  50
Tasks number: 149
loss: 503.30908203125
start in data :  CyberShake 502
Jobs number:  50
Tasks number: 149
loss: 495.1305847167969
start in data :  CyberShake 503
Jobs number:  50
Tasks number: 150
loss: 494.5881042480469
start in data :  CyberShake 504
Jobs number:  50
Tasks number: 148
loss: 603.6404418945312
start in data :  CyberShake 505
Jobs number:  50
Tasks number: 148
loss: 503.2264404296875
start in data :  CyberShake 506
Jobs number:  50
Tasks number: 145
loss: 515.4971923828125
start in data :  CyberShake 507
Jobs number:  50
Tasks number: 148
loss: 489.81787109375
start in data :  CyberShake 508
Jobs number:  50
Tasks number: 144
loss: 478.33154296875
start in data :  CyberShake 509
Jobs number:  50
Tasks number: 148
loss: 507.53094482421875
start in data :  CyberShake 510
Jobs number:  50
Tasks number: 151
loss: 486.5631103515625
start in data :  CyberShake 511
Jobs number:  50
Tasks number: 149
loss: 488.2413330078125
start in data :  CyberShake 512
Jobs number:  50
Tasks number: 147
loss: 563.5339965820312
start in data :  CyberShake 513
Jobs number:  50
Tasks number: 151
loss: 558.2874145507812
start in data :  CyberShake 514
Jobs number:  50
Tasks number: 149
loss: 569.7415771484375
start in data :  CyberShake 515
Jobs number:  50
Tasks number: 148
loss: 487.07720947265625
start in data :  CyberShake 516
Jobs number:  50
Tasks number: 149
loss: 506.39154052734375
start in data :  CyberShake 517
Jobs number:  50
Tasks number: 150
loss: 523.467041015625
start in data :  CyberShake 518
Jobs number:  50
Tasks number: 146
loss: 507.8855285644531
start in data :  CyberShake 519
Jobs number:  50
Tasks number: 151
loss: 508.31988525390625
start in data :  CyberShake 520
Jobs number:  50
Tasks number: 148
loss: 494.13330078125
start in data :  CyberShake 521
Jobs number:  50
Tasks number: 145
loss: 510.8670349121094
start in data :  CyberShake 522
Jobs number:  50
Tasks number: 147
loss: 494.4279479980469
start in data :  CyberShake 523
Jobs number:  50
Tasks number: 154
loss: 524.264404296875
start in data :  CyberShake 524
Jobs number:  50
Tasks number: 147
loss: 479.77716064453125
start in data :  CyberShake 525
Jobs number:  50
Tasks number: 149
loss: 489.74346923828125
start in data :  CyberShake 526
Jobs number:  50
Tasks number: 146
loss: 474.0698547363281
start in data :  CyberShake 527
Jobs number:  50
Tasks number: 145
loss: 508.3117370605469
start in data :  CyberShake 528
Jobs number:  50
Tasks number: 149
loss: 525.8685302734375
start in data :  CyberShake 529
Jobs number:  50
Tasks number: 149
loss: 475.7300720214844
start in data :  CyberShake 530
Jobs number:  50
Tasks number: 150
loss: 487.73468017578125
start in data :  CyberShake 531
Jobs number:  50
Tasks number: 145
loss: 448.7514953613281
start in data :  CyberShake 532
Jobs number:  50
Tasks number: 149
loss: 486.49383544921875
start in data :  CyberShake 533
Jobs number:  50
Tasks number: 153
loss: 514.0794067382812
start in data :  CyberShake 534
Jobs number:  50
Tasks number: 150
loss: 506.60894775390625
start in data :  CyberShake 535
Jobs number:  50
Tasks number: 152
loss: 510.3166809082031
start in data :  CyberShake 536
Jobs number:  50
Tasks number: 151
loss: 507.1668701171875
start in data :  CyberShake 537
Jobs number:  50
Tasks number: 150
loss: 511.0714111328125
start in data :  CyberShake 538
Jobs number:  50
Tasks number: 152
loss: 516.552978515625
start in data :  CyberShake 539
Jobs number:  50
Tasks number: 149
loss: 496.2452697753906
start in data :  CyberShake 540
Jobs number:  50
Tasks number: 147
loss: 492.6728515625
start in data :  CyberShake 541
Jobs number:  50
Tasks number: 150
loss: 504.2851257324219
start in data :  CyberShake 542
Jobs number:  50
Tasks number: 147
loss: 492.9029541015625
start in data :  CyberShake 543
Jobs number:  50
Tasks number: 147
loss: 452.26873779296875
start in data :  CyberShake 544
Jobs number:  50
Tasks number: 149
loss: 501.8221130371094
start in data :  CyberShake 545
Jobs number:  50
Tasks number: 148
loss: 489.4399108886719
start in data :  CyberShake 546
Jobs number:  50
Tasks number: 150
loss: 508.7200622558594
start in data :  CyberShake 547
Jobs number:  50
Tasks number: 151
loss: 504.0237121582031
start in data :  CyberShake 548
Jobs number:  50
Tasks number: 150
loss: 493.5448913574219
start in data :  CyberShake 549
Jobs number:  50
Tasks number: 152
loss: 537.5933227539062
start in data :  CyberShake 550
Jobs number:  50
Tasks number: 152
loss: 505.64794921875
start in data :  CyberShake 551
Jobs number:  50
Tasks number: 146
loss: 495.30487060546875
start in data :  CyberShake 552
Jobs number:  50
Tasks number: 150
loss: 546.4743041992188
start in data :  CyberShake 553
Jobs number:  50
Tasks number: 150
loss: 513.2782592773438
start in data :  CyberShake 554
Jobs number:  50
Tasks number: 148
loss: 500.56842041015625
start in data :  CyberShake 555
Jobs number:  50
Tasks number: 148
loss: 493.7862854003906
start in data :  CyberShake 556
Jobs number:  50
Tasks number: 145
loss: 474.3819885253906
start in data :  CyberShake 557
Jobs number:  50
Tasks number: 148
loss: 505.5263366699219
start in data :  CyberShake 558
Jobs number:  50
Tasks number: 147
loss: 521.5072021484375
start in data :  CyberShake 559
Jobs number:  50
Tasks number: 151
loss: 483.93804931640625
start in data :  CyberShake 560
Jobs number:  50
Tasks number: 149
loss: 557.3919067382812
start in data :  CyberShake 561
Jobs number:  50
Tasks number: 149
loss: 518.394287109375
start in data :  CyberShake 562
Jobs number:  50
Tasks number: 153
loss: 506.862548828125
start in data :  CyberShake 563
Jobs number:  50
Tasks number: 150
loss: 530.4007568359375
start in data :  CyberShake 564
Jobs number:  50
Tasks number: 147
loss: 485.95623779296875
start in data :  CyberShake 565
Jobs number:  50
Tasks number: 151
loss: 503.1930236816406
start in data :  CyberShake 566
Jobs number:  50
Tasks number: 148
loss: 494.9398193359375
start in data :  CyberShake 567
Jobs number:  50
Tasks number: 149
loss: 521.10986328125
start in data :  CyberShake 568
Jobs number:  50
Tasks number: 147
loss: 477.4926452636719
start in data :  CyberShake 569
Jobs number:  50
Tasks number: 152
loss: 517.332763671875
start in data :  CyberShake 570
Jobs number:  50
Tasks number: 153
loss: 500.56591796875
start in data :  CyberShake 571
Jobs number:  50
Tasks number: 146
loss: 564.1713256835938
start in data :  CyberShake 572
Jobs number:  50
Tasks number: 149
loss: 503.2030029296875
start in data :  CyberShake 573
Jobs number:  50
Tasks number: 147
loss: 495.6062316894531
start in data :  CyberShake 574
Jobs number:  50
Tasks number: 149
loss: 499.0703125
start in data :  CyberShake 575
Jobs number:  50
Tasks number: 146
loss: 477.1890563964844
start in data :  CyberShake 576
Jobs number:  50
Tasks number: 152
loss: 512.46875
start in data :  CyberShake 577
Jobs number:  50
Tasks number: 149
loss: 500.1071472167969
start in data :  CyberShake 578
Jobs number:  50
Tasks number: 150
loss: 509.9417724609375
start in data :  CyberShake 579
Jobs number:  50
Tasks number: 146
loss: 486.92364501953125
start in data :  CyberShake 580
Jobs number:  50
Tasks number: 149
loss: 509.5849914550781
start in data :  CyberShake 581
Jobs number:  50
Tasks number: 149
loss: 502.57745361328125
start in data :  CyberShake 582
Jobs number:  50
Tasks number: 147
loss: 475.2696533203125
start in data :  CyberShake 583
Jobs number:  50
Tasks number: 148
loss: 451.0406494140625
start in data :  CyberShake 584
Jobs number:  50
Tasks number: 153
loss: 550.231201171875
start in data :  CyberShake 585
Jobs number:  50
Tasks number: 150
loss: 496.4686279296875
start in data :  CyberShake 586
Jobs number:  50
Tasks number: 149
loss: 515.718994140625
start in data :  CyberShake 587
Jobs number:  50
Tasks number: 151
loss: 500.48382568359375
start in data :  CyberShake 588
Jobs number:  50
Tasks number: 152
loss: 516.284912109375
start in data :  CyberShake 589
Jobs number:  50
Tasks number: 150
loss: 503.5188293457031
start in data :  CyberShake 590
Jobs number:  50
Tasks number: 147
loss: 489.5479431152344
start in data :  CyberShake 591
Jobs number:  50
Tasks number: 152
loss: 519.1788940429688
start in data :  CyberShake 592
Jobs number:  50
Tasks number: 147
loss: 529.2298583984375
start in data :  CyberShake 593
Jobs number:  50
Tasks number: 147
loss: 475.71966552734375
start in data :  CyberShake 594
Jobs number:  50
Tasks number: 147
loss: 479.3396911621094
start in data :  CyberShake 595
Jobs number:  50
Tasks number: 147
loss: 504.3730163574219
start in data :  CyberShake 596
Jobs number:  50
Tasks number: 149
loss: 525.276123046875
start in data :  CyberShake 597
Jobs number:  50
Tasks number: 153
loss: 531.6556396484375
start in data :  CyberShake 598
Jobs number:  50
Tasks number: 150
loss: 501.748046875
start in data :  CyberShake 599
Jobs number:  50
Tasks number: 150
loss: 529.3558349609375
start in data :  CyberShake 600
Jobs number:  50
Tasks number: 150
loss: 531.8516845703125
start in data :  CyberShake 601
Jobs number:  50
Tasks number: 151
loss: 512.2371215820312
start in data :  CyberShake 602
Jobs number:  50
Tasks number: 147
loss: 496.3009033203125
start in data :  CyberShake 603
Jobs number:  50
Tasks number: 148
loss: 510.7496032714844
start in data :  CyberShake 604
Jobs number:  50
Tasks number: 153
loss: 525.5408935546875
start in data :  CyberShake 605
Jobs number:  50
Tasks number: 149
loss: 512.04541015625
start in data :  CyberShake 606
Jobs number:  50
Tasks number: 152
loss: 514.062255859375
start in data :  CyberShake 607
Jobs number:  50
Tasks number: 145
loss: 511.4308776855469
start in data :  CyberShake 608
Jobs number:  50
Tasks number: 149
loss: 478.7414245605469
start in data :  CyberShake 609
Jobs number:  50
Tasks number: 152
loss: 494.21160888671875
start in data :  CyberShake 610
Jobs number:  50
Tasks number: 149
loss: 486.63214111328125
start in data :  CyberShake 611
Jobs number:  50
Tasks number: 147
loss: 497.41900634765625
start in data :  CyberShake 612
Jobs number:  50
Tasks number: 146
loss: 475.05853271484375
start in data :  CyberShake 613
Jobs number:  50
Tasks number: 151
loss: 505.1427001953125
start in data :  CyberShake 614
Jobs number:  50
Tasks number: 147
loss: 516.4756469726562
start in data :  CyberShake 615
Jobs number:  50
Tasks number: 146
loss: 499.8976745605469
start in data :  CyberShake 616
Jobs number:  50
Tasks number: 153
loss: 518.6646118164062
start in data :  CyberShake 617
Jobs number:  50
Tasks number: 152
loss: 522.2335815429688
start in data :  CyberShake 618
Jobs number:  50
Tasks number: 147
loss: 510.1791076660156
start in data :  CyberShake 619
Jobs number:  50
Tasks number: 147
loss: 507.3320007324219
start in data :  CyberShake 620
Jobs number:  50
Tasks number: 146
loss: 474.38751220703125
start in data :  CyberShake 621
Jobs number:  50
Tasks number: 147
loss: 494.91705322265625
start in data :  CyberShake 622
Jobs number:  50
Tasks number: 149
loss: 491.53936767578125
start in data :  CyberShake 623
Jobs number:  50
Tasks number: 149
loss: 489.7743835449219
start in data :  CyberShake 624
Jobs number:  50
Tasks number: 149
loss: 493.8154296875
start in data :  CyberShake 625
Jobs number:  50
Tasks number: 150
loss: 513.3527221679688
start in data :  CyberShake 626
Jobs number:  50
Tasks number: 147
loss: 484.5235595703125
start in data :  CyberShake 627
Jobs number:  50
Tasks number: 148
loss: 529.1195068359375
start in data :  CyberShake 628
Jobs number:  50
Tasks number: 149
loss: 487.00091552734375
start in data :  CyberShake 629
Jobs number:  50
Tasks number: 152
loss: 507.81597900390625
start in data :  CyberShake 630
Jobs number:  50
Tasks number: 149
loss: 502.4927062988281
start in data :  CyberShake 631
Jobs number:  50
Tasks number: 146
loss: 469.7781982421875
start in data :  CyberShake 632
Jobs number:  50
Tasks number: 148
loss: 498.961181640625
start in data :  CyberShake 633
Jobs number:  50
Tasks number: 148
loss: 483.4683837890625
start in data :  CyberShake 634
Jobs number:  50
Tasks number: 152
loss: 516.6444702148438
start in data :  CyberShake 635
Jobs number:  50
Tasks number: 146
loss: 460.1919860839844
start in data :  CyberShake 636
Jobs number:  50
Tasks number: 149
loss: 506.3902893066406
start in data :  CyberShake 637
Jobs number:  50
Tasks number: 151
loss: 496.740234375
start in data :  CyberShake 638
Jobs number:  50
Tasks number: 146
loss: 489.1471862792969
start in data :  CyberShake 639
Jobs number:  50
Tasks number: 150
loss: 505.49468994140625
start in data :  CyberShake 640
Jobs number:  50
Tasks number: 148
loss: 524.2468872070312
start in data :  CyberShake 641
Jobs number:  50
Tasks number: 153
loss: 520.3111572265625
start in data :  CyberShake 642
Jobs number:  50
Tasks number: 147
loss: 465.800048828125
start in data :  CyberShake 643
Jobs number:  50
Tasks number: 151
loss: 487.09710693359375
start in data :  CyberShake 644
Jobs number:  50
Tasks number: 151
loss: 489.9600524902344
start in data :  CyberShake 645
Jobs number:  50
Tasks number: 151
loss: 474.9841613769531
start in data :  CyberShake 646
Jobs number:  50
Tasks number: 147
loss: 475.49530029296875
start in data :  CyberShake 647
Jobs number:  50
Tasks number: 150
loss: 499.20947265625
start in data :  CyberShake 648
Jobs number:  50
Tasks number: 148
loss: 484.8799133300781
start in data :  CyberShake 649
Jobs number:  50
Tasks number: 152
loss: 492.36669921875
start in data :  CyberShake 650
Jobs number:  50
Tasks number: 148
loss: 492.42242431640625
start in data :  CyberShake 651
Jobs number:  50
Tasks number: 146
loss: 480.7859191894531
start in data :  CyberShake 652
Jobs number:  50
Tasks number: 148
loss: 472.117431640625
start in data :  CyberShake 653
Jobs number:  50
Tasks number: 150
loss: 517.5672607421875
start in data :  CyberShake 654
Jobs number:  50
Tasks number: 148
loss: 530.2205200195312
start in data :  CyberShake 655
Jobs number:  50
Tasks number: 149
loss: 494.1556396484375
start in data :  CyberShake 656
Jobs number:  50
Tasks number: 145
loss: 458.25799560546875
start in data :  CyberShake 657
Jobs number:  50
Tasks number: 145
loss: 507.14471435546875
start in data :  CyberShake 658
Jobs number:  50
Tasks number: 146
loss: 473.3381042480469
start in data :  CyberShake 659
Jobs number:  50
Tasks number: 144
loss: 450.0120849609375
start in data :  CyberShake 660
Jobs number:  50
Tasks number: 146
loss: 483.0628967285156
start in data :  CyberShake 661
Jobs number:  50
Tasks number: 146
loss: 518.66455078125
start in data :  CyberShake 662
Jobs number:  50
Tasks number: 149
loss: 502.299072265625
start in data :  CyberShake 663
Jobs number:  50
Tasks number: 144
loss: 466.1285705566406
start in data :  CyberShake 664
Jobs number:  50
Tasks number: 147
loss: 502.82891845703125
start in data :  CyberShake 665
Jobs number:  50
Tasks number: 147
loss: 478.38037109375
start in data :  CyberShake 666
Jobs number:  50
Tasks number: 152
loss: 554.249755859375
start in data :  CyberShake 667
Jobs number:  50
Tasks number: 148
loss: 478.41302490234375
start in data :  CyberShake 668
Jobs number:  50
Tasks number: 150
loss: 489.89056396484375
start in data :  CyberShake 669
Jobs number:  50
Tasks number: 147
loss: 487.738037109375
start in data :  CyberShake 670
Jobs number:  50
Tasks number: 150
loss: 511.8895263671875
start in data :  CyberShake 671
Jobs number:  50
Tasks number: 148
loss: 483.0987243652344
start in data :  CyberShake 672
Jobs number:  50
Tasks number: 151
loss: 494.0514831542969
start in data :  CyberShake 673
Jobs number:  50
Tasks number: 148
loss: 482.8037109375
start in data :  CyberShake 674
Jobs number:  50
Tasks number: 149
loss: 544.55859375
start in data :  CyberShake 675
Jobs number:  50
Tasks number: 151
loss: 513.5966796875
start in data :  CyberShake 676
Jobs number:  50
Tasks number: 148
loss: 499.2061767578125
start in data :  CyberShake 677
Jobs number:  50
Tasks number: 149
loss: 556.955810546875
start in data :  CyberShake 678
Jobs number:  50
Tasks number: 149
loss: 474.7689208984375
start in data :  CyberShake 679
Jobs number:  50
Tasks number: 148
loss: 501.7873840332031
start in data :  CyberShake 680
Jobs number:  50
Tasks number: 149
loss: 504.53375244140625
start in data :  CyberShake 681
Jobs number:  50
Tasks number: 147
loss: 482.039306640625
start in data :  CyberShake 682
Jobs number:  50
Tasks number: 150
loss: 495.39617919921875
start in data :  CyberShake 683
Jobs number:  50
Tasks number: 150
loss: 551.4463500976562
start in data :  CyberShake 684
Jobs number:  50
Tasks number: 149
loss: 567.3882446289062
start in data :  CyberShake 685
Jobs number:  50
Tasks number: 148
loss: 456.7608947753906
start in data :  CyberShake 686
Jobs number:  50
Tasks number: 148
loss: 468.93603515625
start in data :  CyberShake 687
Jobs number:  50
Tasks number: 150
loss: 497.8020935058594
start in data :  CyberShake 688
Jobs number:  50
Tasks number: 151
loss: 518.849609375
start in data :  CyberShake 689
Jobs number:  50
Tasks number: 148
loss: 486.4139709472656
start in data :  CyberShake 690
Jobs number:  50
Tasks number: 149
loss: 501.1444091796875
start in data :  CyberShake 691
Jobs number:  50
Tasks number: 148
loss: 492.7254943847656
start in data :  CyberShake 692
Jobs number:  50
Tasks number: 148
loss: 480.87054443359375
start in data :  CyberShake 693
Jobs number:  50
Tasks number: 149
loss: 516.1094970703125
start in data :  CyberShake 694
Jobs number:  50
Tasks number: 149
loss: 535.8773193359375
start in data :  CyberShake 695
Jobs number:  50
Tasks number: 151
loss: 536.5288696289062
start in data :  CyberShake 696
Jobs number:  50
Tasks number: 153
loss: 515.7281494140625
start in data :  CyberShake 697
Jobs number:  50
Tasks number: 150
loss: 516.782470703125
start in data :  CyberShake 698
Jobs number:  50
Tasks number: 150
loss: 513.818115234375
start in data :  CyberShake 699
Jobs number:  50
Tasks number: 147
loss: 483.6551818847656
start in data :  CyberShake 700
Jobs number:  50
Tasks number: 149
loss: 516.7949829101562
start in data :  CyberShake 701
Jobs number:  50
Tasks number: 153
loss: 554.041259765625
start in data :  CyberShake 702
Jobs number:  50
Tasks number: 150
loss: 495.8497009277344
start in data :  CyberShake 703
Jobs number:  50
Tasks number: 152
loss: 500.483642578125
start in data :  CyberShake 704
Jobs number:  50
Tasks number: 149
loss: 483.5283203125
start in data :  CyberShake 705
Jobs number:  50
Tasks number: 146
loss: 472.06561279296875
start in data :  CyberShake 706
Jobs number:  50
Tasks number: 149
loss: 495.93817138671875
start in data :  CyberShake 707
Jobs number:  50
Tasks number: 150
loss: 503.4757385253906
start in data :  CyberShake 708
Jobs number:  50
Tasks number: 146
loss: 470.207275390625
start in data :  CyberShake 709
Jobs number:  50
Tasks number: 145
loss: 478.4410400390625
start in data :  CyberShake 710
Jobs number:  50
Tasks number: 148
loss: 497.5738525390625
start in data :  CyberShake 711
Jobs number:  50
Tasks number: 147
loss: 499.7491455078125
start in data :  CyberShake 712
Jobs number:  50
Tasks number: 145
loss: 479.18328857421875
start in data :  CyberShake 713
Jobs number:  50
Tasks number: 153
loss: 560.8355712890625
start in data :  CyberShake 714
Jobs number:  50
Tasks number: 149
loss: 517.2998657226562
start in data :  CyberShake 715
Jobs number:  50
Tasks number: 147
loss: 471.60113525390625
start in data :  CyberShake 716
Jobs number:  50
Tasks number: 151
loss: 481.15289306640625
start in data :  CyberShake 717
Jobs number:  50
Tasks number: 148
loss: 505.4892883300781
start in data :  CyberShake 718
Jobs number:  50
Tasks number: 152
loss: 475.959716796875
start in data :  CyberShake 719
Jobs number:  50
Tasks number: 150
loss: 475.5868835449219
start in data :  CyberShake 720
Jobs number:  50
Tasks number: 152
loss: 489.00262451171875
start in data :  CyberShake 721
Jobs number:  50
Tasks number: 145
loss: 498.59735107421875
start in data :  CyberShake 722
Jobs number:  50
Tasks number: 148
loss: 460.2774658203125
start in data :  CyberShake 723
Jobs number:  50
Tasks number: 147
loss: 539.345703125
start in data :  CyberShake 724
Jobs number:  50
Tasks number: 151
loss: 515.40625
start in data :  CyberShake 725
Jobs number:  50
Tasks number: 147
loss: 450.2254638671875
start in data :  CyberShake 726
Jobs number:  50
Tasks number: 148
loss: 481.62298583984375
start in data :  CyberShake 727
Jobs number:  50
Tasks number: 148
loss: 456.2007141113281
start in data :  CyberShake 728
Jobs number:  50
Tasks number: 145
loss: 451.7924499511719
start in data :  CyberShake 729
Jobs number:  50
Tasks number: 152
loss: 603.1348266601562
start in data :  CyberShake 730
Jobs number:  50
Tasks number: 148
loss: 463.4483337402344
start in data :  CyberShake 731
Jobs number:  50
Tasks number: 145
loss: 493.1534423828125
start in data :  CyberShake 732
Jobs number:  50
Tasks number: 150
loss: 478.26031494140625
start in data :  CyberShake 733
Jobs number:  50
Tasks number: 151
loss: 495.9560546875
start in data :  CyberShake 734
Jobs number:  50
Tasks number: 148
loss: 478.2879638671875
start in data :  CyberShake 735
Jobs number:  50
Tasks number: 149
loss: 518.22216796875
start in data :  CyberShake 736
Jobs number:  50
Tasks number: 148
loss: 503.81732177734375
start in data :  CyberShake 737
Jobs number:  50
Tasks number: 149
loss: 571.84130859375
start in data :  CyberShake 738
Jobs number:  50
Tasks number: 157
loss: 529.9723510742188
start in data :  CyberShake 739
Jobs number:  50
Tasks number: 149
loss: 491.1200256347656
start in data :  CyberShake 740
Jobs number:  50
Tasks number: 148
loss: 488.9616394042969
start in data :  CyberShake 741
Jobs number:  50
Tasks number: 147
loss: 474.7041931152344
start in data :  CyberShake 742
Jobs number:  50
Tasks number: 150
loss: 499.1070251464844
start in data :  CyberShake 743
Jobs number:  50
Tasks number: 149
loss: 482.8742370605469
start in data :  CyberShake 744
Jobs number:  50
Tasks number: 148
loss: 483.14630126953125
start in data :  CyberShake 745
Jobs number:  50
Tasks number: 147
loss: 477.0762634277344
start in data :  CyberShake 746
Jobs number:  50
Tasks number: 147
loss: 488.8375244140625
start in data :  CyberShake 747
Jobs number:  50
Tasks number: 148
loss: 480.1668395996094
start in data :  CyberShake 748
Jobs number:  50
Tasks number: 149
loss: 512.0938110351562
start in data :  CyberShake 749
Jobs number:  50
Tasks number: 153
loss: 495.1075134277344
start in data :  CyberShake 750
Jobs number:  50
Tasks number: 150
loss: 501.3503112792969
start in data :  CyberShake 751
Jobs number:  50
Tasks number: 150
loss: 497.7715148925781
start in data :  CyberShake 752
Jobs number:  50
Tasks number: 151
loss: 506.572021484375
start in data :  CyberShake 753
Jobs number:  50
Tasks number: 149
loss: 500.961181640625
start in data :  CyberShake 754
Jobs number:  50
Tasks number: 146
loss: 490.23944091796875
start in data :  CyberShake 755
Jobs number:  50
Tasks number: 154
loss: 604.1328125
start in data :  CyberShake 756
Jobs number:  50
Tasks number: 147
loss: 467.84259033203125
start in data :  CyberShake 757
Jobs number:  50
Tasks number: 156
loss: 607.7449951171875
start in data :  CyberShake 758
Jobs number:  50
Tasks number: 151
loss: 490.5157165527344
start in data :  CyberShake 759
Jobs number:  50
Tasks number: 149
loss: 501.8868713378906
start in data :  CyberShake 760
Jobs number:  50
Tasks number: 148
loss: 506.7306823730469
start in data :  CyberShake 761
Jobs number:  50
Tasks number: 146
loss: 508.8985595703125
start in data :  CyberShake 762
Jobs number:  50
Tasks number: 151
loss: 514.361083984375
start in data :  CyberShake 763
Jobs number:  50
Tasks number: 147
loss: 497.93377685546875
start in data :  CyberShake 764
Jobs number:  50
Tasks number: 152
loss: 516.47314453125
start in data :  CyberShake 765
Jobs number:  50
Tasks number: 150
loss: 527.9032592773438
start in data :  CyberShake 766
Jobs number:  50
Tasks number: 147
loss: 502.64495849609375
start in data :  CyberShake 767
Jobs number:  50
Tasks number: 144
loss: 492.59173583984375
start in data :  CyberShake 768
Jobs number:  50
Tasks number: 149
loss: 508.9490966796875
start in data :  CyberShake 769
Jobs number:  50
Tasks number: 148
loss: 487.7791442871094
start in data :  CyberShake 770
Jobs number:  50
Tasks number: 151
loss: 572.1820678710938
start in data :  CyberShake 771
Jobs number:  50
Tasks number: 148
loss: 518.3671264648438
start in data :  CyberShake 772
Jobs number:  50
Tasks number: 152
loss: 534.2244262695312
start in data :  CyberShake 773
Jobs number:  50
Tasks number: 150
loss: 495.67303466796875
start in data :  CyberShake 774
Jobs number:  50
Tasks number: 149
loss: 480.97894287109375
start in data :  CyberShake 775
Jobs number:  50
Tasks number: 150
loss: 490.0130920410156
start in data :  CyberShake 776
Jobs number:  50
Tasks number: 150
loss: 484.31640625
start in data :  CyberShake 777
Jobs number:  50
Tasks number: 149
loss: 493.6039123535156
start in data :  CyberShake 778
Jobs number:  50
Tasks number: 148
loss: 466.7636413574219
start in data :  CyberShake 779
Jobs number:  50
Tasks number: 147
loss: 462.06866455078125
start in data :  CyberShake 780
Jobs number:  50
Tasks number: 149
loss: 512.1185913085938
start in data :  CyberShake 781
Jobs number:  50
Tasks number: 150
loss: 483.5309143066406
start in data :  CyberShake 782
Jobs number:  50
Tasks number: 145
loss: 476.59954833984375
start in data :  CyberShake 783
Jobs number:  50
Tasks number: 148
loss: 508.5404052734375
start in data :  CyberShake 784
Jobs number:  50
Tasks number: 147
loss: 492.1634216308594
start in data :  CyberShake 785
Jobs number:  50
Tasks number: 152
loss: 582.1047973632812
start in data :  CyberShake 786
Jobs number:  50
Tasks number: 150
loss: 484.5048828125
start in data :  CyberShake 787
Jobs number:  50
Tasks number: 149
loss: 490.4211730957031
start in data :  CyberShake 788
Jobs number:  50
Tasks number: 148
loss: 530.21533203125
start in data :  CyberShake 789
Jobs number:  50
Tasks number: 150
loss: 500.9987487792969
start in data :  CyberShake 790
Jobs number:  50
Tasks number: 147
loss: 493.7418212890625
start in data :  CyberShake 791
Jobs number:  50
Tasks number: 152
loss: 503.2132568359375
start in data :  CyberShake 792
Jobs number:  50
Tasks number: 149
loss: 519.5916748046875
start in data :  CyberShake 793
Jobs number:  50
Tasks number: 150
loss: 487.8643798828125
start in data :  CyberShake 794
Jobs number:  50
Tasks number: 152
loss: 517.486572265625
start in data :  CyberShake 795
Jobs number:  50
Tasks number: 144
loss: 491.3379211425781
start in data :  CyberShake 796
Jobs number:  50
Tasks number: 147
loss: 498.7487487792969
start in data :  CyberShake 797
Jobs number:  50
Tasks number: 148
loss: 451.3975524902344
start in data :  CyberShake 798
Jobs number:  50
Tasks number: 151
loss: 530.6282958984375
start in data :  CyberShake 799
Jobs number:  50
Tasks number: 146
loss: 489.7699279785156
start in data :  CyberShake 800
Jobs number:  50
Tasks number: 152
loss: 508.8033447265625
start in data :  CyberShake 801
Jobs number:  50
Tasks number: 150
loss: 489.74462890625
start in data :  CyberShake 802
Jobs number:  50
Tasks number: 149
loss: 505.78900146484375
start in data :  CyberShake 803
Jobs number:  50
Tasks number: 146
loss: 492.2398681640625
start in data :  CyberShake 804
Jobs number:  50
Tasks number: 151
loss: 487.5284423828125
start in data :  CyberShake 805
Jobs number:  50
Tasks number: 146
loss: 496.476318359375
start in data :  CyberShake 806
Jobs number:  50
Tasks number: 149
loss: 466.2838134765625
start in data :  CyberShake 807
Jobs number:  50
Tasks number: 149
loss: 483.7651672363281
start in data :  CyberShake 808
Jobs number:  50
Tasks number: 149
loss: 512.2786865234375
start in data :  CyberShake 809
Jobs number:  50
Tasks number: 151
loss: 503.15576171875
start in data :  CyberShake 810
Jobs number:  50
Tasks number: 147
loss: 469.352294921875
start in data :  CyberShake 811
Jobs number:  50
Tasks number: 145
loss: 468.806396484375
start in data :  CyberShake 812
Jobs number:  50
Tasks number: 147
loss: 483.73162841796875
start in data :  CyberShake 813
Jobs number:  50
Tasks number: 150
loss: 488.9420166015625
start in data :  CyberShake 814
Jobs number:  50
Tasks number: 147
loss: 522.9217529296875
start in data :  CyberShake 815
Jobs number:  50
Tasks number: 150
loss: 499.2774658203125
start in data :  CyberShake 816
Jobs number:  50
Tasks number: 149
loss: 486.184326171875
start in data :  CyberShake 817
Jobs number:  50
Tasks number: 149
loss: 486.8957214355469
start in data :  CyberShake 818
Jobs number:  50
Tasks number: 149
loss: 471.26422119140625
start in data :  CyberShake 819
Jobs number:  50
Tasks number: 148
loss: 522.46240234375
start in data :  CyberShake 820
Jobs number:  50
Tasks number: 148
loss: 506.32769775390625
start in data :  CyberShake 821
Jobs number:  50
Tasks number: 149
loss: 476.75811767578125
start in data :  CyberShake 822
Jobs number:  50
Tasks number: 151
loss: 506.1188049316406
start in data :  CyberShake 823
Jobs number:  50
Tasks number: 146
loss: 493.3382873535156
start in data :  CyberShake 824
Jobs number:  50
Tasks number: 151
loss: 482.4239501953125
start in data :  CyberShake 825
Jobs number:  50
Tasks number: 151
loss: 533.433837890625
start in data :  CyberShake 826
Jobs number:  50
Tasks number: 150
loss: 495.205078125
start in data :  CyberShake 827
Jobs number:  50
Tasks number: 150
loss: 494.57427978515625
start in data :  CyberShake 828
Jobs number:  50
Tasks number: 149
loss: 495.29754638671875
start in data :  CyberShake 829
Jobs number:  50
Tasks number: 150
loss: 505.789794921875
start in data :  CyberShake 830
Jobs number:  50
Tasks number: 148
loss: 495.7370300292969
start in data :  CyberShake 831
Jobs number:  50
Tasks number: 145
loss: 485.3779602050781
start in data :  CyberShake 832
Jobs number:  50
Tasks number: 150
loss: 518.0010375976562
start in data :  CyberShake 833
Jobs number:  50
Tasks number: 149
loss: 501.1455078125
start in data :  CyberShake 834
Jobs number:  50
Tasks number: 151
loss: 471.0238952636719
start in data :  CyberShake 835
Jobs number:  50
Tasks number: 150
loss: 555.5298461914062
start in data :  CyberShake 836
Jobs number:  50
Tasks number: 146
loss: 473.2837829589844
start in data :  CyberShake 837
Jobs number:  50
Tasks number: 149
loss: 518.202392578125
start in data :  CyberShake 838
Jobs number:  50
Tasks number: 151
loss: 513.1768798828125
start in data :  CyberShake 839
Jobs number:  50
Tasks number: 147
loss: 475.4279479980469
start in data :  CyberShake 840
Jobs number:  50
Tasks number: 148
loss: 488.68267822265625
start in data :  CyberShake 841
Jobs number:  50
Tasks number: 147
loss: 477.57275390625
start in data :  CyberShake 842
Jobs number:  50
Tasks number: 150
loss: 505.58648681640625
start in data :  CyberShake 843
Jobs number:  50
Tasks number: 146
loss: 481.6202087402344
start in data :  CyberShake 844
Jobs number:  50
Tasks number: 149
loss: 492.9294128417969
start in data :  CyberShake 845
Jobs number:  50
Tasks number: 150
loss: 478.1516418457031
start in data :  CyberShake 846
Jobs number:  50
Tasks number: 147
loss: 483.70745849609375
start in data :  CyberShake 847
Jobs number:  50
Tasks number: 148
loss: 478.5464172363281
start in data :  CyberShake 848
Jobs number:  50
Tasks number: 151
loss: 513.456787109375
start in data :  CyberShake 849
Jobs number:  50
Tasks number: 146
loss: 473.89208984375
start in data :  CyberShake 850
Jobs number:  50
Tasks number: 147
loss: 511.0011901855469
start in data :  CyberShake 851
Jobs number:  50
Tasks number: 146
loss: 464.3089599609375
start in data :  CyberShake 852
Jobs number:  50
Tasks number: 153
loss: 541.0650634765625
start in data :  CyberShake 853
Jobs number:  50
Tasks number: 147
loss: 475.90240478515625
start in data :  CyberShake 854
Jobs number:  50
Tasks number: 151
loss: 495.5327453613281
start in data :  CyberShake 855
Jobs number:  50
Tasks number: 148
loss: 486.90191650390625
start in data :  CyberShake 856
Jobs number:  50
Tasks number: 152
loss: 500.55914306640625
start in data :  CyberShake 857
Jobs number:  50
Tasks number: 150
loss: 480.9740905761719
start in data :  CyberShake 858
Jobs number:  50
Tasks number: 148
loss: 471.5770568847656
start in data :  CyberShake 859
Jobs number:  50
Tasks number: 148
loss: 452.3529968261719
start in data :  CyberShake 860
Jobs number:  50
Tasks number: 144
loss: 457.1973571777344
start in data :  CyberShake 861
Jobs number:  50
Tasks number: 146
loss: 452.7397155761719
start in data :  CyberShake 862
Jobs number:  50
Tasks number: 148
loss: 466.03302001953125
start in data :  CyberShake 863
Jobs number:  50
Tasks number: 151
loss: 525.0559692382812
start in data :  CyberShake 864
Jobs number:  50
Tasks number: 149
loss: 493.177001953125
start in data :  CyberShake 865
Jobs number:  50
Tasks number: 150
loss: 507.4734191894531
start in data :  CyberShake 866
Jobs number:  50
Tasks number: 149
loss: 495.6748046875
start in data :  CyberShake 867
Jobs number:  50
Tasks number: 145
loss: 463.0122985839844
start in data :  CyberShake 868
Jobs number:  50
Tasks number: 150
loss: 532.7836303710938
start in data :  CyberShake 869
Jobs number:  50
Tasks number: 150
loss: 528.2855834960938
start in data :  CyberShake 870
Jobs number:  50
Tasks number: 152
loss: 482.39361572265625
start in data :  CyberShake 871
Jobs number:  50
Tasks number: 145
loss: 473.04833984375
start in data :  CyberShake 872
Jobs number:  50
Tasks number: 148
loss: 476.2123107910156
start in data :  CyberShake 873
Jobs number:  50
Tasks number: 146
loss: 473.4503173828125
start in data :  CyberShake 874
Jobs number:  50
Tasks number: 153
loss: 503.8470458984375
start in data :  CyberShake 875
Jobs number:  50
Tasks number: 148
loss: 483.9284362792969
start in data :  CyberShake 876
Jobs number:  50
Tasks number: 149
loss: 500.17578125
start in data :  CyberShake 877
Jobs number:  50
Tasks number: 146
loss: 477.459716796875
start in data :  CyberShake 878
Jobs number:  50
Tasks number: 146
loss: 504.6177673339844
start in data :  CyberShake 879
Jobs number:  50
Tasks number: 149
loss: 494.9365539550781
start in data :  CyberShake 880
Jobs number:  50
Tasks number: 153
loss: 526.7642822265625
start in data :  CyberShake 881
Jobs number:  50
Tasks number: 149
loss: 518.1417846679688
start in data :  CyberShake 882
Jobs number:  50
Tasks number: 146
loss: 437.17926025390625
start in data :  CyberShake 883
Jobs number:  50
Tasks number: 150
loss: 478.8207702636719
start in data :  CyberShake 884
Jobs number:  50
Tasks number: 152
loss: 478.8830261230469
start in data :  CyberShake 885
Jobs number:  50
Tasks number: 146
loss: 467.0757141113281
start in data :  CyberShake 886
Jobs number:  50
Tasks number: 153
loss: 488.3657531738281
start in data :  CyberShake 887
Jobs number:  50
Tasks number: 150
loss: 542.6404418945312
start in data :  CyberShake 888
Jobs number:  50
Tasks number: 152
loss: 515.145263671875
start in data :  CyberShake 889
Jobs number:  50
Tasks number: 149
loss: 471.6561279296875
start in data :  CyberShake 890
Jobs number:  50
Tasks number: 148
loss: 475.36041259765625
start in data :  CyberShake 891
Jobs number:  50
Tasks number: 151
loss: 488.4493408203125
start in data :  CyberShake 892
Jobs number:  50
Tasks number: 148
loss: 473.52252197265625
start in data :  CyberShake 893
Jobs number:  50
Tasks number: 152
loss: 482.6694641113281
start in data :  CyberShake 894
Jobs number:  50
Tasks number: 145
loss: 479.6959228515625
start in data :  CyberShake 895
Jobs number:  50
Tasks number: 147
loss: 483.85736083984375
start in data :  CyberShake 896
Jobs number:  50
Tasks number: 152
loss: 512.66015625
start in data :  CyberShake 897
Jobs number:  50
Tasks number: 150
loss: 471.636474609375
start in data :  CyberShake 898
Jobs number:  50
Tasks number: 149
loss: 506.1152648925781
start in data :  CyberShake 899
Jobs number:  50
Tasks number: 148
loss: 471.2899169921875
start in data: CyberShake 900
Jobs number:  50
Tasks number: 149
makespan: 85
start in data: CyberShake 901
Jobs number:  50
Tasks number: 148
makespan: 79
start in data: CyberShake 902
Jobs number:  50
Tasks number: 148
makespan: 82
start in data: CyberShake 903
Jobs number:  50
Tasks number: 149
makespan: 84
start in data: CyberShake 904
Jobs number:  50
Tasks number: 149
makespan: 75
start in data: CyberShake 905
Jobs number:  50
Tasks number: 150
makespan: 71
start in data: CyberShake 906
Jobs number:  50
Tasks number: 148
makespan: 80
start in data: CyberShake 907
Jobs number:  50
Tasks number: 149
makespan: 93
start in data: CyberShake 908
Jobs number:  50
Tasks number: 146
makespan: 86
start in data: CyberShake 909
Jobs number:  50
Tasks number: 148
makespan: 79
start in data: CyberShake 910
Jobs number:  50
Tasks number: 151
makespan: 78
start in data: CyberShake 911
Jobs number:  50
Tasks number: 148
makespan: 75
start in data: CyberShake 912
Jobs number:  50
Tasks number: 148
makespan: 79
start in data: CyberShake 913
Jobs number:  50
Tasks number: 149
makespan: 79
start in data: CyberShake 914
Jobs number:  50
Tasks number: 149
makespan: 77
start in data: CyberShake 915
Jobs number:  50
Tasks number: 150
makespan: 84
start in data: CyberShake 916
Jobs number:  50
Tasks number: 150
makespan: 75
start in data: CyberShake 917
Jobs number:  50
Tasks number: 147
makespan: 76
start in data: CyberShake 918
Jobs number:  50
Tasks number: 150
makespan: 80
start in data: CyberShake 919
Jobs number:  50
Tasks number: 150
makespan: 77
start in data: CyberShake 920
Jobs number:  50
Tasks number: 145
makespan: 81
start in data: CyberShake 921
Jobs number:  50
Tasks number: 149
makespan: 77
start in data: CyberShake 922
Jobs number:  50
Tasks number: 148
makespan: 76
start in data: CyberShake 923
Jobs number:  50
Tasks number: 147
makespan: 71
start in data: CyberShake 924
Jobs number:  50
Tasks number: 150
makespan: 85
start in data: CyberShake 925
Jobs number:  50
Tasks number: 150
makespan: 81
start in data: CyberShake 926
Jobs number:  50
Tasks number: 146
makespan: 83
start in data: CyberShake 927
Jobs number:  50
Tasks number: 149
makespan: 81
start in data: CyberShake 928
Jobs number:  50
Tasks number: 145
makespan: 89
start in data: CyberShake 929
Jobs number:  50
Tasks number: 153
makespan: 71
start in data: CyberShake 930
Jobs number:  50
Tasks number: 147
makespan: 83
start in data: CyberShake 931
Jobs number:  50
Tasks number: 147
makespan: 74
start in data: CyberShake 932
Jobs number:  50
Tasks number: 145
makespan: 79
start in data: CyberShake 933
Jobs number:  50
Tasks number: 147
makespan: 82
start in data: CyberShake 934
Jobs number:  50
Tasks number: 152
makespan: 87
start in data: CyberShake 935
Jobs number:  50
Tasks number: 147
makespan: 83
start in data: CyberShake 936
Jobs number:  50
Tasks number: 152
makespan: 77
start in data: CyberShake 937
Jobs number:  50
Tasks number: 149
makespan: 85
start in data: CyberShake 938
Jobs number:  50
Tasks number: 149
makespan: 75
start in data: CyberShake 939
Jobs number:  50
Tasks number: 147
makespan: 78
start in data: CyberShake 940
Jobs number:  50
Tasks number: 150
makespan: 82
start in data: CyberShake 941
Jobs number:  50
Tasks number: 150
makespan: 84
start in data: CyberShake 942
Jobs number:  50
Tasks number: 150
makespan: 80
start in data: CyberShake 943
Jobs number:  50
Tasks number: 148
makespan: 80
start in data: CyberShake 944
Jobs number:  50
Tasks number: 148
makespan: 87
start in data: CyberShake 945
Jobs number:  50
Tasks number: 147
makespan: 84
start in data: CyberShake 946
Jobs number:  50
Tasks number: 149
makespan: 82
start in data: CyberShake 947
Jobs number:  50
Tasks number: 148
makespan: 80
start in data: CyberShake 948
Jobs number:  50
Tasks number: 146
makespan: 83
start in data: CyberShake 949
Jobs number:  50
Tasks number: 152
makespan: 85
start in data: CyberShake 950
Jobs number:  50
Tasks number: 149
makespan: 76
start in data: CyberShake 951
Jobs number:  50
Tasks number: 154
makespan: 90
start in data: CyberShake 952
Jobs number:  50
Tasks number: 147
makespan: 74
start in data: CyberShake 953
Jobs number:  50
Tasks number: 152
makespan: 79
start in data: CyberShake 954
Jobs number:  50
Tasks number: 150
makespan: 86
start in data: CyberShake 955
Jobs number:  50
Tasks number: 151
makespan: 89
start in data: CyberShake 956
Jobs number:  50
Tasks number: 146
makespan: 87
start in data: CyberShake 957
Jobs number:  50
Tasks number: 153
makespan: 81
start in data: CyberShake 958
Jobs number:  50
Tasks number: 147
makespan: 85
start in data: CyberShake 959
Jobs number:  50
Tasks number: 151
makespan: 85
start in data: CyberShake 960
Jobs number:  50
Tasks number: 152
makespan: 79
start in data: CyberShake 961
Jobs number:  50
Tasks number: 148
makespan: 87
start in data: CyberShake 962
Jobs number:  50
Tasks number: 150
makespan: 77
start in data: CyberShake 963
Jobs number:  50
Tasks number: 150
makespan: 77
start in data: CyberShake 964
Jobs number:  50
Tasks number: 151
makespan: 86
start in data: CyberShake 965
Jobs number:  50
Tasks number: 146
makespan: 79
start in data: CyberShake 966
Jobs number:  50
Tasks number: 148
makespan: 88
start in data: CyberShake 967
Jobs number:  50
Tasks number: 145
makespan: 71
start in data: CyberShake 968
Jobs number:  50
Tasks number: 151
makespan: 85
start in data: CyberShake 969
Jobs number:  50
Tasks number: 147
makespan: 74
start in data: CyberShake 970
Jobs number:  50
Tasks number: 148
makespan: 79
start in data: CyberShake 971
Jobs number:  50
Tasks number: 148
makespan: 87
start in data: CyberShake 972
Jobs number:  50
Tasks number: 149
makespan: 75
start in data: CyberShake 973
Jobs number:  50
Tasks number: 150
makespan: 91
start in data: CyberShake 974
Jobs number:  50
Tasks number: 145
makespan: 83
start in data: CyberShake 975
Jobs number:  50
Tasks number: 151
makespan: 79
start in data: CyberShake 976
Jobs number:  50
Tasks number: 145
makespan: 79
start in data: CyberShake 977
Jobs number:  50
Tasks number: 153
makespan: 87
start in data: CyberShake 978
Jobs number:  50
Tasks number: 151
makespan: 78
start in data: CyberShake 979
Jobs number:  50
Tasks number: 145
makespan: 82
start in data: CyberShake 980
Jobs number:  50
Tasks number: 150
makespan: 83
start in data: CyberShake 981
Jobs number:  50
Tasks number: 151
makespan: 84
start in data: CyberShake 982
Jobs number:  50
Tasks number: 148
makespan: 83
start in data: CyberShake 983
Jobs number:  50
Tasks number: 150
makespan: 82
start in data: CyberShake 984
Jobs number:  50
Tasks number: 148
makespan: 88
start in data: CyberShake 985
Jobs number:  50
Tasks number: 149
makespan: 89
start in data: CyberShake 986
Jobs number:  50
Tasks number: 152
makespan: 85
start in data: CyberShake 987
Jobs number:  50
Tasks number: 152
makespan: 87
start in data: CyberShake 988
Jobs number:  50
Tasks number: 151
makespan: 80
start in data: CyberShake 989
Jobs number:  50
Tasks number: 149
makespan: 90
start in data: CyberShake 990
Jobs number:  50
Tasks number: 151
makespan: 86
start in data: CyberShake 991
Jobs number:  50
Tasks number: 149
makespan: 78
start in data: CyberShake 992
Jobs number:  50
Tasks number: 156
makespan: 87
start in data: CyberShake 993
Jobs number:  50
Tasks number: 156
makespan: 81
start in data: CyberShake 994
Jobs number:  50
Tasks number: 146
makespan: 85
start in data: CyberShake 995
Jobs number:  50
Tasks number: 148
makespan: 80
start in data: CyberShake 996
Jobs number:  50
Tasks number: 152
makespan: 66
start in data: CyberShake 997
Jobs number:  50
Tasks number: 150
makespan: 85
start in data: CyberShake 998
Jobs number:  50
Tasks number: 148
makespan: 82
start in data: CyberShake 999
Jobs number:  50
Tasks number: 150
makespan: 76
