start in data :  CyberShake 0
Jobs number:  10
Tasks number: 31
loss: 144.2583770751953
start in data :  CyberShake 1
Jobs number:  10
Tasks number: 34
loss: 125.84422302246094
start in data :  CyberShake 2
Jobs number:  10
Tasks number: 28
loss: 72.40444946289062
start in data :  CyberShake 3
Jobs number:  10
Tasks number: 29
loss: 104.54995727539062
start in data :  CyberShake 4
Jobs number:  10
Tasks number: 27
loss: 62.0455436706543
start in data :  CyberShake 5
Jobs number:  10
Tasks number: 31
loss: 95.72087860107422
start in data :  CyberShake 6
Jobs number:  10
Tasks number: 29
loss: 105.04176330566406
start in data :  CyberShake 7
Jobs number:  10
Tasks number: 26
loss: 67.8695297241211
start in data :  CyberShake 8
Jobs number:  10
Tasks number: 25
loss: 53.909881591796875
start in data :  CyberShake 9
Jobs number:  10
Tasks number: 33
loss: 117.97474670410156
start in data :  CyberShake 10
Jobs number:  10
Tasks number: 30
loss: 85.67485809326172
start in data :  CyberShake 11
Jobs number:  10
Tasks number: 31
loss: 105.30281066894531
start in data :  CyberShake 12
Jobs number:  10
Tasks number: 31
loss: 91.30715942382812
start in data :  CyberShake 13
Jobs number:  10
Tasks number: 29
loss: 83.6534423828125
start in data :  CyberShake 14
Jobs number:  10
Tasks number: 26
loss: 71.5273666381836
start in data :  CyberShake 15
Jobs number:  10
Tasks number: 27
loss: 72.24946594238281
start in data :  CyberShake 16
Jobs number:  10
Tasks number: 27
loss: 65.74439239501953
start in data :  CyberShake 17
Jobs number:  10
Tasks number: 32
loss: 90.42831420898438
start in data :  CyberShake 18
Jobs number:  10
Tasks number: 24
loss: 57.610595703125
start in data :  CyberShake 19
Jobs number:  10
Tasks number: 25
loss: 66.97216796875
start in data :  CyberShake 20
Jobs number:  10
Tasks number: 28
loss: 68.24285888671875
start in data :  CyberShake 21
Jobs number:  10
Tasks number: 37
loss: 132.229248046875
start in data :  CyberShake 22
Jobs number:  10
Tasks number: 30
loss: 89.04598236083984
start in data :  CyberShake 23
Jobs number:  10
Tasks number: 28
loss: 75.45724487304688
start in data :  CyberShake 24
Jobs number:  10
Tasks number: 31
loss: 68.86316680908203
start in data :  CyberShake 25
Jobs number:  10
Tasks number: 27
loss: 60.19631576538086
start in data :  CyberShake 26
Jobs number:  10
Tasks number: 31
loss: 78.54193115234375
start in data :  CyberShake 27
Jobs number:  10
Tasks number: 30
loss: 78.07083129882812
start in data :  CyberShake 28
Jobs number:  10
Tasks number: 27
loss: 63.17547607421875
start in data :  CyberShake 29
Jobs number:  10
Tasks number: 29
loss: 74.17867279052734
start in data :  CyberShake 30
Jobs number:  10
Tasks number: 29
loss: 69.04550170898438
start in data :  CyberShake 31
Jobs number:  10
Tasks number: 32
loss: 107.71688842773438
start in data :  CyberShake 32
Jobs number:  10
Tasks number: 28
loss: 66.04926300048828
start in data :  CyberShake 33
Jobs number:  10
Tasks number: 30
loss: 75.25276947021484
start in data :  CyberShake 34
Jobs number:  10
Tasks number: 29
loss: 76.79721069335938
start in data :  CyberShake 35
Jobs number:  10
Tasks number: 27
loss: 70.97001647949219
start in data :  CyberShake 36
Jobs number:  10
Tasks number: 30
loss: 64.27080535888672
start in data :  CyberShake 37
Jobs number:  10
Tasks number: 31
loss: 87.3613510131836
start in data :  CyberShake 38
Jobs number:  10
Tasks number: 26
loss: 58.781734466552734
start in data :  CyberShake 39
Jobs number:  10
Tasks number: 35
loss: 136.6455535888672
start in data :  CyberShake 40
Jobs number:  10
Tasks number: 28
loss: 72.77385711669922
start in data :  CyberShake 41
Jobs number:  10
Tasks number: 31
loss: 96.64681243896484
start in data :  CyberShake 42
Jobs number:  10
Tasks number: 32
loss: 85.35630798339844
start in data :  CyberShake 43
Jobs number:  10
Tasks number: 32
loss: 104.92866516113281
start in data :  CyberShake 44
Jobs number:  10
Tasks number: 27
loss: 68.22832489013672
start in data :  CyberShake 45
Jobs number:  10
Tasks number: 32
loss: 94.19607543945312
start in data :  CyberShake 46
Jobs number:  10
Tasks number: 27
loss: 64.90250396728516
start in data :  CyberShake 47
Jobs number:  10
Tasks number: 29
loss: 77.72223663330078
start in data :  CyberShake 48
Jobs number:  10
Tasks number: 27
loss: 80.49903869628906
start in data :  CyberShake 49
Jobs number:  10
Tasks number: 29
loss: 75.63896942138672
start in data :  CyberShake 50
Jobs number:  10
Tasks number: 28
loss: 73.81510162353516
start in data :  CyberShake 51
Jobs number:  10
Tasks number: 30
loss: 68.91299438476562
start in data :  CyberShake 52
Jobs number:  10
Tasks number: 26
loss: 54.009910583496094
start in data :  CyberShake 53
Jobs number:  10
Tasks number: 29
loss: 75.11797332763672
start in data :  CyberShake 54
Jobs number:  10
Tasks number: 26
loss: 59.756195068359375
start in data :  CyberShake 55
Jobs number:  10
Tasks number: 30
loss: 73.70013427734375
start in data :  CyberShake 56
Jobs number:  10
Tasks number: 29
loss: 65.28477478027344
start in data :  CyberShake 57
Jobs number:  10
Tasks number: 24
loss: 60.77351379394531
start in data :  CyberShake 58
Jobs number:  10
Tasks number: 28
loss: 68.0223617553711
start in data :  CyberShake 59
Jobs number:  10
Tasks number: 27
loss: 51.251670837402344
start in data :  CyberShake 60
Jobs number:  10
Tasks number: 27
loss: 66.33488464355469
start in data :  CyberShake 61
Jobs number:  10
Tasks number: 31
loss: 89.996826171875
start in data :  CyberShake 62
Jobs number:  10
Tasks number: 34
loss: 114.87100982666016
start in data :  CyberShake 63
Jobs number:  10
Tasks number: 27
loss: 72.26883697509766
start in data :  CyberShake 64
Jobs number:  10
Tasks number: 28
loss: 69.20066833496094
start in data :  CyberShake 65
Jobs number:  10
Tasks number: 35
loss: 118.66473388671875
start in data :  CyberShake 66
Jobs number:  10
Tasks number: 31
loss: 85.694580078125
start in data :  CyberShake 67
Jobs number:  10
Tasks number: 28
loss: 59.210330963134766
start in data :  CyberShake 68
Jobs number:  10
Tasks number: 30
loss: 79.02821350097656
start in data :  CyberShake 69
Jobs number:  10
Tasks number: 30
loss: 80.33942413330078
start in data :  CyberShake 70
Jobs number:  10
Tasks number: 24
loss: 47.50585174560547
start in data :  CyberShake 71
Jobs number:  10
Tasks number: 27
loss: 75.82972717285156
start in data :  CyberShake 72
Jobs number:  10
Tasks number: 32
loss: 101.82606506347656
start in data :  CyberShake 73
Jobs number:  10
Tasks number: 27
loss: 50.57308578491211
start in data :  CyberShake 74
Jobs number:  10
Tasks number: 29
loss: 72.36287689208984
start in data :  CyberShake 75
Jobs number:  10
Tasks number: 28
loss: 59.19514465332031
start in data :  CyberShake 76
Jobs number:  10
Tasks number: 31
loss: 85.8544921875
start in data :  CyberShake 77
Jobs number:  10
Tasks number: 27
loss: 62.76814270019531
start in data :  CyberShake 78
Jobs number:  10
Tasks number: 30
loss: 69.58204650878906
start in data :  CyberShake 79
Jobs number:  10
Tasks number: 28
loss: 68.61748504638672
start in data :  CyberShake 80
Jobs number:  10
Tasks number: 30
loss: 80.54222106933594
start in data :  CyberShake 81
Jobs number:  10
Tasks number: 27
loss: 65.30721282958984
start in data :  CyberShake 82
Jobs number:  10
Tasks number: 27
loss: 47.929656982421875
start in data :  CyberShake 83
Jobs number:  10
Tasks number: 30
loss: 65.71986389160156
start in data :  CyberShake 84
Jobs number:  10
Tasks number: 32
loss: 101.4615707397461
start in data :  CyberShake 85
Jobs number:  10
Tasks number: 27
loss: 52.910884857177734
start in data :  CyberShake 86
Jobs number:  10
Tasks number: 32
loss: 80.04908752441406
start in data :  CyberShake 87
Jobs number:  10
Tasks number: 27
loss: 72.41728210449219
start in data :  CyberShake 88
Jobs number:  10
Tasks number: 30
loss: 72.87654876708984
start in data :  CyberShake 89
Jobs number:  10
Tasks number: 29
loss: 76.41152954101562
start in data :  CyberShake 90
Jobs number:  10
Tasks number: 28
loss: 59.18252944946289
start in data :  CyberShake 91
Jobs number:  10
Tasks number: 29
loss: 71.03030395507812
start in data :  CyberShake 92
Jobs number:  10
Tasks number: 28
loss: 66.69522857666016
start in data :  CyberShake 93
Jobs number:  10
Tasks number: 31
loss: 64.1385726928711
start in data :  CyberShake 94
Jobs number:  10
Tasks number: 30
loss: 77.84615325927734
start in data :  CyberShake 95
Jobs number:  10
Tasks number: 27
loss: 55.315711975097656
start in data :  CyberShake 96
Jobs number:  10
Tasks number: 30
loss: 65.95425415039062
start in data :  CyberShake 97
Jobs number:  10
Tasks number: 28
loss: 60.0184440612793
start in data :  CyberShake 98
Jobs number:  10
Tasks number: 26
loss: 65.35106658935547
start in data :  CyberShake 99
Jobs number:  10
Tasks number: 30
loss: 75.72504425048828
start in data :  CyberShake 100
Jobs number:  10
Tasks number: 30
loss: 66.1810531616211
start in data :  CyberShake 101
Jobs number:  10
Tasks number: 27
loss: 63.85715866088867
start in data :  CyberShake 102
Jobs number:  10
Tasks number: 26
loss: 63.970340728759766
start in data :  CyberShake 103
Jobs number:  10
Tasks number: 27
loss: 63.02374267578125
start in data :  CyberShake 104
Jobs number:  10
Tasks number: 29
loss: 65.86753845214844
start in data :  CyberShake 105
Jobs number:  10
Tasks number: 26
loss: 55.015403747558594
start in data :  CyberShake 106
Jobs number:  10
Tasks number: 29
loss: 57.838905334472656
start in data :  CyberShake 107
Jobs number:  10
Tasks number: 31
loss: 88.43138122558594
start in data :  CyberShake 108
Jobs number:  10
Tasks number: 31
loss: 122.43489074707031
start in data :  CyberShake 109
Jobs number:  10
Tasks number: 27
loss: 51.573604583740234
start in data :  CyberShake 110
Jobs number:  10
Tasks number: 33
loss: 80.73745727539062
start in data :  CyberShake 111
Jobs number:  10
Tasks number: 31
loss: 78.08427429199219
start in data :  CyberShake 112
Jobs number:  10
Tasks number: 30
loss: 84.76315307617188
start in data :  CyberShake 113
Jobs number:  10
Tasks number: 27
loss: 59.096282958984375
start in data :  CyberShake 114
Jobs number:  10
Tasks number: 30
loss: 88.0378646850586
start in data :  CyberShake 115
Jobs number:  10
Tasks number: 26
loss: 54.303741455078125
start in data :  CyberShake 116
Jobs number:  10
Tasks number: 27
loss: 54.57182312011719
start in data :  CyberShake 117
Jobs number:  10
Tasks number: 32
loss: 90.21927642822266
start in data :  CyberShake 118
Jobs number:  10
Tasks number: 30
loss: 69.072021484375
start in data :  CyberShake 119
Jobs number:  10
Tasks number: 30
loss: 69.30384063720703
start in data :  CyberShake 120
Jobs number:  10
Tasks number: 28
loss: 73.13088989257812
start in data :  CyberShake 121
Jobs number:  10
Tasks number: 26
loss: 67.54527282714844
start in data :  CyberShake 122
Jobs number:  10
Tasks number: 26
loss: 58.27014923095703
start in data :  CyberShake 123
Jobs number:  10
Tasks number: 30
loss: 90.8399429321289
start in data :  CyberShake 124
Jobs number:  10
Tasks number: 30
loss: 74.53884887695312
start in data :  CyberShake 125
Jobs number:  10
Tasks number: 31
loss: 70.15728759765625
start in data :  CyberShake 126
Jobs number:  10
Tasks number: 30
loss: 72.42922973632812
start in data :  CyberShake 127
Jobs number:  10
Tasks number: 29
loss: 70.03705596923828
start in data :  CyberShake 128
Jobs number:  10
Tasks number: 29
loss: 84.92853546142578
start in data :  CyberShake 129
Jobs number:  10
Tasks number: 30
loss: 90.71698760986328
start in data :  CyberShake 130
Jobs number:  10
Tasks number: 30
loss: 75.09512329101562
start in data :  CyberShake 131
Jobs number:  10
Tasks number: 27
loss: 64.78581237792969
start in data :  CyberShake 132
Jobs number:  10
Tasks number: 31
loss: 79.03773498535156
start in data :  CyberShake 133
Jobs number:  10
Tasks number: 26
loss: 55.18745803833008
start in data :  CyberShake 134
Jobs number:  10
Tasks number: 27
loss: 66.08879852294922
start in data :  CyberShake 135
Jobs number:  10
Tasks number: 25
loss: 56.30841064453125
start in data :  CyberShake 136
Jobs number:  10
Tasks number: 26
loss: 49.952049255371094
start in data :  CyberShake 137
Jobs number:  10
Tasks number: 24
loss: 44.80314636230469
start in data :  CyberShake 138
Jobs number:  10
Tasks number: 27
loss: 67.27857971191406
start in data :  CyberShake 139
Jobs number:  10
Tasks number: 27
loss: 65.83985137939453
start in data :  CyberShake 140
Jobs number:  10
Tasks number: 28
loss: 49.548213958740234
start in data :  CyberShake 141
Jobs number:  10
Tasks number: 30
loss: 100.22001647949219
start in data :  CyberShake 142
Jobs number:  10
Tasks number: 29
loss: 70.86682891845703
start in data :  CyberShake 143
Jobs number:  10
Tasks number: 29
loss: 62.75965118408203
start in data :  CyberShake 144
Jobs number:  10
Tasks number: 32
loss: 85.8170166015625
start in data :  CyberShake 145
Jobs number:  10
Tasks number: 28
loss: 56.482521057128906
start in data :  CyberShake 146
Jobs number:  10
Tasks number: 28
loss: 54.698585510253906
start in data :  CyberShake 147
Jobs number:  10
Tasks number: 31
loss: 81.72222137451172
start in data :  CyberShake 148
Jobs number:  10
Tasks number: 28
loss: 57.442298889160156
start in data :  CyberShake 149
Jobs number:  10
Tasks number: 30
loss: 60.04301071166992
start in data :  CyberShake 150
Jobs number:  10
Tasks number: 32
loss: 80.6668930053711
start in data :  CyberShake 151
Jobs number:  10
Tasks number: 29
loss: 61.76546096801758
start in data :  CyberShake 152
Jobs number:  10
Tasks number: 27
loss: 64.42123413085938
start in data :  CyberShake 153
Jobs number:  10
Tasks number: 28
loss: 74.30255889892578
start in data :  CyberShake 154
Jobs number:  10
Tasks number: 27
loss: 54.54759216308594
start in data :  CyberShake 155
Jobs number:  10
Tasks number: 28
loss: 69.37176513671875
start in data :  CyberShake 156
Jobs number:  10
Tasks number: 29
loss: 66.42578887939453
start in data :  CyberShake 157
Jobs number:  10
Tasks number: 27
loss: 50.277748107910156
start in data :  CyberShake 158
Jobs number:  10
Tasks number: 34
loss: 97.90397644042969
start in data :  CyberShake 159
Jobs number:  10
Tasks number: 27
loss: 55.743446350097656
start in data :  CyberShake 160
Jobs number:  10
Tasks number: 33
loss: 96.5849609375
start in data :  CyberShake 161
Jobs number:  10
Tasks number: 30
loss: 86.34626770019531
start in data :  CyberShake 162
Jobs number:  10
Tasks number: 33
loss: 92.45655822753906
start in data :  CyberShake 163
Jobs number:  10
Tasks number: 28
loss: 81.27867126464844
start in data :  CyberShake 164
Jobs number:  10
Tasks number: 34
loss: 114.79521179199219
start in data :  CyberShake 165
Jobs number:  10
Tasks number: 26
loss: 57.49415969848633
start in data :  CyberShake 166
Jobs number:  10
Tasks number: 29
loss: 69.44047546386719
start in data :  CyberShake 167
Jobs number:  10
Tasks number: 30
loss: 76.65061950683594
start in data :  CyberShake 168
Jobs number:  10
Tasks number: 28
loss: 60.718788146972656
start in data :  CyberShake 169
Jobs number:  10
Tasks number: 29
loss: 79.91877746582031
start in data :  CyberShake 170
Jobs number:  10
Tasks number: 30
loss: 82.56552124023438
start in data :  CyberShake 171
Jobs number:  10
Tasks number: 30
loss: 71.89964294433594
start in data :  CyberShake 172
Jobs number:  10
Tasks number: 29
loss: 73.51778411865234
start in data :  CyberShake 173
Jobs number:  10
Tasks number: 28
loss: 72.3451156616211
start in data :  CyberShake 174
Jobs number:  10
Tasks number: 28
loss: 62.542022705078125
start in data :  CyberShake 175
Jobs number:  10
Tasks number: 28
loss: 64.80595397949219
start in data :  CyberShake 176
Jobs number:  10
Tasks number: 26
loss: 57.61128234863281
start in data :  CyberShake 177
Jobs number:  10
Tasks number: 29
loss: 73.11553955078125
start in data :  CyberShake 178
Jobs number:  10
Tasks number: 30
loss: 88.12696838378906
start in data :  CyberShake 179
Jobs number:  10
Tasks number: 27
loss: 50.99433135986328
start in data :  CyberShake 180
Jobs number:  10
Tasks number: 31
loss: 102.66220092773438
start in data :  CyberShake 181
Jobs number:  10
Tasks number: 30
loss: 105.45125579833984
start in data :  CyberShake 182
Jobs number:  10
Tasks number: 28
loss: 56.85298156738281
start in data :  CyberShake 183
Jobs number:  10
Tasks number: 28
loss: 60.2478141784668
start in data :  CyberShake 184
Jobs number:  10
Tasks number: 28
loss: 73.33537292480469
start in data :  CyberShake 185
Jobs number:  10
Tasks number: 31
loss: 79.61608123779297
start in data :  CyberShake 186
Jobs number:  10
Tasks number: 33
loss: 101.38626098632812
start in data :  CyberShake 187
Jobs number:  10
Tasks number: 28
loss: 62.80681610107422
start in data :  CyberShake 188
Jobs number:  10
Tasks number: 32
loss: 70.4013442993164
start in data :  CyberShake 189
Jobs number:  10
Tasks number: 29
loss: 66.88934326171875
start in data :  CyberShake 190
Jobs number:  10
Tasks number: 31
loss: 74.7162857055664
start in data :  CyberShake 191
Jobs number:  10
Tasks number: 27
loss: 49.726348876953125
start in data :  CyberShake 192
Jobs number:  10
Tasks number: 31
loss: 74.88821411132812
start in data :  CyberShake 193
Jobs number:  10
Tasks number: 25
loss: 55.87150573730469
start in data :  CyberShake 194
Jobs number:  10
Tasks number: 24
loss: 56.0412712097168
start in data :  CyberShake 195
Jobs number:  10
Tasks number: 29
loss: 58.845664978027344
start in data :  CyberShake 196
Jobs number:  10
Tasks number: 29
loss: 66.98421478271484
start in data :  CyberShake 197
Jobs number:  10
Tasks number: 28
loss: 67.32367706298828
start in data :  CyberShake 198
Jobs number:  10
Tasks number: 27
loss: 58.44014358520508
start in data :  CyberShake 199
Jobs number:  10
Tasks number: 27
loss: 83.74299621582031
start in data :  CyberShake 200
Jobs number:  10
Tasks number: 27
loss: 58.96515655517578
start in data :  CyberShake 201
Jobs number:  10
Tasks number: 27
loss: 66.27182006835938
start in data :  CyberShake 202
Jobs number:  10
Tasks number: 32
loss: 95.95130920410156
start in data :  CyberShake 203
Jobs number:  10
Tasks number: 32
loss: 85.20714569091797
start in data :  CyberShake 204
Jobs number:  10
Tasks number: 27
loss: 66.62334442138672
start in data :  CyberShake 205
Jobs number:  10
Tasks number: 28
loss: 71.51773834228516
start in data :  CyberShake 206
Jobs number:  10
Tasks number: 32
loss: 76.8685073852539
start in data :  CyberShake 207
Jobs number:  10
Tasks number: 27
loss: 58.53171920776367
start in data :  CyberShake 208
Jobs number:  10
Tasks number: 30
loss: 73.71302795410156
start in data :  CyberShake 209
Jobs number:  10
Tasks number: 30
loss: 61.722110748291016
start in data :  CyberShake 210
Jobs number:  10
Tasks number: 28
loss: 62.205074310302734
start in data :  CyberShake 211
Jobs number:  10
Tasks number: 25
loss: 53.06523895263672
start in data :  CyberShake 212
Jobs number:  10
Tasks number: 29
loss: 73.72834777832031
start in data :  CyberShake 213
Jobs number:  10
Tasks number: 30
loss: 62.732059478759766
start in data :  CyberShake 214
Jobs number:  10
Tasks number: 25
loss: 69.58817291259766
start in data :  CyberShake 215
Jobs number:  10
Tasks number: 26
loss: 48.77447509765625
start in data :  CyberShake 216
Jobs number:  10
Tasks number: 28
loss: 58.66493225097656
start in data :  CyberShake 217
Jobs number:  10
Tasks number: 28
loss: 75.01011657714844
start in data :  CyberShake 218
Jobs number:  10
Tasks number: 27
loss: 57.631935119628906
start in data :  CyberShake 219
Jobs number:  10
Tasks number: 29
loss: 86.65756225585938
start in data :  CyberShake 220
Jobs number:  10
Tasks number: 30
loss: 70.98238372802734
start in data :  CyberShake 221
Jobs number:  10
Tasks number: 27
loss: 61.846229553222656
start in data :  CyberShake 222
Jobs number:  10
Tasks number: 33
loss: 98.30712127685547
start in data :  CyberShake 223
Jobs number:  10
Tasks number: 31
loss: 91.57858276367188
start in data :  CyberShake 224
Jobs number:  10
Tasks number: 28
loss: 50.25736618041992
start in data :  CyberShake 225
Jobs number:  10
Tasks number: 24
loss: 47.61534881591797
start in data :  CyberShake 226
Jobs number:  10
Tasks number: 29
loss: 75.38540649414062
start in data :  CyberShake 227
Jobs number:  10
Tasks number: 30
loss: 86.4076156616211
start in data :  CyberShake 228
Jobs number:  10
Tasks number: 29
loss: 88.21531677246094
start in data :  CyberShake 229
Jobs number:  10
Tasks number: 34
loss: 105.04978942871094
start in data :  CyberShake 230
Jobs number:  10
Tasks number: 27
loss: 54.85454559326172
start in data :  CyberShake 231
Jobs number:  10
Tasks number: 25
loss: 52.3193359375
start in data :  CyberShake 232
Jobs number:  10
Tasks number: 30
loss: 74.51327514648438
start in data :  CyberShake 233
Jobs number:  10
Tasks number: 32
loss: 74.76239776611328
start in data :  CyberShake 234
Jobs number:  10
Tasks number: 30
loss: 67.20362091064453
start in data :  CyberShake 235
Jobs number:  10
Tasks number: 32
loss: 69.76228332519531
start in data :  CyberShake 236
Jobs number:  10
Tasks number: 27
loss: 74.1946792602539
start in data :  CyberShake 237
Jobs number:  10
Tasks number: 27
loss: 67.06999206542969
start in data :  CyberShake 238
Jobs number:  10
Tasks number: 30
loss: 86.7916259765625
start in data :  CyberShake 239
Jobs number:  10
Tasks number: 31
loss: 71.57222747802734
start in data :  CyberShake 240
Jobs number:  10
Tasks number: 31
loss: 54.49650573730469
start in data :  CyberShake 241
Jobs number:  10
Tasks number: 28
loss: 55.76802062988281
start in data :  CyberShake 242
Jobs number:  10
Tasks number: 30
loss: 59.46915817260742
start in data :  CyberShake 243
Jobs number:  10
Tasks number: 32
loss: 88.00361633300781
start in data :  CyberShake 244
Jobs number:  10
Tasks number: 30
loss: 74.38783264160156
start in data :  CyberShake 245
Jobs number:  10
Tasks number: 29
loss: 84.13237762451172
start in data :  CyberShake 246
Jobs number:  10
Tasks number: 27
loss: 54.46059799194336
start in data :  CyberShake 247
Jobs number:  10
Tasks number: 25
loss: 64.26069641113281
start in data :  CyberShake 248
Jobs number:  10
Tasks number: 28
loss: 72.23002624511719
start in data :  CyberShake 249
Jobs number:  10
Tasks number: 29
loss: 64.83218383789062
start in data :  CyberShake 250
Jobs number:  10
Tasks number: 29
loss: 70.98101043701172
start in data :  CyberShake 251
Jobs number:  10
Tasks number: 29
loss: 67.94776916503906
start in data :  CyberShake 252
Jobs number:  10
Tasks number: 25
loss: 41.76638412475586
start in data :  CyberShake 253
Jobs number:  10
Tasks number: 30
loss: 71.38459777832031
start in data :  CyberShake 254
Jobs number:  10
Tasks number: 31
loss: 70.61956024169922
start in data :  CyberShake 255
Jobs number:  10
Tasks number: 28
loss: 56.81194305419922
start in data :  CyberShake 256
Jobs number:  10
Tasks number: 26
loss: 55.04682922363281
start in data :  CyberShake 257
Jobs number:  10
Tasks number: 29
loss: 60.29328536987305
start in data :  CyberShake 258
Jobs number:  10
Tasks number: 29
loss: 100.09441375732422
start in data :  CyberShake 259
Jobs number:  10
Tasks number: 26
loss: 48.63167953491211
start in data :  CyberShake 260
Jobs number:  10
Tasks number: 27
loss: 55.02118682861328
start in data :  CyberShake 261
Jobs number:  10
Tasks number: 28
loss: 50.401512145996094
start in data :  CyberShake 262
Jobs number:  10
Tasks number: 29
loss: 71.50836944580078
start in data :  CyberShake 263
Jobs number:  10
Tasks number: 26
loss: 64.36512756347656
start in data :  CyberShake 264
Jobs number:  10
Tasks number: 29
loss: 70.13059997558594
start in data :  CyberShake 265
Jobs number:  10
Tasks number: 31
loss: 72.3490982055664
start in data :  CyberShake 266
Jobs number:  10
Tasks number: 27
loss: 54.086082458496094
start in data :  CyberShake 267
Jobs number:  10
Tasks number: 27
loss: 45.35428237915039
start in data :  CyberShake 268
Jobs number:  10
Tasks number: 28
loss: 55.55907440185547
start in data :  CyberShake 269
Jobs number:  10
Tasks number: 29
loss: 82.52278900146484
start in data :  CyberShake 270
Jobs number:  10
Tasks number: 29
loss: 53.62506103515625
start in data :  CyberShake 271
Jobs number:  10
Tasks number: 32
loss: 74.6512451171875
start in data :  CyberShake 272
Jobs number:  10
Tasks number: 29
loss: 70.89270782470703
start in data :  CyberShake 273
Jobs number:  10
Tasks number: 30
loss: 82.36760711669922
start in data :  CyberShake 274
Jobs number:  10
Tasks number: 33
loss: 77.58735656738281
start in data :  CyberShake 275
Jobs number:  10
Tasks number: 28
loss: 50.53941345214844
start in data :  CyberShake 276
Jobs number:  10
Tasks number: 32
loss: 79.94052124023438
start in data :  CyberShake 277
Jobs number:  10
Tasks number: 32
loss: 73.29582977294922
start in data :  CyberShake 278
Jobs number:  10
Tasks number: 28
loss: 60.53289031982422
start in data :  CyberShake 279
Jobs number:  10
Tasks number: 35
loss: 94.9620132446289
start in data :  CyberShake 280
Jobs number:  10
Tasks number: 35
loss: 96.70085906982422
start in data :  CyberShake 281
Jobs number:  10
Tasks number: 30
loss: 79.45211029052734
start in data :  CyberShake 282
Jobs number:  10
Tasks number: 30
loss: 63.75063705444336
start in data :  CyberShake 283
Jobs number:  10
Tasks number: 28
loss: 64.96391296386719
start in data :  CyberShake 284
Jobs number:  10
Tasks number: 28
loss: 49.71562957763672
start in data :  CyberShake 285
Jobs number:  10
Tasks number: 28
loss: 58.328025817871094
start in data :  CyberShake 286
Jobs number:  10
Tasks number: 31
loss: 71.22652435302734
start in data :  CyberShake 287
Jobs number:  10
Tasks number: 32
loss: 65.82276153564453
start in data :  CyberShake 288
Jobs number:  10
Tasks number: 31
loss: 54.96770477294922
start in data :  CyberShake 289
Jobs number:  10
Tasks number: 28
loss: 57.7744140625
start in data :  CyberShake 290
Jobs number:  10
Tasks number: 29
loss: 58.286964416503906
start in data :  CyberShake 291
Jobs number:  10
Tasks number: 27
loss: 67.3155288696289
start in data :  CyberShake 292
Jobs number:  10
Tasks number: 35
loss: 82.25777435302734
start in data :  CyberShake 293
Jobs number:  10
Tasks number: 31
loss: 85.33428192138672
start in data :  CyberShake 294
Jobs number:  10
Tasks number: 30
loss: 71.26374816894531
start in data :  CyberShake 295
Jobs number:  10
Tasks number: 31
loss: 93.25460815429688
start in data :  CyberShake 296
Jobs number:  10
Tasks number: 33
loss: 71.96810913085938
start in data :  CyberShake 297
Jobs number:  10
Tasks number: 31
loss: 78.25906372070312
start in data :  CyberShake 298
Jobs number:  10
Tasks number: 25
loss: 47.4694709777832
start in data :  CyberShake 299
Jobs number:  10
Tasks number: 29
loss: 62.869388580322266
start in data :  CyberShake 300
Jobs number:  10
Tasks number: 30
loss: 63.762779235839844
start in data :  CyberShake 301
Jobs number:  10
Tasks number: 29
loss: 64.18099212646484
start in data :  CyberShake 302
Jobs number:  10
Tasks number: 35
loss: 88.25814056396484
start in data :  CyberShake 303
Jobs number:  10
Tasks number: 27
loss: 66.10885620117188
start in data :  CyberShake 304
Jobs number:  10
Tasks number: 31
loss: 68.6753158569336
start in data :  CyberShake 305
Jobs number:  10
Tasks number: 26
loss: 58.859527587890625
start in data :  CyberShake 306
Jobs number:  10
Tasks number: 33
loss: 99.391357421875
start in data :  CyberShake 307
Jobs number:  10
Tasks number: 32
loss: 87.10469055175781
start in data :  CyberShake 308
Jobs number:  10
Tasks number: 30
loss: 78.77920532226562
start in data :  CyberShake 309
Jobs number:  10
Tasks number: 30
loss: 70.28985595703125
start in data :  CyberShake 310
Jobs number:  10
Tasks number: 28
loss: 57.086402893066406
start in data :  CyberShake 311
Jobs number:  10
Tasks number: 32
loss: 71.64447784423828
start in data :  CyberShake 312
Jobs number:  10
Tasks number: 29
loss: 52.67460632324219
start in data :  CyberShake 313
Jobs number:  10
Tasks number: 29
loss: 64.32878875732422
start in data :  CyberShake 314
Jobs number:  10
Tasks number: 29
loss: 51.91986083984375
start in data :  CyberShake 315
Jobs number:  10
Tasks number: 29
loss: 55.412391662597656
start in data :  CyberShake 316
Jobs number:  10
Tasks number: 30
loss: 73.0146255493164
start in data :  CyberShake 317
Jobs number:  10
Tasks number: 28
loss: 58.0573616027832
start in data :  CyberShake 318
Jobs number:  10
Tasks number: 29
loss: 74.60944366455078
start in data :  CyberShake 319
Jobs number:  10
Tasks number: 28
loss: 50.92399978637695
start in data :  CyberShake 320
Jobs number:  10
Tasks number: 27
loss: 59.8636474609375
start in data :  CyberShake 321
Jobs number:  10
Tasks number: 30
loss: 69.05049896240234
start in data :  CyberShake 322
Jobs number:  10
Tasks number: 28
loss: 58.41405487060547
start in data :  CyberShake 323
Jobs number:  10
Tasks number: 28
loss: 55.492698669433594
start in data :  CyberShake 324
Jobs number:  10
Tasks number: 25
loss: 50.854251861572266
start in data :  CyberShake 325
Jobs number:  10
Tasks number: 26
loss: 48.806732177734375
start in data :  CyberShake 326
Jobs number:  10
Tasks number: 28
loss: 64.85369873046875
start in data :  CyberShake 327
Jobs number:  10
Tasks number: 29
loss: 84.7064208984375
start in data :  CyberShake 328
Jobs number:  10
Tasks number: 25
loss: 53.103477478027344
start in data :  CyberShake 329
Jobs number:  10
Tasks number: 33
loss: 89.48551177978516
start in data :  CyberShake 330
Jobs number:  10
Tasks number: 33
loss: 86.71477508544922
start in data :  CyberShake 331
Jobs number:  10
Tasks number: 26
loss: 51.54661178588867
start in data :  CyberShake 332
Jobs number:  10
Tasks number: 28
loss: 63.38046646118164
start in data :  CyberShake 333
Jobs number:  10
Tasks number: 29
loss: 67.30583953857422
start in data :  CyberShake 334
Jobs number:  10
Tasks number: 29
loss: 67.76203918457031
start in data :  CyberShake 335
Jobs number:  10
Tasks number: 26
loss: 63.615867614746094
start in data :  CyberShake 336
Jobs number:  10
Tasks number: 31
loss: 97.69306945800781
start in data :  CyberShake 337
Jobs number:  10
Tasks number: 30
loss: 81.48047637939453
start in data :  CyberShake 338
Jobs number:  10
Tasks number: 29
loss: 67.68748474121094
start in data :  CyberShake 339
Jobs number:  10
Tasks number: 30
loss: 68.71687316894531
start in data :  CyberShake 340
Jobs number:  10
Tasks number: 27
loss: 57.99077606201172
start in data :  CyberShake 341
Jobs number:  10
Tasks number: 27
loss: 55.16352844238281
start in data :  CyberShake 342
Jobs number:  10
Tasks number: 29
loss: 65.65608215332031
start in data :  CyberShake 343
Jobs number:  10
Tasks number: 30
loss: 63.9549560546875
start in data :  CyberShake 344
Jobs number:  10
Tasks number: 27
loss: 58.64997100830078
start in data :  CyberShake 345
Jobs number:  10
Tasks number: 32
loss: 72.94129943847656
start in data :  CyberShake 346
Jobs number:  10
Tasks number: 30
loss: 56.068519592285156
start in data :  CyberShake 347
Jobs number:  10
Tasks number: 29
loss: 75.23236083984375
start in data :  CyberShake 348
Jobs number:  10
Tasks number: 26
loss: 75.33294677734375
start in data :  CyberShake 349
Jobs number:  10
Tasks number: 29
loss: 47.8070068359375
start in data :  CyberShake 350
Jobs number:  10
Tasks number: 28
loss: 69.48844909667969
start in data :  CyberShake 351
Jobs number:  10
Tasks number: 25
loss: 44.239501953125
start in data :  CyberShake 352
Jobs number:  10
Tasks number: 29
loss: 64.79057312011719
start in data :  CyberShake 353
Jobs number:  10
Tasks number: 30
loss: 75.02230834960938
start in data :  CyberShake 354
Jobs number:  10
Tasks number: 27
loss: 66.29120635986328
start in data :  CyberShake 355
Jobs number:  10
Tasks number: 27
loss: 46.44717788696289
start in data :  CyberShake 356
Jobs number:  10
Tasks number: 30
loss: 74.44772338867188
start in data :  CyberShake 357
Jobs number:  10
Tasks number: 27
loss: 48.178131103515625
start in data :  CyberShake 358
Jobs number:  10
Tasks number: 26
loss: 51.3326301574707
start in data :  CyberShake 359
Jobs number:  10
Tasks number: 30
loss: 77.52223205566406
start in data :  CyberShake 360
Jobs number:  10
Tasks number: 28
loss: 78.48563385009766
start in data :  CyberShake 361
Jobs number:  10
Tasks number: 30
loss: 57.18681716918945
start in data :  CyberShake 362
Jobs number:  10
Tasks number: 28
loss: 56.25371551513672
start in data :  CyberShake 363
Jobs number:  10
Tasks number: 33
loss: 75.10527038574219
start in data :  CyberShake 364
Jobs number:  10
Tasks number: 29
loss: 65.33091735839844
start in data :  CyberShake 365
Jobs number:  10
Tasks number: 26
loss: 48.92829132080078
start in data :  CyberShake 366
Jobs number:  10
Tasks number: 30
loss: 80.9031982421875
start in data :  CyberShake 367
Jobs number:  10
Tasks number: 27
loss: 53.0496940612793
start in data :  CyberShake 368
Jobs number:  10
Tasks number: 28
loss: 52.900638580322266
start in data :  CyberShake 369
Jobs number:  10
Tasks number: 29
loss: 62.63224411010742
start in data :  CyberShake 370
Jobs number:  10
Tasks number: 29
loss: 51.850502014160156
start in data :  CyberShake 371
Jobs number:  10
Tasks number: 28
loss: 69.97349548339844
start in data :  CyberShake 372
Jobs number:  10
Tasks number: 29
loss: 56.55701446533203
start in data :  CyberShake 373
Jobs number:  10
Tasks number: 28
loss: 56.47795104980469
start in data :  CyberShake 374
Jobs number:  10
Tasks number: 31
loss: 57.584259033203125
start in data :  CyberShake 375
Jobs number:  10
Tasks number: 31
loss: 69.36820220947266
start in data :  CyberShake 376
Jobs number:  10
Tasks number: 28
loss: 57.24512481689453
start in data :  CyberShake 377
Jobs number:  10
Tasks number: 31
loss: 72.8834228515625
start in data :  CyberShake 378
Jobs number:  10
Tasks number: 29
loss: 66.79077911376953
start in data :  CyberShake 379
Jobs number:  10
Tasks number: 29
loss: 59.18125915527344
start in data :  CyberShake 380
Jobs number:  10
Tasks number: 24
loss: 47.924625396728516
start in data :  CyberShake 381
Jobs number:  10
Tasks number: 28
loss: 69.94536590576172
start in data :  CyberShake 382
Jobs number:  10
Tasks number: 30
loss: 68.9482421875
start in data :  CyberShake 383
Jobs number:  10
Tasks number: 28
loss: 58.01463317871094
start in data :  CyberShake 384
Jobs number:  10
Tasks number: 28
loss: 75.69027709960938
start in data :  CyberShake 385
Jobs number:  10
Tasks number: 28
loss: 73.77262115478516
start in data :  CyberShake 386
Jobs number:  10
Tasks number: 28
loss: 59.32337188720703
start in data :  CyberShake 387
Jobs number:  10
Tasks number: 29
loss: 85.49568176269531
start in data :  CyberShake 388
Jobs number:  10
Tasks number: 33
loss: 70.76361846923828
start in data :  CyberShake 389
Jobs number:  10
Tasks number: 29
loss: 57.563289642333984
start in data :  CyberShake 390
Jobs number:  10
Tasks number: 32
loss: 72.8791732788086
start in data :  CyberShake 391
Jobs number:  10
Tasks number: 30
loss: 70.58780670166016
start in data :  CyberShake 392
Jobs number:  10
Tasks number: 28
loss: 53.622154235839844
start in data :  CyberShake 393
Jobs number:  10
Tasks number: 31
loss: 98.44393157958984
start in data :  CyberShake 394
Jobs number:  10
Tasks number: 33
loss: 79.78233337402344
start in data :  CyberShake 395
Jobs number:  10
Tasks number: 30
loss: 75.45962524414062
start in data :  CyberShake 396
Jobs number:  10
Tasks number: 29
loss: 56.0051383972168
start in data :  CyberShake 397
Jobs number:  10
Tasks number: 28
loss: 67.19416046142578
start in data :  CyberShake 398
Jobs number:  10
Tasks number: 34
loss: 103.65409851074219
start in data :  CyberShake 399
Jobs number:  10
Tasks number: 27
loss: 54.5288200378418
start in data :  CyberShake 400
Jobs number:  10
Tasks number: 30
loss: 76.2757339477539
start in data :  CyberShake 401
Jobs number:  10
Tasks number: 25
loss: 45.6711311340332
start in data :  CyberShake 402
Jobs number:  10
Tasks number: 25
loss: 66.95718383789062
start in data :  CyberShake 403
Jobs number:  10
Tasks number: 30
loss: 75.5455551147461
start in data :  CyberShake 404
Jobs number:  10
Tasks number: 27
loss: 77.78790283203125
start in data :  CyberShake 405
Jobs number:  10
Tasks number: 30
loss: 64.09718322753906
start in data :  CyberShake 406
Jobs number:  10
Tasks number: 30
loss: 67.47504425048828
start in data :  CyberShake 407
Jobs number:  10
Tasks number: 32
loss: 71.16040802001953
start in data :  CyberShake 408
Jobs number:  10
Tasks number: 27
loss: 51.78902053833008
start in data :  CyberShake 409
Jobs number:  10
Tasks number: 27
loss: 46.10665512084961
start in data :  CyberShake 410
Jobs number:  10
Tasks number: 25
loss: 57.95878219604492
start in data :  CyberShake 411
Jobs number:  10
Tasks number: 27
loss: 60.83372497558594
start in data :  CyberShake 412
Jobs number:  10
Tasks number: 24
loss: 52.611419677734375
start in data :  CyberShake 413
Jobs number:  10
Tasks number: 29
loss: 59.15948486328125
start in data :  CyberShake 414
Jobs number:  10
Tasks number: 34
loss: 92.06035614013672
start in data :  CyberShake 415
Jobs number:  10
Tasks number: 30
loss: 53.57167053222656
start in data :  CyberShake 416
Jobs number:  10
Tasks number: 29
loss: 68.070068359375
start in data :  CyberShake 417
Jobs number:  10
Tasks number: 25
loss: 51.235618591308594
start in data :  CyberShake 418
Jobs number:  10
Tasks number: 26
loss: 50.23884201049805
start in data :  CyberShake 419
Jobs number:  10
Tasks number: 32
loss: 75.89027404785156
start in data :  CyberShake 420
Jobs number:  10
Tasks number: 29
loss: 59.45304870605469
start in data :  CyberShake 421
Jobs number:  10
Tasks number: 31
loss: 59.25523376464844
start in data :  CyberShake 422
Jobs number:  10
Tasks number: 27
loss: 58.25923156738281
start in data :  CyberShake 423
Jobs number:  10
Tasks number: 30
loss: 60.74327087402344
start in data :  CyberShake 424
Jobs number:  10
Tasks number: 31
loss: 65.64181518554688
start in data :  CyberShake 425
Jobs number:  10
Tasks number: 28
loss: 67.87289428710938
start in data :  CyberShake 426
Jobs number:  10
Tasks number: 28
loss: 68.194091796875
start in data :  CyberShake 427
Jobs number:  10
Tasks number: 31
loss: 71.9288558959961
start in data :  CyberShake 428
Jobs number:  10
Tasks number: 26
loss: 54.332908630371094
start in data :  CyberShake 429
Jobs number:  10
Tasks number: 31
loss: 67.66394805908203
start in data :  CyberShake 430
Jobs number:  10
Tasks number: 29
loss: 80.8118896484375
start in data :  CyberShake 431
Jobs number:  10
Tasks number: 29
loss: 65.42074584960938
start in data :  CyberShake 432
Jobs number:  10
Tasks number: 28
loss: 80.86505126953125
start in data :  CyberShake 433
Jobs number:  10
Tasks number: 30
loss: 58.415443420410156
start in data :  CyberShake 434
Jobs number:  10
Tasks number: 29
loss: 76.17398071289062
start in data :  CyberShake 435
Jobs number:  10
Tasks number: 29
loss: 62.02422332763672
start in data :  CyberShake 436
Jobs number:  10
Tasks number: 28
loss: 57.30239486694336
start in data :  CyberShake 437
Jobs number:  10
Tasks number: 28
loss: 48.89140701293945
start in data :  CyberShake 438
Jobs number:  10
Tasks number: 31
loss: 90.25452423095703
start in data :  CyberShake 439
Jobs number:  10
Tasks number: 29
loss: 69.25128173828125
start in data :  CyberShake 440
Jobs number:  10
Tasks number: 27
loss: 67.99960327148438
start in data :  CyberShake 441
Jobs number:  10
Tasks number: 29
loss: 65.94320678710938
start in data :  CyberShake 442
Jobs number:  10
Tasks number: 32
loss: 63.06269073486328
start in data :  CyberShake 443
Jobs number:  10
Tasks number: 28
loss: 57.196205139160156
start in data :  CyberShake 444
Jobs number:  10
Tasks number: 33
loss: 74.81639862060547
start in data :  CyberShake 445
Jobs number:  10
Tasks number: 30
loss: 53.48644256591797
start in data :  CyberShake 446
Jobs number:  10
Tasks number: 25
loss: 49.354618072509766
start in data :  CyberShake 447
Jobs number:  10
Tasks number: 28
loss: 63.15863800048828
start in data :  CyberShake 448
Jobs number:  10
Tasks number: 30
loss: 66.54219055175781
start in data :  CyberShake 449
Jobs number:  10
Tasks number: 26
loss: 71.42791748046875
start in data :  CyberShake 450
Jobs number:  10
Tasks number: 35
loss: 94.57254791259766
start in data :  CyberShake 451
Jobs number:  10
Tasks number: 28
loss: 59.29462432861328
start in data :  CyberShake 452
Jobs number:  10
Tasks number: 34
loss: 90.82274627685547
start in data :  CyberShake 453
Jobs number:  10
Tasks number: 27
loss: 52.888038635253906
start in data :  CyberShake 454
Jobs number:  10
Tasks number: 27
loss: 56.23183822631836
start in data :  CyberShake 455
Jobs number:  10
Tasks number: 31
loss: 84.7982177734375
start in data :  CyberShake 456
Jobs number:  10
Tasks number: 28
loss: 48.779884338378906
start in data :  CyberShake 457
Jobs number:  10
Tasks number: 30
loss: 68.89617156982422
start in data :  CyberShake 458
Jobs number:  10
Tasks number: 31
loss: 72.66339111328125
start in data :  CyberShake 459
Jobs number:  10
Tasks number: 34
loss: 81.98176574707031
start in data :  CyberShake 460
Jobs number:  10
Tasks number: 32
loss: 80.00626373291016
start in data :  CyberShake 461
Jobs number:  10
Tasks number: 31
loss: 85.15971374511719
start in data :  CyberShake 462
Jobs number:  10
Tasks number: 29
loss: 60.4517707824707
start in data :  CyberShake 463
Jobs number:  10
Tasks number: 32
loss: 72.66629028320312
start in data :  CyberShake 464
Jobs number:  10
Tasks number: 31
loss: 85.11410522460938
start in data :  CyberShake 465
Jobs number:  10
Tasks number: 28
loss: 60.334556579589844
start in data :  CyberShake 466
Jobs number:  10
Tasks number: 25
loss: 66.12976837158203
start in data :  CyberShake 467
Jobs number:  10
Tasks number: 31
loss: 76.87387084960938
start in data :  CyberShake 468
Jobs number:  10
Tasks number: 34
loss: 84.23321533203125
start in data :  CyberShake 469
Jobs number:  10
Tasks number: 28
loss: 69.74357604980469
start in data :  CyberShake 470
Jobs number:  10
Tasks number: 30
loss: 58.03096389770508
start in data :  CyberShake 471
Jobs number:  10
Tasks number: 28
loss: 70.32405853271484
start in data :  CyberShake 472
Jobs number:  10
Tasks number: 28
loss: 55.918331146240234
start in data :  CyberShake 473
Jobs number:  10
Tasks number: 29
loss: 73.0479736328125
start in data :  CyberShake 474
Jobs number:  10
Tasks number: 28
loss: 61.7067756652832
start in data :  CyberShake 475
Jobs number:  10
Tasks number: 30
loss: 66.67276763916016
start in data :  CyberShake 476
Jobs number:  10
Tasks number: 29
loss: 52.48655700683594
start in data :  CyberShake 477
Jobs number:  10
Tasks number: 32
loss: 63.173423767089844
start in data :  CyberShake 478
Jobs number:  10
Tasks number: 31
loss: 70.57025146484375
start in data :  CyberShake 479
Jobs number:  10
Tasks number: 30
loss: 57.44719696044922
start in data :  CyberShake 480
Jobs number:  10
Tasks number: 29
loss: 74.0589599609375
start in data :  CyberShake 481
Jobs number:  10
Tasks number: 31
loss: 72.34678649902344
start in data :  CyberShake 482
Jobs number:  10
Tasks number: 28
loss: 61.87276840209961
start in data :  CyberShake 483
Jobs number:  10
Tasks number: 29
loss: 55.38050079345703
start in data :  CyberShake 484
Jobs number:  10
Tasks number: 31
loss: 71.16069030761719
start in data :  CyberShake 485
Jobs number:  10
Tasks number: 25
loss: 50.25529861450195
start in data :  CyberShake 486
Jobs number:  10
Tasks number: 32
loss: 76.3948974609375
start in data :  CyberShake 487
Jobs number:  10
Tasks number: 28
loss: 48.05243682861328
start in data :  CyberShake 488
Jobs number:  10
Tasks number: 29
loss: 49.16110610961914
start in data :  CyberShake 489
Jobs number:  10
Tasks number: 29
loss: 73.59591674804688
start in data :  CyberShake 490
Jobs number:  10
Tasks number: 28
loss: 50.57666015625
start in data :  CyberShake 491
Jobs number:  10
Tasks number: 33
loss: 104.91883850097656
start in data :  CyberShake 492
Jobs number:  10
Tasks number: 27
loss: 62.84345245361328
start in data :  CyberShake 493
Jobs number:  10
Tasks number: 28
loss: 40.4896125793457
start in data :  CyberShake 494
Jobs number:  10
Tasks number: 29
loss: 80.84630584716797
start in data :  CyberShake 495
Jobs number:  10
Tasks number: 31
loss: 73.50518035888672
start in data :  CyberShake 496
Jobs number:  10
Tasks number: 24
loss: 59.91117858886719
start in data :  CyberShake 497
Jobs number:  10
Tasks number: 28
loss: 61.78415298461914
start in data :  CyberShake 498
Jobs number:  10
Tasks number: 28
loss: 50.045745849609375
start in data :  CyberShake 499
Jobs number:  10
Tasks number: 28
loss: 52.47520446777344
start in data :  CyberShake 500
Jobs number:  10
Tasks number: 27
loss: 54.87759017944336
start in data :  CyberShake 501
Jobs number:  10
Tasks number: 30
loss: 71.0045394897461
start in data :  CyberShake 502
Jobs number:  10
Tasks number: 29
loss: 53.22688293457031
start in data :  CyberShake 503
Jobs number:  10
Tasks number: 25
loss: 50.45871353149414
start in data :  CyberShake 504
Jobs number:  10
Tasks number: 29
loss: 56.53548049926758
start in data :  CyberShake 505
Jobs number:  10
Tasks number: 32
loss: 82.2996826171875
start in data :  CyberShake 506
Jobs number:  10
Tasks number: 30
loss: 63.461891174316406
start in data :  CyberShake 507
Jobs number:  10
Tasks number: 30
loss: 61.87047576904297
start in data :  CyberShake 508
Jobs number:  10
Tasks number: 30
loss: 65.72147369384766
start in data :  CyberShake 509
Jobs number:  10
Tasks number: 30
loss: 82.76039123535156
start in data :  CyberShake 510
Jobs number:  10
Tasks number: 27
loss: 55.70137023925781
start in data :  CyberShake 511
Jobs number:  10
Tasks number: 29
loss: 41.754844665527344
start in data :  CyberShake 512
Jobs number:  10
Tasks number: 32
loss: 98.49272918701172
start in data :  CyberShake 513
Jobs number:  10
Tasks number: 30
loss: 56.77877426147461
start in data :  CyberShake 514
Jobs number:  10
Tasks number: 28
loss: 77.08302307128906
start in data :  CyberShake 515
Jobs number:  10
Tasks number: 31
loss: 68.1218032836914
start in data :  CyberShake 516
Jobs number:  10
Tasks number: 28
loss: 62.26912307739258
start in data :  CyberShake 517
Jobs number:  10
Tasks number: 31
loss: 96.308837890625
start in data :  CyberShake 518
Jobs number:  10
Tasks number: 28
loss: 63.381221771240234
start in data :  CyberShake 519
Jobs number:  10
Tasks number: 29
loss: 74.55586242675781
start in data :  CyberShake 520
Jobs number:  10
Tasks number: 28
loss: 73.13729858398438
start in data :  CyberShake 521
Jobs number:  10
Tasks number: 28
loss: 59.030128479003906
start in data :  CyberShake 522
Jobs number:  10
Tasks number: 28
loss: 51.780601501464844
start in data :  CyberShake 523
Jobs number:  10
Tasks number: 29
loss: 51.82933807373047
start in data :  CyberShake 524
Jobs number:  10
Tasks number: 27
loss: 62.04814910888672
start in data :  CyberShake 525
Jobs number:  10
Tasks number: 27
loss: 60.03379821777344
start in data :  CyberShake 526
Jobs number:  10
Tasks number: 33
loss: 78.06822967529297
start in data :  CyberShake 527
Jobs number:  10
Tasks number: 29
loss: 74.22117614746094
start in data :  CyberShake 528
Jobs number:  10
Tasks number: 26
loss: 43.807613372802734
start in data :  CyberShake 529
Jobs number:  10
Tasks number: 28
loss: 79.00820922851562
start in data :  CyberShake 530
Jobs number:  10
Tasks number: 27
loss: 74.78839874267578
start in data :  CyberShake 531
Jobs number:  10
Tasks number: 28
loss: 79.7322769165039
start in data :  CyberShake 532
Jobs number:  10
Tasks number: 27
loss: 58.91566848754883
start in data :  CyberShake 533
Jobs number:  10
Tasks number: 29
loss: 62.883522033691406
start in data :  CyberShake 534
Jobs number:  10
Tasks number: 32
loss: 83.1495361328125
start in data :  CyberShake 535
Jobs number:  10
Tasks number: 29
loss: 88.64153289794922
start in data :  CyberShake 536
Jobs number:  10
Tasks number: 27
loss: 66.89372253417969
start in data :  CyberShake 537
Jobs number:  10
Tasks number: 30
loss: 68.5401840209961
start in data :  CyberShake 538
Jobs number:  10
Tasks number: 27
loss: 47.00462341308594
start in data :  CyberShake 539
Jobs number:  10
Tasks number: 28
loss: 74.23898315429688
start in data :  CyberShake 540
Jobs number:  10
Tasks number: 26
loss: 61.59498596191406
start in data :  CyberShake 541
Jobs number:  10
Tasks number: 26
loss: 44.34537124633789
start in data :  CyberShake 542
Jobs number:  10
Tasks number: 35
loss: 102.1285400390625
start in data :  CyberShake 543
Jobs number:  10
Tasks number: 27
loss: 47.431427001953125
start in data :  CyberShake 544
Jobs number:  10
Tasks number: 26
loss: 42.281150817871094
start in data :  CyberShake 545
Jobs number:  10
Tasks number: 31
loss: 65.76925659179688
start in data :  CyberShake 546
Jobs number:  10
Tasks number: 25
loss: 49.38610076904297
start in data :  CyberShake 547
Jobs number:  10
Tasks number: 28
loss: 61.397674560546875
start in data :  CyberShake 548
Jobs number:  10
Tasks number: 26
loss: 52.77134704589844
start in data :  CyberShake 549
Jobs number:  10
Tasks number: 31
loss: 67.48011016845703
start in data :  CyberShake 550
Jobs number:  10
Tasks number: 25
loss: 49.647029876708984
start in data :  CyberShake 551
Jobs number:  10
Tasks number: 27
loss: 52.28010559082031
start in data :  CyberShake 552
Jobs number:  10
Tasks number: 33
loss: 112.652587890625
start in data :  CyberShake 553
Jobs number:  10
Tasks number: 27
loss: 48.618778228759766
start in data :  CyberShake 554
Jobs number:  10
Tasks number: 29
loss: 74.23941802978516
start in data :  CyberShake 555
Jobs number:  10
Tasks number: 32
loss: 76.5938720703125
start in data :  CyberShake 556
Jobs number:  10
Tasks number: 32
loss: 81.142578125
start in data :  CyberShake 557
Jobs number:  10
Tasks number: 25
loss: 43.93032455444336
start in data :  CyberShake 558
Jobs number:  10
Tasks number: 27
loss: 67.71334838867188
start in data :  CyberShake 559
Jobs number:  10
Tasks number: 25
loss: 45.19693374633789
start in data :  CyberShake 560
Jobs number:  10
Tasks number: 27
loss: 45.45903778076172
start in data :  CyberShake 561
Jobs number:  10
Tasks number: 27
loss: 68.68795776367188
start in data :  CyberShake 562
Jobs number:  10
Tasks number: 31
loss: 55.977535247802734
start in data :  CyberShake 563
Jobs number:  10
Tasks number: 28
loss: 67.88365936279297
start in data :  CyberShake 564
Jobs number:  10
Tasks number: 32
loss: 93.49467468261719
start in data :  CyberShake 565
Jobs number:  10
Tasks number: 29
loss: 60.01069641113281
start in data :  CyberShake 566
Jobs number:  10
Tasks number: 31
loss: 61.832759857177734
start in data :  CyberShake 567
Jobs number:  10
Tasks number: 30
loss: 56.77247619628906
start in data :  CyberShake 568
Jobs number:  10
Tasks number: 31
loss: 69.54353332519531
start in data :  CyberShake 569
Jobs number:  10
Tasks number: 28
loss: 58.32818603515625
start in data :  CyberShake 570
Jobs number:  10
Tasks number: 34
loss: 75.25054168701172
start in data :  CyberShake 571
Jobs number:  10
Tasks number: 25
loss: 49.26398468017578
start in data :  CyberShake 572
Jobs number:  10
Tasks number: 29
loss: 61.046836853027344
start in data :  CyberShake 573
Jobs number:  10
Tasks number: 31
loss: 69.07170104980469
start in data :  CyberShake 574
Jobs number:  10
Tasks number: 27
loss: 49.84392166137695
start in data :  CyberShake 575
Jobs number:  10
Tasks number: 29
loss: 61.89292526245117
start in data :  CyberShake 576
Jobs number:  10
Tasks number: 31
loss: 70.60993957519531
start in data :  CyberShake 577
Jobs number:  10
Tasks number: 28
loss: 55.176231384277344
start in data :  CyberShake 578
Jobs number:  10
Tasks number: 26
loss: 47.39090347290039
start in data :  CyberShake 579
Jobs number:  10
Tasks number: 30
loss: 68.22893524169922
start in data :  CyberShake 580
Jobs number:  10
Tasks number: 30
loss: 70.99700927734375
start in data :  CyberShake 581
Jobs number:  10
Tasks number: 30
loss: 70.45433807373047
start in data :  CyberShake 582
Jobs number:  10
Tasks number: 26
loss: 44.22585678100586
start in data :  CyberShake 583
Jobs number:  10
Tasks number: 29
loss: 74.69585418701172
start in data :  CyberShake 584
Jobs number:  10
Tasks number: 26
loss: 54.2500114440918
start in data :  CyberShake 585
Jobs number:  10
Tasks number: 26
loss: 51.98140335083008
start in data :  CyberShake 586
Jobs number:  10
Tasks number: 31
loss: 81.66619873046875
start in data :  CyberShake 587
Jobs number:  10
Tasks number: 25
loss: 49.37327194213867
start in data :  CyberShake 588
Jobs number:  10
Tasks number: 27
loss: 55.43168640136719
start in data :  CyberShake 589
Jobs number:  10
Tasks number: 32
loss: 100.33454132080078
start in data :  CyberShake 590
Jobs number:  10
Tasks number: 28
loss: 49.28157424926758
start in data :  CyberShake 591
Jobs number:  10
Tasks number: 32
loss: 82.23458862304688
start in data :  CyberShake 592
Jobs number:  10
Tasks number: 27
loss: 57.39283752441406
start in data :  CyberShake 593
Jobs number:  10
Tasks number: 28
loss: 56.1658935546875
start in data :  CyberShake 594
Jobs number:  10
Tasks number: 31
loss: 79.74031829833984
start in data :  CyberShake 595
Jobs number:  10
Tasks number: 29
loss: 75.77110290527344
start in data :  CyberShake 596
Jobs number:  10
Tasks number: 30
loss: 55.381004333496094
start in data :  CyberShake 597
Jobs number:  10
Tasks number: 26
loss: 44.38645553588867
start in data :  CyberShake 598
Jobs number:  10
Tasks number: 25
loss: 52.6806755065918
start in data :  CyberShake 599
Jobs number:  10
Tasks number: 28
loss: 59.81705856323242
start in data :  CyberShake 600
Jobs number:  10
Tasks number: 29
loss: 65.51766204833984
start in data :  CyberShake 601
Jobs number:  10
Tasks number: 28
loss: 51.70953369140625
start in data :  CyberShake 602
Jobs number:  10
Tasks number: 29
loss: 51.3694953918457
start in data :  CyberShake 603
Jobs number:  10
Tasks number: 26
loss: 39.73500061035156
start in data :  CyberShake 604
Jobs number:  10
Tasks number: 30
loss: 78.42243957519531
start in data :  CyberShake 605
Jobs number:  10
Tasks number: 28
loss: 50.9577751159668
start in data :  CyberShake 606
Jobs number:  10
Tasks number: 25
loss: 34.238224029541016
start in data :  CyberShake 607
Jobs number:  10
Tasks number: 29
loss: 68.32796478271484
start in data :  CyberShake 608
Jobs number:  10
Tasks number: 28
loss: 58.65319061279297
start in data :  CyberShake 609
Jobs number:  10
Tasks number: 30
loss: 55.7642822265625
start in data :  CyberShake 610
Jobs number:  10
Tasks number: 29
loss: 59.74616241455078
start in data :  CyberShake 611
Jobs number:  10
Tasks number: 29
loss: 60.57916259765625
start in data :  CyberShake 612
Jobs number:  10
Tasks number: 25
loss: 55.684043884277344
start in data :  CyberShake 613
Jobs number:  10
Tasks number: 30
loss: 55.7158203125
start in data :  CyberShake 614
Jobs number:  10
Tasks number: 30
loss: 69.31307983398438
start in data :  CyberShake 615
Jobs number:  10
Tasks number: 28
loss: 57.54765701293945
start in data :  CyberShake 616
Jobs number:  10
Tasks number: 26
loss: 53.49061965942383
start in data :  CyberShake 617
Jobs number:  10
Tasks number: 29
loss: 65.91163635253906
start in data :  CyberShake 618
Jobs number:  10
Tasks number: 27
loss: 47.857810974121094
start in data :  CyberShake 619
Jobs number:  10
Tasks number: 31
loss: 73.96104431152344
start in data :  CyberShake 620
Jobs number:  10
Tasks number: 27
loss: 44.297767639160156
start in data :  CyberShake 621
Jobs number:  10
Tasks number: 35
loss: 101.32144927978516
start in data :  CyberShake 622
Jobs number:  10
Tasks number: 29
loss: 83.62181091308594
start in data :  CyberShake 623
Jobs number:  10
Tasks number: 30
loss: 65.2787857055664
start in data :  CyberShake 624
Jobs number:  10
Tasks number: 30
loss: 59.947181701660156
start in data :  CyberShake 625
Jobs number:  10
Tasks number: 27
loss: 71.42098999023438
start in data :  CyberShake 626
Jobs number:  10
Tasks number: 30
loss: 63.63441848754883
start in data :  CyberShake 627
Jobs number:  10
Tasks number: 30
loss: 75.05857849121094
start in data :  CyberShake 628
Jobs number:  10
Tasks number: 31
loss: 74.55032348632812
start in data :  CyberShake 629
Jobs number:  10
Tasks number: 26
loss: 49.39454650878906
start in data :  CyberShake 630
Jobs number:  10
Tasks number: 34
loss: 73.5025405883789
start in data :  CyberShake 631
Jobs number:  10
Tasks number: 27
loss: 73.72329711914062
start in data :  CyberShake 632
Jobs number:  10
Tasks number: 28
loss: 59.42569351196289
start in data :  CyberShake 633
Jobs number:  10
Tasks number: 32
loss: 74.7117919921875
start in data :  CyberShake 634
Jobs number:  10
Tasks number: 27
loss: 59.48017501831055
start in data :  CyberShake 635
Jobs number:  10
Tasks number: 29
loss: 60.341033935546875
start in data :  CyberShake 636
Jobs number:  10
Tasks number: 30
loss: 56.39820098876953
start in data :  CyberShake 637
Jobs number:  10
Tasks number: 29
loss: 61.90816116333008
start in data :  CyberShake 638
Jobs number:  10
Tasks number: 28
loss: 75.80741882324219
start in data :  CyberShake 639
Jobs number:  10
Tasks number: 32
loss: 95.43382263183594
start in data :  CyberShake 640
Jobs number:  10
Tasks number: 25
loss: 49.26327896118164
start in data :  CyberShake 641
Jobs number:  10
Tasks number: 32
loss: 66.82643127441406
start in data :  CyberShake 642
Jobs number:  10
Tasks number: 31
loss: 69.84220886230469
start in data :  CyberShake 643
Jobs number:  10
Tasks number: 29
loss: 55.7315673828125
start in data :  CyberShake 644
Jobs number:  10
Tasks number: 28
loss: 77.00690460205078
start in data :  CyberShake 645
Jobs number:  10
Tasks number: 30
loss: 51.47676086425781
start in data :  CyberShake 646
Jobs number:  10
Tasks number: 28
loss: 45.686241149902344
start in data :  CyberShake 647
Jobs number:  10
Tasks number: 30
loss: 62.81468963623047
start in data :  CyberShake 648
Jobs number:  10
Tasks number: 30
loss: 55.09953689575195
start in data :  CyberShake 649
Jobs number:  10
Tasks number: 28
loss: 67.97453308105469
start in data :  CyberShake 650
Jobs number:  10
Tasks number: 27
loss: 47.66357421875
start in data :  CyberShake 651
Jobs number:  10
Tasks number: 27
loss: 65.67047882080078
start in data :  CyberShake 652
Jobs number:  10
Tasks number: 35
loss: 82.31463623046875
start in data :  CyberShake 653
Jobs number:  10
Tasks number: 27
loss: 45.422119140625
start in data :  CyberShake 654
Jobs number:  10
Tasks number: 28
loss: 71.51237487792969
start in data :  CyberShake 655
Jobs number:  10
Tasks number: 29
loss: 50.35858154296875
start in data :  CyberShake 656
Jobs number:  10
Tasks number: 27
loss: 72.85819244384766
start in data :  CyberShake 657
Jobs number:  10
Tasks number: 27
loss: 46.435733795166016
start in data :  CyberShake 658
Jobs number:  10
Tasks number: 29
loss: 65.456298828125
start in data :  CyberShake 659
Jobs number:  10
Tasks number: 26
loss: 42.418914794921875
start in data :  CyberShake 660
Jobs number:  10
Tasks number: 25
loss: 56.24877166748047
start in data :  CyberShake 661
Jobs number:  10
Tasks number: 32
loss: 77.96072387695312
start in data :  CyberShake 662
Jobs number:  10
Tasks number: 29
loss: 68.89440155029297
start in data :  CyberShake 663
Jobs number:  10
Tasks number: 31
loss: 80.32237243652344
start in data :  CyberShake 664
Jobs number:  10
Tasks number: 27
loss: 51.668922424316406
start in data :  CyberShake 665
Jobs number:  10
Tasks number: 28
loss: 53.006080627441406
start in data :  CyberShake 666
Jobs number:  10
Tasks number: 27
loss: 49.93772506713867
start in data :  CyberShake 667
Jobs number:  10
Tasks number: 29
loss: 73.49043273925781
start in data :  CyberShake 668
Jobs number:  10
Tasks number: 24
loss: 36.28087615966797
start in data :  CyberShake 669
Jobs number:  10
Tasks number: 28
loss: 64.6480712890625
start in data :  CyberShake 670
Jobs number:  10
Tasks number: 30
loss: 62.19901657104492
start in data :  CyberShake 671
Jobs number:  10
Tasks number: 26
loss: 55.604461669921875
start in data :  CyberShake 672
Jobs number:  10
Tasks number: 28
loss: 69.60619354248047
start in data :  CyberShake 673
Jobs number:  10
Tasks number: 33
loss: 64.98451232910156
start in data :  CyberShake 674
Jobs number:  10
Tasks number: 28
loss: 63.02671813964844
start in data :  CyberShake 675
Jobs number:  10
Tasks number: 29
loss: 77.45779418945312
start in data :  CyberShake 676
Jobs number:  10
Tasks number: 32
loss: 69.033935546875
start in data :  CyberShake 677
Jobs number:  10
Tasks number: 33
loss: 88.27482604980469
start in data :  CyberShake 678
Jobs number:  10
Tasks number: 28
loss: 43.45246887207031
start in data :  CyberShake 679
Jobs number:  10
Tasks number: 29
loss: 81.09435272216797
start in data :  CyberShake 680
Jobs number:  10
Tasks number: 28
loss: 55.25893783569336
start in data :  CyberShake 681
Jobs number:  10
Tasks number: 32
loss: 101.4947280883789
start in data :  CyberShake 682
Jobs number:  10
Tasks number: 27
loss: 66.14962005615234
start in data :  CyberShake 683
Jobs number:  10
Tasks number: 27
loss: 51.051822662353516
start in data :  CyberShake 684
Jobs number:  10
Tasks number: 33
loss: 95.42835235595703
start in data :  CyberShake 685
Jobs number:  10
Tasks number: 32
loss: 88.34949493408203
start in data :  CyberShake 686
Jobs number:  10
Tasks number: 29
loss: 59.980812072753906
start in data :  CyberShake 687
Jobs number:  10
Tasks number: 30
loss: 78.03546142578125
start in data :  CyberShake 688
Jobs number:  10
Tasks number: 28
loss: 74.31756591796875
start in data :  CyberShake 689
Jobs number:  10
Tasks number: 26
loss: 78.03179931640625
start in data :  CyberShake 690
Jobs number:  10
Tasks number: 28
loss: 57.680694580078125
start in data :  CyberShake 691
Jobs number:  10
Tasks number: 27
loss: 77.21232604980469
start in data :  CyberShake 692
Jobs number:  10
Tasks number: 32
loss: 78.49606323242188
start in data :  CyberShake 693
Jobs number:  10
Tasks number: 28
loss: 67.89581298828125
start in data :  CyberShake 694
Jobs number:  10
Tasks number: 30
loss: 71.44805908203125
start in data :  CyberShake 695
Jobs number:  10
Tasks number: 29
loss: 68.3946762084961
start in data :  CyberShake 696
Jobs number:  10
Tasks number: 26
loss: 50.25314712524414
start in data :  CyberShake 697
Jobs number:  10
Tasks number: 32
loss: 63.81187438964844
start in data :  CyberShake 698
Jobs number:  10
Tasks number: 32
loss: 92.80022430419922
start in data :  CyberShake 699
Jobs number:  10
Tasks number: 26
loss: 44.790313720703125
start in data :  CyberShake 700
Jobs number:  10
Tasks number: 28
loss: 50.27595138549805
start in data :  CyberShake 701
Jobs number:  10
Tasks number: 29
loss: 73.39373016357422
start in data :  CyberShake 702
Jobs number:  10
Tasks number: 29
loss: 63.89232635498047
start in data :  CyberShake 703
Jobs number:  10
Tasks number: 31
loss: 66.2701644897461
start in data :  CyberShake 704
Jobs number:  10
Tasks number: 27
loss: 54.78467559814453
start in data :  CyberShake 705
Jobs number:  10
Tasks number: 29
loss: 65.92198944091797
start in data :  CyberShake 706
Jobs number:  10
Tasks number: 30
loss: 59.175968170166016
start in data :  CyberShake 707
Jobs number:  10
Tasks number: 31
loss: 87.29601287841797
start in data :  CyberShake 708
Jobs number:  10
Tasks number: 36
loss: 87.65897369384766
start in data :  CyberShake 709
Jobs number:  10
Tasks number: 25
loss: 60.08644104003906
start in data :  CyberShake 710
Jobs number:  10
Tasks number: 28
loss: 56.421695709228516
start in data :  CyberShake 711
Jobs number:  10
Tasks number: 29
loss: 52.987545013427734
start in data :  CyberShake 712
Jobs number:  10
Tasks number: 24
loss: 34.9371337890625
start in data :  CyberShake 713
Jobs number:  10
Tasks number: 25
loss: 56.78596878051758
start in data :  CyberShake 714
Jobs number:  10
Tasks number: 29
loss: 52.42842483520508
start in data :  CyberShake 715
Jobs number:  10
Tasks number: 31
loss: 71.5406494140625
start in data :  CyberShake 716
Jobs number:  10
Tasks number: 29
loss: 90.02173614501953
start in data :  CyberShake 717
Jobs number:  10
Tasks number: 30
loss: 74.96492767333984
start in data :  CyberShake 718
Jobs number:  10
Tasks number: 30
loss: 64.46736907958984
start in data :  CyberShake 719
Jobs number:  10
Tasks number: 29
loss: 73.99528503417969
start in data :  CyberShake 720
Jobs number:  10
Tasks number: 29
loss: 72.63705444335938
start in data :  CyberShake 721
Jobs number:  10
Tasks number: 33
loss: 82.62095642089844
start in data :  CyberShake 722
Jobs number:  10
Tasks number: 34
loss: 78.94004821777344
start in data :  CyberShake 723
Jobs number:  10
Tasks number: 33
loss: 74.62968444824219
start in data :  CyberShake 724
Jobs number:  10
Tasks number: 29
loss: 65.04483032226562
start in data :  CyberShake 725
Jobs number:  10
Tasks number: 35
loss: 79.379638671875
start in data :  CyberShake 726
Jobs number:  10
Tasks number: 34
loss: 107.03633880615234
start in data :  CyberShake 727
Jobs number:  10
Tasks number: 28
loss: 79.08786010742188
start in data :  CyberShake 728
Jobs number:  10
Tasks number: 31
loss: 65.22950744628906
start in data :  CyberShake 729
Jobs number:  10
Tasks number: 27
loss: 61.270442962646484
start in data :  CyberShake 730
Jobs number:  10
Tasks number: 27
loss: 41.88140869140625
start in data :  CyberShake 731
Jobs number:  10
Tasks number: 28
loss: 47.35034942626953
start in data :  CyberShake 732
Jobs number:  10
Tasks number: 32
loss: 74.22503662109375
start in data :  CyberShake 733
Jobs number:  10
Tasks number: 28
loss: 54.342185974121094
start in data :  CyberShake 734
Jobs number:  10
Tasks number: 28
loss: 56.19997787475586
start in data :  CyberShake 735
Jobs number:  10
Tasks number: 28
loss: 59.01469039916992
start in data :  CyberShake 736
Jobs number:  10
Tasks number: 25
loss: 46.93527603149414
start in data :  CyberShake 737
Jobs number:  10
Tasks number: 29
loss: 66.16229248046875
start in data :  CyberShake 738
Jobs number:  10
Tasks number: 32
loss: 71.82342529296875
start in data :  CyberShake 739
Jobs number:  10
Tasks number: 30
loss: 49.21088790893555
start in data :  CyberShake 740
Jobs number:  10
Tasks number: 26
loss: 54.753257751464844
start in data :  CyberShake 741
Jobs number:  10
Tasks number: 29
loss: 44.859317779541016
start in data :  CyberShake 742
Jobs number:  10
Tasks number: 31
loss: 79.22374725341797
start in data :  CyberShake 743
Jobs number:  10
Tasks number: 32
loss: 89.64501190185547
start in data :  CyberShake 744
Jobs number:  10
Tasks number: 28
loss: 60.1822509765625
start in data :  CyberShake 745
Jobs number:  10
Tasks number: 30
loss: 68.56413269042969
start in data :  CyberShake 746
Jobs number:  10
Tasks number: 27
loss: 63.79158020019531
start in data :  CyberShake 747
Jobs number:  10
Tasks number: 35
loss: 91.22705841064453
start in data :  CyberShake 748
Jobs number:  10
Tasks number: 30
loss: 72.13516235351562
start in data :  CyberShake 749
Jobs number:  10
Tasks number: 25
loss: 72.82550048828125
start in data :  CyberShake 750
Jobs number:  10
Tasks number: 31
loss: 79.05511474609375
start in data :  CyberShake 751
Jobs number:  10
Tasks number: 24
loss: 54.036651611328125
start in data :  CyberShake 752
Jobs number:  10
Tasks number: 30
loss: 71.51007843017578
start in data :  CyberShake 753
Jobs number:  10
Tasks number: 29
loss: 85.07306671142578
start in data :  CyberShake 754
Jobs number:  10
Tasks number: 31
loss: 58.262149810791016
start in data :  CyberShake 755
Jobs number:  10
Tasks number: 29
loss: 58.10155487060547
start in data :  CyberShake 756
Jobs number:  10
Tasks number: 28
loss: 74.66483306884766
start in data :  CyberShake 757
Jobs number:  10
Tasks number: 30
loss: 70.94959259033203
start in data :  CyberShake 758
Jobs number:  10
Tasks number: 31
loss: 75.21807861328125
start in data :  CyberShake 759
Jobs number:  10
Tasks number: 24
loss: 48.73354721069336
start in data :  CyberShake 760
Jobs number:  10
Tasks number: 31
loss: 74.12922668457031
start in data :  CyberShake 761
Jobs number:  10
Tasks number: 30
loss: 63.020835876464844
start in data :  CyberShake 762
Jobs number:  10
Tasks number: 26
loss: 53.132713317871094
start in data :  CyberShake 763
Jobs number:  10
Tasks number: 26
loss: 54.21382141113281
start in data :  CyberShake 764
Jobs number:  10
Tasks number: 28
loss: 67.04350280761719
start in data :  CyberShake 765
Jobs number:  10
Tasks number: 29
loss: 67.00650787353516
start in data :  CyberShake 766
Jobs number:  10
Tasks number: 29
loss: 58.049530029296875
start in data :  CyberShake 767
Jobs number:  10
Tasks number: 27
loss: 59.59953689575195
start in data :  CyberShake 768
Jobs number:  10
Tasks number: 28
loss: 52.53252029418945
start in data :  CyberShake 769
Jobs number:  10
Tasks number: 28
loss: 72.72562408447266
start in data :  CyberShake 770
Jobs number:  10
Tasks number: 30
loss: 90.52667999267578
start in data :  CyberShake 771
Jobs number:  10
Tasks number: 29
loss: 68.44434356689453
start in data :  CyberShake 772
Jobs number:  10
Tasks number: 36
loss: 104.36729431152344
start in data :  CyberShake 773
Jobs number:  10
Tasks number: 30
loss: 66.07807159423828
start in data :  CyberShake 774
Jobs number:  10
Tasks number: 31
loss: 94.72685241699219
start in data :  CyberShake 775
Jobs number:  10
Tasks number: 28
loss: 51.972633361816406
start in data :  CyberShake 776
Jobs number:  10
Tasks number: 30
loss: 67.03304290771484
start in data :  CyberShake 777
Jobs number:  10
Tasks number: 28
loss: 63.38569259643555
start in data :  CyberShake 778
Jobs number:  10
Tasks number: 27
loss: 58.2603645324707
start in data :  CyberShake 779
Jobs number:  10
Tasks number: 30
loss: 68.1207504272461
start in data :  CyberShake 780
Jobs number:  10
Tasks number: 28
loss: 72.32007598876953
start in data :  CyberShake 781
Jobs number:  10
Tasks number: 30
loss: 76.45072174072266
start in data :  CyberShake 782
Jobs number:  10
Tasks number: 29
loss: 69.94387817382812
start in data :  CyberShake 783
Jobs number:  10
Tasks number: 30
loss: 55.24462890625
start in data :  CyberShake 784
Jobs number:  10
Tasks number: 31
loss: 73.1286849975586
start in data :  CyberShake 785
Jobs number:  10
Tasks number: 32
loss: 63.82582092285156
start in data :  CyberShake 786
Jobs number:  10
Tasks number: 30
loss: 69.8566665649414
start in data :  CyberShake 787
Jobs number:  10
Tasks number: 31
loss: 61.3462028503418
start in data :  CyberShake 788
Jobs number:  10
Tasks number: 32
loss: 85.58880615234375
start in data :  CyberShake 789
Jobs number:  10
Tasks number: 31
loss: 78.84258270263672
start in data :  CyberShake 790
Jobs number:  10
Tasks number: 30
loss: 64.6925048828125
start in data :  CyberShake 791
Jobs number:  10
Tasks number: 31
loss: 72.41616821289062
start in data :  CyberShake 792
Jobs number:  10
Tasks number: 29
loss: 63.24425506591797
start in data :  CyberShake 793
Jobs number:  10
Tasks number: 31
loss: 63.95960235595703
start in data :  CyberShake 794
Jobs number:  10
Tasks number: 35
loss: 94.23880004882812
start in data :  CyberShake 795
Jobs number:  10
Tasks number: 33
loss: 86.24063110351562
start in data :  CyberShake 796
Jobs number:  10
Tasks number: 25
loss: 50.40452575683594
start in data :  CyberShake 797
Jobs number:  10
Tasks number: 27
loss: 77.66825103759766
start in data :  CyberShake 798
Jobs number:  10
Tasks number: 31
loss: 74.17750549316406
start in data :  CyberShake 799
Jobs number:  10
Tasks number: 30
loss: 83.83843231201172
start in data :  CyberShake 800
Jobs number:  10
Tasks number: 27
loss: 54.02699279785156
start in data :  CyberShake 801
Jobs number:  10
Tasks number: 29
loss: 47.70423889160156
start in data :  CyberShake 802
Jobs number:  10
Tasks number: 29
loss: 58.83682632446289
start in data :  CyberShake 803
Jobs number:  10
Tasks number: 35
loss: 88.65038299560547
start in data :  CyberShake 804
Jobs number:  10
Tasks number: 31
loss: 73.03390502929688
start in data :  CyberShake 805
Jobs number:  10
Tasks number: 30
loss: 53.622100830078125
start in data :  CyberShake 806
Jobs number:  10
Tasks number: 29
loss: 48.653709411621094
start in data :  CyberShake 807
Jobs number:  10
Tasks number: 28
loss: 74.12911987304688
start in data :  CyberShake 808
Jobs number:  10
Tasks number: 33
loss: 81.08940887451172
start in data :  CyberShake 809
Jobs number:  10
Tasks number: 28
loss: 61.11220169067383
start in data :  CyberShake 810
Jobs number:  10
Tasks number: 30
loss: 60.591373443603516
start in data :  CyberShake 811
Jobs number:  10
Tasks number: 30
loss: 64.05709838867188
start in data :  CyberShake 812
Jobs number:  10
Tasks number: 27
loss: 41.40093994140625
start in data :  CyberShake 813
Jobs number:  10
Tasks number: 29
loss: 63.136112213134766
start in data :  CyberShake 814
Jobs number:  10
Tasks number: 26
loss: 54.44805908203125
start in data :  CyberShake 815
Jobs number:  10
Tasks number: 27
loss: 49.715171813964844
start in data :  CyberShake 816
Jobs number:  10
Tasks number: 31
loss: 63.263343811035156
start in data :  CyberShake 817
Jobs number:  10
Tasks number: 27
loss: 89.44312286376953
start in data :  CyberShake 818
Jobs number:  10
Tasks number: 29
loss: 73.37238311767578
start in data :  CyberShake 819
Jobs number:  10
Tasks number: 30
loss: 63.26688003540039
start in data :  CyberShake 820
Jobs number:  10
Tasks number: 26
loss: 57.239864349365234
start in data :  CyberShake 821
Jobs number:  10
Tasks number: 34
loss: 92.90137481689453
start in data :  CyberShake 822
Jobs number:  10
Tasks number: 30
loss: 62.040672302246094
start in data :  CyberShake 823
Jobs number:  10
Tasks number: 29
loss: 70.18624877929688
start in data :  CyberShake 824
Jobs number:  10
Tasks number: 33
loss: 93.1551513671875
start in data :  CyberShake 825
Jobs number:  10
Tasks number: 31
loss: 66.7295150756836
start in data :  CyberShake 826
Jobs number:  10
Tasks number: 29
loss: 86.9051284790039
start in data :  CyberShake 827
Jobs number:  10
Tasks number: 26
loss: 52.834320068359375
start in data :  CyberShake 828
Jobs number:  10
Tasks number: 27
loss: 47.914730072021484
start in data :  CyberShake 829
Jobs number:  10
Tasks number: 36
loss: 112.50061798095703
start in data :  CyberShake 830
Jobs number:  10
Tasks number: 31
loss: 80.21260833740234
start in data :  CyberShake 831
Jobs number:  10
Tasks number: 26
loss: 59.66448974609375
start in data :  CyberShake 832
Jobs number:  10
Tasks number: 27
loss: 48.04796600341797
start in data :  CyberShake 833
Jobs number:  10
Tasks number: 30
loss: 65.49176025390625
start in data :  CyberShake 834
Jobs number:  10
Tasks number: 32
loss: 67.5640869140625
start in data :  CyberShake 835
Jobs number:  10
Tasks number: 30
loss: 59.09269714355469
start in data :  CyberShake 836
Jobs number:  10
Tasks number: 29
loss: 62.959564208984375
start in data :  CyberShake 837
Jobs number:  10
Tasks number: 31
loss: 85.47057342529297
start in data :  CyberShake 838
Jobs number:  10
Tasks number: 32
loss: 82.43399810791016
start in data :  CyberShake 839
Jobs number:  10
Tasks number: 33
loss: 89.42803192138672
start in data :  CyberShake 840
Jobs number:  10
Tasks number: 29
loss: 53.22990798950195
start in data :  CyberShake 841
Jobs number:  10
Tasks number: 26
loss: 48.3194465637207
start in data :  CyberShake 842
Jobs number:  10
Tasks number: 26
loss: 45.60230255126953
start in data :  CyberShake 843
Jobs number:  10
Tasks number: 29
loss: 57.1599235534668
start in data :  CyberShake 844
Jobs number:  10
Tasks number: 29
loss: 77.45213317871094
start in data :  CyberShake 845
Jobs number:  10
Tasks number: 30
loss: 55.90571212768555
start in data :  CyberShake 846
Jobs number:  10
Tasks number: 24
loss: 57.14391326904297
start in data :  CyberShake 847
Jobs number:  10
Tasks number: 25
loss: 44.570335388183594
start in data :  CyberShake 848
Jobs number:  10
Tasks number: 32
loss: 76.69977569580078
start in data :  CyberShake 849
Jobs number:  10
Tasks number: 29
loss: 91.48884582519531
start in data :  CyberShake 850
Jobs number:  10
Tasks number: 31
loss: 77.24703216552734
start in data :  CyberShake 851
Jobs number:  10
Tasks number: 32
loss: 99.71028137207031
start in data :  CyberShake 852
Jobs number:  10
Tasks number: 25
loss: 36.9520378112793
start in data :  CyberShake 853
Jobs number:  10
Tasks number: 33
loss: 73.88981628417969
start in data :  CyberShake 854
Jobs number:  10
Tasks number: 30
loss: 65.43013763427734
start in data :  CyberShake 855
Jobs number:  10
Tasks number: 30
loss: 74.81253051757812
start in data :  CyberShake 856
Jobs number:  10
Tasks number: 31
loss: 68.37176513671875
start in data :  CyberShake 857
Jobs number:  10
Tasks number: 26
loss: 47.45370864868164
start in data :  CyberShake 858
Jobs number:  10
Tasks number: 32
loss: 74.04812622070312
start in data :  CyberShake 859
Jobs number:  10
Tasks number: 27
loss: 61.06680679321289
start in data :  CyberShake 860
Jobs number:  10
Tasks number: 32
loss: 79.50205993652344
start in data :  CyberShake 861
Jobs number:  10
Tasks number: 27
loss: 53.076786041259766
start in data :  CyberShake 862
Jobs number:  10
Tasks number: 32
loss: 90.37139892578125
start in data :  CyberShake 863
Jobs number:  10
Tasks number: 30
loss: 68.55564880371094
start in data :  CyberShake 864
Jobs number:  10
Tasks number: 26
loss: 63.16044616699219
start in data :  CyberShake 865
Jobs number:  10
Tasks number: 32
loss: 93.86766052246094
start in data :  CyberShake 866
Jobs number:  10
Tasks number: 25
loss: 60.795326232910156
start in data :  CyberShake 867
Jobs number:  10
Tasks number: 30
loss: 70.55660247802734
start in data :  CyberShake 868
Jobs number:  10
Tasks number: 28
loss: 50.61492156982422
start in data :  CyberShake 869
Jobs number:  10
Tasks number: 32
loss: 70.49716186523438
start in data :  CyberShake 870
Jobs number:  10
Tasks number: 27
loss: 59.43160629272461
start in data :  CyberShake 871
Jobs number:  10
Tasks number: 27
loss: 75.58662414550781
start in data :  CyberShake 872
Jobs number:  10
Tasks number: 28
loss: 89.56204986572266
start in data :  CyberShake 873
Jobs number:  10
Tasks number: 33
loss: 77.36328887939453
start in data :  CyberShake 874
Jobs number:  10
Tasks number: 28
loss: 55.82394027709961
start in data :  CyberShake 875
Jobs number:  10
Tasks number: 30
loss: 70.21256256103516
start in data :  CyberShake 876
Jobs number:  10
Tasks number: 31
loss: 80.84891510009766
start in data :  CyberShake 877
Jobs number:  10
Tasks number: 30
loss: 84.98639678955078
start in data :  CyberShake 878
Jobs number:  10
Tasks number: 33
loss: 74.53167724609375
start in data :  CyberShake 879
Jobs number:  10
Tasks number: 29
loss: 50.28458023071289
start in data :  CyberShake 880
Jobs number:  10
Tasks number: 30
loss: 65.79122161865234
start in data :  CyberShake 881
Jobs number:  10
Tasks number: 28
loss: 61.670631408691406
start in data :  CyberShake 882
Jobs number:  10
Tasks number: 29
loss: 67.43470001220703
start in data :  CyberShake 883
Jobs number:  10
Tasks number: 26
loss: 54.55918884277344
start in data :  CyberShake 884
Jobs number:  10
Tasks number: 26
loss: 39.38826370239258
start in data :  CyberShake 885
Jobs number:  10
Tasks number: 26
loss: 50.32790756225586
start in data :  CyberShake 886
Jobs number:  10
Tasks number: 31
loss: 82.7861328125
start in data :  CyberShake 887
Jobs number:  10
Tasks number: 29
loss: 75.21692657470703
start in data :  CyberShake 888
Jobs number:  10
Tasks number: 26
loss: 65.19407653808594
start in data :  CyberShake 889
Jobs number:  10
Tasks number: 26
loss: 61.06565475463867
start in data :  CyberShake 890
Jobs number:  10
Tasks number: 26
loss: 64.5491943359375
start in data :  CyberShake 891
Jobs number:  10
Tasks number: 29
loss: 88.90316772460938
start in data :  CyberShake 892
Jobs number:  10
Tasks number: 26
loss: 51.76187515258789
start in data :  CyberShake 893
Jobs number:  10
Tasks number: 30
loss: 69.79493713378906
start in data :  CyberShake 894
Jobs number:  10
Tasks number: 27
loss: 61.97011184692383
start in data :  CyberShake 895
Jobs number:  10
Tasks number: 29
loss: 60.835445404052734
start in data :  CyberShake 896
Jobs number:  10
Tasks number: 26
loss: 58.352699279785156
start in data :  CyberShake 897
Jobs number:  10
Tasks number: 29
loss: 85.29177856445312
start in data :  CyberShake 898
Jobs number:  10
Tasks number: 27
loss: 73.52142333984375
start in data :  CyberShake 899
Jobs number:  10
Tasks number: 32
loss: 87.82339477539062
start in data: CyberShake 900
Jobs number:  10
Tasks number: 26
makespan: 17
start in data: CyberShake 901
Jobs number:  10
Tasks number: 27
makespan: 19
start in data: CyberShake 902
Jobs number:  10
Tasks number: 30
makespan: 21
start in data: CyberShake 903
Jobs number:  10
Tasks number: 27
makespan: 24
start in data: CyberShake 904
Jobs number:  10
Tasks number: 30
makespan: 24
start in data: CyberShake 905
Jobs number:  10
Tasks number: 29
makespan: 20
start in data: CyberShake 906
Jobs number:  10
Tasks number: 26
makespan: 21
start in data: CyberShake 907
Jobs number:  10
Tasks number: 31
makespan: 20
start in data: CyberShake 908
Jobs number:  10
Tasks number: 31
makespan: 21
start in data: CyberShake 909
Jobs number:  10
Tasks number: 28
makespan: 17
start in data: CyberShake 910
Jobs number:  10
Tasks number: 26
makespan: 19
start in data: CyberShake 911
Jobs number:  10
Tasks number: 29
makespan: 17
start in data: CyberShake 912
Jobs number:  10
Tasks number: 26
makespan: 18
start in data: CyberShake 913
Jobs number:  10
Tasks number: 33
makespan: 21
start in data: CyberShake 914
Jobs number:  10
Tasks number: 29
makespan: 18
start in data: CyberShake 915
Jobs number:  10
Tasks number: 29
makespan: 26
start in data: CyberShake 916
Jobs number:  10
Tasks number: 32
makespan: 20
start in data: CyberShake 917
Jobs number:  10
Tasks number: 30
makespan: 19
start in data: CyberShake 918
Jobs number:  10
Tasks number: 27
makespan: 16
start in data: CyberShake 919
Jobs number:  10
Tasks number: 28
makespan: 17
start in data: CyberShake 920
Jobs number:  10
Tasks number: 29
makespan: 20
start in data: CyberShake 921
Jobs number:  10
Tasks number: 29
makespan: 19
start in data: CyberShake 922
Jobs number:  10
Tasks number: 24
makespan: 21
start in data: CyberShake 923
Jobs number:  10
Tasks number: 27
makespan: 22
start in data: CyberShake 924
Jobs number:  10
Tasks number: 28
makespan: 14
start in data: CyberShake 925
Jobs number:  10
Tasks number: 28
makespan: 17
start in data: CyberShake 926
Jobs number:  10
Tasks number: 26
makespan: 24
start in data: CyberShake 927
Jobs number:  10
Tasks number: 28
makespan: 20
start in data: CyberShake 928
Jobs number:  10
Tasks number: 29
makespan: 21
start in data: CyberShake 929
Jobs number:  10
Tasks number: 29
makespan: 19
start in data: CyberShake 930
Jobs number:  10
Tasks number: 28
makespan: 25
start in data: CyberShake 931
Jobs number:  10
Tasks number: 30
makespan: 17
start in data: CyberShake 932
Jobs number:  10
Tasks number: 24
makespan: 16
start in data: CyberShake 933
Jobs number:  10
Tasks number: 29
makespan: 22
start in data: CyberShake 934
Jobs number:  10
Tasks number: 29
makespan: 23
start in data: CyberShake 935
Jobs number:  10
Tasks number: 31
makespan: 25
start in data: CyberShake 936
Jobs number:  10
Tasks number: 33
makespan: 19
start in data: CyberShake 937
Jobs number:  10
Tasks number: 30
makespan: 21
start in data: CyberShake 938
Jobs number:  10
Tasks number: 35
makespan: 21
start in data: CyberShake 939
Jobs number:  10
Tasks number: 28
makespan: 18
start in data: CyberShake 940
Jobs number:  10
Tasks number: 26
makespan: 17
start in data: CyberShake 941
Jobs number:  10
Tasks number: 27
makespan: 15
start in data: CyberShake 942
Jobs number:  10
Tasks number: 32
makespan: 19
start in data: CyberShake 943
Jobs number:  10
Tasks number: 27
makespan: 20
start in data: CyberShake 944
Jobs number:  10
Tasks number: 28
makespan: 17
start in data: CyberShake 945
Jobs number:  10
Tasks number: 30
makespan: 18
start in data: CyberShake 946
Jobs number:  10
Tasks number: 26
makespan: 16
start in data: CyberShake 947
Jobs number:  10
Tasks number: 29
makespan: 24
start in data: CyberShake 948
Jobs number:  10
Tasks number: 30
makespan: 16
start in data: CyberShake 949
Jobs number:  10
Tasks number: 32
makespan: 22
start in data: CyberShake 950
Jobs number:  10
Tasks number: 27
makespan: 22
start in data: CyberShake 951
Jobs number:  10
Tasks number: 26
makespan: 19
start in data: CyberShake 952
Jobs number:  10
Tasks number: 27
makespan: 22
start in data: CyberShake 953
Jobs number:  10
Tasks number: 25
makespan: 16
start in data: CyberShake 954
Jobs number:  10
Tasks number: 25
makespan: 20
start in data: CyberShake 955
Jobs number:  10
Tasks number: 29
makespan: 26
start in data: CyberShake 956
Jobs number:  10
Tasks number: 24
makespan: 20
start in data: CyberShake 957
Jobs number:  10
Tasks number: 30
makespan: 19
start in data: CyberShake 958
Jobs number:  10
Tasks number: 24
makespan: 22
start in data: CyberShake 959
Jobs number:  10
Tasks number: 30
makespan: 20
start in data: CyberShake 960
Jobs number:  10
Tasks number: 30
makespan: 22
start in data: CyberShake 961
Jobs number:  10
Tasks number: 31
makespan: 23
start in data: CyberShake 962
Jobs number:  10
Tasks number: 27
makespan: 20
start in data: CyberShake 963
Jobs number:  10
Tasks number: 29
makespan: 18
start in data: CyberShake 964
Jobs number:  10
Tasks number: 32
makespan: 21
start in data: CyberShake 965
Jobs number:  10
Tasks number: 29
makespan: 13
start in data: CyberShake 966
Jobs number:  10
Tasks number: 29
makespan: 21
start in data: CyberShake 967
Jobs number:  10
Tasks number: 32
makespan: 19
start in data: CyberShake 968
Jobs number:  10
Tasks number: 29
makespan: 20
start in data: CyberShake 969
Jobs number:  10
Tasks number: 30
makespan: 18
start in data: CyberShake 970
Jobs number:  10
Tasks number: 25
makespan: 22
start in data: CyberShake 971
Jobs number:  10
Tasks number: 31
makespan: 19
start in data: CyberShake 972
Jobs number:  10
Tasks number: 30
makespan: 20
start in data: CyberShake 973
Jobs number:  10
Tasks number: 27
makespan: 21
start in data: CyberShake 974
Jobs number:  10
Tasks number: 28
makespan: 23
start in data: CyberShake 975
Jobs number:  10
Tasks number: 34
makespan: 19
start in data: CyberShake 976
Jobs number:  10
Tasks number: 33
makespan: 23
start in data: CyberShake 977
Jobs number:  10
Tasks number: 30
makespan: 20
start in data: CyberShake 978
Jobs number:  10
Tasks number: 29
makespan: 21
start in data: CyberShake 979
Jobs number:  10
Tasks number: 30
makespan: 20
start in data: CyberShake 980
Jobs number:  10
Tasks number: 28
makespan: 19
start in data: CyberShake 981
Jobs number:  10
Tasks number: 32
makespan: 22
start in data: CyberShake 982
Jobs number:  10
Tasks number: 27
makespan: 23
start in data: CyberShake 983
Jobs number:  10
Tasks number: 28
makespan: 15
start in data: CyberShake 984
Jobs number:  10
Tasks number: 27
makespan: 23
start in data: CyberShake 985
Jobs number:  10
Tasks number: 27
makespan: 17
start in data: CyberShake 986
Jobs number:  10
Tasks number: 30
makespan: 15
start in data: CyberShake 987
Jobs number:  10
Tasks number: 27
makespan: 19
start in data: CyberShake 988
Jobs number:  10
Tasks number: 26
makespan: 20
start in data: CyberShake 989
Jobs number:  10
Tasks number: 28
makespan: 17
start in data: CyberShake 990
Jobs number:  10
Tasks number: 26
makespan: 21
start in data: CyberShake 991
Jobs number:  10
Tasks number: 31
makespan: 22
start in data: CyberShake 992
Jobs number:  10
Tasks number: 28
makespan: 22
start in data: CyberShake 993
Jobs number:  10
Tasks number: 27
makespan: 23
start in data: CyberShake 994
Jobs number:  10
Tasks number: 32
makespan: 19
start in data: CyberShake 995
Jobs number:  10
Tasks number: 27
makespan: 19
start in data: CyberShake 996
Jobs number:  10
Tasks number: 27
makespan: 20
start in data: CyberShake 997
Jobs number:  10
Tasks number: 29
makespan: 18
start in data: CyberShake 998
Jobs number:  10
Tasks number: 31
makespan: 21
start in data: CyberShake 999
Jobs number:  10
Tasks number: 31
makespan: 16
