start in data :  CyberShake 0
Jobs number:  50
Tasks number: 150
loss: 1059.782958984375
start in data :  CyberShake 1
Jobs number:  50
Tasks number: 148
loss: 1087.056884765625
start in data :  CyberShake 2
Jobs number:  50
Tasks number: 147
loss: 987.552978515625
start in data :  CyberShake 3
Jobs number:  50
Tasks number: 151
loss: 847.69970703125
start in data :  CyberShake 4
Jobs number:  50
Tasks number: 150
loss: 653.5429077148438
start in data :  CyberShake 5
Jobs number:  50
Tasks number: 149
loss: 659.9437866210938
start in data :  CyberShake 6
Jobs number:  50
Tasks number: 149
loss: 726.134521484375
start in data :  CyberShake 7
Jobs number:  50
Tasks number: 148
loss: 703.2173461914062
start in data :  CyberShake 8
Jobs number:  50
Tasks number: 153
loss: 647.4925537109375
start in data :  CyberShake 9
Jobs number:  50
Tasks number: 145
loss: 535.2095947265625
start in data :  CyberShake 10
Jobs number:  50
Tasks number: 149
loss: 623.7631225585938
start in data :  CyberShake 11
Jobs number:  50
Tasks number: 148
loss: 590.4725952148438
start in data :  CyberShake 12
Jobs number:  50
Tasks number: 152
loss: 629.7127075195312
start in data :  CyberShake 13
Jobs number:  50
Tasks number: 149
loss: 576.989501953125
start in data :  CyberShake 14
Jobs number:  50
Tasks number: 149
loss: 587.1702880859375
start in data :  CyberShake 15
Jobs number:  50
Tasks number: 148
loss: 628.2656860351562
start in data :  CyberShake 16
Jobs number:  50
Tasks number: 150
loss: 546.6258544921875
start in data :  CyberShake 17
Jobs number:  50
Tasks number: 149
loss: 575.4275512695312
start in data :  CyberShake 18
Jobs number:  50
Tasks number: 149
loss: 590.9683837890625
start in data :  CyberShake 19
Jobs number:  50
Tasks number: 145
loss: 561.3607788085938
start in data :  CyberShake 20
Jobs number:  50
Tasks number: 152
loss: 626.4727783203125
start in data :  CyberShake 21
Jobs number:  50
Tasks number: 148
loss: 527.1921997070312
start in data :  CyberShake 22
Jobs number:  50
Tasks number: 152
loss: 537.5120239257812
start in data :  CyberShake 23
Jobs number:  50
Tasks number: 148
loss: 536.1705932617188
start in data :  CyberShake 24
Jobs number:  50
Tasks number: 144
loss: 569.0220947265625
start in data :  CyberShake 25
Jobs number:  50
Tasks number: 146
loss: 558.99365234375
start in data :  CyberShake 26
Jobs number:  50
Tasks number: 147
loss: 524.1087036132812
start in data :  CyberShake 27
Jobs number:  50
Tasks number: 150
loss: 595.4837036132812
start in data :  CyberShake 28
Jobs number:  50
Tasks number: 149
loss: 542.6173706054688
start in data :  CyberShake 29
Jobs number:  50
Tasks number: 148
loss: 545.1966552734375
start in data :  CyberShake 30
Jobs number:  50
Tasks number: 149
loss: 530.9879150390625
start in data :  CyberShake 31
Jobs number:  50
Tasks number: 147
loss: 533.3109130859375
start in data :  CyberShake 32
Jobs number:  50
Tasks number: 150
loss: 535.1002807617188
start in data :  CyberShake 33
Jobs number:  50
Tasks number: 153
loss: 526.7393798828125
start in data :  CyberShake 34
Jobs number:  50
Tasks number: 145
loss: 523.1931762695312
start in data :  CyberShake 35
Jobs number:  50
Tasks number: 147
loss: 519.3084716796875
start in data :  CyberShake 36
Jobs number:  50
Tasks number: 149
loss: 524.8844604492188
start in data :  CyberShake 37
Jobs number:  50
Tasks number: 148
loss: 506.6421813964844
start in data :  CyberShake 38
Jobs number:  50
Tasks number: 153
loss: 559.2066650390625
start in data :  CyberShake 39
Jobs number:  50
Tasks number: 147
loss: 524.030029296875
start in data :  CyberShake 40
Jobs number:  50
Tasks number: 146
loss: 518.4755249023438
start in data :  CyberShake 41
Jobs number:  50
Tasks number: 146
loss: 499.2098693847656
start in data :  CyberShake 42
Jobs number:  50
Tasks number: 150
loss: 571.3540649414062
start in data :  CyberShake 43
Jobs number:  50
Tasks number: 149
loss: 550.9207153320312
start in data :  CyberShake 44
Jobs number:  50
Tasks number: 152
loss: 577.7288818359375
start in data :  CyberShake 45
Jobs number:  50
Tasks number: 144
loss: 534.298828125
start in data :  CyberShake 46
Jobs number:  50
Tasks number: 147
loss: 515.3643188476562
start in data :  CyberShake 47
Jobs number:  50
Tasks number: 152
loss: 526.7410888671875
start in data :  CyberShake 48
Jobs number:  50
Tasks number: 148
loss: 514.0494384765625
start in data :  CyberShake 49
Jobs number:  50
Tasks number: 148
loss: 500.1801452636719
start in data :  CyberShake 50
Jobs number:  50
Tasks number: 152
loss: 542.890869140625
start in data :  CyberShake 51
Jobs number:  50
Tasks number: 145
loss: 537.5339965820312
start in data :  CyberShake 52
Jobs number:  50
Tasks number: 147
loss: 511.5196533203125
start in data :  CyberShake 53
Jobs number:  50
Tasks number: 148
loss: 599.5729370117188
start in data :  CyberShake 54
Jobs number:  50
Tasks number: 149
loss: 563.0864868164062
start in data :  CyberShake 55
Jobs number:  50
Tasks number: 148
loss: 508.5755920410156
start in data :  CyberShake 56
Jobs number:  50
Tasks number: 148
loss: 511.6859130859375
start in data :  CyberShake 57
Jobs number:  50
Tasks number: 149
loss: 497.81500244140625
start in data :  CyberShake 58
Jobs number:  50
Tasks number: 146
loss: 519.7840576171875
start in data :  CyberShake 59
Jobs number:  50
Tasks number: 147
loss: 491.9109191894531
start in data :  CyberShake 60
Jobs number:  50
Tasks number: 151
loss: 528.932373046875
start in data :  CyberShake 61
Jobs number:  50
Tasks number: 147
loss: 498.5168151855469
start in data :  CyberShake 62
Jobs number:  50
Tasks number: 148
loss: 485.3799743652344
start in data :  CyberShake 63
Jobs number:  50
Tasks number: 147
loss: 491.0361022949219
start in data :  CyberShake 64
Jobs number:  50
Tasks number: 150
loss: 500.6999816894531
start in data :  CyberShake 65
Jobs number:  50
Tasks number: 148
loss: 488.9788513183594
start in data :  CyberShake 66
Jobs number:  50
Tasks number: 153
loss: 577.0711669921875
start in data :  CyberShake 67
Jobs number:  50
Tasks number: 151
loss: 545.8572387695312
start in data :  CyberShake 68
Jobs number:  50
Tasks number: 150
loss: 517.564208984375
start in data :  CyberShake 69
Jobs number:  50
Tasks number: 149
loss: 501.122314453125
start in data :  CyberShake 70
Jobs number:  50
Tasks number: 148
loss: 484.25323486328125
start in data :  CyberShake 71
Jobs number:  50
Tasks number: 148
loss: 489.0509033203125
start in data :  CyberShake 72
Jobs number:  50
Tasks number: 144
loss: 488.39923095703125
start in data :  CyberShake 73
Jobs number:  50
Tasks number: 147
loss: 489.0836486816406
start in data :  CyberShake 74
Jobs number:  50
Tasks number: 151
loss: 533.2567138671875
start in data :  CyberShake 75
Jobs number:  50
Tasks number: 149
loss: 516.628173828125
start in data :  CyberShake 76
Jobs number:  50
Tasks number: 149
loss: 505.9792175292969
start in data :  CyberShake 77
Jobs number:  50
Tasks number: 151
loss: 508.8792724609375
start in data :  CyberShake 78
Jobs number:  50
Tasks number: 147
loss: 494.4803161621094
start in data :  CyberShake 79
Jobs number:  50
Tasks number: 150
loss: 510.07489013671875
start in data :  CyberShake 80
Jobs number:  50
Tasks number: 152
loss: 507.6543273925781
start in data :  CyberShake 81
Jobs number:  50
Tasks number: 146
loss: 481.3963623046875
start in data :  CyberShake 82
Jobs number:  50
Tasks number: 151
loss: 492.9862060546875
start in data :  CyberShake 83
Jobs number:  50
Tasks number: 145
loss: 474.88092041015625
start in data :  CyberShake 84
Jobs number:  50
Tasks number: 146
loss: 515.8447265625
start in data :  CyberShake 85
Jobs number:  50
Tasks number: 153
loss: 527.0427856445312
start in data :  CyberShake 86
Jobs number:  50
Tasks number: 148
loss: 475.7359619140625
start in data :  CyberShake 87
Jobs number:  50
Tasks number: 149
loss: 497.88787841796875
start in data :  CyberShake 88
Jobs number:  50
Tasks number: 145
loss: 480.2668151855469
start in data :  CyberShake 89
Jobs number:  50
Tasks number: 146
loss: 474.424072265625
start in data :  CyberShake 90
Jobs number:  50
Tasks number: 147
loss: 466.67755126953125
start in data :  CyberShake 91
Jobs number:  50
Tasks number: 146
loss: 450.26239013671875
start in data :  CyberShake 92
Jobs number:  50
Tasks number: 150
loss: 512.1097412109375
start in data :  CyberShake 93
Jobs number:  50
Tasks number: 146
loss: 488.22576904296875
start in data :  CyberShake 94
Jobs number:  50
Tasks number: 150
loss: 466.67523193359375
start in data :  CyberShake 95
Jobs number:  50
Tasks number: 150
loss: 512.2695922851562
start in data :  CyberShake 96
Jobs number:  50
Tasks number: 150
loss: 542.0503540039062
start in data :  CyberShake 97
Jobs number:  50
Tasks number: 153
loss: 491.3440856933594
start in data :  CyberShake 98
Jobs number:  50
Tasks number: 151
loss: 495.6768493652344
start in data :  CyberShake 99
Jobs number:  50
Tasks number: 151
loss: 490.4180908203125
start in data :  CyberShake 100
Jobs number:  50
Tasks number: 146
loss: 443.36328125
start in data :  CyberShake 101
Jobs number:  50
Tasks number: 146
loss: 439.6577453613281
start in data :  CyberShake 102
Jobs number:  50
Tasks number: 149
loss: 524.4595336914062
start in data :  CyberShake 103
Jobs number:  50
Tasks number: 148
loss: 459.6561279296875
start in data :  CyberShake 104
Jobs number:  50
Tasks number: 150
loss: 514.9283447265625
start in data :  CyberShake 105
Jobs number:  50
Tasks number: 148
loss: 495.4925537109375
start in data :  CyberShake 106
Jobs number:  50
Tasks number: 149
loss: 473.934326171875
start in data :  CyberShake 107
Jobs number:  50
Tasks number: 153
loss: 509.5274353027344
start in data :  CyberShake 108
Jobs number:  50
Tasks number: 148
loss: 452.56732177734375
start in data :  CyberShake 109
Jobs number:  50
Tasks number: 152
loss: 460.66162109375
start in data :  CyberShake 110
Jobs number:  50
Tasks number: 148
loss: 471.6153564453125
start in data :  CyberShake 111
Jobs number:  50
Tasks number: 148
loss: 448.22161865234375
start in data :  CyberShake 112
Jobs number:  50
Tasks number: 145
loss: 473.5414123535156
start in data :  CyberShake 113
Jobs number:  50
Tasks number: 152
loss: 505.4156494140625
start in data :  CyberShake 114
Jobs number:  50
Tasks number: 152
loss: 488.47161865234375
start in data :  CyberShake 115
Jobs number:  50
Tasks number: 147
loss: 457.47265625
start in data :  CyberShake 116
Jobs number:  50
Tasks number: 147
loss: 472.4648742675781
start in data :  CyberShake 117
Jobs number:  50
Tasks number: 147
loss: 466.44012451171875
start in data :  CyberShake 118
Jobs number:  50
Tasks number: 146
loss: 445.7777099609375
start in data :  CyberShake 119
Jobs number:  50
Tasks number: 147
loss: 459.47161865234375
start in data :  CyberShake 120
Jobs number:  50
Tasks number: 154
loss: 527.4065551757812
start in data :  CyberShake 121
Jobs number:  50
Tasks number: 146
loss: 430.17462158203125
start in data :  CyberShake 122
Jobs number:  50
Tasks number: 149
loss: 463.05517578125
start in data :  CyberShake 123
Jobs number:  50
Tasks number: 151
loss: 459.5433349609375
start in data :  CyberShake 124
Jobs number:  50
Tasks number: 147
loss: 503.3607177734375
start in data :  CyberShake 125
Jobs number:  50
Tasks number: 146
loss: 462.21746826171875
start in data :  CyberShake 126
Jobs number:  50
Tasks number: 148
loss: 478.24505615234375
start in data :  CyberShake 127
Jobs number:  50
Tasks number: 147
loss: 447.6930847167969
start in data :  CyberShake 128
Jobs number:  50
Tasks number: 152
loss: 486.435302734375
start in data :  CyberShake 129
Jobs number:  50
Tasks number: 147
loss: 447.32891845703125
start in data :  CyberShake 130
Jobs number:  50
Tasks number: 147
loss: 454.0707702636719
start in data :  CyberShake 131
Jobs number:  50
Tasks number: 149
loss: 457.4549255371094
start in data :  CyberShake 132
Jobs number:  50
Tasks number: 148
loss: 414.5812683105469
start in data :  CyberShake 133
Jobs number:  50
Tasks number: 147
loss: 471.422119140625
start in data :  CyberShake 134
Jobs number:  50
Tasks number: 146
loss: 453.3573303222656
start in data :  CyberShake 135
Jobs number:  50
Tasks number: 153
loss: 497.52288818359375
start in data :  CyberShake 136
Jobs number:  50
Tasks number: 147
loss: 437.01214599609375
start in data :  CyberShake 137
Jobs number:  50
Tasks number: 148
loss: 471.9314880371094
start in data :  CyberShake 138
Jobs number:  50
Tasks number: 151
loss: 455.36541748046875
start in data :  CyberShake 139
Jobs number:  50
Tasks number: 148
loss: 443.2809753417969
start in data :  CyberShake 140
Jobs number:  50
Tasks number: 148
loss: 442.5142822265625
start in data :  CyberShake 141
Jobs number:  50
Tasks number: 147
loss: 422.24365234375
start in data :  CyberShake 142
Jobs number:  50
Tasks number: 149
loss: 443.78076171875
start in data :  CyberShake 143
Jobs number:  50
Tasks number: 145
loss: 413.128173828125
start in data :  CyberShake 144
Jobs number:  50
Tasks number: 150
loss: 441.9429931640625
start in data :  CyberShake 145
Jobs number:  50
Tasks number: 149
loss: 458.75164794921875
start in data :  CyberShake 146
Jobs number:  50
Tasks number: 149
loss: 479.5943603515625
start in data :  CyberShake 147
Jobs number:  50
Tasks number: 147
loss: 423.6488952636719
start in data :  CyberShake 148
Jobs number:  50
Tasks number: 150
loss: 431.29296875
start in data :  CyberShake 149
Jobs number:  50
Tasks number: 145
loss: 415.4338073730469
start in data :  CyberShake 150
Jobs number:  50
Tasks number: 149
loss: 451.3222961425781
start in data :  CyberShake 151
Jobs number:  50
Tasks number: 147
loss: 447.7095947265625
start in data :  CyberShake 152
Jobs number:  50
Tasks number: 150
loss: 455.01934814453125
start in data :  CyberShake 153
Jobs number:  50
Tasks number: 146
loss: 421.5441589355469
start in data :  CyberShake 154
Jobs number:  50
Tasks number: 158
loss: 468.2099914550781
start in data :  CyberShake 155
Jobs number:  50
Tasks number: 147
loss: 480.248046875
start in data :  CyberShake 156
Jobs number:  50
Tasks number: 147
loss: 455.4919128417969
start in data :  CyberShake 157
Jobs number:  50
Tasks number: 145
loss: 458.80828857421875
start in data :  CyberShake 158
Jobs number:  50
Tasks number: 149
loss: 473.4837646484375
start in data :  CyberShake 159
Jobs number:  50
Tasks number: 148
loss: 451.0159912109375
start in data :  CyberShake 160
Jobs number:  50
Tasks number: 147
loss: 452.72076416015625
start in data :  CyberShake 161
Jobs number:  50
Tasks number: 149
loss: 450.005859375
start in data :  CyberShake 162
Jobs number:  50
Tasks number: 154
loss: 457.424072265625
start in data :  CyberShake 163
Jobs number:  50
Tasks number: 148
loss: 464.5027160644531
start in data :  CyberShake 164
Jobs number:  50
Tasks number: 147
loss: 433.3145751953125
start in data :  CyberShake 165
Jobs number:  50
Tasks number: 151
loss: 439.8262939453125
start in data :  CyberShake 166
Jobs number:  50
Tasks number: 156
loss: 507.2479248046875
start in data :  CyberShake 167
Jobs number:  50
Tasks number: 150
loss: 463.31634521484375
start in data :  CyberShake 168
Jobs number:  50
Tasks number: 148
loss: 440.8895568847656
start in data :  CyberShake 169
Jobs number:  50
Tasks number: 150
loss: 457.023681640625
start in data :  CyberShake 170
Jobs number:  50
Tasks number: 149
loss: 474.8829345703125
start in data :  CyberShake 171
Jobs number:  50
Tasks number: 153
loss: 476.45184326171875
start in data :  CyberShake 172
Jobs number:  50
Tasks number: 148
loss: 443.6916198730469
start in data :  CyberShake 173
Jobs number:  50
Tasks number: 151
loss: 447.9769287109375
start in data :  CyberShake 174
Jobs number:  50
Tasks number: 145
loss: 425.6842041015625
start in data :  CyberShake 175
Jobs number:  50
Tasks number: 153
loss: 532.6219482421875
start in data :  CyberShake 176
Jobs number:  50
Tasks number: 153
loss: 467.67022705078125
start in data :  CyberShake 177
Jobs number:  50
Tasks number: 148
loss: 449.3766784667969
start in data :  CyberShake 178
Jobs number:  50
Tasks number: 149
loss: 453.7447814941406
start in data :  CyberShake 179
Jobs number:  50
Tasks number: 149
loss: 445.0747985839844
start in data :  CyberShake 180
Jobs number:  50
Tasks number: 148
loss: 422.84356689453125
start in data :  CyberShake 181
Jobs number:  50
Tasks number: 146
loss: 433.55340576171875
start in data :  CyberShake 182
Jobs number:  50
Tasks number: 156
loss: 470.87957763671875
start in data :  CyberShake 183
Jobs number:  50
Tasks number: 146
loss: 444.08843994140625
start in data :  CyberShake 184
Jobs number:  50
Tasks number: 145
loss: 461.61004638671875
start in data :  CyberShake 185
Jobs number:  50
Tasks number: 152
loss: 490.66510009765625
start in data :  CyberShake 186
Jobs number:  50
Tasks number: 146
loss: 430.915283203125
start in data :  CyberShake 187
Jobs number:  50
Tasks number: 149
loss: 436.67681884765625
start in data :  CyberShake 188
Jobs number:  50
Tasks number: 145
loss: 434.84942626953125
start in data :  CyberShake 189
Jobs number:  50
Tasks number: 152
loss: 460.7750244140625
start in data :  CyberShake 190
Jobs number:  50
Tasks number: 149
loss: 528.0469970703125
start in data :  CyberShake 191
Jobs number:  50
Tasks number: 146
loss: 426.4234619140625
start in data :  CyberShake 192
Jobs number:  50
Tasks number: 148
loss: 457.71844482421875
start in data :  CyberShake 193
Jobs number:  50
Tasks number: 154
loss: 472.025390625
start in data :  CyberShake 194
Jobs number:  50
Tasks number: 146
loss: 411.3524169921875
start in data :  CyberShake 195
Jobs number:  50
Tasks number: 148
loss: 475.83514404296875
start in data :  CyberShake 196
Jobs number:  50
Tasks number: 151
loss: 479.2479553222656
start in data :  CyberShake 197
Jobs number:  50
Tasks number: 148
loss: 461.5323486328125
start in data :  CyberShake 198
Jobs number:  50
Tasks number: 152
loss: 440.1055908203125
start in data :  CyberShake 199
Jobs number:  50
Tasks number: 149
loss: 431.63970947265625
start in data :  CyberShake 200
Jobs number:  50
Tasks number: 145
loss: 428.1316223144531
start in data :  CyberShake 201
Jobs number:  50
Tasks number: 147
loss: 433.8960266113281
start in data :  CyberShake 202
Jobs number:  50
Tasks number: 146
loss: 419.7729187011719
start in data :  CyberShake 203
Jobs number:  50
Tasks number: 150
loss: 502.6673278808594
start in data :  CyberShake 204
Jobs number:  50
Tasks number: 152
loss: 446.05523681640625
start in data :  CyberShake 205
Jobs number:  50
Tasks number: 146
loss: 416.96087646484375
start in data :  CyberShake 206
Jobs number:  50
Tasks number: 153
loss: 495.9014892578125
start in data :  CyberShake 207
Jobs number:  50
Tasks number: 148
loss: 430.7451171875
start in data :  CyberShake 208
Jobs number:  50
Tasks number: 149
loss: 453.2472839355469
start in data :  CyberShake 209
Jobs number:  50
Tasks number: 147
loss: 454.46826171875
start in data :  CyberShake 210
Jobs number:  50
Tasks number: 151
loss: 444.4098815917969
start in data :  CyberShake 211
Jobs number:  50
Tasks number: 149
loss: 452.2596740722656
start in data :  CyberShake 212
Jobs number:  50
Tasks number: 147
loss: 420.9187927246094
start in data :  CyberShake 213
Jobs number:  50
Tasks number: 148
loss: 453.6934814453125
start in data :  CyberShake 214
Jobs number:  50
Tasks number: 150
loss: 480.8548278808594
start in data :  CyberShake 215
Jobs number:  50
Tasks number: 149
loss: 444.9646911621094
start in data :  CyberShake 216
Jobs number:  50
Tasks number: 155
loss: 475.09906005859375
start in data :  CyberShake 217
Jobs number:  50
Tasks number: 151
loss: 473.07861328125
start in data :  CyberShake 218
Jobs number:  50
Tasks number: 151
loss: 460.5203552246094
start in data :  CyberShake 219
Jobs number:  50
Tasks number: 151
loss: 450.6965637207031
start in data :  CyberShake 220
Jobs number:  50
Tasks number: 154
loss: 530.6644287109375
start in data :  CyberShake 221
Jobs number:  50
Tasks number: 153
loss: 457.7602844238281
start in data :  CyberShake 222
Jobs number:  50
Tasks number: 153
loss: 475.2823791503906
start in data :  CyberShake 223
Jobs number:  50
Tasks number: 149
loss: 444.2734375
start in data :  CyberShake 224
Jobs number:  50
Tasks number: 146
loss: 429.8876647949219
start in data :  CyberShake 225
Jobs number:  50
Tasks number: 145
loss: 441.7768859863281
start in data :  CyberShake 226
Jobs number:  50
Tasks number: 148
loss: 446.01800537109375
start in data :  CyberShake 227
Jobs number:  50
Tasks number: 149
loss: 423.00384521484375
start in data :  CyberShake 228
Jobs number:  50
Tasks number: 150
loss: 438.76220703125
start in data :  CyberShake 229
Jobs number:  50
Tasks number: 149
loss: 446.6780090332031
start in data :  CyberShake 230
Jobs number:  50
Tasks number: 147
loss: 460.75921630859375
start in data :  CyberShake 231
Jobs number:  50
Tasks number: 152
loss: 433.88873291015625
start in data :  CyberShake 232
Jobs number:  50
Tasks number: 152
loss: 459.81414794921875
start in data :  CyberShake 233
Jobs number:  50
Tasks number: 147
loss: 402.6278991699219
start in data :  CyberShake 234
Jobs number:  50
Tasks number: 150
loss: 456.8111267089844
start in data :  CyberShake 235
Jobs number:  50
Tasks number: 151
loss: 501.1225891113281
start in data :  CyberShake 236
Jobs number:  50
Tasks number: 150
loss: 426.6148376464844
start in data :  CyberShake 237
Jobs number:  50
Tasks number: 147
loss: 443.3600769042969
start in data :  CyberShake 238
Jobs number:  50
Tasks number: 145
loss: 426.9364013671875
start in data :  CyberShake 239
Jobs number:  50
Tasks number: 150
loss: 460.6227111816406
start in data :  CyberShake 240
Jobs number:  50
Tasks number: 146
loss: 497.89801025390625
start in data :  CyberShake 241
Jobs number:  50
Tasks number: 149
loss: 423.648193359375
start in data :  CyberShake 242
Jobs number:  50
Tasks number: 148
loss: 409.0185241699219
start in data :  CyberShake 243
Jobs number:  50
Tasks number: 148
loss: 451.16552734375
start in data :  CyberShake 244
Jobs number:  50
Tasks number: 146
loss: 430.16015625
start in data :  CyberShake 245
Jobs number:  50
Tasks number: 151
loss: 452.8921813964844
start in data :  CyberShake 246
Jobs number:  50
Tasks number: 147
loss: 420.0645751953125
start in data :  CyberShake 247
Jobs number:  50
Tasks number: 150
loss: 421.189208984375
start in data :  CyberShake 248
Jobs number:  50
Tasks number: 149
loss: 443.29473876953125
start in data :  CyberShake 249
Jobs number:  50
Tasks number: 149
loss: 428.91754150390625
start in data :  CyberShake 250
Jobs number:  50
Tasks number: 149
loss: 429.7581481933594
start in data :  CyberShake 251
Jobs number:  50
Tasks number: 152
loss: 454.41021728515625
start in data :  CyberShake 252
Jobs number:  50
Tasks number: 149
loss: 416.282958984375
start in data :  CyberShake 253
Jobs number:  50
Tasks number: 148
loss: 441.7900695800781
start in data :  CyberShake 254
Jobs number:  50
Tasks number: 153
loss: 444.40032958984375
start in data :  CyberShake 255
Jobs number:  50
Tasks number: 146
loss: 443.734375
start in data :  CyberShake 256
Jobs number:  50
Tasks number: 151
loss: 456.73529052734375
start in data :  CyberShake 257
Jobs number:  50
Tasks number: 148
loss: 428.945068359375
start in data :  CyberShake 258
Jobs number:  50
Tasks number: 150
loss: 426.9478759765625
start in data :  CyberShake 259
Jobs number:  50
Tasks number: 149
loss: 441.98974609375
start in data :  CyberShake 260
Jobs number:  50
Tasks number: 148
loss: 429.30511474609375
start in data :  CyberShake 261
Jobs number:  50
Tasks number: 151
loss: 447.6573486328125
start in data :  CyberShake 262
Jobs number:  50
Tasks number: 148
loss: 423.337646484375
start in data :  CyberShake 263
Jobs number:  50
Tasks number: 152
loss: 536.1016845703125
start in data :  CyberShake 264
Jobs number:  50
Tasks number: 154
loss: 467.5467834472656
start in data :  CyberShake 265
Jobs number:  50
Tasks number: 146
loss: 420.9508056640625
start in data :  CyberShake 266
Jobs number:  50
Tasks number: 148
loss: 427.58258056640625
start in data :  CyberShake 267
Jobs number:  50
Tasks number: 145
loss: 408.2681884765625
start in data :  CyberShake 268
Jobs number:  50
Tasks number: 149
loss: 425.387939453125
start in data :  CyberShake 269
Jobs number:  50
Tasks number: 148
loss: 420.0654296875
start in data :  CyberShake 270
Jobs number:  50
Tasks number: 146
loss: 419.6123962402344
start in data :  CyberShake 271
Jobs number:  50
Tasks number: 152
loss: 450.17034912109375
start in data :  CyberShake 272
Jobs number:  50
Tasks number: 149
loss: 433.9510498046875
start in data :  CyberShake 273
Jobs number:  50
Tasks number: 145
loss: 455.4081726074219
start in data :  CyberShake 274
Jobs number:  50
Tasks number: 151
loss: 439.1325988769531
start in data :  CyberShake 275
Jobs number:  50
Tasks number: 151
loss: 506.2357482910156
start in data :  CyberShake 276
Jobs number:  50
Tasks number: 145
loss: 430.35662841796875
start in data :  CyberShake 277
Jobs number:  50
Tasks number: 149
loss: 434.99456787109375
start in data :  CyberShake 278
Jobs number:  50
Tasks number: 144
loss: 410.99542236328125
start in data :  CyberShake 279
Jobs number:  50
Tasks number: 152
loss: 423.3817443847656
start in data :  CyberShake 280
Jobs number:  50
Tasks number: 150
loss: 460.8414306640625
start in data :  CyberShake 281
Jobs number:  50
Tasks number: 147
loss: 429.13653564453125
start in data :  CyberShake 282
Jobs number:  50
Tasks number: 153
loss: 516.7163696289062
start in data :  CyberShake 283
Jobs number:  50
Tasks number: 147
loss: 400.6605529785156
start in data :  CyberShake 284
Jobs number:  50
Tasks number: 148
loss: 421.3352355957031
start in data :  CyberShake 285
Jobs number:  50
Tasks number: 152
loss: 461.2626953125
start in data :  CyberShake 286
Jobs number:  50
Tasks number: 146
loss: 411.5616149902344
start in data :  CyberShake 287
Jobs number:  50
Tasks number: 147
loss: 473.50946044921875
start in data :  CyberShake 288
Jobs number:  50
Tasks number: 146
loss: 432.0668029785156
start in data :  CyberShake 289
Jobs number:  50
Tasks number: 147
loss: 420.3814392089844
start in data :  CyberShake 290
Jobs number:  50
Tasks number: 150
loss: 440.5076904296875
start in data :  CyberShake 291
Jobs number:  50
Tasks number: 145
loss: 420.6463317871094
start in data :  CyberShake 292
Jobs number:  50
Tasks number: 148
loss: 427.0711669921875
start in data :  CyberShake 293
Jobs number:  50
Tasks number: 149
loss: 432.4771728515625
start in data :  CyberShake 294
Jobs number:  50
Tasks number: 146
loss: 463.0208740234375
start in data :  CyberShake 295
Jobs number:  50
Tasks number: 148
loss: 417.6772766113281
start in data :  CyberShake 296
Jobs number:  50
Tasks number: 157
loss: 477.2966613769531
start in data :  CyberShake 297
Jobs number:  50
Tasks number: 151
loss: 444.757568359375
start in data :  CyberShake 298
Jobs number:  50
Tasks number: 149
loss: 430.8434753417969
start in data :  CyberShake 299
Jobs number:  50
Tasks number: 146
loss: 417.61041259765625
start in data :  CyberShake 300
Jobs number:  50
Tasks number: 150
loss: 444.8634948730469
start in data :  CyberShake 301
Jobs number:  50
Tasks number: 148
loss: 431.7739562988281
start in data :  CyberShake 302
Jobs number:  50
Tasks number: 147
loss: 411.6678161621094
start in data :  CyberShake 303
Jobs number:  50
Tasks number: 147
loss: 427.8590087890625
start in data :  CyberShake 304
Jobs number:  50
Tasks number: 149
loss: 417.36676025390625
start in data :  CyberShake 305
Jobs number:  50
Tasks number: 148
loss: 416.43505859375
start in data :  CyberShake 306
Jobs number:  50
Tasks number: 148
loss: 448.27301025390625
start in data :  CyberShake 307
Jobs number:  50
Tasks number: 147
loss: 436.1225280761719
start in data :  CyberShake 308
Jobs number:  50
Tasks number: 150
loss: 482.57061767578125
start in data :  CyberShake 309
Jobs number:  50
Tasks number: 145
loss: 427.95111083984375
start in data :  CyberShake 310
Jobs number:  50
Tasks number: 144
loss: 389.88177490234375
start in data :  CyberShake 311
Jobs number:  50
Tasks number: 149
loss: 432.59405517578125
start in data :  CyberShake 312
Jobs number:  50
Tasks number: 151
loss: 427.90533447265625
start in data :  CyberShake 313
Jobs number:  50
Tasks number: 149
loss: 440.22723388671875
start in data :  CyberShake 314
Jobs number:  50
Tasks number: 153
loss: 458.0512390136719
start in data :  CyberShake 315
Jobs number:  50
Tasks number: 145
loss: 410.80963134765625
start in data :  CyberShake 316
Jobs number:  50
Tasks number: 150
loss: 435.1588134765625
start in data :  CyberShake 317
Jobs number:  50
Tasks number: 149
loss: 438.8199157714844
start in data :  CyberShake 318
Jobs number:  50
Tasks number: 149
loss: 415.1489562988281
start in data :  CyberShake 319
Jobs number:  50
Tasks number: 150
loss: 434.9815368652344
start in data :  CyberShake 320
Jobs number:  50
Tasks number: 150
loss: 445.61688232421875
start in data :  CyberShake 321
Jobs number:  50
Tasks number: 147
loss: 426.7726745605469
start in data :  CyberShake 322
Jobs number:  50
Tasks number: 152
loss: 456.7713317871094
start in data :  CyberShake 323
Jobs number:  50
Tasks number: 148
loss: 441.68817138671875
start in data :  CyberShake 324
Jobs number:  50
Tasks number: 153
loss: 469.029052734375
start in data :  CyberShake 325
Jobs number:  50
Tasks number: 147
loss: 423.4681396484375
start in data :  CyberShake 326
Jobs number:  50
Tasks number: 149
loss: 415.5469665527344
start in data :  CyberShake 327
Jobs number:  50
Tasks number: 151
loss: 438.2311706542969
start in data :  CyberShake 328
Jobs number:  50
Tasks number: 149
loss: 433.3360290527344
start in data :  CyberShake 329
Jobs number:  50
Tasks number: 153
loss: 491.6551513671875
start in data :  CyberShake 330
Jobs number:  50
Tasks number: 155
loss: 436.9447021484375
start in data :  CyberShake 331
Jobs number:  50
Tasks number: 154
loss: 446.53729248046875
start in data :  CyberShake 332
Jobs number:  50
Tasks number: 150
loss: 422.15313720703125
start in data :  CyberShake 333
Jobs number:  50
Tasks number: 149
loss: 415.6961975097656
start in data :  CyberShake 334
Jobs number:  50
Tasks number: 151
loss: 427.91876220703125
start in data :  CyberShake 335
Jobs number:  50
Tasks number: 150
loss: 428.841064453125
start in data :  CyberShake 336
Jobs number:  50
Tasks number: 150
loss: 419.18389892578125
start in data :  CyberShake 337
Jobs number:  50
Tasks number: 146
loss: 422.6317138671875
start in data :  CyberShake 338
Jobs number:  50
Tasks number: 148
loss: 440.6744384765625
start in data :  CyberShake 339
Jobs number:  50
Tasks number: 148
loss: 409.3444519042969
start in data :  CyberShake 340
Jobs number:  50
Tasks number: 149
loss: 413.1285400390625
start in data :  CyberShake 341
Jobs number:  50
Tasks number: 146
loss: 408.6272277832031
start in data :  CyberShake 342
Jobs number:  50
Tasks number: 152
loss: 450.45208740234375
start in data :  CyberShake 343
Jobs number:  50
Tasks number: 151
loss: 421.65606689453125
start in data :  CyberShake 344
Jobs number:  50
Tasks number: 148
loss: 419.82330322265625
start in data :  CyberShake 345
Jobs number:  50
Tasks number: 150
loss: 441.9091796875
start in data :  CyberShake 346
Jobs number:  50
Tasks number: 148
loss: 422.4263916015625
start in data :  CyberShake 347
Jobs number:  50
Tasks number: 148
loss: 421.3569030761719
start in data :  CyberShake 348
Jobs number:  50
Tasks number: 149
loss: 404.4062805175781
start in data :  CyberShake 349
Jobs number:  50
Tasks number: 152
loss: 436.63751220703125
start in data :  CyberShake 350
Jobs number:  50
Tasks number: 147
loss: 406.5798645019531
start in data :  CyberShake 351
Jobs number:  50
Tasks number: 155
loss: 467.3106994628906
start in data :  CyberShake 352
Jobs number:  50
Tasks number: 150
loss: 420.08367919921875
start in data :  CyberShake 353
Jobs number:  50
Tasks number: 147
loss: 403.84423828125
start in data :  CyberShake 354
Jobs number:  50
Tasks number: 152
loss: 450.83404541015625
start in data :  CyberShake 355
Jobs number:  50
Tasks number: 150
loss: 409.83758544921875
start in data :  CyberShake 356
Jobs number:  50
Tasks number: 150
loss: 410.7215881347656
start in data :  CyberShake 357
Jobs number:  50
Tasks number: 150
loss: 383.1396484375
start in data :  CyberShake 358
Jobs number:  50
Tasks number: 147
loss: 427.60272216796875
start in data :  CyberShake 359
Jobs number:  50
Tasks number: 154
loss: 414.65191650390625
start in data :  CyberShake 360
Jobs number:  50
Tasks number: 147
loss: 388.0519104003906
start in data :  CyberShake 361
Jobs number:  50
Tasks number: 146
loss: 395.85443115234375
start in data :  CyberShake 362
Jobs number:  50
Tasks number: 155
loss: 482.5741882324219
start in data :  CyberShake 363
Jobs number:  50
Tasks number: 147
loss: 414.17095947265625
start in data :  CyberShake 364
Jobs number:  50
Tasks number: 147
loss: 396.46612548828125
start in data :  CyberShake 365
Jobs number:  50
Tasks number: 152
loss: 419.7078857421875
start in data :  CyberShake 366
Jobs number:  50
Tasks number: 147
loss: 397.5850830078125
start in data :  CyberShake 367
Jobs number:  50
Tasks number: 146
loss: 407.96539306640625
start in data :  CyberShake 368
Jobs number:  50
Tasks number: 146
loss: 451.03155517578125
start in data :  CyberShake 369
Jobs number:  50
Tasks number: 149
loss: 404.99273681640625
start in data :  CyberShake 370
Jobs number:  50
Tasks number: 148
loss: 422.05975341796875
start in data :  CyberShake 371
Jobs number:  50
Tasks number: 153
loss: 429.29266357421875
start in data :  CyberShake 372
Jobs number:  50
Tasks number: 147
loss: 408.87811279296875
start in data :  CyberShake 373
Jobs number:  50
Tasks number: 146
loss: 422.2821350097656
start in data :  CyberShake 374
Jobs number:  50
Tasks number: 151
loss: 435.5340881347656
start in data :  CyberShake 375
Jobs number:  50
Tasks number: 149
loss: 435.8636474609375
start in data :  CyberShake 376
Jobs number:  50
Tasks number: 151
loss: 433.63568115234375
start in data :  CyberShake 377
Jobs number:  50
Tasks number: 148
loss: 422.2959899902344
start in data :  CyberShake 378
Jobs number:  50
Tasks number: 146
loss: 415.1329345703125
start in data :  CyberShake 379
Jobs number:  50
Tasks number: 147
loss: 409.9091491699219
start in data :  CyberShake 380
Jobs number:  50
Tasks number: 147
loss: 435.733642578125
start in data :  CyberShake 381
Jobs number:  50
Tasks number: 147
loss: 402.3868103027344
start in data :  CyberShake 382
Jobs number:  50
Tasks number: 148
loss: 412.8339538574219
start in data :  CyberShake 383
Jobs number:  50
Tasks number: 151
loss: 439.9784851074219
start in data :  CyberShake 384
Jobs number:  50
Tasks number: 153
loss: 426.9420471191406
start in data :  CyberShake 385
Jobs number:  50
Tasks number: 145
loss: 406.7104797363281
start in data :  CyberShake 386
Jobs number:  50
Tasks number: 148
loss: 386.99139404296875
start in data :  CyberShake 387
Jobs number:  50
Tasks number: 148
loss: 411.87945556640625
start in data :  CyberShake 388
Jobs number:  50
Tasks number: 150
loss: 401.18170166015625
start in data :  CyberShake 389
Jobs number:  50
Tasks number: 148
loss: 438.98272705078125
start in data :  CyberShake 390
Jobs number:  50
Tasks number: 149
loss: 396.119384765625
start in data :  CyberShake 391
Jobs number:  50
Tasks number: 150
loss: 410.89422607421875
start in data :  CyberShake 392
Jobs number:  50
Tasks number: 149
loss: 413.474853515625
start in data :  CyberShake 393
Jobs number:  50
Tasks number: 149
loss: 429.68609619140625
start in data :  CyberShake 394
Jobs number:  50
Tasks number: 151
loss: 441.0435485839844
start in data :  CyberShake 395
Jobs number:  50
Tasks number: 145
loss: 416.3733825683594
start in data :  CyberShake 396
Jobs number:  50
Tasks number: 146
loss: 400.76617431640625
start in data :  CyberShake 397
Jobs number:  50
Tasks number: 150
loss: 415.4045715332031
start in data :  CyberShake 398
Jobs number:  50
Tasks number: 148
loss: 437.5538635253906
start in data :  CyberShake 399
Jobs number:  50
Tasks number: 145
loss: 457.7361755371094
start in data :  CyberShake 400
Jobs number:  50
Tasks number: 148
loss: 436.5527648925781
start in data :  CyberShake 401
Jobs number:  50
Tasks number: 148
loss: 417.13897705078125
start in data :  CyberShake 402
Jobs number:  50
Tasks number: 148
loss: 424.0660400390625
start in data :  CyberShake 403
Jobs number:  50
Tasks number: 148
loss: 399.035400390625
start in data :  CyberShake 404
Jobs number:  50
Tasks number: 150
loss: 428.455810546875
start in data :  CyberShake 405
Jobs number:  50
Tasks number: 148
loss: 427.25335693359375
start in data :  CyberShake 406
Jobs number:  50
Tasks number: 154
loss: 448.0216979980469
start in data :  CyberShake 407
Jobs number:  50
Tasks number: 150
loss: 413.827392578125
start in data :  CyberShake 408
Jobs number:  50
Tasks number: 150
loss: 389.0995178222656
start in data :  CyberShake 409
Jobs number:  50
Tasks number: 146
loss: 434.4072265625
start in data :  CyberShake 410
Jobs number:  50
Tasks number: 146
loss: 412.87890625
start in data :  CyberShake 411
Jobs number:  50
Tasks number: 147
loss: 390.398681640625
start in data :  CyberShake 412
Jobs number:  50
Tasks number: 148
loss: 422.37176513671875
start in data :  CyberShake 413
Jobs number:  50
Tasks number: 150
loss: 420.32830810546875
start in data :  CyberShake 414
Jobs number:  50
Tasks number: 145
loss: 421.2153625488281
start in data :  CyberShake 415
Jobs number:  50
Tasks number: 146
loss: 412.35064697265625
start in data :  CyberShake 416
Jobs number:  50
Tasks number: 150
loss: 414.145751953125
start in data :  CyberShake 417
Jobs number:  50
Tasks number: 150
loss: 423.1741943359375
start in data :  CyberShake 418
Jobs number:  50
Tasks number: 149
loss: 496.6360778808594
start in data :  CyberShake 419
Jobs number:  50
Tasks number: 149
loss: 415.1298522949219
start in data :  CyberShake 420
Jobs number:  50
Tasks number: 153
loss: 440.0581359863281
start in data :  CyberShake 421
Jobs number:  50
Tasks number: 149
loss: 423.6138000488281
start in data :  CyberShake 422
Jobs number:  50
Tasks number: 147
loss: 418.6864013671875
start in data :  CyberShake 423
Jobs number:  50
Tasks number: 148
loss: 456.031494140625
start in data :  CyberShake 424
Jobs number:  50
Tasks number: 148
loss: 402.39501953125
start in data :  CyberShake 425
Jobs number:  50
Tasks number: 150
loss: 439.4489440917969
start in data :  CyberShake 426
Jobs number:  50
Tasks number: 153
loss: 447.245849609375
start in data :  CyberShake 427
Jobs number:  50
Tasks number: 148
loss: 384.109375
start in data :  CyberShake 428
Jobs number:  50
Tasks number: 155
loss: 441.6351318359375
start in data :  CyberShake 429
Jobs number:  50
Tasks number: 147
loss: 398.5935974121094
start in data :  CyberShake 430
Jobs number:  50
Tasks number: 152
loss: 433.30914306640625
start in data :  CyberShake 431
Jobs number:  50
Tasks number: 148
loss: 419.6390686035156
start in data :  CyberShake 432
Jobs number:  50
Tasks number: 146
loss: 417.06817626953125
start in data :  CyberShake 433
Jobs number:  50
Tasks number: 148
loss: 401.8253173828125
start in data :  CyberShake 434
Jobs number:  50
Tasks number: 146
loss: 423.61810302734375
start in data :  CyberShake 435
Jobs number:  50
Tasks number: 149
loss: 399.4434509277344
start in data :  CyberShake 436
Jobs number:  50
Tasks number: 147
loss: 410.6170349121094
start in data :  CyberShake 437
Jobs number:  50
Tasks number: 151
loss: 422.1445007324219
start in data :  CyberShake 438
Jobs number:  50
Tasks number: 148
loss: 427.70867919921875
start in data :  CyberShake 439
Jobs number:  50
Tasks number: 149
loss: 390.8528137207031
start in data :  CyberShake 440
Jobs number:  50
Tasks number: 147
loss: 390.4209899902344
start in data :  CyberShake 441
Jobs number:  50
Tasks number: 148
loss: 426.79931640625
start in data :  CyberShake 442
Jobs number:  50
Tasks number: 149
loss: 425.7218322753906
start in data :  CyberShake 443
Jobs number:  50
Tasks number: 152
loss: 411.1099853515625
start in data :  CyberShake 444
Jobs number:  50
Tasks number: 149
loss: 420.81951904296875
start in data :  CyberShake 445
Jobs number:  50
Tasks number: 148
loss: 400.9144287109375
start in data :  CyberShake 446
Jobs number:  50
Tasks number: 149
loss: 427.4870910644531
start in data :  CyberShake 447
Jobs number:  50
Tasks number: 149
loss: 417.9372863769531
start in data :  CyberShake 448
Jobs number:  50
Tasks number: 146
loss: 443.4677734375
start in data :  CyberShake 449
Jobs number:  50
Tasks number: 149
loss: 419.6746826171875
start in data :  CyberShake 450
Jobs number:  50
Tasks number: 147
loss: 397.1828918457031
start in data :  CyberShake 451
Jobs number:  50
Tasks number: 149
loss: 414.0799865722656
start in data :  CyberShake 452
Jobs number:  50
Tasks number: 149
loss: 416.545654296875
start in data :  CyberShake 453
Jobs number:  50
Tasks number: 147
loss: 492.6541748046875
start in data :  CyberShake 454
Jobs number:  50
Tasks number: 153
loss: 475.058349609375
start in data :  CyberShake 455
Jobs number:  50
Tasks number: 147
loss: 413.7934265136719
start in data :  CyberShake 456
Jobs number:  50
Tasks number: 151
loss: 445.95147705078125
start in data :  CyberShake 457
Jobs number:  50
Tasks number: 147
loss: 384.7261962890625
start in data :  CyberShake 458
Jobs number:  50
Tasks number: 151
loss: 404.29840087890625
start in data :  CyberShake 459
Jobs number:  50
Tasks number: 148
loss: 436.6905212402344
start in data :  CyberShake 460
Jobs number:  50
Tasks number: 149
loss: 432.474609375
start in data :  CyberShake 461
Jobs number:  50
Tasks number: 149
loss: 428.99456787109375
start in data :  CyberShake 462
Jobs number:  50
Tasks number: 149
loss: 405.0632019042969
start in data :  CyberShake 463
Jobs number:  50
Tasks number: 149
loss: 420.1530456542969
start in data :  CyberShake 464
Jobs number:  50
Tasks number: 147
loss: 411.1981506347656
start in data :  CyberShake 465
Jobs number:  50
Tasks number: 152
loss: 441.555908203125
start in data :  CyberShake 466
Jobs number:  50
Tasks number: 149
loss: 446.6842041015625
start in data :  CyberShake 467
Jobs number:  50
Tasks number: 150
loss: 419.3419189453125
start in data :  CyberShake 468
Jobs number:  50
Tasks number: 150
loss: 411.71441650390625
start in data :  CyberShake 469
Jobs number:  50
Tasks number: 150
loss: 422.9616394042969
start in data :  CyberShake 470
Jobs number:  50
Tasks number: 150
loss: 422.4556884765625
start in data :  CyberShake 471
Jobs number:  50
Tasks number: 148
loss: 399.91632080078125
start in data :  CyberShake 472
Jobs number:  50
Tasks number: 144
loss: 382.9463806152344
start in data :  CyberShake 473
Jobs number:  50
Tasks number: 148
loss: 398.632568359375
start in data :  CyberShake 474
Jobs number:  50
Tasks number: 148
loss: 388.3435363769531
start in data :  CyberShake 475
Jobs number:  50
Tasks number: 149
loss: 440.8029479980469
start in data :  CyberShake 476
Jobs number:  50
Tasks number: 148
loss: 398.16259765625
start in data :  CyberShake 477
Jobs number:  50
Tasks number: 149
loss: 418.66796875
start in data :  CyberShake 478
Jobs number:  50
Tasks number: 147
loss: 392.0545654296875
start in data :  CyberShake 479
Jobs number:  50
Tasks number: 151
loss: 428.7552795410156
start in data :  CyberShake 480
Jobs number:  50
Tasks number: 147
loss: 396.59637451171875
start in data :  CyberShake 481
Jobs number:  50
Tasks number: 152
loss: 410.7082214355469
start in data :  CyberShake 482
Jobs number:  50
Tasks number: 151
loss: 403.9364013671875
start in data :  CyberShake 483
Jobs number:  50
Tasks number: 152
loss: 391.84564208984375
start in data :  CyberShake 484
Jobs number:  50
Tasks number: 147
loss: 426.02679443359375
start in data :  CyberShake 485
Jobs number:  50
Tasks number: 145
loss: 387.4501647949219
start in data :  CyberShake 486
Jobs number:  50
Tasks number: 147
loss: 389.88201904296875
start in data :  CyberShake 487
Jobs number:  50
Tasks number: 147
loss: 426.7659912109375
start in data :  CyberShake 488
Jobs number:  50
Tasks number: 147
loss: 414.56658935546875
start in data :  CyberShake 489
Jobs number:  50
Tasks number: 148
loss: 384.0751037597656
start in data :  CyberShake 490
Jobs number:  50
Tasks number: 150
loss: 417.2616882324219
start in data :  CyberShake 491
Jobs number:  50
Tasks number: 149
loss: 378.58197021484375
start in data :  CyberShake 492
Jobs number:  50
Tasks number: 151
loss: 400.0314025878906
start in data :  CyberShake 493
Jobs number:  50
Tasks number: 147
loss: 418.03076171875
start in data :  CyberShake 494
Jobs number:  50
Tasks number: 151
loss: 408.1424255371094
start in data :  CyberShake 495
Jobs number:  50
Tasks number: 149
loss: 414.9188232421875
start in data :  CyberShake 496
Jobs number:  50
Tasks number: 152
loss: 408.2841491699219
start in data :  CyberShake 497
Jobs number:  50
Tasks number: 147
loss: 403.9071960449219
start in data :  CyberShake 498
Jobs number:  50
Tasks number: 149
loss: 417.22235107421875
start in data :  CyberShake 499
Jobs number:  50
Tasks number: 152
loss: 429.0246276855469
start in data :  CyberShake 500
Jobs number:  50
Tasks number: 145
loss: 410.2315673828125
start in data :  CyberShake 501
Jobs number:  50
Tasks number: 149
loss: 423.6307067871094
start in data :  CyberShake 502
Jobs number:  50
Tasks number: 149
loss: 418.0044860839844
start in data :  CyberShake 503
Jobs number:  50
Tasks number: 150
loss: 397.6052551269531
start in data :  CyberShake 504
Jobs number:  50
Tasks number: 148
loss: 551.499267578125
start in data :  CyberShake 505
Jobs number:  50
Tasks number: 148
loss: 406.19140625
start in data :  CyberShake 506
Jobs number:  50
Tasks number: 145
loss: 458.91796875
start in data :  CyberShake 507
Jobs number:  50
Tasks number: 148
loss: 425.01409912109375
start in data :  CyberShake 508
Jobs number:  50
Tasks number: 144
loss: 406.5304870605469
start in data :  CyberShake 509
Jobs number:  50
Tasks number: 148
loss: 423.7304992675781
start in data :  CyberShake 510
Jobs number:  50
Tasks number: 151
loss: 410.28680419921875
start in data :  CyberShake 511
Jobs number:  50
Tasks number: 149
loss: 407.7043151855469
start in data :  CyberShake 512
Jobs number:  50
Tasks number: 147
loss: 482.10552978515625
start in data :  CyberShake 513
Jobs number:  50
Tasks number: 151
loss: 484.66802978515625
start in data :  CyberShake 514
Jobs number:  50
Tasks number: 149
loss: 488.7869873046875
start in data :  CyberShake 515
Jobs number:  50
Tasks number: 148
loss: 402.9969177246094
start in data :  CyberShake 516
Jobs number:  50
Tasks number: 149
loss: 422.56378173828125
start in data :  CyberShake 517
Jobs number:  50
Tasks number: 150
loss: 427.65496826171875
start in data :  CyberShake 518
Jobs number:  50
Tasks number: 146
loss: 422.00189208984375
start in data :  CyberShake 519
Jobs number:  50
Tasks number: 151
loss: 414.54791259765625
start in data :  CyberShake 520
Jobs number:  50
Tasks number: 148
loss: 416.3800048828125
start in data :  CyberShake 521
Jobs number:  50
Tasks number: 145
loss: 429.23431396484375
start in data :  CyberShake 522
Jobs number:  50
Tasks number: 147
loss: 423.7455749511719
start in data :  CyberShake 523
Jobs number:  50
Tasks number: 154
loss: 422.0402526855469
start in data :  CyberShake 524
Jobs number:  50
Tasks number: 147
loss: 397.9959411621094
start in data :  CyberShake 525
Jobs number:  50
Tasks number: 149
loss: 414.8349914550781
start in data :  CyberShake 526
Jobs number:  50
Tasks number: 146
loss: 411.3436279296875
start in data :  CyberShake 527
Jobs number:  50
Tasks number: 145
loss: 422.2275695800781
start in data :  CyberShake 528
Jobs number:  50
Tasks number: 149
loss: 429.0559387207031
start in data :  CyberShake 529
Jobs number:  50
Tasks number: 149
loss: 388.4436950683594
start in data :  CyberShake 530
Jobs number:  50
Tasks number: 150
loss: 401.66790771484375
start in data :  CyberShake 531
Jobs number:  50
Tasks number: 145
loss: 363.1812744140625
start in data :  CyberShake 532
Jobs number:  50
Tasks number: 149
loss: 383.2217712402344
start in data :  CyberShake 533
Jobs number:  50
Tasks number: 153
loss: 416.4607849121094
start in data :  CyberShake 534
Jobs number:  50
Tasks number: 150
loss: 435.43182373046875
start in data :  CyberShake 535
Jobs number:  50
Tasks number: 152
loss: 433.63458251953125
start in data :  CyberShake 536
Jobs number:  50
Tasks number: 151
loss: 404.40997314453125
start in data :  CyberShake 537
Jobs number:  50
Tasks number: 150
loss: 441.09039306640625
start in data :  CyberShake 538
Jobs number:  50
Tasks number: 152
loss: 411.3961181640625
start in data :  CyberShake 539
Jobs number:  50
Tasks number: 149
loss: 388.47064208984375
start in data :  CyberShake 540
Jobs number:  50
Tasks number: 147
loss: 397.8309020996094
start in data :  CyberShake 541
Jobs number:  50
Tasks number: 150
loss: 431.7505798339844
start in data :  CyberShake 542
Jobs number:  50
Tasks number: 147
loss: 412.92633056640625
start in data :  CyberShake 543
Jobs number:  50
Tasks number: 147
loss: 389.06109619140625
start in data :  CyberShake 544
Jobs number:  50
Tasks number: 149
loss: 418.9797668457031
start in data :  CyberShake 545
Jobs number:  50
Tasks number: 148
loss: 402.4038391113281
start in data :  CyberShake 546
Jobs number:  50
Tasks number: 150
loss: 422.8594665527344
start in data :  CyberShake 547
Jobs number:  50
Tasks number: 151
loss: 426.6025390625
start in data :  CyberShake 548
Jobs number:  50
Tasks number: 150
loss: 406.33154296875
start in data :  CyberShake 549
Jobs number:  50
Tasks number: 152
loss: 469.1923828125
start in data :  CyberShake 550
Jobs number:  50
Tasks number: 152
loss: 407.93292236328125
start in data :  CyberShake 551
Jobs number:  50
Tasks number: 146
loss: 409.3486328125
start in data :  CyberShake 552
Jobs number:  50
Tasks number: 150
loss: 469.49169921875
start in data :  CyberShake 553
Jobs number:  50
Tasks number: 150
loss: 416.4211120605469
start in data :  CyberShake 554
Jobs number:  50
Tasks number: 148
loss: 422.49444580078125
start in data :  CyberShake 555
Jobs number:  50
Tasks number: 148
loss: 409.7022399902344
start in data :  CyberShake 556
Jobs number:  50
Tasks number: 145
loss: 401.8080139160156
start in data :  CyberShake 557
Jobs number:  50
Tasks number: 148
loss: 427.5492858886719
start in data :  CyberShake 558
Jobs number:  50
Tasks number: 147
loss: 426.4900817871094
start in data :  CyberShake 559
Jobs number:  50
Tasks number: 151
loss: 405.5098876953125
start in data :  CyberShake 560
Jobs number:  50
Tasks number: 149
loss: 469.3875732421875
start in data :  CyberShake 561
Jobs number:  50
Tasks number: 149
loss: 425.91217041015625
start in data :  CyberShake 562
Jobs number:  50
Tasks number: 153
loss: 435.35467529296875
start in data :  CyberShake 563
Jobs number:  50
Tasks number: 150
loss: 484.90997314453125
start in data :  CyberShake 564
Jobs number:  50
Tasks number: 147
loss: 410.7257080078125
start in data :  CyberShake 565
Jobs number:  50
Tasks number: 151
loss: 421.03765869140625
start in data :  CyberShake 566
Jobs number:  50
Tasks number: 148
loss: 377.8533020019531
start in data :  CyberShake 567
Jobs number:  50
Tasks number: 149
loss: 437.935791015625
start in data :  CyberShake 568
Jobs number:  50
Tasks number: 147
loss: 438.1262512207031
start in data :  CyberShake 569
Jobs number:  50
Tasks number: 152
loss: 458.4207458496094
start in data :  CyberShake 570
Jobs number:  50
Tasks number: 153
loss: 417.41650390625
start in data :  CyberShake 571
Jobs number:  50
Tasks number: 146
loss: 507.05279541015625
start in data :  CyberShake 572
Jobs number:  50
Tasks number: 149
loss: 417.817626953125
start in data :  CyberShake 573
Jobs number:  50
Tasks number: 147
loss: 415.83343505859375
start in data :  CyberShake 574
Jobs number:  50
Tasks number: 149
loss: 445.440673828125
start in data :  CyberShake 575
Jobs number:  50
Tasks number: 146
loss: 415.49127197265625
start in data :  CyberShake 576
Jobs number:  50
Tasks number: 152
loss: 429.9129943847656
start in data :  CyberShake 577
Jobs number:  50
Tasks number: 149
loss: 427.9624328613281
start in data :  CyberShake 578
Jobs number:  50
Tasks number: 150
loss: 462.86248779296875
start in data :  CyberShake 579
Jobs number:  50
Tasks number: 146
loss: 430.0810241699219
start in data :  CyberShake 580
Jobs number:  50
Tasks number: 149
loss: 495.1485595703125
start in data :  CyberShake 581
Jobs number:  50
Tasks number: 149
loss: 454.2025146484375
start in data :  CyberShake 582
Jobs number:  50
Tasks number: 147
loss: 408.07989501953125
start in data :  CyberShake 583
Jobs number:  50
Tasks number: 148
loss: 371.02423095703125
start in data :  CyberShake 584
Jobs number:  50
Tasks number: 153
loss: 444.8269958496094
start in data :  CyberShake 585
Jobs number:  50
Tasks number: 150
loss: 414.59991455078125
start in data :  CyberShake 586
Jobs number:  50
Tasks number: 149
loss: 428.2798156738281
start in data :  CyberShake 587
Jobs number:  50
Tasks number: 151
loss: 437.84588623046875
start in data :  CyberShake 588
Jobs number:  50
Tasks number: 152
loss: 441.09661865234375
start in data :  CyberShake 589
Jobs number:  50
Tasks number: 150
loss: 399.10443115234375
start in data :  CyberShake 590
Jobs number:  50
Tasks number: 147
loss: 404.5835876464844
start in data :  CyberShake 591
Jobs number:  50
Tasks number: 152
loss: 446.6584167480469
start in data :  CyberShake 592
Jobs number:  50
Tasks number: 147
loss: 471.4322509765625
start in data :  CyberShake 593
Jobs number:  50
Tasks number: 147
loss: 401.7085876464844
start in data :  CyberShake 594
Jobs number:  50
Tasks number: 147
loss: 416.9611511230469
start in data :  CyberShake 595
Jobs number:  50
Tasks number: 147
loss: 410.765625
start in data :  CyberShake 596
Jobs number:  50
Tasks number: 149
loss: 428.447998046875
start in data :  CyberShake 597
Jobs number:  50
Tasks number: 153
loss: 423.82672119140625
start in data :  CyberShake 598
Jobs number:  50
Tasks number: 150
loss: 430.20355224609375
start in data :  CyberShake 599
Jobs number:  50
Tasks number: 150
loss: 473.87615966796875
start in data :  CyberShake 600
Jobs number:  50
Tasks number: 150
loss: 416.9884033203125
start in data :  CyberShake 601
Jobs number:  50
Tasks number: 151
loss: 454.8898620605469
start in data :  CyberShake 602
Jobs number:  50
Tasks number: 147
loss: 402.0002136230469
start in data :  CyberShake 603
Jobs number:  50
Tasks number: 148
loss: 403.36468505859375
start in data :  CyberShake 604
Jobs number:  50
Tasks number: 153
loss: 420.9109191894531
start in data :  CyberShake 605
Jobs number:  50
Tasks number: 149
loss: 425.46490478515625
start in data :  CyberShake 606
Jobs number:  50
Tasks number: 152
loss: 413.9238586425781
start in data :  CyberShake 607
Jobs number:  50
Tasks number: 145
loss: 393.715576171875
start in data :  CyberShake 608
Jobs number:  50
Tasks number: 149
loss: 402.5679626464844
start in data :  CyberShake 609
Jobs number:  50
Tasks number: 152
loss: 443.4960632324219
start in data :  CyberShake 610
Jobs number:  50
Tasks number: 149
loss: 396.6934509277344
start in data :  CyberShake 611
Jobs number:  50
Tasks number: 147
loss: 421.9422607421875
start in data :  CyberShake 612
Jobs number:  50
Tasks number: 146
loss: 427.8966979980469
start in data :  CyberShake 613
Jobs number:  50
Tasks number: 151
loss: 433.79071044921875
start in data :  CyberShake 614
Jobs number:  50
Tasks number: 147
loss: 429.3149108886719
start in data :  CyberShake 615
Jobs number:  50
Tasks number: 146
loss: 417.9563903808594
start in data :  CyberShake 616
Jobs number:  50
Tasks number: 153
loss: 484.5372009277344
start in data :  CyberShake 617
Jobs number:  50
Tasks number: 152
loss: 473.50274658203125
start in data :  CyberShake 618
Jobs number:  50
Tasks number: 147
loss: 387.6541748046875
start in data :  CyberShake 619
Jobs number:  50
Tasks number: 147
loss: 415.10406494140625
start in data :  CyberShake 620
Jobs number:  50
Tasks number: 146
loss: 397.18121337890625
start in data :  CyberShake 621
Jobs number:  50
Tasks number: 147
loss: 412.6351013183594
start in data :  CyberShake 622
Jobs number:  50
Tasks number: 149
loss: 431.70928955078125
start in data :  CyberShake 623
Jobs number:  50
Tasks number: 149
loss: 427.42529296875
start in data :  CyberShake 624
Jobs number:  50
Tasks number: 149
loss: 424.7188415527344
start in data :  CyberShake 625
Jobs number:  50
Tasks number: 150
loss: 408.6036071777344
start in data :  CyberShake 626
Jobs number:  50
Tasks number: 147
loss: 409.4100036621094
start in data :  CyberShake 627
Jobs number:  50
Tasks number: 148
loss: 459.9983825683594
start in data :  CyberShake 628
Jobs number:  50
Tasks number: 149
loss: 428.1489562988281
start in data :  CyberShake 629
Jobs number:  50
Tasks number: 152
loss: 441.40496826171875
start in data :  CyberShake 630
Jobs number:  50
Tasks number: 149
loss: 427.390380859375
start in data :  CyberShake 631
Jobs number:  50
Tasks number: 146
loss: 392.1527404785156
start in data :  CyberShake 632
Jobs number:  50
Tasks number: 148
loss: 428.2185363769531
start in data :  CyberShake 633
Jobs number:  50
Tasks number: 148
loss: 422.2760925292969
start in data :  CyberShake 634
Jobs number:  50
Tasks number: 152
loss: 433.27099609375
start in data :  CyberShake 635
Jobs number:  50
Tasks number: 146
loss: 381.3296813964844
start in data :  CyberShake 636
Jobs number:  50
Tasks number: 149
loss: 418.3998718261719
start in data :  CyberShake 637
Jobs number:  50
Tasks number: 151
loss: 422.0923767089844
start in data :  CyberShake 638
Jobs number:  50
Tasks number: 146
loss: 410.644775390625
start in data :  CyberShake 639
Jobs number:  50
Tasks number: 150
loss: 421.6286926269531
start in data :  CyberShake 640
Jobs number:  50
Tasks number: 148
loss: 468.4540710449219
start in data :  CyberShake 641
Jobs number:  50
Tasks number: 153
loss: 420.51507568359375
start in data :  CyberShake 642
Jobs number:  50
Tasks number: 147
loss: 387.6573181152344
start in data :  CyberShake 643
Jobs number:  50
Tasks number: 151
loss: 418.2313537597656
start in data :  CyberShake 644
Jobs number:  50
Tasks number: 151
loss: 412.973388671875
start in data :  CyberShake 645
Jobs number:  50
Tasks number: 151
loss: 417.9294738769531
start in data :  CyberShake 646
Jobs number:  50
Tasks number: 147
loss: 386.3834228515625
start in data :  CyberShake 647
Jobs number:  50
Tasks number: 150
loss: 425.9888000488281
start in data :  CyberShake 648
Jobs number:  50
Tasks number: 148
loss: 400.40093994140625
start in data :  CyberShake 649
Jobs number:  50
Tasks number: 152
loss: 410.91302490234375
start in data :  CyberShake 650
Jobs number:  50
Tasks number: 148
loss: 396.08843994140625
start in data :  CyberShake 651
Jobs number:  50
Tasks number: 146
loss: 387.4571838378906
start in data :  CyberShake 652
Jobs number:  50
Tasks number: 148
loss: 403.6500244140625
start in data :  CyberShake 653
Jobs number:  50
Tasks number: 150
loss: 456.321044921875
start in data :  CyberShake 654
Jobs number:  50
Tasks number: 148
loss: 504.7353210449219
start in data :  CyberShake 655
Jobs number:  50
Tasks number: 149
loss: 398.9390869140625
start in data :  CyberShake 656
Jobs number:  50
Tasks number: 145
loss: 388.80010986328125
start in data :  CyberShake 657
Jobs number:  50
Tasks number: 145
loss: 446.4798278808594
start in data :  CyberShake 658
Jobs number:  50
Tasks number: 146
loss: 393.25311279296875
start in data :  CyberShake 659
Jobs number:  50
Tasks number: 144
loss: 374.3869934082031
start in data :  CyberShake 660
Jobs number:  50
Tasks number: 146
loss: 412.3316650390625
start in data :  CyberShake 661
Jobs number:  50
Tasks number: 146
loss: 446.19091796875
start in data :  CyberShake 662
Jobs number:  50
Tasks number: 149
loss: 430.83343505859375
start in data :  CyberShake 663
Jobs number:  50
Tasks number: 144
loss: 371.0225830078125
start in data :  CyberShake 664
Jobs number:  50
Tasks number: 147
loss: 433.6365966796875
start in data :  CyberShake 665
Jobs number:  50
Tasks number: 147
loss: 390.9294738769531
start in data :  CyberShake 666
Jobs number:  50
Tasks number: 152
loss: 473.41162109375
start in data :  CyberShake 667
Jobs number:  50
Tasks number: 148
loss: 407.92779541015625
start in data :  CyberShake 668
Jobs number:  50
Tasks number: 150
loss: 422.747802734375
start in data :  CyberShake 669
Jobs number:  50
Tasks number: 147
loss: 413.947265625
start in data :  CyberShake 670
Jobs number:  50
Tasks number: 150
loss: 398.537841796875
start in data :  CyberShake 671
Jobs number:  50
Tasks number: 148
loss: 390.3059387207031
start in data :  CyberShake 672
Jobs number:  50
Tasks number: 151
loss: 415.1672668457031
start in data :  CyberShake 673
Jobs number:  50
Tasks number: 148
loss: 407.352294921875
start in data :  CyberShake 674
Jobs number:  50
Tasks number: 149
loss: 473.1837158203125
start in data :  CyberShake 675
Jobs number:  50
Tasks number: 151
loss: 426.2450256347656
start in data :  CyberShake 676
Jobs number:  50
Tasks number: 148
loss: 405.36920166015625
start in data :  CyberShake 677
Jobs number:  50
Tasks number: 149
loss: 486.0619812011719
start in data :  CyberShake 678
Jobs number:  50
Tasks number: 149
loss: 421.40728759765625
start in data :  CyberShake 679
Jobs number:  50
Tasks number: 148
loss: 401.4981994628906
start in data :  CyberShake 680
Jobs number:  50
Tasks number: 149
loss: 426.1761779785156
start in data :  CyberShake 681
Jobs number:  50
Tasks number: 147
loss: 388.0461120605469
start in data :  CyberShake 682
Jobs number:  50
Tasks number: 150
loss: 418.2500915527344
start in data :  CyberShake 683
Jobs number:  50
Tasks number: 150
loss: 514.9594116210938
start in data :  CyberShake 684
Jobs number:  50
Tasks number: 149
loss: 460.8786926269531
start in data :  CyberShake 685
Jobs number:  50
Tasks number: 148
loss: 388.9516906738281
start in data :  CyberShake 686
Jobs number:  50
Tasks number: 148
loss: 419.4771728515625
start in data :  CyberShake 687
Jobs number:  50
Tasks number: 150
loss: 433.86590576171875
start in data :  CyberShake 688
Jobs number:  50
Tasks number: 151
loss: 423.498046875
start in data :  CyberShake 689
Jobs number:  50
Tasks number: 148
loss: 398.80377197265625
start in data :  CyberShake 690
Jobs number:  50
Tasks number: 149
loss: 402.177001953125
start in data :  CyberShake 691
Jobs number:  50
Tasks number: 148
loss: 420.98394775390625
start in data :  CyberShake 692
Jobs number:  50
Tasks number: 148
loss: 405.5858154296875
start in data :  CyberShake 693
Jobs number:  50
Tasks number: 149
loss: 412.41552734375
start in data :  CyberShake 694
Jobs number:  50
Tasks number: 149
loss: 456.9040832519531
start in data :  CyberShake 695
Jobs number:  50
Tasks number: 151
loss: 418.987060546875
start in data :  CyberShake 696
Jobs number:  50
Tasks number: 153
loss: 431.36236572265625
start in data :  CyberShake 697
Jobs number:  50
Tasks number: 150
loss: 415.2716369628906
start in data :  CyberShake 698
Jobs number:  50
Tasks number: 150
loss: 429.93994140625
start in data :  CyberShake 699
Jobs number:  50
Tasks number: 147
loss: 388.8104248046875
start in data :  CyberShake 700
Jobs number:  50
Tasks number: 149
loss: 421.3388671875
start in data :  CyberShake 701
Jobs number:  50
Tasks number: 153
loss: 460.7912902832031
start in data :  CyberShake 702
Jobs number:  50
Tasks number: 150
loss: 446.76611328125
start in data :  CyberShake 703
Jobs number:  50
Tasks number: 152
loss: 425.60150146484375
start in data :  CyberShake 704
Jobs number:  50
Tasks number: 149
loss: 388.17425537109375
start in data :  CyberShake 705
Jobs number:  50
Tasks number: 146
loss: 378.2140808105469
start in data :  CyberShake 706
Jobs number:  50
Tasks number: 149
loss: 405.3195495605469
start in data :  CyberShake 707
Jobs number:  50
Tasks number: 150
loss: 410.4383239746094
start in data :  CyberShake 708
Jobs number:  50
Tasks number: 146
loss: 416.546630859375
start in data :  CyberShake 709
Jobs number:  50
Tasks number: 145
loss: 401.504150390625
start in data :  CyberShake 710
Jobs number:  50
Tasks number: 148
loss: 413.87188720703125
start in data :  CyberShake 711
Jobs number:  50
Tasks number: 147
loss: 422.37847900390625
start in data :  CyberShake 712
Jobs number:  50
Tasks number: 145
loss: 412.9020690917969
start in data :  CyberShake 713
Jobs number:  50
Tasks number: 153
loss: 491.05340576171875
start in data :  CyberShake 714
Jobs number:  50
Tasks number: 149
loss: 446.14837646484375
start in data :  CyberShake 715
Jobs number:  50
Tasks number: 147
loss: 417.1728820800781
start in data :  CyberShake 716
Jobs number:  50
Tasks number: 151
loss: 445.15997314453125
start in data :  CyberShake 717
Jobs number:  50
Tasks number: 148
loss: 450.676025390625
start in data :  CyberShake 718
Jobs number:  50
Tasks number: 152
loss: 427.60906982421875
start in data :  CyberShake 719
Jobs number:  50
Tasks number: 150
loss: 409.6294860839844
start in data :  CyberShake 720
Jobs number:  50
Tasks number: 152
loss: 450.462158203125
start in data :  CyberShake 721
Jobs number:  50
Tasks number: 145
loss: 399.6990966796875
start in data :  CyberShake 722
Jobs number:  50
Tasks number: 148
loss: 382.19183349609375
start in data :  CyberShake 723
Jobs number:  50
Tasks number: 147
loss: 467.3970642089844
start in data :  CyberShake 724
Jobs number:  50
Tasks number: 151
loss: 421.928466796875
start in data :  CyberShake 725
Jobs number:  50
Tasks number: 147
loss: 390.0428466796875
start in data :  CyberShake 726
Jobs number:  50
Tasks number: 148
loss: 424.7586975097656
start in data :  CyberShake 727
Jobs number:  50
Tasks number: 148
loss: 388.68768310546875
start in data :  CyberShake 728
Jobs number:  50
Tasks number: 145
loss: 414.5803527832031
start in data :  CyberShake 729
Jobs number:  50
Tasks number: 152
loss: 512.91259765625
start in data :  CyberShake 730
Jobs number:  50
Tasks number: 148
loss: 398.32415771484375
start in data :  CyberShake 731
Jobs number:  50
Tasks number: 145
loss: 415.8891906738281
start in data :  CyberShake 732
Jobs number:  50
Tasks number: 150
loss: 418.67840576171875
start in data :  CyberShake 733
Jobs number:  50
Tasks number: 151
loss: 411.1436462402344
start in data :  CyberShake 734
Jobs number:  50
Tasks number: 148
loss: 389.5762939453125
start in data :  CyberShake 735
Jobs number:  50
Tasks number: 149
loss: 421.50933837890625
start in data :  CyberShake 736
Jobs number:  50
Tasks number: 148
loss: 430.98760986328125
start in data :  CyberShake 737
Jobs number:  50
Tasks number: 149
loss: 470.52093505859375
start in data :  CyberShake 738
Jobs number:  50
Tasks number: 157
loss: 438.466552734375
start in data :  CyberShake 739
Jobs number:  50
Tasks number: 149
loss: 400.7647399902344
start in data :  CyberShake 740
Jobs number:  50
Tasks number: 148
loss: 428.5924072265625
start in data :  CyberShake 741
Jobs number:  50
Tasks number: 147
loss: 405.8308410644531
start in data :  CyberShake 742
Jobs number:  50
Tasks number: 150
loss: 423.8186340332031
start in data :  CyberShake 743
Jobs number:  50
Tasks number: 149
loss: 384.0979309082031
start in data :  CyberShake 744
Jobs number:  50
Tasks number: 148
loss: 397.90582275390625
start in data :  CyberShake 745
Jobs number:  50
Tasks number: 147
loss: 402.5649719238281
start in data :  CyberShake 746
Jobs number:  50
Tasks number: 147
loss: 406.1974792480469
start in data :  CyberShake 747
Jobs number:  50
Tasks number: 148
loss: 390.72320556640625
start in data :  CyberShake 748
Jobs number:  50
Tasks number: 149
loss: 420.6511535644531
start in data :  CyberShake 749
Jobs number:  50
Tasks number: 153
loss: 393.3279113769531
start in data :  CyberShake 750
Jobs number:  50
Tasks number: 150
loss: 396.64117431640625
start in data :  CyberShake 751
Jobs number:  50
Tasks number: 150
loss: 405.4610900878906
start in data :  CyberShake 752
Jobs number:  50
Tasks number: 151
loss: 424.7776184082031
start in data :  CyberShake 753
Jobs number:  50
Tasks number: 149
loss: 386.7367858886719
start in data :  CyberShake 754
Jobs number:  50
Tasks number: 146
loss: 384.15545654296875
start in data :  CyberShake 755
Jobs number:  50
Tasks number: 154
loss: 491.12786865234375
start in data :  CyberShake 756
Jobs number:  50
Tasks number: 147
loss: 404.6260986328125
start in data :  CyberShake 757
Jobs number:  50
Tasks number: 156
loss: 448.68731689453125
start in data :  CyberShake 758
Jobs number:  50
Tasks number: 151
loss: 391.18804931640625
start in data :  CyberShake 759
Jobs number:  50
Tasks number: 149
loss: 403.708740234375
start in data :  CyberShake 760
Jobs number:  50
Tasks number: 148
loss: 412.283935546875
start in data :  CyberShake 761
Jobs number:  50
Tasks number: 146
loss: 408.45086669921875
start in data :  CyberShake 762
Jobs number:  50
Tasks number: 151
loss: 425.8167724609375
start in data :  CyberShake 763
Jobs number:  50
Tasks number: 147
loss: 416.4224548339844
start in data :  CyberShake 764
Jobs number:  50
Tasks number: 152
loss: 425.1321716308594
start in data :  CyberShake 765
Jobs number:  50
Tasks number: 150
loss: 430.9334716796875
start in data :  CyberShake 766
Jobs number:  50
Tasks number: 147
loss: 425.9884338378906
start in data :  CyberShake 767
Jobs number:  50
Tasks number: 144
loss: 403.4305114746094
start in data :  CyberShake 768
Jobs number:  50
Tasks number: 149
loss: 420.58636474609375
start in data :  CyberShake 769
Jobs number:  50
Tasks number: 148
loss: 422.2911376953125
start in data :  CyberShake 770
Jobs number:  50
Tasks number: 151
loss: 493.88482666015625
start in data :  CyberShake 771
Jobs number:  50
Tasks number: 148
loss: 429.8117980957031
start in data :  CyberShake 772
Jobs number:  50
Tasks number: 152
loss: 447.47100830078125
start in data :  CyberShake 773
Jobs number:  50
Tasks number: 150
loss: 420.94512939453125
start in data :  CyberShake 774
Jobs number:  50
Tasks number: 149
loss: 411.693359375
start in data :  CyberShake 775
Jobs number:  50
Tasks number: 150
loss: 413.2105407714844
start in data :  CyberShake 776
Jobs number:  50
Tasks number: 150
loss: 390.0334167480469
start in data :  CyberShake 777
Jobs number:  50
Tasks number: 149
loss: 393.3722839355469
start in data :  CyberShake 778
Jobs number:  50
Tasks number: 148
loss: 415.34881591796875
start in data :  CyberShake 779
Jobs number:  50
Tasks number: 147
loss: 391.0366516113281
start in data :  CyberShake 780
Jobs number:  50
Tasks number: 149
loss: 421.57354736328125
start in data :  CyberShake 781
Jobs number:  50
Tasks number: 150
loss: 397.9134826660156
start in data :  CyberShake 782
Jobs number:  50
Tasks number: 145
loss: 375.6257629394531
start in data :  CyberShake 783
Jobs number:  50
Tasks number: 148
loss: 413.24017333984375
start in data :  CyberShake 784
Jobs number:  50
Tasks number: 147
loss: 409.4550476074219
start in data :  CyberShake 785
Jobs number:  50
Tasks number: 152
loss: 472.83074951171875
start in data :  CyberShake 786
Jobs number:  50
Tasks number: 150
loss: 402.4557800292969
start in data :  CyberShake 787
Jobs number:  50
Tasks number: 149
loss: 404.47686767578125
start in data :  CyberShake 788
Jobs number:  50
Tasks number: 148
loss: 434.81103515625
start in data :  CyberShake 789
Jobs number:  50
Tasks number: 150
loss: 425.51739501953125
start in data :  CyberShake 790
Jobs number:  50
Tasks number: 147
loss: 392.76708984375
start in data :  CyberShake 791
Jobs number:  50
Tasks number: 152
loss: 410.6192932128906
start in data :  CyberShake 792
Jobs number:  50
Tasks number: 149
loss: 400.8782653808594
start in data :  CyberShake 793
Jobs number:  50
Tasks number: 150
loss: 409.53204345703125
start in data :  CyberShake 794
Jobs number:  50
Tasks number: 152
loss: 418.71575927734375
start in data :  CyberShake 795
Jobs number:  50
Tasks number: 144
loss: 417.2197265625
start in data :  CyberShake 796
Jobs number:  50
Tasks number: 147
loss: 439.0242919921875
start in data :  CyberShake 797
Jobs number:  50
Tasks number: 148
loss: 370.163330078125
start in data :  CyberShake 798
Jobs number:  50
Tasks number: 151
loss: 425.4711608886719
start in data :  CyberShake 799
Jobs number:  50
Tasks number: 146
loss: 402.4037170410156
start in data :  CyberShake 800
Jobs number:  50
Tasks number: 152
loss: 425.77947998046875
start in data :  CyberShake 801
Jobs number:  50
Tasks number: 150
loss: 395.4006652832031
start in data :  CyberShake 802
Jobs number:  50
Tasks number: 149
loss: 429.982177734375
start in data :  CyberShake 803
Jobs number:  50
Tasks number: 146
loss: 401.4198303222656
start in data :  CyberShake 804
Jobs number:  50
Tasks number: 151
loss: 437.0648193359375
start in data :  CyberShake 805
Jobs number:  50
Tasks number: 146
loss: 398.7723388671875
start in data :  CyberShake 806
Jobs number:  50
Tasks number: 149
loss: 387.4439697265625
start in data :  CyberShake 807
Jobs number:  50
Tasks number: 149
loss: 394.7954406738281
start in data :  CyberShake 808
Jobs number:  50
Tasks number: 149
loss: 431.7663269042969
start in data :  CyberShake 809
Jobs number:  50
Tasks number: 151
loss: 408.32965087890625
start in data :  CyberShake 810
Jobs number:  50
Tasks number: 147
loss: 392.606201171875
start in data :  CyberShake 811
Jobs number:  50
Tasks number: 145
loss: 379.63055419921875
start in data :  CyberShake 812
Jobs number:  50
Tasks number: 147
loss: 441.457275390625
start in data :  CyberShake 813
Jobs number:  50
Tasks number: 150
loss: 379.43310546875
start in data :  CyberShake 814
Jobs number:  50
Tasks number: 147
loss: 454.87567138671875
start in data :  CyberShake 815
Jobs number:  50
Tasks number: 150
loss: 423.89520263671875
start in data :  CyberShake 816
Jobs number:  50
Tasks number: 149
loss: 408.26812744140625
start in data :  CyberShake 817
Jobs number:  50
Tasks number: 149
loss: 396.51788330078125
start in data :  CyberShake 818
Jobs number:  50
Tasks number: 149
loss: 404.91363525390625
start in data :  CyberShake 819
Jobs number:  50
Tasks number: 148
loss: 451.93817138671875
start in data :  CyberShake 820
Jobs number:  50
Tasks number: 148
loss: 434.534423828125
start in data :  CyberShake 821
Jobs number:  50
Tasks number: 149
loss: 397.68927001953125
start in data :  CyberShake 822
Jobs number:  50
Tasks number: 151
loss: 404.0030822753906
start in data :  CyberShake 823
Jobs number:  50
Tasks number: 146
loss: 408.51373291015625
start in data :  CyberShake 824
Jobs number:  50
Tasks number: 151
loss: 410.526611328125
start in data :  CyberShake 825
Jobs number:  50
Tasks number: 151
loss: 453.9907531738281
start in data :  CyberShake 826
Jobs number:  50
Tasks number: 150
loss: 396.72308349609375
start in data :  CyberShake 827
Jobs number:  50
Tasks number: 150
loss: 392.1918029785156
start in data :  CyberShake 828
Jobs number:  50
Tasks number: 149
loss: 429.1759033203125
start in data :  CyberShake 829
Jobs number:  50
Tasks number: 150
loss: 410.2010192871094
start in data :  CyberShake 830
Jobs number:  50
Tasks number: 148
loss: 394.3966064453125
start in data :  CyberShake 831
Jobs number:  50
Tasks number: 145
loss: 405.8287048339844
start in data :  CyberShake 832
Jobs number:  50
Tasks number: 150
loss: 435.3553466796875
start in data :  CyberShake 833
Jobs number:  50
Tasks number: 149
loss: 406.184326171875
start in data :  CyberShake 834
Jobs number:  50
Tasks number: 151
loss: 398.58746337890625
start in data :  CyberShake 835
Jobs number:  50
Tasks number: 150
loss: 472.9322814941406
start in data :  CyberShake 836
Jobs number:  50
Tasks number: 146
loss: 390.768310546875
start in data :  CyberShake 837
Jobs number:  50
Tasks number: 149
loss: 451.0445861816406
start in data :  CyberShake 838
Jobs number:  50
Tasks number: 151
loss: 430.61761474609375
start in data :  CyberShake 839
Jobs number:  50
Tasks number: 147
loss: 421.0120849609375
start in data :  CyberShake 840
Jobs number:  50
Tasks number: 148
loss: 407.684814453125
start in data :  CyberShake 841
Jobs number:  50
Tasks number: 147
loss: 404.6537780761719
start in data :  CyberShake 842
Jobs number:  50
Tasks number: 150
loss: 420.8558654785156
start in data :  CyberShake 843
Jobs number:  50
Tasks number: 146
loss: 401.06195068359375
start in data :  CyberShake 844
Jobs number:  50
Tasks number: 149
loss: 414.1932678222656
start in data :  CyberShake 845
Jobs number:  50
Tasks number: 150
loss: 388.3038635253906
start in data :  CyberShake 846
Jobs number:  50
Tasks number: 147
loss: 403.7890319824219
start in data :  CyberShake 847
Jobs number:  50
Tasks number: 148
loss: 401.0107421875
start in data :  CyberShake 848
Jobs number:  50
Tasks number: 151
loss: 417.5986633300781
start in data :  CyberShake 849
Jobs number:  50
Tasks number: 146
loss: 409.4119873046875
start in data :  CyberShake 850
Jobs number:  50
Tasks number: 147
loss: 437.6830139160156
start in data :  CyberShake 851
Jobs number:  50
Tasks number: 146
loss: 390.5792236328125
start in data :  CyberShake 852
Jobs number:  50
Tasks number: 153
loss: 431.0872802734375
start in data :  CyberShake 853
Jobs number:  50
Tasks number: 147
loss: 389.60430908203125
start in data :  CyberShake 854
Jobs number:  50
Tasks number: 151
loss: 436.8109436035156
start in data :  CyberShake 855
Jobs number:  50
Tasks number: 148
loss: 398.1233215332031
start in data :  CyberShake 856
Jobs number:  50
Tasks number: 152
loss: 437.8216247558594
start in data :  CyberShake 857
Jobs number:  50
Tasks number: 150
loss: 388.1059265136719
start in data :  CyberShake 858
Jobs number:  50
Tasks number: 148
loss: 387.68548583984375
start in data :  CyberShake 859
Jobs number:  50
Tasks number: 148
loss: 382.2951354980469
start in data :  CyberShake 860
Jobs number:  50
Tasks number: 144
loss: 376.5169677734375
start in data :  CyberShake 861
Jobs number:  50
Tasks number: 146
loss: 405.2647399902344
start in data :  CyberShake 862
Jobs number:  50
Tasks number: 148
loss: 405.36328125
start in data :  CyberShake 863
Jobs number:  50
Tasks number: 151
loss: 395.82763671875
start in data :  CyberShake 864
Jobs number:  50
Tasks number: 149
loss: 396.1763610839844
start in data :  CyberShake 865
Jobs number:  50
Tasks number: 150
loss: 416.595458984375
start in data :  CyberShake 866
Jobs number:  50
Tasks number: 149
loss: 421.6895446777344
start in data :  CyberShake 867
Jobs number:  50
Tasks number: 145
loss: 373.4698181152344
start in data :  CyberShake 868
Jobs number:  50
Tasks number: 150
loss: 412.4660339355469
start in data :  CyberShake 869
Jobs number:  50
Tasks number: 150
loss: 417.6587219238281
start in data :  CyberShake 870
Jobs number:  50
Tasks number: 152
loss: 420.49322509765625
start in data :  CyberShake 871
Jobs number:  50
Tasks number: 145
loss: 403.7633056640625
start in data :  CyberShake 872
Jobs number:  50
Tasks number: 148
loss: 402.38482666015625
start in data :  CyberShake 873
Jobs number:  50
Tasks number: 146
loss: 424.5447998046875
start in data :  CyberShake 874
Jobs number:  50
Tasks number: 153
loss: 444.4352722167969
start in data :  CyberShake 875
Jobs number:  50
Tasks number: 148
loss: 423.96600341796875
start in data :  CyberShake 876
Jobs number:  50
Tasks number: 149
loss: 418.14031982421875
start in data :  CyberShake 877
Jobs number:  50
Tasks number: 146
loss: 378.467529296875
start in data :  CyberShake 878
Jobs number:  50
Tasks number: 146
loss: 404.6488952636719
start in data :  CyberShake 879
Jobs number:  50
Tasks number: 149
loss: 412.3564758300781
start in data :  CyberShake 880
Jobs number:  50
Tasks number: 153
loss: 424.1119384765625
start in data :  CyberShake 881
Jobs number:  50
Tasks number: 149
loss: 437.2675476074219
start in data :  CyberShake 882
Jobs number:  50
Tasks number: 146
loss: 393.7252502441406
start in data :  CyberShake 883
Jobs number:  50
Tasks number: 150
loss: 379.94891357421875
start in data :  CyberShake 884
Jobs number:  50
Tasks number: 152
loss: 439.06024169921875
start in data :  CyberShake 885
Jobs number:  50
Tasks number: 146
loss: 408.54339599609375
start in data :  CyberShake 886
Jobs number:  50
Tasks number: 153
loss: 393.63275146484375
start in data :  CyberShake 887
Jobs number:  50
Tasks number: 150
loss: 432.94342041015625
start in data :  CyberShake 888
Jobs number:  50
Tasks number: 152
loss: 424.5196533203125
start in data :  CyberShake 889
Jobs number:  50
Tasks number: 149
loss: 400.156494140625
start in data :  CyberShake 890
Jobs number:  50
Tasks number: 148
loss: 406.3584289550781
start in data :  CyberShake 891
Jobs number:  50
Tasks number: 151
loss: 407.5622863769531
start in data :  CyberShake 892
Jobs number:  50
Tasks number: 148
loss: 384.09222412109375
start in data :  CyberShake 893
Jobs number:  50
Tasks number: 152
loss: 400.8825988769531
start in data :  CyberShake 894
Jobs number:  50
Tasks number: 145
loss: 399.87677001953125
start in data :  CyberShake 895
Jobs number:  50
Tasks number: 147
loss: 429.778076171875
start in data :  CyberShake 896
Jobs number:  50
Tasks number: 152
loss: 395.77398681640625
start in data :  CyberShake 897
Jobs number:  50
Tasks number: 150
loss: 391.32342529296875
start in data :  CyberShake 898
Jobs number:  50
Tasks number: 149
loss: 414.9647216796875
start in data :  CyberShake 899
Jobs number:  50
Tasks number: 148
loss: 382.6879577636719
start in data: CyberShake 900
Jobs number:  50
Tasks number: 149
makespan: 78
start in data: CyberShake 901
Jobs number:  50
Tasks number: 148
makespan: 75
start in data: CyberShake 902
Jobs number:  50
Tasks number: 148
makespan: 80
start in data: CyberShake 903
Jobs number:  50
Tasks number: 149
makespan: 81
start in data: CyberShake 904
Jobs number:  50
Tasks number: 149
makespan: 75
start in data: CyberShake 905
Jobs number:  50
Tasks number: 150
makespan: 69
start in data: CyberShake 906
Jobs number:  50
Tasks number: 148
makespan: 78
start in data: CyberShake 907
Jobs number:  50
Tasks number: 149
makespan: 87
start in data: CyberShake 908
Jobs number:  50
Tasks number: 146
makespan: 81
start in data: CyberShake 909
Jobs number:  50
Tasks number: 148
makespan: 77
start in data: CyberShake 910
Jobs number:  50
Tasks number: 151
makespan: 75
start in data: CyberShake 911
Jobs number:  50
Tasks number: 148
makespan: 72
start in data: CyberShake 912
Jobs number:  50
Tasks number: 148
makespan: 78
start in data: CyberShake 913
Jobs number:  50
Tasks number: 149
makespan: 76
start in data: CyberShake 914
Jobs number:  50
Tasks number: 149
makespan: 75
start in data: CyberShake 915
Jobs number:  50
Tasks number: 150
makespan: 79
start in data: CyberShake 916
Jobs number:  50
Tasks number: 150
makespan: 69
start in data: CyberShake 917
Jobs number:  50
Tasks number: 147
makespan: 75
start in data: CyberShake 918
Jobs number:  50
Tasks number: 150
makespan: 78
start in data: CyberShake 919
Jobs number:  50
Tasks number: 150
makespan: 73
start in data: CyberShake 920
Jobs number:  50
Tasks number: 145
makespan: 79
start in data: CyberShake 921
Jobs number:  50
Tasks number: 149
makespan: 75
start in data: CyberShake 922
Jobs number:  50
Tasks number: 148
makespan: 72
start in data: CyberShake 923
Jobs number:  50
Tasks number: 147
makespan: 69
start in data: CyberShake 924
Jobs number:  50
Tasks number: 150
makespan: 83
start in data: CyberShake 925
Jobs number:  50
Tasks number: 150
makespan: 77
start in data: CyberShake 926
Jobs number:  50
Tasks number: 146
makespan: 81
start in data: CyberShake 927
Jobs number:  50
Tasks number: 149
makespan: 78
start in data: CyberShake 928
Jobs number:  50
Tasks number: 145
makespan: 83
start in data: CyberShake 929
Jobs number:  50
Tasks number: 153
makespan: 71
start in data: CyberShake 930
Jobs number:  50
Tasks number: 147
makespan: 79
start in data: CyberShake 931
Jobs number:  50
Tasks number: 147
makespan: 71
start in data: CyberShake 932
Jobs number:  50
Tasks number: 145
makespan: 73
start in data: CyberShake 933
Jobs number:  50
Tasks number: 147
makespan: 78
start in data: CyberShake 934
Jobs number:  50
Tasks number: 152
makespan: 84
start in data: CyberShake 935
Jobs number:  50
Tasks number: 147
makespan: 77
start in data: CyberShake 936
Jobs number:  50
Tasks number: 152
makespan: 75
start in data: CyberShake 937
Jobs number:  50
Tasks number: 149
makespan: 80
start in data: CyberShake 938
Jobs number:  50
Tasks number: 149
makespan: 72
start in data: CyberShake 939
Jobs number:  50
Tasks number: 147
makespan: 75
start in data: CyberShake 940
Jobs number:  50
Tasks number: 150
makespan: 78
start in data: CyberShake 941
Jobs number:  50
Tasks number: 150
makespan: 81
start in data: CyberShake 942
Jobs number:  50
Tasks number: 150
makespan: 79
start in data: CyberShake 943
Jobs number:  50
Tasks number: 148
makespan: 78
start in data: CyberShake 944
Jobs number:  50
Tasks number: 148
makespan: 85
start in data: CyberShake 945
Jobs number:  50
Tasks number: 147
makespan: 79
start in data: CyberShake 946
Jobs number:  50
Tasks number: 149
makespan: 79
start in data: CyberShake 947
Jobs number:  50
Tasks number: 148
makespan: 76
start in data: CyberShake 948
Jobs number:  50
Tasks number: 146
makespan: 77
start in data: CyberShake 949
Jobs number:  50
Tasks number: 152
makespan: 81
start in data: CyberShake 950
Jobs number:  50
Tasks number: 149
makespan: 73
start in data: CyberShake 951
Jobs number:  50
Tasks number: 154
makespan: 87
start in data: CyberShake 952
Jobs number:  50
Tasks number: 147
makespan: 69
start in data: CyberShake 953
Jobs number:  50
Tasks number: 152
makespan: 77
start in data: CyberShake 954
Jobs number:  50
Tasks number: 150
makespan: 81
start in data: CyberShake 955
Jobs number:  50
Tasks number: 151
makespan: 86
start in data: CyberShake 956
Jobs number:  50
Tasks number: 146
makespan: 83
start in data: CyberShake 957
Jobs number:  50
Tasks number: 153
makespan: 78
start in data: CyberShake 958
Jobs number:  50
Tasks number: 147
makespan: 81
start in data: CyberShake 959
Jobs number:  50
Tasks number: 151
makespan: 79
start in data: CyberShake 960
Jobs number:  50
Tasks number: 152
makespan: 76
start in data: CyberShake 961
Jobs number:  50
Tasks number: 148
makespan: 82
start in data: CyberShake 962
Jobs number:  50
Tasks number: 150
makespan: 76
start in data: CyberShake 963
Jobs number:  50
Tasks number: 150
makespan: 74
start in data: CyberShake 964
Jobs number:  50
Tasks number: 151
makespan: 81
start in data: CyberShake 965
Jobs number:  50
Tasks number: 146
makespan: 74
start in data: CyberShake 966
Jobs number:  50
Tasks number: 148
makespan: 81
start in data: CyberShake 967
Jobs number:  50
Tasks number: 145
makespan: 65
start in data: CyberShake 968
Jobs number:  50
Tasks number: 151
makespan: 79
start in data: CyberShake 969
Jobs number:  50
Tasks number: 147
makespan: 69
start in data: CyberShake 970
Jobs number:  50
Tasks number: 148
makespan: 76
start in data: CyberShake 971
Jobs number:  50
Tasks number: 148
makespan: 82
start in data: CyberShake 972
Jobs number:  50
Tasks number: 149
makespan: 74
start in data: CyberShake 973
Jobs number:  50
Tasks number: 150
makespan: 88
start in data: CyberShake 974
Jobs number:  50
Tasks number: 145
makespan: 81
start in data: CyberShake 975
Jobs number:  50
Tasks number: 151
makespan: 76
start in data: CyberShake 976
Jobs number:  50
Tasks number: 145
makespan: 72
start in data: CyberShake 977
Jobs number:  50
Tasks number: 153
makespan: 82
start in data: CyberShake 978
Jobs number:  50
Tasks number: 151
makespan: 75
start in data: CyberShake 979
Jobs number:  50
Tasks number: 145
makespan: 76
start in data: CyberShake 980
Jobs number:  50
Tasks number: 150
makespan: 80
start in data: CyberShake 981
Jobs number:  50
Tasks number: 151
makespan: 81
start in data: CyberShake 982
Jobs number:  50
Tasks number: 148
makespan: 78
start in data: CyberShake 983
Jobs number:  50
Tasks number: 150
makespan: 78
start in data: CyberShake 984
Jobs number:  50
Tasks number: 148
makespan: 82
start in data: CyberShake 985
Jobs number:  50
Tasks number: 149
makespan: 84
start in data: CyberShake 986
Jobs number:  50
Tasks number: 152
makespan: 80
start in data: CyberShake 987
Jobs number:  50
Tasks number: 152
makespan: 82
start in data: CyberShake 988
Jobs number:  50
Tasks number: 151
makespan: 75
start in data: CyberShake 989
Jobs number:  50
Tasks number: 149
makespan: 82
start in data: CyberShake 990
Jobs number:  50
Tasks number: 151
makespan: 85
start in data: CyberShake 991
Jobs number:  50
Tasks number: 149
makespan: 75
start in data: CyberShake 992
Jobs number:  50
Tasks number: 156
makespan: 87
start in data: CyberShake 993
Jobs number:  50
Tasks number: 156
makespan: 81
start in data: CyberShake 994
Jobs number:  50
Tasks number: 146
makespan: 82
start in data: CyberShake 995
Jobs number:  50
Tasks number: 148
makespan: 77
start in data: CyberShake 996
Jobs number:  50
Tasks number: 152
makespan: 65
start in data: CyberShake 997
Jobs number:  50
Tasks number: 150
makespan: 81
start in data: CyberShake 998
Jobs number:  50
Tasks number: 148
makespan: 78
start in data: CyberShake 999
Jobs number:  50
Tasks number: 150
makespan: 73
