start in data :  CyberShake 0
Jobs number:  10
Tasks number: 31
loss: 204.32345581054688
start in data :  CyberShake 1
Jobs number:  10
Tasks number: 34
loss: 154.06524658203125
start in data :  CyberShake 2
Jobs number:  10
Tasks number: 28
loss: 83.63378143310547
start in data :  CyberShake 3
Jobs number:  10
Tasks number: 29
loss: 88.63639831542969
start in data :  CyberShake 4
Jobs number:  10
Tasks number: 27
loss: 67.23466491699219
start in data :  CyberShake 5
Jobs number:  10
Tasks number: 31
loss: 94.15562438964844
start in data :  CyberShake 6
Jobs number:  10
Tasks number: 29
loss: 97.44157409667969
start in data :  CyberShake 7
Jobs number:  10
Tasks number: 26
loss: 74.27426147460938
start in data :  CyberShake 8
Jobs number:  10
Tasks number: 25
loss: 55.326904296875
start in data :  CyberShake 9
Jobs number:  10
Tasks number: 33
loss: 133.69561767578125
start in data :  CyberShake 10
Jobs number:  10
Tasks number: 30
loss: 95.50181579589844
start in data :  CyberShake 11
Jobs number:  10
Tasks number: 31
loss: 134.71279907226562
start in data :  CyberShake 12
Jobs number:  10
Tasks number: 31
loss: 96.99800872802734
start in data :  CyberShake 13
Jobs number:  10
Tasks number: 29
loss: 106.07742309570312
start in data :  CyberShake 14
Jobs number:  10
Tasks number: 26
loss: 76.24327850341797
start in data :  CyberShake 15
Jobs number:  10
Tasks number: 27
loss: 76.2669448852539
start in data :  CyberShake 16
Jobs number:  10
Tasks number: 27
loss: 63.28965759277344
start in data :  CyberShake 17
Jobs number:  10
Tasks number: 32
loss: 109.61817932128906
start in data :  CyberShake 18
Jobs number:  10
Tasks number: 24
loss: 72.32901000976562
start in data :  CyberShake 19
Jobs number:  10
Tasks number: 25
loss: 75.9918212890625
start in data :  CyberShake 20
Jobs number:  10
Tasks number: 28
loss: 76.33743286132812
start in data :  CyberShake 21
Jobs number:  10
Tasks number: 37
loss: 132.3999786376953
start in data :  CyberShake 22
Jobs number:  10
Tasks number: 30
loss: 95.49928283691406
start in data :  CyberShake 23
Jobs number:  10
Tasks number: 28
loss: 83.275634765625
start in data :  CyberShake 24
Jobs number:  10
Tasks number: 31
loss: 78.3700180053711
start in data :  CyberShake 25
Jobs number:  10
Tasks number: 27
loss: 68.6109619140625
start in data :  CyberShake 26
Jobs number:  10
Tasks number: 31
loss: 84.7596664428711
start in data :  CyberShake 27
Jobs number:  10
Tasks number: 30
loss: 87.39932250976562
start in data :  CyberShake 28
Jobs number:  10
Tasks number: 27
loss: 75.34468078613281
start in data :  CyberShake 29
Jobs number:  10
Tasks number: 29
loss: 87.11619567871094
start in data :  CyberShake 30
Jobs number:  10
Tasks number: 29
loss: 75.30917358398438
start in data :  CyberShake 31
Jobs number:  10
Tasks number: 32
loss: 111.29010772705078
start in data :  CyberShake 32
Jobs number:  10
Tasks number: 28
loss: 71.69600677490234
start in data :  CyberShake 33
Jobs number:  10
Tasks number: 30
loss: 84.7576904296875
start in data :  CyberShake 34
Jobs number:  10
Tasks number: 29
loss: 81.4104995727539
start in data :  CyberShake 35
Jobs number:  10
Tasks number: 27
loss: 78.49244689941406
start in data :  CyberShake 36
Jobs number:  10
Tasks number: 30
loss: 77.09745025634766
start in data :  CyberShake 37
Jobs number:  10
Tasks number: 31
loss: 92.86947631835938
start in data :  CyberShake 38
Jobs number:  10
Tasks number: 26
loss: 66.54981994628906
start in data :  CyberShake 39
Jobs number:  10
Tasks number: 35
loss: 130.3253631591797
start in data :  CyberShake 40
Jobs number:  10
Tasks number: 28
loss: 88.28073120117188
start in data :  CyberShake 41
Jobs number:  10
Tasks number: 31
loss: 98.84375
start in data :  CyberShake 42
Jobs number:  10
Tasks number: 32
loss: 93.11583709716797
start in data :  CyberShake 43
Jobs number:  10
Tasks number: 32
loss: 115.39556121826172
start in data :  CyberShake 44
Jobs number:  10
Tasks number: 27
loss: 70.89474487304688
start in data :  CyberShake 45
Jobs number:  10
Tasks number: 32
loss: 92.33515930175781
start in data :  CyberShake 46
Jobs number:  10
Tasks number: 27
loss: 68.12403106689453
start in data :  CyberShake 47
Jobs number:  10
Tasks number: 29
loss: 79.2139663696289
start in data :  CyberShake 48
Jobs number:  10
Tasks number: 27
loss: 77.86786651611328
start in data :  CyberShake 49
Jobs number:  10
Tasks number: 29
loss: 79.7032699584961
start in data :  CyberShake 50
Jobs number:  10
Tasks number: 28
loss: 80.97432708740234
start in data :  CyberShake 51
Jobs number:  10
Tasks number: 30
loss: 78.62031555175781
start in data :  CyberShake 52
Jobs number:  10
Tasks number: 26
loss: 58.25196838378906
start in data :  CyberShake 53
Jobs number:  10
Tasks number: 29
loss: 77.89007568359375
start in data :  CyberShake 54
Jobs number:  10
Tasks number: 26
loss: 67.11166381835938
start in data :  CyberShake 55
Jobs number:  10
Tasks number: 30
loss: 76.97267150878906
start in data :  CyberShake 56
Jobs number:  10
Tasks number: 29
loss: 69.78784942626953
start in data :  CyberShake 57
Jobs number:  10
Tasks number: 24
loss: 65.72102355957031
start in data :  CyberShake 58
Jobs number:  10
Tasks number: 28
loss: 73.26522827148438
start in data :  CyberShake 59
Jobs number:  10
Tasks number: 27
loss: 57.44916534423828
start in data :  CyberShake 60
Jobs number:  10
Tasks number: 27
loss: 70.5628890991211
start in data :  CyberShake 61
Jobs number:  10
Tasks number: 31
loss: 94.40206909179688
start in data :  CyberShake 62
Jobs number:  10
Tasks number: 34
loss: 114.75199127197266
start in data :  CyberShake 63
Jobs number:  10
Tasks number: 27
loss: 72.959716796875
start in data :  CyberShake 64
Jobs number:  10
Tasks number: 28
loss: 71.15123748779297
start in data :  CyberShake 65
Jobs number:  10
Tasks number: 35
loss: 116.40306854248047
start in data :  CyberShake 66
Jobs number:  10
Tasks number: 31
loss: 82.23274230957031
start in data :  CyberShake 67
Jobs number:  10
Tasks number: 28
loss: 62.222618103027344
start in data :  CyberShake 68
Jobs number:  10
Tasks number: 30
loss: 84.58655548095703
start in data :  CyberShake 69
Jobs number:  10
Tasks number: 30
loss: 79.4561538696289
start in data :  CyberShake 70
Jobs number:  10
Tasks number: 24
loss: 51.815269470214844
start in data :  CyberShake 71
Jobs number:  10
Tasks number: 27
loss: 77.61211395263672
start in data :  CyberShake 72
Jobs number:  10
Tasks number: 32
loss: 98.97728729248047
start in data :  CyberShake 73
Jobs number:  10
Tasks number: 27
loss: 52.749149322509766
start in data :  CyberShake 74
Jobs number:  10
Tasks number: 29
loss: 73.79413604736328
start in data :  CyberShake 75
Jobs number:  10
Tasks number: 28
loss: 64.23511505126953
start in data :  CyberShake 76
Jobs number:  10
Tasks number: 31
loss: 90.51773071289062
start in data :  CyberShake 77
Jobs number:  10
Tasks number: 27
loss: 64.72137451171875
start in data :  CyberShake 78
Jobs number:  10
Tasks number: 30
loss: 75.443115234375
start in data :  CyberShake 79
Jobs number:  10
Tasks number: 28
loss: 78.41777801513672
start in data :  CyberShake 80
Jobs number:  10
Tasks number: 30
loss: 79.31465911865234
start in data :  CyberShake 81
Jobs number:  10
Tasks number: 27
loss: 68.08262634277344
start in data :  CyberShake 82
Jobs number:  10
Tasks number: 27
loss: 52.54429244995117
start in data :  CyberShake 83
Jobs number:  10
Tasks number: 30
loss: 72.863037109375
start in data :  CyberShake 84
Jobs number:  10
Tasks number: 32
loss: 111.27518463134766
start in data :  CyberShake 85
Jobs number:  10
Tasks number: 27
loss: 56.4427490234375
start in data :  CyberShake 86
Jobs number:  10
Tasks number: 32
loss: 81.0352554321289
start in data :  CyberShake 87
Jobs number:  10
Tasks number: 27
loss: 78.5751953125
start in data :  CyberShake 88
Jobs number:  10
Tasks number: 30
loss: 77.0691909790039
start in data :  CyberShake 89
Jobs number:  10
Tasks number: 29
loss: 79.60493469238281
start in data :  CyberShake 90
Jobs number:  10
Tasks number: 28
loss: 61.93489074707031
start in data :  CyberShake 91
Jobs number:  10
Tasks number: 29
loss: 75.4078598022461
start in data :  CyberShake 92
Jobs number:  10
Tasks number: 28
loss: 73.98007202148438
start in data :  CyberShake 93
Jobs number:  10
Tasks number: 31
loss: 66.29694366455078
start in data :  CyberShake 94
Jobs number:  10
Tasks number: 30
loss: 82.28550720214844
start in data :  CyberShake 95
Jobs number:  10
Tasks number: 27
loss: 56.68439483642578
start in data :  CyberShake 96
Jobs number:  10
Tasks number: 30
loss: 75.99700164794922
start in data :  CyberShake 97
Jobs number:  10
Tasks number: 28
loss: 62.51329803466797
start in data :  CyberShake 98
Jobs number:  10
Tasks number: 26
loss: 71.19580078125
start in data :  CyberShake 99
Jobs number:  10
Tasks number: 30
loss: 86.83250427246094
start in data :  CyberShake 100
Jobs number:  10
Tasks number: 30
loss: 73.79813385009766
start in data :  CyberShake 101
Jobs number:  10
Tasks number: 27
loss: 67.74565124511719
start in data :  CyberShake 102
Jobs number:  10
Tasks number: 26
loss: 67.14823913574219
start in data :  CyberShake 103
Jobs number:  10
Tasks number: 27
loss: 70.11194610595703
start in data :  CyberShake 104
Jobs number:  10
Tasks number: 29
loss: 72.334228515625
start in data :  CyberShake 105
Jobs number:  10
Tasks number: 26
loss: 63.48659896850586
start in data :  CyberShake 106
Jobs number:  10
Tasks number: 29
loss: 63.21316146850586
start in data :  CyberShake 107
Jobs number:  10
Tasks number: 31
loss: 91.00939178466797
start in data :  CyberShake 108
Jobs number:  10
Tasks number: 31
loss: 110.61681365966797
start in data :  CyberShake 109
Jobs number:  10
Tasks number: 27
loss: 54.17335510253906
start in data :  CyberShake 110
Jobs number:  10
Tasks number: 33
loss: 88.54642486572266
start in data :  CyberShake 111
Jobs number:  10
Tasks number: 31
loss: 81.94023895263672
start in data :  CyberShake 112
Jobs number:  10
Tasks number: 30
loss: 84.51422882080078
start in data :  CyberShake 113
Jobs number:  10
Tasks number: 27
loss: 63.105812072753906
start in data :  CyberShake 114
Jobs number:  10
Tasks number: 30
loss: 88.71214294433594
start in data :  CyberShake 115
Jobs number:  10
Tasks number: 26
loss: 59.26686477661133
start in data :  CyberShake 116
Jobs number:  10
Tasks number: 27
loss: 59.73655319213867
start in data :  CyberShake 117
Jobs number:  10
Tasks number: 32
loss: 95.16342163085938
start in data :  CyberShake 118
Jobs number:  10
Tasks number: 30
loss: 70.18955993652344
start in data :  CyberShake 119
Jobs number:  10
Tasks number: 30
loss: 75.9688720703125
start in data :  CyberShake 120
Jobs number:  10
Tasks number: 28
loss: 78.07764434814453
start in data :  CyberShake 121
Jobs number:  10
Tasks number: 26
loss: 66.76545715332031
start in data :  CyberShake 122
Jobs number:  10
Tasks number: 26
loss: 63.317630767822266
start in data :  CyberShake 123
Jobs number:  10
Tasks number: 30
loss: 88.41230773925781
start in data :  CyberShake 124
Jobs number:  10
Tasks number: 30
loss: 79.96324920654297
start in data :  CyberShake 125
Jobs number:  10
Tasks number: 31
loss: 75.82350158691406
start in data :  CyberShake 126
Jobs number:  10
Tasks number: 30
loss: 76.81745147705078
start in data :  CyberShake 127
Jobs number:  10
Tasks number: 29
loss: 72.12313079833984
start in data :  CyberShake 128
Jobs number:  10
Tasks number: 29
loss: 82.9345474243164
start in data :  CyberShake 129
Jobs number:  10
Tasks number: 30
loss: 84.96212005615234
start in data :  CyberShake 130
Jobs number:  10
Tasks number: 30
loss: 77.8681640625
start in data :  CyberShake 131
Jobs number:  10
Tasks number: 27
loss: 65.39682006835938
start in data :  CyberShake 132
Jobs number:  10
Tasks number: 31
loss: 86.91476440429688
start in data :  CyberShake 133
Jobs number:  10
Tasks number: 26
loss: 50.532623291015625
start in data :  CyberShake 134
Jobs number:  10
Tasks number: 27
loss: 62.759033203125
start in data :  CyberShake 135
Jobs number:  10
Tasks number: 25
loss: 58.10810089111328
start in data :  CyberShake 136
Jobs number:  10
Tasks number: 26
loss: 52.6755256652832
start in data :  CyberShake 137
Jobs number:  10
Tasks number: 24
loss: 49.18006896972656
start in data :  CyberShake 138
Jobs number:  10
Tasks number: 27
loss: 64.65157318115234
start in data :  CyberShake 139
Jobs number:  10
Tasks number: 27
loss: 65.09030151367188
start in data :  CyberShake 140
Jobs number:  10
Tasks number: 28
loss: 52.71772003173828
start in data :  CyberShake 141
Jobs number:  10
Tasks number: 30
loss: 87.88897705078125
start in data :  CyberShake 142
Jobs number:  10
Tasks number: 29
loss: 71.22908782958984
start in data :  CyberShake 143
Jobs number:  10
Tasks number: 29
loss: 61.61532974243164
start in data :  CyberShake 144
Jobs number:  10
Tasks number: 32
loss: 89.0152587890625
start in data :  CyberShake 145
Jobs number:  10
Tasks number: 28
loss: 55.711036682128906
start in data :  CyberShake 146
Jobs number:  10
Tasks number: 28
loss: 57.14024353027344
start in data :  CyberShake 147
Jobs number:  10
Tasks number: 31
loss: 82.98957824707031
start in data :  CyberShake 148
Jobs number:  10
Tasks number: 28
loss: 60.6396369934082
start in data :  CyberShake 149
Jobs number:  10
Tasks number: 30
loss: 64.94549560546875
start in data :  CyberShake 150
Jobs number:  10
Tasks number: 32
loss: 81.63129425048828
start in data :  CyberShake 151
Jobs number:  10
Tasks number: 29
loss: 67.04092407226562
start in data :  CyberShake 152
Jobs number:  10
Tasks number: 27
loss: 69.62203216552734
start in data :  CyberShake 153
Jobs number:  10
Tasks number: 28
loss: 69.73841094970703
start in data :  CyberShake 154
Jobs number:  10
Tasks number: 27
loss: 55.01492691040039
start in data :  CyberShake 155
Jobs number:  10
Tasks number: 28
loss: 68.02923583984375
start in data :  CyberShake 156
Jobs number:  10
Tasks number: 29
loss: 66.5272216796875
start in data :  CyberShake 157
Jobs number:  10
Tasks number: 27
loss: 54.0216178894043
start in data :  CyberShake 158
Jobs number:  10
Tasks number: 34
loss: 105.42021179199219
start in data :  CyberShake 159
Jobs number:  10
Tasks number: 27
loss: 52.49701690673828
start in data :  CyberShake 160
Jobs number:  10
Tasks number: 33
loss: 97.39175415039062
start in data :  CyberShake 161
Jobs number:  10
Tasks number: 30
loss: 82.48831939697266
start in data :  CyberShake 162
Jobs number:  10
Tasks number: 33
loss: 88.09735107421875
start in data :  CyberShake 163
Jobs number:  10
Tasks number: 28
loss: 83.081787109375
start in data :  CyberShake 164
Jobs number:  10
Tasks number: 34
loss: 115.9072036743164
start in data :  CyberShake 165
Jobs number:  10
Tasks number: 26
loss: 69.09976196289062
start in data :  CyberShake 166
Jobs number:  10
Tasks number: 29
loss: 64.32839965820312
start in data :  CyberShake 167
Jobs number:  10
Tasks number: 30
loss: 70.1209487915039
start in data :  CyberShake 168
Jobs number:  10
Tasks number: 28
loss: 59.94834899902344
start in data :  CyberShake 169
Jobs number:  10
Tasks number: 29
loss: 82.56025695800781
start in data :  CyberShake 170
Jobs number:  10
Tasks number: 30
loss: 100.34504699707031
start in data :  CyberShake 171
Jobs number:  10
Tasks number: 30
loss: 70.77781677246094
start in data :  CyberShake 172
Jobs number:  10
Tasks number: 29
loss: 73.42757415771484
start in data :  CyberShake 173
Jobs number:  10
Tasks number: 28
loss: 76.11672973632812
start in data :  CyberShake 174
Jobs number:  10
Tasks number: 28
loss: 58.5562629699707
start in data :  CyberShake 175
Jobs number:  10
Tasks number: 28
loss: 60.68963623046875
start in data :  CyberShake 176
Jobs number:  10
Tasks number: 26
loss: 61.10969924926758
start in data :  CyberShake 177
Jobs number:  10
Tasks number: 29
loss: 69.34744262695312
start in data :  CyberShake 178
Jobs number:  10
Tasks number: 30
loss: 74.80229949951172
start in data :  CyberShake 179
Jobs number:  10
Tasks number: 27
loss: 48.74723434448242
start in data :  CyberShake 180
Jobs number:  10
Tasks number: 31
loss: 79.89375305175781
start in data :  CyberShake 181
Jobs number:  10
Tasks number: 30
loss: 86.73124694824219
start in data :  CyberShake 182
Jobs number:  10
Tasks number: 28
loss: 51.970645904541016
start in data :  CyberShake 183
Jobs number:  10
Tasks number: 28
loss: 59.48189926147461
start in data :  CyberShake 184
Jobs number:  10
Tasks number: 28
loss: 73.09999084472656
start in data :  CyberShake 185
Jobs number:  10
Tasks number: 31
loss: 82.06783294677734
start in data :  CyberShake 186
Jobs number:  10
Tasks number: 33
loss: 84.46853637695312
start in data :  CyberShake 187
Jobs number:  10
Tasks number: 28
loss: 59.49919509887695
start in data :  CyberShake 188
Jobs number:  10
Tasks number: 32
loss: 69.84053039550781
start in data :  CyberShake 189
Jobs number:  10
Tasks number: 29
loss: 68.67329406738281
start in data :  CyberShake 190
Jobs number:  10
Tasks number: 31
loss: 75.54132080078125
start in data :  CyberShake 191
Jobs number:  10
Tasks number: 27
loss: 47.54524230957031
start in data :  CyberShake 192
Jobs number:  10
Tasks number: 31
loss: 72.23786163330078
start in data :  CyberShake 193
Jobs number:  10
Tasks number: 25
loss: 53.551475524902344
start in data :  CyberShake 194
Jobs number:  10
Tasks number: 24
loss: 51.80256271362305
start in data :  CyberShake 195
Jobs number:  10
Tasks number: 29
loss: 58.46776580810547
start in data :  CyberShake 196
Jobs number:  10
Tasks number: 29
loss: 68.99945831298828
start in data :  CyberShake 197
Jobs number:  10
Tasks number: 28
loss: 67.69111633300781
start in data :  CyberShake 198
Jobs number:  10
Tasks number: 27
loss: 61.36581802368164
start in data :  CyberShake 199
Jobs number:  10
Tasks number: 27
loss: 84.52793884277344
start in data :  CyberShake 200
Jobs number:  10
Tasks number: 27
loss: 58.74787902832031
start in data :  CyberShake 201
Jobs number:  10
Tasks number: 27
loss: 71.24785614013672
start in data :  CyberShake 202
Jobs number:  10
Tasks number: 32
loss: 88.6190414428711
start in data :  CyberShake 203
Jobs number:  10
Tasks number: 32
loss: 79.37703704833984
start in data :  CyberShake 204
Jobs number:  10
Tasks number: 27
loss: 59.31758499145508
start in data :  CyberShake 205
Jobs number:  10
Tasks number: 28
loss: 68.71128845214844
start in data :  CyberShake 206
Jobs number:  10
Tasks number: 32
loss: 84.30608367919922
start in data :  CyberShake 207
Jobs number:  10
Tasks number: 27
loss: 58.26721954345703
start in data :  CyberShake 208
Jobs number:  10
Tasks number: 30
loss: 72.25179290771484
start in data :  CyberShake 209
Jobs number:  10
Tasks number: 30
loss: 69.30007934570312
start in data :  CyberShake 210
Jobs number:  10
Tasks number: 28
loss: 66.4365234375
start in data :  CyberShake 211
Jobs number:  10
Tasks number: 25
loss: 51.283084869384766
start in data :  CyberShake 212
Jobs number:  10
Tasks number: 29
loss: 70.8570327758789
start in data :  CyberShake 213
Jobs number:  10
Tasks number: 30
loss: 63.06588363647461
start in data :  CyberShake 214
Jobs number:  10
Tasks number: 25
loss: 66.07473754882812
start in data :  CyberShake 215
Jobs number:  10
Tasks number: 26
loss: 46.33578872680664
start in data :  CyberShake 216
Jobs number:  10
Tasks number: 28
loss: 59.314815521240234
start in data :  CyberShake 217
Jobs number:  10
Tasks number: 28
loss: 80.255859375
start in data :  CyberShake 218
Jobs number:  10
Tasks number: 27
loss: 59.758880615234375
start in data :  CyberShake 219
Jobs number:  10
Tasks number: 29
loss: 89.05281066894531
start in data :  CyberShake 220
Jobs number:  10
Tasks number: 30
loss: 73.06884765625
start in data :  CyberShake 221
Jobs number:  10
Tasks number: 27
loss: 62.07403564453125
start in data :  CyberShake 222
Jobs number:  10
Tasks number: 33
loss: 93.73723602294922
start in data :  CyberShake 223
Jobs number:  10
Tasks number: 31
loss: 90.96405029296875
start in data :  CyberShake 224
Jobs number:  10
Tasks number: 28
loss: 50.36774444580078
start in data :  CyberShake 225
Jobs number:  10
Tasks number: 24
loss: 52.44136428833008
start in data :  CyberShake 226
Jobs number:  10
Tasks number: 29
loss: 71.84947204589844
start in data :  CyberShake 227
Jobs number:  10
Tasks number: 30
loss: 84.53974914550781
start in data :  CyberShake 228
Jobs number:  10
Tasks number: 29
loss: 87.33661651611328
start in data :  CyberShake 229
Jobs number:  10
Tasks number: 34
loss: 105.69625091552734
start in data :  CyberShake 230
Jobs number:  10
Tasks number: 27
loss: 58.4539680480957
start in data :  CyberShake 231
Jobs number:  10
Tasks number: 25
loss: 45.179237365722656
start in data :  CyberShake 232
Jobs number:  10
Tasks number: 30
loss: 69.60096740722656
start in data :  CyberShake 233
Jobs number:  10
Tasks number: 32
loss: 77.36581420898438
start in data :  CyberShake 234
Jobs number:  10
Tasks number: 30
loss: 71.00242614746094
start in data :  CyberShake 235
Jobs number:  10
Tasks number: 32
loss: 77.921875
start in data :  CyberShake 236
Jobs number:  10
Tasks number: 27
loss: 70.93971252441406
start in data :  CyberShake 237
Jobs number:  10
Tasks number: 27
loss: 62.675926208496094
start in data :  CyberShake 238
Jobs number:  10
Tasks number: 30
loss: 79.89897155761719
start in data :  CyberShake 239
Jobs number:  10
Tasks number: 31
loss: 73.85965728759766
start in data :  CyberShake 240
Jobs number:  10
Tasks number: 31
loss: 56.289024353027344
start in data :  CyberShake 241
Jobs number:  10
Tasks number: 28
loss: 59.04295349121094
start in data :  CyberShake 242
Jobs number:  10
Tasks number: 30
loss: 61.55049133300781
start in data :  CyberShake 243
Jobs number:  10
Tasks number: 32
loss: 84.78267669677734
start in data :  CyberShake 244
Jobs number:  10
Tasks number: 30
loss: 71.9471206665039
start in data :  CyberShake 245
Jobs number:  10
Tasks number: 29
loss: 78.02448272705078
start in data :  CyberShake 246
Jobs number:  10
Tasks number: 27
loss: 58.3873405456543
start in data :  CyberShake 247
Jobs number:  10
Tasks number: 25
loss: 71.23486328125
start in data :  CyberShake 248
Jobs number:  10
Tasks number: 28
loss: 65.10208129882812
start in data :  CyberShake 249
Jobs number:  10
Tasks number: 29
loss: 58.63410186767578
start in data :  CyberShake 250
Jobs number:  10
Tasks number: 29
loss: 67.71915435791016
start in data :  CyberShake 251
Jobs number:  10
Tasks number: 29
loss: 70.44694519042969
start in data :  CyberShake 252
Jobs number:  10
Tasks number: 25
loss: 43.63158416748047
start in data :  CyberShake 253
Jobs number:  10
Tasks number: 30
loss: 72.5409164428711
start in data :  CyberShake 254
Jobs number:  10
Tasks number: 31
loss: 76.76751708984375
start in data :  CyberShake 255
Jobs number:  10
Tasks number: 28
loss: 61.75980758666992
start in data :  CyberShake 256
Jobs number:  10
Tasks number: 26
loss: 55.529945373535156
start in data :  CyberShake 257
Jobs number:  10
Tasks number: 29
loss: 55.97776794433594
start in data :  CyberShake 258
Jobs number:  10
Tasks number: 29
loss: 94.27375793457031
start in data :  CyberShake 259
Jobs number:  10
Tasks number: 26
loss: 52.43822479248047
start in data :  CyberShake 260
Jobs number:  10
Tasks number: 27
loss: 60.3389892578125
start in data :  CyberShake 261
Jobs number:  10
Tasks number: 28
loss: 54.61552429199219
start in data :  CyberShake 262
Jobs number:  10
Tasks number: 29
loss: 71.44886779785156
start in data :  CyberShake 263
Jobs number:  10
Tasks number: 26
loss: 64.07183074951172
start in data :  CyberShake 264
Jobs number:  10
Tasks number: 29
loss: 70.11914825439453
start in data :  CyberShake 265
Jobs number:  10
Tasks number: 31
loss: 76.99142456054688
start in data :  CyberShake 266
Jobs number:  10
Tasks number: 27
loss: 54.41990661621094
start in data :  CyberShake 267
Jobs number:  10
Tasks number: 27
loss: 47.48522186279297
start in data :  CyberShake 268
Jobs number:  10
Tasks number: 28
loss: 60.263519287109375
start in data :  CyberShake 269
Jobs number:  10
Tasks number: 29
loss: 87.88029479980469
start in data :  CyberShake 270
Jobs number:  10
Tasks number: 29
loss: 56.30664825439453
start in data :  CyberShake 271
Jobs number:  10
Tasks number: 32
loss: 79.34195709228516
start in data :  CyberShake 272
Jobs number:  10
Tasks number: 29
loss: 70.9623794555664
start in data :  CyberShake 273
Jobs number:  10
Tasks number: 30
loss: 78.37893676757812
start in data :  CyberShake 274
Jobs number:  10
Tasks number: 33
loss: 73.63793182373047
start in data :  CyberShake 275
Jobs number:  10
Tasks number: 28
loss: 53.003265380859375
start in data :  CyberShake 276
Jobs number:  10
Tasks number: 32
loss: 79.17607116699219
start in data :  CyberShake 277
Jobs number:  10
Tasks number: 32
loss: 73.94563293457031
start in data :  CyberShake 278
Jobs number:  10
Tasks number: 28
loss: 64.31607818603516
start in data :  CyberShake 279
Jobs number:  10
Tasks number: 35
loss: 94.83824920654297
start in data :  CyberShake 280
Jobs number:  10
Tasks number: 35
loss: 97.62890625
start in data :  CyberShake 281
Jobs number:  10
Tasks number: 30
loss: 75.3177490234375
start in data :  CyberShake 282
Jobs number:  10
Tasks number: 30
loss: 57.789703369140625
start in data :  CyberShake 283
Jobs number:  10
Tasks number: 28
loss: 66.65110778808594
start in data :  CyberShake 284
Jobs number:  10
Tasks number: 28
loss: 52.57178497314453
start in data :  CyberShake 285
Jobs number:  10
Tasks number: 28
loss: 58.961448669433594
start in data :  CyberShake 286
Jobs number:  10
Tasks number: 31
loss: 76.47533416748047
start in data :  CyberShake 287
Jobs number:  10
Tasks number: 32
loss: 65.54208374023438
start in data :  CyberShake 288
Jobs number:  10
Tasks number: 31
loss: 56.577064514160156
start in data :  CyberShake 289
Jobs number:  10
Tasks number: 28
loss: 57.04369354248047
start in data :  CyberShake 290
Jobs number:  10
Tasks number: 29
loss: 61.12379837036133
start in data :  CyberShake 291
Jobs number:  10
Tasks number: 27
loss: 69.76396942138672
start in data :  CyberShake 292
Jobs number:  10
Tasks number: 35
loss: 89.8414535522461
start in data :  CyberShake 293
Jobs number:  10
Tasks number: 31
loss: 89.03659057617188
start in data :  CyberShake 294
Jobs number:  10
Tasks number: 30
loss: 67.60352325439453
start in data :  CyberShake 295
Jobs number:  10
Tasks number: 31
loss: 96.97476196289062
start in data :  CyberShake 296
Jobs number:  10
Tasks number: 33
loss: 74.42891693115234
start in data :  CyberShake 297
Jobs number:  10
Tasks number: 31
loss: 89.29800415039062
start in data :  CyberShake 298
Jobs number:  10
Tasks number: 25
loss: 51.42328643798828
start in data :  CyberShake 299
Jobs number:  10
Tasks number: 29
loss: 66.98682403564453
start in data :  CyberShake 300
Jobs number:  10
Tasks number: 30
loss: 68.03304290771484
start in data :  CyberShake 301
Jobs number:  10
Tasks number: 29
loss: 68.67639923095703
start in data :  CyberShake 302
Jobs number:  10
Tasks number: 35
loss: 88.59809875488281
start in data :  CyberShake 303
Jobs number:  10
Tasks number: 27
loss: 59.484779357910156
start in data :  CyberShake 304
Jobs number:  10
Tasks number: 31
loss: 68.2454605102539
start in data :  CyberShake 305
Jobs number:  10
Tasks number: 26
loss: 59.894447326660156
start in data :  CyberShake 306
Jobs number:  10
Tasks number: 33
loss: 100.20597839355469
start in data :  CyberShake 307
Jobs number:  10
Tasks number: 32
loss: 91.86685180664062
start in data :  CyberShake 308
Jobs number:  10
Tasks number: 30
loss: 81.86888122558594
start in data :  CyberShake 309
Jobs number:  10
Tasks number: 30
loss: 68.3293228149414
start in data :  CyberShake 310
Jobs number:  10
Tasks number: 28
loss: 56.28879165649414
start in data :  CyberShake 311
Jobs number:  10
Tasks number: 32
loss: 70.5771255493164
start in data :  CyberShake 312
Jobs number:  10
Tasks number: 29
loss: 55.003910064697266
start in data :  CyberShake 313
Jobs number:  10
Tasks number: 29
loss: 63.26762008666992
start in data :  CyberShake 314
Jobs number:  10
Tasks number: 29
loss: 54.748661041259766
start in data :  CyberShake 315
Jobs number:  10
Tasks number: 29
loss: 55.116905212402344
start in data :  CyberShake 316
Jobs number:  10
Tasks number: 30
loss: 72.68679809570312
start in data :  CyberShake 317
Jobs number:  10
Tasks number: 28
loss: 60.36099624633789
start in data :  CyberShake 318
Jobs number:  10
Tasks number: 29
loss: 81.37648010253906
start in data :  CyberShake 319
Jobs number:  10
Tasks number: 28
loss: 54.49772262573242
start in data :  CyberShake 320
Jobs number:  10
Tasks number: 27
loss: 61.40202713012695
start in data :  CyberShake 321
Jobs number:  10
Tasks number: 30
loss: 72.22193908691406
start in data :  CyberShake 322
Jobs number:  10
Tasks number: 28
loss: 56.681907653808594
start in data :  CyberShake 323
Jobs number:  10
Tasks number: 28
loss: 58.305389404296875
start in data :  CyberShake 324
Jobs number:  10
Tasks number: 25
loss: 58.44789505004883
start in data :  CyberShake 325
Jobs number:  10
Tasks number: 26
loss: 50.73717498779297
start in data :  CyberShake 326
Jobs number:  10
Tasks number: 28
loss: 60.51140213012695
start in data :  CyberShake 327
Jobs number:  10
Tasks number: 29
loss: 84.32057189941406
start in data :  CyberShake 328
Jobs number:  10
Tasks number: 25
loss: 55.31421661376953
start in data :  CyberShake 329
Jobs number:  10
Tasks number: 33
loss: 85.43762969970703
start in data :  CyberShake 330
Jobs number:  10
Tasks number: 33
loss: 78.59965515136719
start in data :  CyberShake 331
Jobs number:  10
Tasks number: 26
loss: 50.96521759033203
start in data :  CyberShake 332
Jobs number:  10
Tasks number: 28
loss: 65.8387222290039
start in data :  CyberShake 333
Jobs number:  10
Tasks number: 29
loss: 65.91459655761719
start in data :  CyberShake 334
Jobs number:  10
Tasks number: 29
loss: 66.70465850830078
start in data :  CyberShake 335
Jobs number:  10
Tasks number: 26
loss: 64.7977523803711
start in data :  CyberShake 336
Jobs number:  10
Tasks number: 31
loss: 98.96697998046875
start in data :  CyberShake 337
Jobs number:  10
Tasks number: 30
loss: 78.35682678222656
start in data :  CyberShake 338
Jobs number:  10
Tasks number: 29
loss: 67.68560028076172
start in data :  CyberShake 339
Jobs number:  10
Tasks number: 30
loss: 67.8363037109375
start in data :  CyberShake 340
Jobs number:  10
Tasks number: 27
loss: 56.87808609008789
start in data :  CyberShake 341
Jobs number:  10
Tasks number: 27
loss: 57.84212875366211
start in data :  CyberShake 342
Jobs number:  10
Tasks number: 29
loss: 67.64303588867188
start in data :  CyberShake 343
Jobs number:  10
Tasks number: 30
loss: 66.22425842285156
start in data :  CyberShake 344
Jobs number:  10
Tasks number: 27
loss: 60.22837448120117
start in data :  CyberShake 345
Jobs number:  10
Tasks number: 32
loss: 78.52264404296875
start in data :  CyberShake 346
Jobs number:  10
Tasks number: 30
loss: 59.15913772583008
start in data :  CyberShake 347
Jobs number:  10
Tasks number: 29
loss: 78.85044860839844
start in data :  CyberShake 348
Jobs number:  10
Tasks number: 26
loss: 67.22077941894531
start in data :  CyberShake 349
Jobs number:  10
Tasks number: 29
loss: 47.469661712646484
start in data :  CyberShake 350
Jobs number:  10
Tasks number: 28
loss: 70.74637603759766
start in data :  CyberShake 351
Jobs number:  10
Tasks number: 25
loss: 42.914039611816406
start in data :  CyberShake 352
Jobs number:  10
Tasks number: 29
loss: 65.04473876953125
start in data :  CyberShake 353
Jobs number:  10
Tasks number: 30
loss: 76.5323486328125
start in data :  CyberShake 354
Jobs number:  10
Tasks number: 27
loss: 64.16485595703125
start in data :  CyberShake 355
Jobs number:  10
Tasks number: 27
loss: 47.85539245605469
start in data :  CyberShake 356
Jobs number:  10
Tasks number: 30
loss: 76.51988983154297
start in data :  CyberShake 357
Jobs number:  10
Tasks number: 27
loss: 48.52520751953125
start in data :  CyberShake 358
Jobs number:  10
Tasks number: 26
loss: 48.198204040527344
start in data :  CyberShake 359
Jobs number:  10
Tasks number: 30
loss: 83.87718963623047
start in data :  CyberShake 360
Jobs number:  10
Tasks number: 28
loss: 81.09976196289062
start in data :  CyberShake 361
Jobs number:  10
Tasks number: 30
loss: 69.39938354492188
start in data :  CyberShake 362
Jobs number:  10
Tasks number: 28
loss: 57.664215087890625
start in data :  CyberShake 363
Jobs number:  10
Tasks number: 33
loss: 75.41190338134766
start in data :  CyberShake 364
Jobs number:  10
Tasks number: 29
loss: 62.51123046875
start in data :  CyberShake 365
Jobs number:  10
Tasks number: 26
loss: 50.57575988769531
start in data :  CyberShake 366
Jobs number:  10
Tasks number: 30
loss: 80.64879608154297
start in data :  CyberShake 367
Jobs number:  10
Tasks number: 27
loss: 53.8731575012207
start in data :  CyberShake 368
Jobs number:  10
Tasks number: 28
loss: 52.34526443481445
start in data :  CyberShake 369
Jobs number:  10
Tasks number: 29
loss: 63.715972900390625
start in data :  CyberShake 370
Jobs number:  10
Tasks number: 29
loss: 56.722450256347656
start in data :  CyberShake 371
Jobs number:  10
Tasks number: 28
loss: 81.625732421875
start in data :  CyberShake 372
Jobs number:  10
Tasks number: 29
loss: 67.63443756103516
start in data :  CyberShake 373
Jobs number:  10
Tasks number: 28
loss: 56.17716979980469
start in data :  CyberShake 374
Jobs number:  10
Tasks number: 31
loss: 58.24600601196289
start in data :  CyberShake 375
Jobs number:  10
Tasks number: 31
loss: 65.16363525390625
start in data :  CyberShake 376
Jobs number:  10
Tasks number: 28
loss: 58.85185623168945
start in data :  CyberShake 377
Jobs number:  10
Tasks number: 31
loss: 74.49809265136719
start in data :  CyberShake 378
Jobs number:  10
Tasks number: 29
loss: 64.66938781738281
start in data :  CyberShake 379
Jobs number:  10
Tasks number: 29
loss: 63.873634338378906
start in data :  CyberShake 380
Jobs number:  10
Tasks number: 24
loss: 46.56959915161133
start in data :  CyberShake 381
Jobs number:  10
Tasks number: 28
loss: 72.93119812011719
start in data :  CyberShake 382
Jobs number:  10
Tasks number: 30
loss: 70.42625427246094
start in data :  CyberShake 383
Jobs number:  10
Tasks number: 28
loss: 58.82901382446289
start in data :  CyberShake 384
Jobs number:  10
Tasks number: 28
loss: 83.74888610839844
start in data :  CyberShake 385
Jobs number:  10
Tasks number: 28
loss: 76.56817626953125
start in data :  CyberShake 386
Jobs number:  10
Tasks number: 28
loss: 59.96815872192383
start in data :  CyberShake 387
Jobs number:  10
Tasks number: 29
loss: 79.58808135986328
start in data :  CyberShake 388
Jobs number:  10
Tasks number: 33
loss: 77.94293975830078
start in data :  CyberShake 389
Jobs number:  10
Tasks number: 29
loss: 62.13179397583008
start in data :  CyberShake 390
Jobs number:  10
Tasks number: 32
loss: 71.62725830078125
start in data :  CyberShake 391
Jobs number:  10
Tasks number: 30
loss: 76.19367218017578
start in data :  CyberShake 392
Jobs number:  10
Tasks number: 28
loss: 59.72846221923828
start in data :  CyberShake 393
Jobs number:  10
Tasks number: 31
loss: 88.88166046142578
start in data :  CyberShake 394
Jobs number:  10
Tasks number: 33
loss: 87.48915100097656
start in data :  CyberShake 395
Jobs number:  10
Tasks number: 30
loss: 78.19007110595703
start in data :  CyberShake 396
Jobs number:  10
Tasks number: 29
loss: 59.047515869140625
start in data :  CyberShake 397
Jobs number:  10
Tasks number: 28
loss: 64.95979309082031
start in data :  CyberShake 398
Jobs number:  10
Tasks number: 34
loss: 94.55244445800781
start in data :  CyberShake 399
Jobs number:  10
Tasks number: 27
loss: 56.78568649291992
start in data :  CyberShake 400
Jobs number:  10
Tasks number: 30
loss: 81.19879150390625
start in data :  CyberShake 401
Jobs number:  10
Tasks number: 25
loss: 51.36835861206055
start in data :  CyberShake 402
Jobs number:  10
Tasks number: 25
loss: 64.15525817871094
start in data :  CyberShake 403
Jobs number:  10
Tasks number: 30
loss: 74.91535949707031
start in data :  CyberShake 404
Jobs number:  10
Tasks number: 27
loss: 72.91138458251953
start in data :  CyberShake 405
Jobs number:  10
Tasks number: 30
loss: 63.846641540527344
start in data :  CyberShake 406
Jobs number:  10
Tasks number: 30
loss: 70.09728240966797
start in data :  CyberShake 407
Jobs number:  10
Tasks number: 32
loss: 73.26283264160156
start in data :  CyberShake 408
Jobs number:  10
Tasks number: 27
loss: 54.51057434082031
start in data :  CyberShake 409
Jobs number:  10
Tasks number: 27
loss: 45.96880340576172
start in data :  CyberShake 410
Jobs number:  10
Tasks number: 25
loss: 55.52190017700195
start in data :  CyberShake 411
Jobs number:  10
Tasks number: 27
loss: 63.344818115234375
start in data :  CyberShake 412
Jobs number:  10
Tasks number: 24
loss: 50.51510238647461
start in data :  CyberShake 413
Jobs number:  10
Tasks number: 29
loss: 58.63172912597656
start in data :  CyberShake 414
Jobs number:  10
Tasks number: 34
loss: 92.75859069824219
start in data :  CyberShake 415
Jobs number:  10
Tasks number: 30
loss: 63.04063034057617
start in data :  CyberShake 416
Jobs number:  10
Tasks number: 29
loss: 66.20472717285156
start in data :  CyberShake 417
Jobs number:  10
Tasks number: 25
loss: 65.86814880371094
start in data :  CyberShake 418
Jobs number:  10
Tasks number: 26
loss: 59.194053649902344
start in data :  CyberShake 419
Jobs number:  10
Tasks number: 32
loss: 70.53424835205078
start in data :  CyberShake 420
Jobs number:  10
Tasks number: 29
loss: 65.88546752929688
start in data :  CyberShake 421
Jobs number:  10
Tasks number: 31
loss: 60.973533630371094
start in data :  CyberShake 422
Jobs number:  10
Tasks number: 27
loss: 66.44839477539062
start in data :  CyberShake 423
Jobs number:  10
Tasks number: 30
loss: 60.573890686035156
start in data :  CyberShake 424
Jobs number:  10
Tasks number: 31
loss: 74.60250854492188
start in data :  CyberShake 425
Jobs number:  10
Tasks number: 28
loss: 67.08277893066406
start in data :  CyberShake 426
Jobs number:  10
Tasks number: 28
loss: 63.76868438720703
start in data :  CyberShake 427
Jobs number:  10
Tasks number: 31
loss: 69.06494903564453
start in data :  CyberShake 428
Jobs number:  10
Tasks number: 26
loss: 52.97356033325195
start in data :  CyberShake 429
Jobs number:  10
Tasks number: 31
loss: 73.01182556152344
start in data :  CyberShake 430
Jobs number:  10
Tasks number: 29
loss: 74.91442108154297
start in data :  CyberShake 431
Jobs number:  10
Tasks number: 29
loss: 64.21587371826172
start in data :  CyberShake 432
Jobs number:  10
Tasks number: 28
loss: 88.2884292602539
start in data :  CyberShake 433
Jobs number:  10
Tasks number: 30
loss: 62.457237243652344
start in data :  CyberShake 434
Jobs number:  10
Tasks number: 29
loss: 70.25617218017578
start in data :  CyberShake 435
Jobs number:  10
Tasks number: 29
loss: 57.29304122924805
start in data :  CyberShake 436
Jobs number:  10
Tasks number: 28
loss: 56.29821014404297
start in data :  CyberShake 437
Jobs number:  10
Tasks number: 28
loss: 55.762779235839844
start in data :  CyberShake 438
Jobs number:  10
Tasks number: 31
loss: 101.90482330322266
start in data :  CyberShake 439
Jobs number:  10
Tasks number: 29
loss: 75.01582336425781
start in data :  CyberShake 440
Jobs number:  10
Tasks number: 27
loss: 63.84404754638672
start in data :  CyberShake 441
Jobs number:  10
Tasks number: 29
loss: 61.134761810302734
start in data :  CyberShake 442
Jobs number:  10
Tasks number: 32
loss: 68.43758392333984
start in data :  CyberShake 443
Jobs number:  10
Tasks number: 28
loss: 53.748626708984375
start in data :  CyberShake 444
Jobs number:  10
Tasks number: 33
loss: 74.73373413085938
start in data :  CyberShake 445
Jobs number:  10
Tasks number: 30
loss: 58.04495620727539
start in data :  CyberShake 446
Jobs number:  10
Tasks number: 25
loss: 52.88116455078125
start in data :  CyberShake 447
Jobs number:  10
Tasks number: 28
loss: 59.39368438720703
start in data :  CyberShake 448
Jobs number:  10
Tasks number: 30
loss: 62.34812545776367
start in data :  CyberShake 449
Jobs number:  10
Tasks number: 26
loss: 72.20423126220703
start in data :  CyberShake 450
Jobs number:  10
Tasks number: 35
loss: 85.47894287109375
start in data :  CyberShake 451
Jobs number:  10
Tasks number: 28
loss: 61.83395004272461
start in data :  CyberShake 452
Jobs number:  10
Tasks number: 34
loss: 87.41249084472656
start in data :  CyberShake 453
Jobs number:  10
Tasks number: 27
loss: 58.627159118652344
start in data :  CyberShake 454
Jobs number:  10
Tasks number: 27
loss: 54.07426452636719
start in data :  CyberShake 455
Jobs number:  10
Tasks number: 31
loss: 78.05024719238281
start in data :  CyberShake 456
Jobs number:  10
Tasks number: 28
loss: 53.789241790771484
start in data :  CyberShake 457
Jobs number:  10
Tasks number: 30
loss: 69.19274139404297
start in data :  CyberShake 458
Jobs number:  10
Tasks number: 31
loss: 75.74730682373047
start in data :  CyberShake 459
Jobs number:  10
Tasks number: 34
loss: 88.38838958740234
start in data :  CyberShake 460
Jobs number:  10
Tasks number: 32
loss: 81.06561279296875
start in data :  CyberShake 461
Jobs number:  10
Tasks number: 31
loss: 79.94001770019531
start in data :  CyberShake 462
Jobs number:  10
Tasks number: 29
loss: 60.117183685302734
start in data :  CyberShake 463
Jobs number:  10
Tasks number: 32
loss: 73.93706512451172
start in data :  CyberShake 464
Jobs number:  10
Tasks number: 31
loss: 80.99445343017578
start in data :  CyberShake 465
Jobs number:  10
Tasks number: 28
loss: 74.44823455810547
start in data :  CyberShake 466
Jobs number:  10
Tasks number: 25
loss: 52.605064392089844
start in data :  CyberShake 467
Jobs number:  10
Tasks number: 31
loss: 74.15592193603516
start in data :  CyberShake 468
Jobs number:  10
Tasks number: 34
loss: 79.81368255615234
start in data :  CyberShake 469
Jobs number:  10
Tasks number: 28
loss: 61.76536560058594
start in data :  CyberShake 470
Jobs number:  10
Tasks number: 30
loss: 62.95534133911133
start in data :  CyberShake 471
Jobs number:  10
Tasks number: 28
loss: 63.19200134277344
start in data :  CyberShake 472
Jobs number:  10
Tasks number: 28
loss: 56.62771224975586
start in data :  CyberShake 473
Jobs number:  10
Tasks number: 29
loss: 59.34358215332031
start in data :  CyberShake 474
Jobs number:  10
Tasks number: 28
loss: 58.43830490112305
start in data :  CyberShake 475
Jobs number:  10
Tasks number: 30
loss: 64.996826171875
start in data :  CyberShake 476
Jobs number:  10
Tasks number: 29
loss: 47.18098068237305
start in data :  CyberShake 477
Jobs number:  10
Tasks number: 32
loss: 67.88854217529297
start in data :  CyberShake 478
Jobs number:  10
Tasks number: 31
loss: 73.5882339477539
start in data :  CyberShake 479
Jobs number:  10
Tasks number: 30
loss: 63.69086837768555
start in data :  CyberShake 480
Jobs number:  10
Tasks number: 29
loss: 67.07855987548828
start in data :  CyberShake 481
Jobs number:  10
Tasks number: 31
loss: 80.00287628173828
start in data :  CyberShake 482
Jobs number:  10
Tasks number: 28
loss: 60.817115783691406
start in data :  CyberShake 483
Jobs number:  10
Tasks number: 29
loss: 54.018707275390625
start in data :  CyberShake 484
Jobs number:  10
Tasks number: 31
loss: 71.30522155761719
start in data :  CyberShake 485
Jobs number:  10
Tasks number: 25
loss: 50.890960693359375
start in data :  CyberShake 486
Jobs number:  10
Tasks number: 32
loss: 71.4632568359375
start in data :  CyberShake 487
Jobs number:  10
Tasks number: 28
loss: 50.63142395019531
start in data :  CyberShake 488
Jobs number:  10
Tasks number: 29
loss: 47.468597412109375
start in data :  CyberShake 489
Jobs number:  10
Tasks number: 29
loss: 71.9582748413086
start in data :  CyberShake 490
Jobs number:  10
Tasks number: 28
loss: 50.37763214111328
start in data :  CyberShake 491
Jobs number:  10
Tasks number: 33
loss: 95.83736419677734
start in data :  CyberShake 492
Jobs number:  10
Tasks number: 27
loss: 63.043174743652344
start in data :  CyberShake 493
Jobs number:  10
Tasks number: 28
loss: 40.34836196899414
start in data :  CyberShake 494
Jobs number:  10
Tasks number: 29
loss: 79.36920166015625
start in data :  CyberShake 495
Jobs number:  10
Tasks number: 31
loss: 67.82852935791016
start in data :  CyberShake 496
Jobs number:  10
Tasks number: 24
loss: 54.81068801879883
start in data :  CyberShake 497
Jobs number:  10
Tasks number: 28
loss: 60.886505126953125
start in data :  CyberShake 498
Jobs number:  10
Tasks number: 28
loss: 46.79898452758789
start in data :  CyberShake 499
Jobs number:  10
Tasks number: 28
loss: 54.48299026489258
start in data :  CyberShake 500
Jobs number:  10
Tasks number: 27
loss: 54.343570709228516
start in data :  CyberShake 501
Jobs number:  10
Tasks number: 30
loss: 78.4720230102539
start in data :  CyberShake 502
Jobs number:  10
Tasks number: 29
loss: 61.897117614746094
start in data :  CyberShake 503
Jobs number:  10
Tasks number: 25
loss: 47.338130950927734
start in data :  CyberShake 504
Jobs number:  10
Tasks number: 29
loss: 59.16027069091797
start in data :  CyberShake 505
Jobs number:  10
Tasks number: 32
loss: 83.94610595703125
start in data :  CyberShake 506
Jobs number:  10
Tasks number: 30
loss: 73.30912780761719
start in data :  CyberShake 507
Jobs number:  10
Tasks number: 30
loss: 63.98464584350586
start in data :  CyberShake 508
Jobs number:  10
Tasks number: 30
loss: 63.893798828125
start in data :  CyberShake 509
Jobs number:  10
Tasks number: 30
loss: 73.1737289428711
start in data :  CyberShake 510
Jobs number:  10
Tasks number: 27
loss: 58.881038665771484
start in data :  CyberShake 511
Jobs number:  10
Tasks number: 29
loss: 44.46434020996094
start in data :  CyberShake 512
Jobs number:  10
Tasks number: 32
loss: 95.0101547241211
start in data :  CyberShake 513
Jobs number:  10
Tasks number: 30
loss: 64.89080047607422
start in data :  CyberShake 514
Jobs number:  10
Tasks number: 28
loss: 73.16983795166016
start in data :  CyberShake 515
Jobs number:  10
Tasks number: 31
loss: 72.90471649169922
start in data :  CyberShake 516
Jobs number:  10
Tasks number: 28
loss: 65.34768676757812
start in data :  CyberShake 517
Jobs number:  10
Tasks number: 31
loss: 100.68463134765625
start in data :  CyberShake 518
Jobs number:  10
Tasks number: 28
loss: 55.417144775390625
start in data :  CyberShake 519
Jobs number:  10
Tasks number: 29
loss: 67.80558776855469
start in data :  CyberShake 520
Jobs number:  10
Tasks number: 28
loss: 59.98604965209961
start in data :  CyberShake 521
Jobs number:  10
Tasks number: 28
loss: 57.10626220703125
start in data :  CyberShake 522
Jobs number:  10
Tasks number: 28
loss: 55.40861511230469
start in data :  CyberShake 523
Jobs number:  10
Tasks number: 29
loss: 58.481903076171875
start in data :  CyberShake 524
Jobs number:  10
Tasks number: 27
loss: 62.73741912841797
start in data :  CyberShake 525
Jobs number:  10
Tasks number: 27
loss: 60.13602066040039
start in data :  CyberShake 526
Jobs number:  10
Tasks number: 33
loss: 71.83366394042969
start in data :  CyberShake 527
Jobs number:  10
Tasks number: 29
loss: 67.159423828125
start in data :  CyberShake 528
Jobs number:  10
Tasks number: 26
loss: 49.36152267456055
start in data :  CyberShake 529
Jobs number:  10
Tasks number: 28
loss: 75.03287506103516
start in data :  CyberShake 530
Jobs number:  10
Tasks number: 27
loss: 76.15202331542969
start in data :  CyberShake 531
Jobs number:  10
Tasks number: 28
loss: 74.40557861328125
start in data :  CyberShake 532
Jobs number:  10
Tasks number: 27
loss: 62.05015182495117
start in data :  CyberShake 533
Jobs number:  10
Tasks number: 29
loss: 69.49856567382812
start in data :  CyberShake 534
Jobs number:  10
Tasks number: 32
loss: 78.6363525390625
start in data :  CyberShake 535
Jobs number:  10
Tasks number: 29
loss: 76.31245422363281
start in data :  CyberShake 536
Jobs number:  10
Tasks number: 27
loss: 61.363258361816406
start in data :  CyberShake 537
Jobs number:  10
Tasks number: 30
loss: 58.573524475097656
start in data :  CyberShake 538
Jobs number:  10
Tasks number: 27
loss: 52.897064208984375
start in data :  CyberShake 539
Jobs number:  10
Tasks number: 28
loss: 78.13373565673828
start in data :  CyberShake 540
Jobs number:  10
Tasks number: 26
loss: 66.13984680175781
start in data :  CyberShake 541
Jobs number:  10
Tasks number: 26
loss: 49.76832962036133
start in data :  CyberShake 542
Jobs number:  10
Tasks number: 35
loss: 87.61679077148438
start in data :  CyberShake 543
Jobs number:  10
Tasks number: 27
loss: 50.957183837890625
start in data :  CyberShake 544
Jobs number:  10
Tasks number: 26
loss: 45.56730651855469
start in data :  CyberShake 545
Jobs number:  10
Tasks number: 31
loss: 68.93465423583984
start in data :  CyberShake 546
Jobs number:  10
Tasks number: 25
loss: 50.40004348754883
start in data :  CyberShake 547
Jobs number:  10
Tasks number: 28
loss: 61.4539794921875
start in data :  CyberShake 548
Jobs number:  10
Tasks number: 26
loss: 53.50849151611328
start in data :  CyberShake 549
Jobs number:  10
Tasks number: 31
loss: 69.99127197265625
start in data :  CyberShake 550
Jobs number:  10
Tasks number: 25
loss: 56.201194763183594
start in data :  CyberShake 551
Jobs number:  10
Tasks number: 27
loss: 55.59906768798828
start in data :  CyberShake 552
Jobs number:  10
Tasks number: 33
loss: 102.79657745361328
start in data :  CyberShake 553
Jobs number:  10
Tasks number: 27
loss: 52.5762939453125
start in data :  CyberShake 554
Jobs number:  10
Tasks number: 29
loss: 69.81822204589844
start in data :  CyberShake 555
Jobs number:  10
Tasks number: 32
loss: 73.3476333618164
start in data :  CyberShake 556
Jobs number:  10
Tasks number: 32
loss: 80.42212677001953
start in data :  CyberShake 557
Jobs number:  10
Tasks number: 25
loss: 47.111698150634766
start in data :  CyberShake 558
Jobs number:  10
Tasks number: 27
loss: 71.9175796508789
start in data :  CyberShake 559
Jobs number:  10
Tasks number: 25
loss: 47.46157455444336
start in data :  CyberShake 560
Jobs number:  10
Tasks number: 27
loss: 46.95600509643555
start in data :  CyberShake 561
Jobs number:  10
Tasks number: 27
loss: 67.40782928466797
start in data :  CyberShake 562
Jobs number:  10
Tasks number: 31
loss: 55.972572326660156
start in data :  CyberShake 563
Jobs number:  10
Tasks number: 28
loss: 71.28154754638672
start in data :  CyberShake 564
Jobs number:  10
Tasks number: 32
loss: 98.40347290039062
start in data :  CyberShake 565
Jobs number:  10
Tasks number: 29
loss: 64.68375396728516
start in data :  CyberShake 566
Jobs number:  10
Tasks number: 31
loss: 65.03628540039062
start in data :  CyberShake 567
Jobs number:  10
Tasks number: 30
loss: 54.302730560302734
start in data :  CyberShake 568
Jobs number:  10
Tasks number: 31
loss: 69.85270690917969
start in data :  CyberShake 569
Jobs number:  10
Tasks number: 28
loss: 64.81166076660156
start in data :  CyberShake 570
Jobs number:  10
Tasks number: 34
loss: 84.98743438720703
start in data :  CyberShake 571
Jobs number:  10
Tasks number: 25
loss: 49.98722839355469
start in data :  CyberShake 572
Jobs number:  10
Tasks number: 29
loss: 63.212921142578125
start in data :  CyberShake 573
Jobs number:  10
Tasks number: 31
loss: 69.51859283447266
start in data :  CyberShake 574
Jobs number:  10
Tasks number: 27
loss: 55.099700927734375
start in data :  CyberShake 575
Jobs number:  10
Tasks number: 29
loss: 78.968994140625
start in data :  CyberShake 576
Jobs number:  10
Tasks number: 31
loss: 72.54432678222656
start in data :  CyberShake 577
Jobs number:  10
Tasks number: 28
loss: 61.668846130371094
start in data :  CyberShake 578
Jobs number:  10
Tasks number: 26
loss: 48.44575500488281
start in data :  CyberShake 579
Jobs number:  10
Tasks number: 30
loss: 70.79598999023438
start in data :  CyberShake 580
Jobs number:  10
Tasks number: 30
loss: 70.84039306640625
start in data :  CyberShake 581
Jobs number:  10
Tasks number: 30
loss: 61.83191680908203
start in data :  CyberShake 582
Jobs number:  10
Tasks number: 26
loss: 49.50303268432617
start in data :  CyberShake 583
Jobs number:  10
Tasks number: 29
loss: 77.57437133789062
start in data :  CyberShake 584
Jobs number:  10
Tasks number: 26
loss: 55.938438415527344
start in data :  CyberShake 585
Jobs number:  10
Tasks number: 26
loss: 60.16566467285156
start in data :  CyberShake 586
Jobs number:  10
Tasks number: 31
loss: 82.67497253417969
start in data :  CyberShake 587
Jobs number:  10
Tasks number: 25
loss: 53.3176155090332
start in data :  CyberShake 588
Jobs number:  10
Tasks number: 27
loss: 56.128875732421875
start in data :  CyberShake 589
Jobs number:  10
Tasks number: 32
loss: 89.39667510986328
start in data :  CyberShake 590
Jobs number:  10
Tasks number: 28
loss: 53.86445999145508
start in data :  CyberShake 591
Jobs number:  10
Tasks number: 32
loss: 80.0879898071289
start in data :  CyberShake 592
Jobs number:  10
Tasks number: 27
loss: 61.97871398925781
start in data :  CyberShake 593
Jobs number:  10
Tasks number: 28
loss: 63.393348693847656
start in data :  CyberShake 594
Jobs number:  10
Tasks number: 31
loss: 86.21316528320312
start in data :  CyberShake 595
Jobs number:  10
Tasks number: 29
loss: 71.50711059570312
start in data :  CyberShake 596
Jobs number:  10
Tasks number: 30
loss: 56.98007583618164
start in data :  CyberShake 597
Jobs number:  10
Tasks number: 26
loss: 45.374610900878906
start in data :  CyberShake 598
Jobs number:  10
Tasks number: 25
loss: 53.98515319824219
start in data :  CyberShake 599
Jobs number:  10
Tasks number: 28
loss: 59.45638656616211
start in data :  CyberShake 600
Jobs number:  10
Tasks number: 29
loss: 67.65721130371094
start in data :  CyberShake 601
Jobs number:  10
Tasks number: 28
loss: 51.33100128173828
start in data :  CyberShake 602
Jobs number:  10
Tasks number: 29
loss: 53.94533920288086
start in data :  CyberShake 603
Jobs number:  10
Tasks number: 26
loss: 42.55781555175781
start in data :  CyberShake 604
Jobs number:  10
Tasks number: 30
loss: 82.28157043457031
start in data :  CyberShake 605
Jobs number:  10
Tasks number: 28
loss: 54.05793762207031
start in data :  CyberShake 606
Jobs number:  10
Tasks number: 25
loss: 35.498470306396484
start in data :  CyberShake 607
Jobs number:  10
Tasks number: 29
loss: 71.4290542602539
start in data :  CyberShake 608
Jobs number:  10
Tasks number: 28
loss: 70.52933502197266
start in data :  CyberShake 609
Jobs number:  10
Tasks number: 30
loss: 57.5655517578125
start in data :  CyberShake 610
Jobs number:  10
Tasks number: 29
loss: 56.14276123046875
start in data :  CyberShake 611
Jobs number:  10
Tasks number: 29
loss: 65.05584716796875
start in data :  CyberShake 612
Jobs number:  10
Tasks number: 25
loss: 56.741668701171875
start in data :  CyberShake 613
Jobs number:  10
Tasks number: 30
loss: 65.62989807128906
start in data :  CyberShake 614
Jobs number:  10
Tasks number: 30
loss: 77.81571960449219
start in data :  CyberShake 615
Jobs number:  10
Tasks number: 28
loss: 51.821632385253906
start in data :  CyberShake 616
Jobs number:  10
Tasks number: 26
loss: 53.3010139465332
start in data :  CyberShake 617
Jobs number:  10
Tasks number: 29
loss: 66.13885498046875
start in data :  CyberShake 618
Jobs number:  10
Tasks number: 27
loss: 48.490516662597656
start in data :  CyberShake 619
Jobs number:  10
Tasks number: 31
loss: 67.4661865234375
start in data :  CyberShake 620
Jobs number:  10
Tasks number: 27
loss: 47.513771057128906
start in data :  CyberShake 621
Jobs number:  10
Tasks number: 35
loss: 97.93663024902344
start in data :  CyberShake 622
Jobs number:  10
Tasks number: 29
loss: 76.42405700683594
start in data :  CyberShake 623
Jobs number:  10
Tasks number: 30
loss: 65.94529724121094
start in data :  CyberShake 624
Jobs number:  10
Tasks number: 30
loss: 62.96192932128906
start in data :  CyberShake 625
Jobs number:  10
Tasks number: 27
loss: 66.05345916748047
start in data :  CyberShake 626
Jobs number:  10
Tasks number: 30
loss: 64.61611938476562
start in data :  CyberShake 627
Jobs number:  10
Tasks number: 30
loss: 75.51400756835938
start in data :  CyberShake 628
Jobs number:  10
Tasks number: 31
loss: 72.46419525146484
start in data :  CyberShake 629
Jobs number:  10
Tasks number: 26
loss: 57.31474304199219
start in data :  CyberShake 630
Jobs number:  10
Tasks number: 34
loss: 77.50968170166016
start in data :  CyberShake 631
Jobs number:  10
Tasks number: 27
loss: 80.2428207397461
start in data :  CyberShake 632
Jobs number:  10
Tasks number: 28
loss: 60.625587463378906
start in data :  CyberShake 633
Jobs number:  10
Tasks number: 32
loss: 71.22866821289062
start in data :  CyberShake 634
Jobs number:  10
Tasks number: 27
loss: 61.2351188659668
start in data :  CyberShake 635
Jobs number:  10
Tasks number: 29
loss: 63.95889663696289
start in data :  CyberShake 636
Jobs number:  10
Tasks number: 30
loss: 63.38484191894531
start in data :  CyberShake 637
Jobs number:  10
Tasks number: 29
loss: 61.31053161621094
start in data :  CyberShake 638
Jobs number:  10
Tasks number: 28
loss: 78.4604721069336
start in data :  CyberShake 639
Jobs number:  10
Tasks number: 32
loss: 81.69209289550781
start in data :  CyberShake 640
Jobs number:  10
Tasks number: 25
loss: 50.7794189453125
start in data :  CyberShake 641
Jobs number:  10
Tasks number: 32
loss: 62.065330505371094
start in data :  CyberShake 642
Jobs number:  10
Tasks number: 31
loss: 67.1027603149414
start in data :  CyberShake 643
Jobs number:  10
Tasks number: 29
loss: 57.0296630859375
start in data :  CyberShake 644
Jobs number:  10
Tasks number: 28
loss: 82.28079223632812
start in data :  CyberShake 645
Jobs number:  10
Tasks number: 30
loss: 61.701080322265625
start in data :  CyberShake 646
Jobs number:  10
Tasks number: 28
loss: 43.20846176147461
start in data :  CyberShake 647
Jobs number:  10
Tasks number: 30
loss: 63.3666877746582
start in data :  CyberShake 648
Jobs number:  10
Tasks number: 30
loss: 61.52623748779297
start in data :  CyberShake 649
Jobs number:  10
Tasks number: 28
loss: 65.78389739990234
start in data :  CyberShake 650
Jobs number:  10
Tasks number: 27
loss: 49.95237350463867
start in data :  CyberShake 651
Jobs number:  10
Tasks number: 27
loss: 63.23065948486328
start in data :  CyberShake 652
Jobs number:  10
Tasks number: 35
loss: 79.7715072631836
start in data :  CyberShake 653
Jobs number:  10
Tasks number: 27
loss: 48.467681884765625
start in data :  CyberShake 654
Jobs number:  10
Tasks number: 28
loss: 71.37007904052734
start in data :  CyberShake 655
Jobs number:  10
Tasks number: 29
loss: 48.14891052246094
start in data :  CyberShake 656
Jobs number:  10
Tasks number: 27
loss: 71.0711669921875
start in data :  CyberShake 657
Jobs number:  10
Tasks number: 27
loss: 44.03417205810547
start in data :  CyberShake 658
Jobs number:  10
Tasks number: 29
loss: 64.86280822753906
start in data :  CyberShake 659
Jobs number:  10
Tasks number: 26
loss: 42.65736389160156
start in data :  CyberShake 660
Jobs number:  10
Tasks number: 25
loss: 57.397789001464844
start in data :  CyberShake 661
Jobs number:  10
Tasks number: 32
loss: 81.03258514404297
start in data :  CyberShake 662
Jobs number:  10
Tasks number: 29
loss: 59.31281280517578
start in data :  CyberShake 663
Jobs number:  10
Tasks number: 31
loss: 89.7173080444336
start in data :  CyberShake 664
Jobs number:  10
Tasks number: 27
loss: 51.28544998168945
start in data :  CyberShake 665
Jobs number:  10
Tasks number: 28
loss: 49.25354766845703
start in data :  CyberShake 666
Jobs number:  10
Tasks number: 27
loss: 49.611576080322266
start in data :  CyberShake 667
Jobs number:  10
Tasks number: 29
loss: 77.72872161865234
start in data :  CyberShake 668
Jobs number:  10
Tasks number: 24
loss: 38.68113327026367
start in data :  CyberShake 669
Jobs number:  10
Tasks number: 28
loss: 66.09741973876953
start in data :  CyberShake 670
Jobs number:  10
Tasks number: 30
loss: 70.52582550048828
start in data :  CyberShake 671
Jobs number:  10
Tasks number: 26
loss: 50.942848205566406
start in data :  CyberShake 672
Jobs number:  10
Tasks number: 28
loss: 70.41425323486328
start in data :  CyberShake 673
Jobs number:  10
Tasks number: 33
loss: 75.21060180664062
start in data :  CyberShake 674
Jobs number:  10
Tasks number: 28
loss: 58.136314392089844
start in data :  CyberShake 675
Jobs number:  10
Tasks number: 29
loss: 81.89840698242188
start in data :  CyberShake 676
Jobs number:  10
Tasks number: 32
loss: 68.30183410644531
start in data :  CyberShake 677
Jobs number:  10
Tasks number: 33
loss: 85.39523315429688
start in data :  CyberShake 678
Jobs number:  10
Tasks number: 28
loss: 45.165672302246094
start in data :  CyberShake 679
Jobs number:  10
Tasks number: 29
loss: 86.42294311523438
start in data :  CyberShake 680
Jobs number:  10
Tasks number: 28
loss: 59.734222412109375
start in data :  CyberShake 681
Jobs number:  10
Tasks number: 32
loss: 103.93578338623047
start in data :  CyberShake 682
Jobs number:  10
Tasks number: 27
loss: 71.42667388916016
start in data :  CyberShake 683
Jobs number:  10
Tasks number: 27
loss: 53.71303176879883
start in data :  CyberShake 684
Jobs number:  10
Tasks number: 33
loss: 91.14171600341797
start in data :  CyberShake 685
Jobs number:  10
Tasks number: 32
loss: 84.69619750976562
start in data :  CyberShake 686
Jobs number:  10
Tasks number: 29
loss: 61.104766845703125
start in data :  CyberShake 687
Jobs number:  10
Tasks number: 30
loss: 78.29761505126953
start in data :  CyberShake 688
Jobs number:  10
Tasks number: 28
loss: 77.03108978271484
start in data :  CyberShake 689
Jobs number:  10
Tasks number: 26
loss: 87.74332427978516
start in data :  CyberShake 690
Jobs number:  10
Tasks number: 28
loss: 61.49961853027344
start in data :  CyberShake 691
Jobs number:  10
Tasks number: 27
loss: 65.19198608398438
start in data :  CyberShake 692
Jobs number:  10
Tasks number: 32
loss: 74.4655532836914
start in data :  CyberShake 693
Jobs number:  10
Tasks number: 28
loss: 63.55462646484375
start in data :  CyberShake 694
Jobs number:  10
Tasks number: 30
loss: 70.77686309814453
start in data :  CyberShake 695
Jobs number:  10
Tasks number: 29
loss: 68.06592559814453
start in data :  CyberShake 696
Jobs number:  10
Tasks number: 26
loss: 50.74346923828125
start in data :  CyberShake 697
Jobs number:  10
Tasks number: 32
loss: 67.48724365234375
start in data :  CyberShake 698
Jobs number:  10
Tasks number: 32
loss: 88.5364990234375
start in data :  CyberShake 699
Jobs number:  10
Tasks number: 26
loss: 41.933170318603516
start in data :  CyberShake 700
Jobs number:  10
Tasks number: 28
loss: 52.587955474853516
start in data :  CyberShake 701
Jobs number:  10
Tasks number: 29
loss: 72.07520294189453
start in data :  CyberShake 702
Jobs number:  10
Tasks number: 29
loss: 61.74406051635742
start in data :  CyberShake 703
Jobs number:  10
Tasks number: 31
loss: 70.07855224609375
start in data :  CyberShake 704
Jobs number:  10
Tasks number: 27
loss: 61.08216857910156
start in data :  CyberShake 705
Jobs number:  10
Tasks number: 29
loss: 71.43244171142578
start in data :  CyberShake 706
Jobs number:  10
Tasks number: 30
loss: 55.77437973022461
start in data :  CyberShake 707
Jobs number:  10
Tasks number: 31
loss: 74.03709411621094
start in data :  CyberShake 708
Jobs number:  10
Tasks number: 36
loss: 89.48797607421875
start in data :  CyberShake 709
Jobs number:  10
Tasks number: 25
loss: 55.93033218383789
start in data :  CyberShake 710
Jobs number:  10
Tasks number: 28
loss: 55.67437744140625
start in data :  CyberShake 711
Jobs number:  10
Tasks number: 29
loss: 53.9041748046875
start in data :  CyberShake 712
Jobs number:  10
Tasks number: 24
loss: 34.90399169921875
start in data :  CyberShake 713
Jobs number:  10
Tasks number: 25
loss: 56.34629821777344
start in data :  CyberShake 714
Jobs number:  10
Tasks number: 29
loss: 52.434326171875
start in data :  CyberShake 715
Jobs number:  10
Tasks number: 31
loss: 73.42711639404297
start in data :  CyberShake 716
Jobs number:  10
Tasks number: 29
loss: 85.94856262207031
start in data :  CyberShake 717
Jobs number:  10
Tasks number: 30
loss: 73.71685791015625
start in data :  CyberShake 718
Jobs number:  10
Tasks number: 30
loss: 61.36188888549805
start in data :  CyberShake 719
Jobs number:  10
Tasks number: 29
loss: 72.55168914794922
start in data :  CyberShake 720
Jobs number:  10
Tasks number: 29
loss: 83.5654296875
start in data :  CyberShake 721
Jobs number:  10
Tasks number: 33
loss: 93.39602661132812
start in data :  CyberShake 722
Jobs number:  10
Tasks number: 34
loss: 84.9782485961914
start in data :  CyberShake 723
Jobs number:  10
Tasks number: 33
loss: 77.40789031982422
start in data :  CyberShake 724
Jobs number:  10
Tasks number: 29
loss: 56.597633361816406
start in data :  CyberShake 725
Jobs number:  10
Tasks number: 35
loss: 87.93029022216797
start in data :  CyberShake 726
Jobs number:  10
Tasks number: 34
loss: 108.08116912841797
start in data :  CyberShake 727
Jobs number:  10
Tasks number: 28
loss: 78.35519409179688
start in data :  CyberShake 728
Jobs number:  10
Tasks number: 31
loss: 70.26777648925781
start in data :  CyberShake 729
Jobs number:  10
Tasks number: 27
loss: 63.55596923828125
start in data :  CyberShake 730
Jobs number:  10
Tasks number: 27
loss: 48.25164031982422
start in data :  CyberShake 731
Jobs number:  10
Tasks number: 28
loss: 54.390296936035156
start in data :  CyberShake 732
Jobs number:  10
Tasks number: 32
loss: 73.43336486816406
start in data :  CyberShake 733
Jobs number:  10
Tasks number: 28
loss: 62.42937088012695
start in data :  CyberShake 734
Jobs number:  10
Tasks number: 28
loss: 57.17210388183594
start in data :  CyberShake 735
Jobs number:  10
Tasks number: 28
loss: 57.749595642089844
start in data :  CyberShake 736
Jobs number:  10
Tasks number: 25
loss: 48.38673400878906
start in data :  CyberShake 737
Jobs number:  10
Tasks number: 29
loss: 59.936241149902344
start in data :  CyberShake 738
Jobs number:  10
Tasks number: 32
loss: 74.45818328857422
start in data :  CyberShake 739
Jobs number:  10
Tasks number: 30
loss: 53.605159759521484
start in data :  CyberShake 740
Jobs number:  10
Tasks number: 26
loss: 58.82596969604492
start in data :  CyberShake 741
Jobs number:  10
Tasks number: 29
loss: 47.8488883972168
start in data :  CyberShake 742
Jobs number:  10
Tasks number: 31
loss: 81.0832290649414
start in data :  CyberShake 743
Jobs number:  10
Tasks number: 32
loss: 84.70293426513672
start in data :  CyberShake 744
Jobs number:  10
Tasks number: 28
loss: 58.46009063720703
start in data :  CyberShake 745
Jobs number:  10
Tasks number: 30
loss: 70.8678207397461
start in data :  CyberShake 746
Jobs number:  10
Tasks number: 27
loss: 67.31088256835938
start in data :  CyberShake 747
Jobs number:  10
Tasks number: 35
loss: 97.88238525390625
start in data :  CyberShake 748
Jobs number:  10
Tasks number: 30
loss: 79.4155044555664
start in data :  CyberShake 749
Jobs number:  10
Tasks number: 25
loss: 68.81453704833984
start in data :  CyberShake 750
Jobs number:  10
Tasks number: 31
loss: 71.97784423828125
start in data :  CyberShake 751
Jobs number:  10
Tasks number: 24
loss: 55.8197135925293
start in data :  CyberShake 752
Jobs number:  10
Tasks number: 30
loss: 80.21170806884766
start in data :  CyberShake 753
Jobs number:  10
Tasks number: 29
loss: 74.44975280761719
start in data :  CyberShake 754
Jobs number:  10
Tasks number: 31
loss: 66.79442596435547
start in data :  CyberShake 755
Jobs number:  10
Tasks number: 29
loss: 60.86974334716797
start in data :  CyberShake 756
Jobs number:  10
Tasks number: 28
loss: 72.88541412353516
start in data :  CyberShake 757
Jobs number:  10
Tasks number: 30
loss: 73.48323822021484
start in data :  CyberShake 758
Jobs number:  10
Tasks number: 31
loss: 81.98011016845703
start in data :  CyberShake 759
Jobs number:  10
Tasks number: 24
loss: 44.667659759521484
start in data :  CyberShake 760
Jobs number:  10
Tasks number: 31
loss: 74.71246337890625
start in data :  CyberShake 761
Jobs number:  10
Tasks number: 30
loss: 62.154502868652344
start in data :  CyberShake 762
Jobs number:  10
Tasks number: 26
loss: 52.23719024658203
start in data :  CyberShake 763
Jobs number:  10
Tasks number: 26
loss: 56.913841247558594
start in data :  CyberShake 764
Jobs number:  10
Tasks number: 28
loss: 64.86776733398438
start in data :  CyberShake 765
Jobs number:  10
Tasks number: 29
loss: 69.67523956298828
start in data :  CyberShake 766
Jobs number:  10
Tasks number: 29
loss: 60.71861267089844
start in data :  CyberShake 767
Jobs number:  10
Tasks number: 27
loss: 58.88197326660156
start in data :  CyberShake 768
Jobs number:  10
Tasks number: 28
loss: 53.475467681884766
start in data :  CyberShake 769
Jobs number:  10
Tasks number: 28
loss: 49.08114242553711
start in data :  CyberShake 770
Jobs number:  10
Tasks number: 30
loss: 83.14875030517578
start in data :  CyberShake 771
Jobs number:  10
Tasks number: 29
loss: 62.91503143310547
start in data :  CyberShake 772
Jobs number:  10
Tasks number: 36
loss: 96.7088623046875
start in data :  CyberShake 773
Jobs number:  10
Tasks number: 30
loss: 72.39600372314453
start in data :  CyberShake 774
Jobs number:  10
Tasks number: 31
loss: 84.98313903808594
start in data :  CyberShake 775
Jobs number:  10
Tasks number: 28
loss: 51.832489013671875
start in data :  CyberShake 776
Jobs number:  10
Tasks number: 30
loss: 72.64766693115234
start in data :  CyberShake 777
Jobs number:  10
Tasks number: 28
loss: 61.01885986328125
start in data :  CyberShake 778
Jobs number:  10
Tasks number: 27
loss: 49.90964126586914
start in data :  CyberShake 779
Jobs number:  10
Tasks number: 30
loss: 73.97158813476562
start in data :  CyberShake 780
Jobs number:  10
Tasks number: 28
loss: 74.97817993164062
start in data :  CyberShake 781
Jobs number:  10
Tasks number: 30
loss: 73.2833480834961
start in data :  CyberShake 782
Jobs number:  10
Tasks number: 29
loss: 74.17111206054688
start in data :  CyberShake 783
Jobs number:  10
Tasks number: 30
loss: 54.396324157714844
start in data :  CyberShake 784
Jobs number:  10
Tasks number: 31
loss: 68.94450378417969
start in data :  CyberShake 785
Jobs number:  10
Tasks number: 32
loss: 65.56845092773438
start in data :  CyberShake 786
Jobs number:  10
Tasks number: 30
loss: 61.93565368652344
start in data :  CyberShake 787
Jobs number:  10
Tasks number: 31
loss: 64.06634521484375
start in data :  CyberShake 788
Jobs number:  10
Tasks number: 32
loss: 81.14000701904297
start in data :  CyberShake 789
Jobs number:  10
Tasks number: 31
loss: 84.17183685302734
start in data :  CyberShake 790
Jobs number:  10
Tasks number: 30
loss: 67.37857818603516
start in data :  CyberShake 791
Jobs number:  10
Tasks number: 31
loss: 69.8597183227539
start in data :  CyberShake 792
Jobs number:  10
Tasks number: 29
loss: 64.47007751464844
start in data :  CyberShake 793
Jobs number:  10
Tasks number: 31
loss: 64.62933349609375
start in data :  CyberShake 794
Jobs number:  10
Tasks number: 35
loss: 89.97280883789062
start in data :  CyberShake 795
Jobs number:  10
Tasks number: 33
loss: 80.38954162597656
start in data :  CyberShake 796
Jobs number:  10
Tasks number: 25
loss: 49.80656814575195
start in data :  CyberShake 797
Jobs number:  10
Tasks number: 27
loss: 70.65324401855469
start in data :  CyberShake 798
Jobs number:  10
Tasks number: 31
loss: 71.74700927734375
start in data :  CyberShake 799
Jobs number:  10
Tasks number: 30
loss: 84.72958374023438
start in data :  CyberShake 800
Jobs number:  10
Tasks number: 27
loss: 54.53767395019531
start in data :  CyberShake 801
Jobs number:  10
Tasks number: 29
loss: 49.10698699951172
start in data :  CyberShake 802
Jobs number:  10
Tasks number: 29
loss: 65.12841033935547
start in data :  CyberShake 803
Jobs number:  10
Tasks number: 35
loss: 85.70832061767578
start in data :  CyberShake 804
Jobs number:  10
Tasks number: 31
loss: 67.75221252441406
start in data :  CyberShake 805
Jobs number:  10
Tasks number: 30
loss: 58.66736602783203
start in data :  CyberShake 806
Jobs number:  10
Tasks number: 29
loss: 50.63981628417969
start in data :  CyberShake 807
Jobs number:  10
Tasks number: 28
loss: 84.13145446777344
start in data :  CyberShake 808
Jobs number:  10
Tasks number: 33
loss: 79.18663787841797
start in data :  CyberShake 809
Jobs number:  10
Tasks number: 28
loss: 63.263607025146484
start in data :  CyberShake 810
Jobs number:  10
Tasks number: 30
loss: 63.18935775756836
start in data :  CyberShake 811
Jobs number:  10
Tasks number: 30
loss: 65.12627410888672
start in data :  CyberShake 812
Jobs number:  10
Tasks number: 27
loss: 43.861732482910156
start in data :  CyberShake 813
Jobs number:  10
Tasks number: 29
loss: 68.71987915039062
start in data :  CyberShake 814
Jobs number:  10
Tasks number: 26
loss: 54.834938049316406
start in data :  CyberShake 815
Jobs number:  10
Tasks number: 27
loss: 51.47084045410156
start in data :  CyberShake 816
Jobs number:  10
Tasks number: 31
loss: 66.42919921875
start in data :  CyberShake 817
Jobs number:  10
Tasks number: 27
loss: 90.91055297851562
start in data :  CyberShake 818
Jobs number:  10
Tasks number: 29
loss: 71.19064331054688
start in data :  CyberShake 819
Jobs number:  10
Tasks number: 30
loss: 62.433616638183594
start in data :  CyberShake 820
Jobs number:  10
Tasks number: 26
loss: 55.25471496582031
start in data :  CyberShake 821
Jobs number:  10
Tasks number: 34
loss: 94.99626922607422
start in data :  CyberShake 822
Jobs number:  10
Tasks number: 30
loss: 63.965721130371094
start in data :  CyberShake 823
Jobs number:  10
Tasks number: 29
loss: 73.86603546142578
start in data :  CyberShake 824
Jobs number:  10
Tasks number: 33
loss: 90.4232406616211
start in data :  CyberShake 825
Jobs number:  10
Tasks number: 31
loss: 65.9064712524414
start in data :  CyberShake 826
Jobs number:  10
Tasks number: 29
loss: 85.23368072509766
start in data :  CyberShake 827
Jobs number:  10
Tasks number: 26
loss: 53.855674743652344
start in data :  CyberShake 828
Jobs number:  10
Tasks number: 27
loss: 44.95600128173828
start in data :  CyberShake 829
Jobs number:  10
Tasks number: 36
loss: 108.22867584228516
start in data :  CyberShake 830
Jobs number:  10
Tasks number: 31
loss: 72.9305191040039
start in data :  CyberShake 831
Jobs number:  10
Tasks number: 26
loss: 59.9714241027832
start in data :  CyberShake 832
Jobs number:  10
Tasks number: 27
loss: 50.56553268432617
start in data :  CyberShake 833
Jobs number:  10
Tasks number: 30
loss: 67.93283081054688
start in data :  CyberShake 834
Jobs number:  10
Tasks number: 32
loss: 80.3388442993164
start in data :  CyberShake 835
Jobs number:  10
Tasks number: 30
loss: 66.24261474609375
start in data :  CyberShake 836
Jobs number:  10
Tasks number: 29
loss: 62.46320724487305
start in data :  CyberShake 837
Jobs number:  10
Tasks number: 31
loss: 88.19216918945312
start in data :  CyberShake 838
Jobs number:  10
Tasks number: 32
loss: 77.12462615966797
start in data :  CyberShake 839
Jobs number:  10
Tasks number: 33
loss: 82.69157409667969
start in data :  CyberShake 840
Jobs number:  10
Tasks number: 29
loss: 56.976627349853516
start in data :  CyberShake 841
Jobs number:  10
Tasks number: 26
loss: 45.31761932373047
start in data :  CyberShake 842
Jobs number:  10
Tasks number: 26
loss: 49.46867370605469
start in data :  CyberShake 843
Jobs number:  10
Tasks number: 29
loss: 57.426326751708984
start in data :  CyberShake 844
Jobs number:  10
Tasks number: 29
loss: 68.01380920410156
start in data :  CyberShake 845
Jobs number:  10
Tasks number: 30
loss: 55.693790435791016
start in data :  CyberShake 846
Jobs number:  10
Tasks number: 24
loss: 57.106353759765625
start in data :  CyberShake 847
Jobs number:  10
Tasks number: 25
loss: 45.75800704956055
start in data :  CyberShake 848
Jobs number:  10
Tasks number: 32
loss: 79.87110900878906
start in data :  CyberShake 849
Jobs number:  10
Tasks number: 29
loss: 93.68617248535156
start in data :  CyberShake 850
Jobs number:  10
Tasks number: 31
loss: 83.96694946289062
start in data :  CyberShake 851
Jobs number:  10
Tasks number: 32
loss: 98.79132843017578
start in data :  CyberShake 852
Jobs number:  10
Tasks number: 25
loss: 41.14668273925781
start in data :  CyberShake 853
Jobs number:  10
Tasks number: 33
loss: 69.92678833007812
start in data :  CyberShake 854
Jobs number:  10
Tasks number: 30
loss: 73.76182556152344
start in data :  CyberShake 855
Jobs number:  10
Tasks number: 30
loss: 69.36680603027344
start in data :  CyberShake 856
Jobs number:  10
Tasks number: 31
loss: 67.87938690185547
start in data :  CyberShake 857
Jobs number:  10
Tasks number: 26
loss: 48.95778274536133
start in data :  CyberShake 858
Jobs number:  10
Tasks number: 32
loss: 71.99977111816406
start in data :  CyberShake 859
Jobs number:  10
Tasks number: 27
loss: 53.75609588623047
start in data :  CyberShake 860
Jobs number:  10
Tasks number: 32
loss: 83.9080810546875
start in data :  CyberShake 861
Jobs number:  10
Tasks number: 27
loss: 52.67993927001953
start in data :  CyberShake 862
Jobs number:  10
Tasks number: 32
loss: 88.34004974365234
start in data :  CyberShake 863
Jobs number:  10
Tasks number: 30
loss: 62.15797805786133
start in data :  CyberShake 864
Jobs number:  10
Tasks number: 26
loss: 58.32252883911133
start in data :  CyberShake 865
Jobs number:  10
Tasks number: 32
loss: 82.28074645996094
start in data :  CyberShake 866
Jobs number:  10
Tasks number: 25
loss: 63.0609245300293
start in data :  CyberShake 867
Jobs number:  10
Tasks number: 30
loss: 71.95475769042969
start in data :  CyberShake 868
Jobs number:  10
Tasks number: 28
loss: 53.557857513427734
start in data :  CyberShake 869
Jobs number:  10
Tasks number: 32
loss: 77.97723388671875
start in data :  CyberShake 870
Jobs number:  10
Tasks number: 27
loss: 67.36588287353516
start in data :  CyberShake 871
Jobs number:  10
Tasks number: 27
loss: 71.76517486572266
start in data :  CyberShake 872
Jobs number:  10
Tasks number: 28
loss: 72.6471939086914
start in data :  CyberShake 873
Jobs number:  10
Tasks number: 33
loss: 74.32673645019531
start in data :  CyberShake 874
Jobs number:  10
Tasks number: 28
loss: 54.25727462768555
start in data :  CyberShake 875
Jobs number:  10
Tasks number: 30
loss: 68.14051818847656
start in data :  CyberShake 876
Jobs number:  10
Tasks number: 31
loss: 80.34598541259766
start in data :  CyberShake 877
Jobs number:  10
Tasks number: 30
loss: 84.34845733642578
start in data :  CyberShake 878
Jobs number:  10
Tasks number: 33
loss: 74.76465606689453
start in data :  CyberShake 879
Jobs number:  10
Tasks number: 29
loss: 56.84516525268555
start in data :  CyberShake 880
Jobs number:  10
Tasks number: 30
loss: 65.84504699707031
start in data :  CyberShake 881
Jobs number:  10
Tasks number: 28
loss: 66.49124908447266
start in data :  CyberShake 882
Jobs number:  10
Tasks number: 29
loss: 67.76260375976562
start in data :  CyberShake 883
Jobs number:  10
Tasks number: 26
loss: 61.88053894042969
start in data :  CyberShake 884
Jobs number:  10
Tasks number: 26
loss: 41.735107421875
start in data :  CyberShake 885
Jobs number:  10
Tasks number: 26
loss: 46.001991271972656
start in data :  CyberShake 886
Jobs number:  10
Tasks number: 31
loss: 80.7636489868164
start in data :  CyberShake 887
Jobs number:  10
Tasks number: 29
loss: 74.8499755859375
start in data :  CyberShake 888
Jobs number:  10
Tasks number: 26
loss: 71.4595947265625
start in data :  CyberShake 889
Jobs number:  10
Tasks number: 26
loss: 69.65116882324219
start in data :  CyberShake 890
Jobs number:  10
Tasks number: 26
loss: 66.52136993408203
start in data :  CyberShake 891
Jobs number:  10
Tasks number: 29
loss: 106.8149642944336
start in data :  CyberShake 892
Jobs number:  10
Tasks number: 26
loss: 56.86717224121094
start in data :  CyberShake 893
Jobs number:  10
Tasks number: 30
loss: 66.08824157714844
start in data :  CyberShake 894
Jobs number:  10
Tasks number: 27
loss: 59.283756256103516
start in data :  CyberShake 895
Jobs number:  10
Tasks number: 29
loss: 64.28602600097656
start in data :  CyberShake 896
Jobs number:  10
Tasks number: 26
loss: 60.0035400390625
start in data :  CyberShake 897
Jobs number:  10
Tasks number: 29
loss: 72.51815795898438
start in data :  CyberShake 898
Jobs number:  10
Tasks number: 27
loss: 77.44561004638672
start in data :  CyberShake 899
Jobs number:  10
Tasks number: 32
loss: 89.40950775146484
start in data: CyberShake 900
Jobs number:  10
Tasks number: 26
makespan: 18
start in data: CyberShake 901
Jobs number:  10
Tasks number: 27
makespan: 19
start in data: CyberShake 902
Jobs number:  10
Tasks number: 30
makespan: 21
start in data: CyberShake 903
Jobs number:  10
Tasks number: 27
makespan: 24
start in data: CyberShake 904
Jobs number:  10
Tasks number: 30
makespan: 22
start in data: CyberShake 905
Jobs number:  10
Tasks number: 29
makespan: 20
start in data: CyberShake 906
Jobs number:  10
Tasks number: 26
makespan: 21
start in data: CyberShake 907
Jobs number:  10
Tasks number: 31
makespan: 20
start in data: CyberShake 908
Jobs number:  10
Tasks number: 31
makespan: 21
start in data: CyberShake 909
Jobs number:  10
Tasks number: 28
makespan: 17
start in data: CyberShake 910
Jobs number:  10
Tasks number: 26
makespan: 19
start in data: CyberShake 911
Jobs number:  10
Tasks number: 29
makespan: 17
start in data: CyberShake 912
Jobs number:  10
Tasks number: 26
makespan: 18
start in data: CyberShake 913
Jobs number:  10
Tasks number: 33
makespan: 22
start in data: CyberShake 914
Jobs number:  10
Tasks number: 29
makespan: 20
start in data: CyberShake 915
Jobs number:  10
Tasks number: 29
makespan: 20
start in data: CyberShake 916
Jobs number:  10
Tasks number: 32
makespan: 20
start in data: CyberShake 917
Jobs number:  10
Tasks number: 30
makespan: 22
start in data: CyberShake 918
Jobs number:  10
Tasks number: 27
makespan: 16
start in data: CyberShake 919
Jobs number:  10
Tasks number: 28
makespan: 16
start in data: CyberShake 920
Jobs number:  10
Tasks number: 29
makespan: 20
start in data: CyberShake 921
Jobs number:  10
Tasks number: 29
makespan: 19
start in data: CyberShake 922
Jobs number:  10
Tasks number: 24
makespan: 20
start in data: CyberShake 923
Jobs number:  10
Tasks number: 27
makespan: 20
start in data: CyberShake 924
Jobs number:  10
Tasks number: 28
makespan: 13
start in data: CyberShake 925
Jobs number:  10
Tasks number: 28
makespan: 20
start in data: CyberShake 926
Jobs number:  10
Tasks number: 26
makespan: 19
start in data: CyberShake 927
Jobs number:  10
Tasks number: 28
makespan: 20
start in data: CyberShake 928
Jobs number:  10
Tasks number: 29
makespan: 22
start in data: CyberShake 929
Jobs number:  10
Tasks number: 29
makespan: 19
start in data: CyberShake 930
Jobs number:  10
Tasks number: 28
makespan: 24
start in data: CyberShake 931
Jobs number:  10
Tasks number: 30
makespan: 17
start in data: CyberShake 932
Jobs number:  10
Tasks number: 24
makespan: 16
start in data: CyberShake 933
Jobs number:  10
Tasks number: 29
makespan: 20
start in data: CyberShake 934
Jobs number:  10
Tasks number: 29
makespan: 24
start in data: CyberShake 935
Jobs number:  10
Tasks number: 31
makespan: 24
start in data: CyberShake 936
Jobs number:  10
Tasks number: 33
makespan: 19
start in data: CyberShake 937
Jobs number:  10
Tasks number: 30
makespan: 21
start in data: CyberShake 938
Jobs number:  10
Tasks number: 35
makespan: 21
start in data: CyberShake 939
Jobs number:  10
Tasks number: 28
makespan: 18
start in data: CyberShake 940
Jobs number:  10
Tasks number: 26
makespan: 17
start in data: CyberShake 941
Jobs number:  10
Tasks number: 27
makespan: 15
start in data: CyberShake 942
Jobs number:  10
Tasks number: 32
makespan: 20
start in data: CyberShake 943
Jobs number:  10
Tasks number: 27
makespan: 19
start in data: CyberShake 944
Jobs number:  10
Tasks number: 28
makespan: 17
start in data: CyberShake 945
Jobs number:  10
Tasks number: 30
makespan: 18
start in data: CyberShake 946
Jobs number:  10
Tasks number: 26
makespan: 17
start in data: CyberShake 947
Jobs number:  10
Tasks number: 29
makespan: 21
start in data: CyberShake 948
Jobs number:  10
Tasks number: 30
makespan: 17
start in data: CyberShake 949
Jobs number:  10
Tasks number: 32
makespan: 21
start in data: CyberShake 950
Jobs number:  10
Tasks number: 27
makespan: 22
start in data: CyberShake 951
Jobs number:  10
Tasks number: 26
makespan: 19
start in data: CyberShake 952
Jobs number:  10
Tasks number: 27
makespan: 21
start in data: CyberShake 953
Jobs number:  10
Tasks number: 25
makespan: 16
start in data: CyberShake 954
Jobs number:  10
Tasks number: 25
makespan: 20
start in data: CyberShake 955
Jobs number:  10
Tasks number: 29
makespan: 22
start in data: CyberShake 956
Jobs number:  10
Tasks number: 24
makespan: 20
start in data: CyberShake 957
Jobs number:  10
Tasks number: 30
makespan: 19
start in data: CyberShake 958
Jobs number:  10
Tasks number: 24
makespan: 22
start in data: CyberShake 959
Jobs number:  10
Tasks number: 30
makespan: 19
start in data: CyberShake 960
Jobs number:  10
Tasks number: 30
makespan: 22
start in data: CyberShake 961
Jobs number:  10
Tasks number: 31
makespan: 21
start in data: CyberShake 962
Jobs number:  10
Tasks number: 27
makespan: 20
start in data: CyberShake 963
Jobs number:  10
Tasks number: 29
makespan: 18
start in data: CyberShake 964
Jobs number:  10
Tasks number: 32
makespan: 21
start in data: CyberShake 965
Jobs number:  10
Tasks number: 29
makespan: 13
start in data: CyberShake 966
Jobs number:  10
Tasks number: 29
makespan: 20
start in data: CyberShake 967
Jobs number:  10
Tasks number: 32
makespan: 20
start in data: CyberShake 968
Jobs number:  10
Tasks number: 29
makespan: 20
start in data: CyberShake 969
Jobs number:  10
Tasks number: 30
makespan: 20
start in data: CyberShake 970
Jobs number:  10
Tasks number: 25
makespan: 21
start in data: CyberShake 971
Jobs number:  10
Tasks number: 31
makespan: 20
start in data: CyberShake 972
Jobs number:  10
Tasks number: 30
makespan: 20
start in data: CyberShake 973
Jobs number:  10
Tasks number: 27
makespan: 20
start in data: CyberShake 974
Jobs number:  10
Tasks number: 28
makespan: 22
start in data: CyberShake 975
Jobs number:  10
Tasks number: 34
makespan: 20
start in data: CyberShake 976
Jobs number:  10
Tasks number: 33
makespan: 22
start in data: CyberShake 977
Jobs number:  10
Tasks number: 30
makespan: 19
start in data: CyberShake 978
Jobs number:  10
Tasks number: 29
makespan: 19
start in data: CyberShake 979
Jobs number:  10
Tasks number: 30
makespan: 20
start in data: CyberShake 980
Jobs number:  10
Tasks number: 28
makespan: 19
start in data: CyberShake 981
Jobs number:  10
Tasks number: 32
makespan: 22
start in data: CyberShake 982
Jobs number:  10
Tasks number: 27
makespan: 19
start in data: CyberShake 983
Jobs number:  10
Tasks number: 28
makespan: 15
start in data: CyberShake 984
Jobs number:  10
Tasks number: 27
makespan: 23
start in data: CyberShake 985
Jobs number:  10
Tasks number: 27
makespan: 17
start in data: CyberShake 986
Jobs number:  10
Tasks number: 30
makespan: 15
start in data: CyberShake 987
Jobs number:  10
Tasks number: 27
makespan: 19
start in data: CyberShake 988
Jobs number:  10
Tasks number: 26
makespan: 19
start in data: CyberShake 989
Jobs number:  10
Tasks number: 28
makespan: 18
start in data: CyberShake 990
Jobs number:  10
Tasks number: 26
makespan: 21
start in data: CyberShake 991
Jobs number:  10
Tasks number: 31
makespan: 21
start in data: CyberShake 992
Jobs number:  10
Tasks number: 28
makespan: 22
start in data: CyberShake 993
Jobs number:  10
Tasks number: 27
makespan: 21
start in data: CyberShake 994
Jobs number:  10
Tasks number: 32
makespan: 19
start in data: CyberShake 995
Jobs number:  10
Tasks number: 27
makespan: 19
start in data: CyberShake 996
Jobs number:  10
Tasks number: 27
makespan: 20
start in data: CyberShake 997
Jobs number:  10
Tasks number: 29
makespan: 18
start in data: CyberShake 998
Jobs number:  10
Tasks number: 31
makespan: 21
start in data: CyberShake 999
Jobs number:  10
Tasks number: 31
makespan: 17
