start in data :  CyberShake 0
Jobs number:  50
Tasks number: 150
loss: 908.6237182617188
start in data :  CyberShake 1
Jobs number:  50
Tasks number: 148
loss: 655.2630615234375
start in data :  CyberShake 2
Jobs number:  50
Tasks number: 147
loss: 556.118896484375
start in data :  CyberShake 3
Jobs number:  50
Tasks number: 151
loss: 574.932861328125
start in data :  CyberShake 4
Jobs number:  50
Tasks number: 150
loss: 566.5462646484375
start in data :  CyberShake 5
Jobs number:  50
Tasks number: 149
loss: 562.551025390625
start in data :  CyberShake 6
Jobs number:  50
Tasks number: 149
loss: 540.952880859375
start in data :  CyberShake 7
Jobs number:  50
Tasks number: 148
loss: 633.521728515625
start in data :  CyberShake 8
Jobs number:  50
Tasks number: 153
loss: 563.4256591796875
start in data :  CyberShake 9
Jobs number:  50
Tasks number: 145
loss: 518.3493041992188
start in data :  CyberShake 10
Jobs number:  50
Tasks number: 149
loss: 511.6881408691406
start in data :  CyberShake 11
Jobs number:  50
Tasks number: 148
loss: 525.5357666015625
start in data :  CyberShake 12
Jobs number:  50
Tasks number: 152
loss: 551.5552978515625
start in data :  CyberShake 13
Jobs number:  50
Tasks number: 149
loss: 529.1585693359375
start in data :  CyberShake 14
Jobs number:  50
Tasks number: 149
loss: 522.6593627929688
start in data :  CyberShake 15
Jobs number:  50
Tasks number: 148
loss: 515.0474243164062
start in data :  CyberShake 16
Jobs number:  50
Tasks number: 150
loss: 503.70758056640625
start in data :  CyberShake 17
Jobs number:  50
Tasks number: 149
loss: 538.72265625
start in data :  CyberShake 18
Jobs number:  50
Tasks number: 149
loss: 525.5197143554688
start in data :  CyberShake 19
Jobs number:  50
Tasks number: 145
loss: 513.0053100585938
start in data :  CyberShake 20
Jobs number:  50
Tasks number: 152
loss: 555.1543579101562
start in data :  CyberShake 21
Jobs number:  50
Tasks number: 148
loss: 497.0977783203125
start in data :  CyberShake 22
Jobs number:  50
Tasks number: 152
loss: 523.1824951171875
start in data :  CyberShake 23
Jobs number:  50
Tasks number: 148
loss: 499.1981506347656
start in data :  CyberShake 24
Jobs number:  50
Tasks number: 144
loss: 514.7523803710938
start in data :  CyberShake 25
Jobs number:  50
Tasks number: 146
loss: 508.6013488769531
start in data :  CyberShake 26
Jobs number:  50
Tasks number: 147
loss: 500.6272277832031
start in data :  CyberShake 27
Jobs number:  50
Tasks number: 150
loss: 523.48486328125
start in data :  CyberShake 28
Jobs number:  50
Tasks number: 149
loss: 476.4444580078125
start in data :  CyberShake 29
Jobs number:  50
Tasks number: 148
loss: 493.750244140625
start in data :  CyberShake 30
Jobs number:  50
Tasks number: 149
loss: 506.3983154296875
start in data :  CyberShake 31
Jobs number:  50
Tasks number: 147
loss: 493.9352722167969
start in data :  CyberShake 32
Jobs number:  50
Tasks number: 150
loss: 484.5099182128906
start in data :  CyberShake 33
Jobs number:  50
Tasks number: 153
loss: 487.6462097167969
start in data :  CyberShake 34
Jobs number:  50
Tasks number: 145
loss: 473.35791015625
start in data :  CyberShake 35
Jobs number:  50
Tasks number: 147
loss: 486.1766357421875
start in data :  CyberShake 36
Jobs number:  50
Tasks number: 149
loss: 470.4784851074219
start in data :  CyberShake 37
Jobs number:  50
Tasks number: 148
loss: 458.7452087402344
start in data :  CyberShake 38
Jobs number:  50
Tasks number: 153
loss: 508.161865234375
start in data :  CyberShake 39
Jobs number:  50
Tasks number: 147
loss: 478.9735107421875
start in data :  CyberShake 40
Jobs number:  50
Tasks number: 146
loss: 457.7120666503906
start in data :  CyberShake 41
Jobs number:  50
Tasks number: 146
loss: 462.21234130859375
start in data :  CyberShake 42
Jobs number:  50
Tasks number: 150
loss: 479.6729736328125
start in data :  CyberShake 43
Jobs number:  50
Tasks number: 149
loss: 507.8243103027344
start in data :  CyberShake 44
Jobs number:  50
Tasks number: 152
loss: 513.6380615234375
start in data :  CyberShake 45
Jobs number:  50
Tasks number: 144
loss: 470.06939697265625
start in data :  CyberShake 46
Jobs number:  50
Tasks number: 147
loss: 448.8412780761719
start in data :  CyberShake 47
Jobs number:  50
Tasks number: 152
loss: 487.5293273925781
start in data :  CyberShake 48
Jobs number:  50
Tasks number: 148
loss: 458.4061584472656
start in data :  CyberShake 49
Jobs number:  50
Tasks number: 148
loss: 442.5198669433594
start in data :  CyberShake 50
Jobs number:  50
Tasks number: 152
loss: 479.14093017578125
start in data :  CyberShake 51
Jobs number:  50
Tasks number: 145
loss: 444.6698913574219
start in data :  CyberShake 52
Jobs number:  50
Tasks number: 147
loss: 502.19305419921875
start in data :  CyberShake 53
Jobs number:  50
Tasks number: 148
loss: 529.4085083007812
start in data :  CyberShake 54
Jobs number:  50
Tasks number: 149
loss: 478.6745300292969
start in data :  CyberShake 55
Jobs number:  50
Tasks number: 148
loss: 462.2904968261719
start in data :  CyberShake 56
Jobs number:  50
Tasks number: 148
loss: 502.64349365234375
start in data :  CyberShake 57
Jobs number:  50
Tasks number: 149
loss: 442.757080078125
start in data :  CyberShake 58
Jobs number:  50
Tasks number: 146
loss: 445.3919372558594
start in data :  CyberShake 59
Jobs number:  50
Tasks number: 147
loss: 448.5181884765625
start in data :  CyberShake 60
Jobs number:  50
Tasks number: 151
loss: 466.21282958984375
start in data :  CyberShake 61
Jobs number:  50
Tasks number: 147
loss: 457.7810974121094
start in data :  CyberShake 62
Jobs number:  50
Tasks number: 148
loss: 440.2684020996094
start in data :  CyberShake 63
Jobs number:  50
Tasks number: 147
loss: 444.9557800292969
start in data :  CyberShake 64
Jobs number:  50
Tasks number: 150
loss: 462.89898681640625
start in data :  CyberShake 65
Jobs number:  50
Tasks number: 148
loss: 435.027587890625
start in data :  CyberShake 66
Jobs number:  50
Tasks number: 153
loss: 505.4245910644531
start in data :  CyberShake 67
Jobs number:  50
Tasks number: 151
loss: 467.1383361816406
start in data :  CyberShake 68
Jobs number:  50
Tasks number: 150
loss: 489.27606201171875
start in data :  CyberShake 69
Jobs number:  50
Tasks number: 149
loss: 460.3973388671875
start in data :  CyberShake 70
Jobs number:  50
Tasks number: 148
loss: 437.6848449707031
start in data :  CyberShake 71
Jobs number:  50
Tasks number: 148
loss: 440.4549560546875
start in data :  CyberShake 72
Jobs number:  50
Tasks number: 144
loss: 476.7193298339844
start in data :  CyberShake 73
Jobs number:  50
Tasks number: 147
loss: 435.2074279785156
start in data :  CyberShake 74
Jobs number:  50
Tasks number: 151
loss: 446.8162841796875
start in data :  CyberShake 75
Jobs number:  50
Tasks number: 149
loss: 471.9539489746094
start in data :  CyberShake 76
Jobs number:  50
Tasks number: 149
loss: 444.737548828125
start in data :  CyberShake 77
Jobs number:  50
Tasks number: 151
loss: 447.95745849609375
start in data :  CyberShake 78
Jobs number:  50
Tasks number: 147
loss: 437.60089111328125
start in data :  CyberShake 79
Jobs number:  50
Tasks number: 150
loss: 472.61968994140625
start in data :  CyberShake 80
Jobs number:  50
Tasks number: 152
loss: 447.30908203125
start in data :  CyberShake 81
Jobs number:  50
Tasks number: 146
loss: 443.9227600097656
start in data :  CyberShake 82
Jobs number:  50
Tasks number: 151
loss: 455.94281005859375
start in data :  CyberShake 83
Jobs number:  50
Tasks number: 145
loss: 423.12139892578125
start in data :  CyberShake 84
Jobs number:  50
Tasks number: 146
loss: 448.3382568359375
start in data :  CyberShake 85
Jobs number:  50
Tasks number: 153
loss: 475.08203125
start in data :  CyberShake 86
Jobs number:  50
Tasks number: 148
loss: 464.4093017578125
start in data :  CyberShake 87
Jobs number:  50
Tasks number: 149
loss: 454.8524475097656
start in data :  CyberShake 88
Jobs number:  50
Tasks number: 145
loss: 401.695068359375
start in data :  CyberShake 89
Jobs number:  50
Tasks number: 146
loss: 419.529541015625
start in data :  CyberShake 90
Jobs number:  50
Tasks number: 147
loss: 417.87744140625
start in data :  CyberShake 91
Jobs number:  50
Tasks number: 146
loss: 439.4170837402344
start in data :  CyberShake 92
Jobs number:  50
Tasks number: 150
loss: 448.18536376953125
start in data :  CyberShake 93
Jobs number:  50
Tasks number: 146
loss: 467.77593994140625
start in data :  CyberShake 94
Jobs number:  50
Tasks number: 150
loss: 444.4322814941406
start in data :  CyberShake 95
Jobs number:  50
Tasks number: 150
loss: 436.4010009765625
start in data :  CyberShake 96
Jobs number:  50
Tasks number: 150
loss: 460.8096923828125
start in data :  CyberShake 97
Jobs number:  50
Tasks number: 153
loss: 445.3292236328125
start in data :  CyberShake 98
Jobs number:  50
Tasks number: 151
loss: 439.15509033203125
start in data :  CyberShake 99
Jobs number:  50
Tasks number: 151
loss: 446.1066589355469
start in data :  CyberShake 100
Jobs number:  50
Tasks number: 146
loss: 404.627685546875
start in data :  CyberShake 101
Jobs number:  50
Tasks number: 146
loss: 404.1363220214844
start in data :  CyberShake 102
Jobs number:  50
Tasks number: 149
loss: 470.5807189941406
start in data :  CyberShake 103
Jobs number:  50
Tasks number: 148
loss: 431.6807556152344
start in data :  CyberShake 104
Jobs number:  50
Tasks number: 150
loss: 449.18115234375
start in data :  CyberShake 105
Jobs number:  50
Tasks number: 148
loss: 451.4509582519531
start in data :  CyberShake 106
Jobs number:  50
Tasks number: 149
loss: 437.9006652832031
start in data :  CyberShake 107
Jobs number:  50
Tasks number: 153
loss: 475.241943359375
start in data :  CyberShake 108
Jobs number:  50
Tasks number: 148
loss: 441.95819091796875
start in data :  CyberShake 109
Jobs number:  50
Tasks number: 152
loss: 432.69989013671875
start in data :  CyberShake 110
Jobs number:  50
Tasks number: 148
loss: 431.6224670410156
start in data :  CyberShake 111
Jobs number:  50
Tasks number: 148
loss: 423.3150329589844
start in data :  CyberShake 112
Jobs number:  50
Tasks number: 145
loss: 430.3321228027344
start in data :  CyberShake 113
Jobs number:  50
Tasks number: 152
loss: 437.02593994140625
start in data :  CyberShake 114
Jobs number:  50
Tasks number: 152
loss: 469.98724365234375
start in data :  CyberShake 115
Jobs number:  50
Tasks number: 147
loss: 451.0589904785156
start in data :  CyberShake 116
Jobs number:  50
Tasks number: 147
loss: 404.5494384765625
start in data :  CyberShake 117
Jobs number:  50
Tasks number: 147
loss: 435.71014404296875
start in data :  CyberShake 118
Jobs number:  50
Tasks number: 146
loss: 418.379638671875
start in data :  CyberShake 119
Jobs number:  50
Tasks number: 147
loss: 423.7352600097656
start in data :  CyberShake 120
Jobs number:  50
Tasks number: 154
loss: 447.5054931640625
start in data :  CyberShake 121
Jobs number:  50
Tasks number: 146
loss: 390.0916748046875
start in data :  CyberShake 122
Jobs number:  50
Tasks number: 149
loss: 425.4269714355469
start in data :  CyberShake 123
Jobs number:  50
Tasks number: 151
loss: 423.18463134765625
start in data :  CyberShake 124
Jobs number:  50
Tasks number: 147
loss: 458.44085693359375
start in data :  CyberShake 125
Jobs number:  50
Tasks number: 146
loss: 412.0188293457031
start in data :  CyberShake 126
Jobs number:  50
Tasks number: 148
loss: 438.66717529296875
start in data :  CyberShake 127
Jobs number:  50
Tasks number: 147
loss: 397.8101501464844
start in data :  CyberShake 128
Jobs number:  50
Tasks number: 152
loss: 444.69525146484375
start in data :  CyberShake 129
Jobs number:  50
Tasks number: 147
loss: 406.79132080078125
start in data :  CyberShake 130
Jobs number:  50
Tasks number: 147
loss: 419.0489807128906
start in data :  CyberShake 131
Jobs number:  50
Tasks number: 149
loss: 429.1454162597656
start in data :  CyberShake 132
Jobs number:  50
Tasks number: 148
loss: 445.85247802734375
start in data :  CyberShake 133
Jobs number:  50
Tasks number: 147
loss: 446.115478515625
start in data :  CyberShake 134
Jobs number:  50
Tasks number: 146
loss: 409.99481201171875
start in data :  CyberShake 135
Jobs number:  50
Tasks number: 153
loss: 433.814208984375
start in data :  CyberShake 136
Jobs number:  50
Tasks number: 147
loss: 406.60211181640625
start in data :  CyberShake 137
Jobs number:  50
Tasks number: 148
loss: 420.96728515625
start in data :  CyberShake 138
Jobs number:  50
Tasks number: 151
loss: 459.1084899902344
start in data :  CyberShake 139
Jobs number:  50
Tasks number: 148
loss: 430.0848083496094
start in data :  CyberShake 140
Jobs number:  50
Tasks number: 148
loss: 471.7491149902344
start in data :  CyberShake 141
Jobs number:  50
Tasks number: 147
loss: 410.3670959472656
start in data :  CyberShake 142
Jobs number:  50
Tasks number: 149
loss: 436.76544189453125
start in data :  CyberShake 143
Jobs number:  50
Tasks number: 145
loss: 396.31353759765625
start in data :  CyberShake 144
Jobs number:  50
Tasks number: 150
loss: 424.4026794433594
start in data :  CyberShake 145
Jobs number:  50
Tasks number: 149
loss: 431.8743896484375
start in data :  CyberShake 146
Jobs number:  50
Tasks number: 149
loss: 438.5103454589844
start in data :  CyberShake 147
Jobs number:  50
Tasks number: 147
loss: 402.12237548828125
start in data :  CyberShake 148
Jobs number:  50
Tasks number: 150
loss: 424.48443603515625
start in data :  CyberShake 149
Jobs number:  50
Tasks number: 145
loss: 424.2202453613281
start in data :  CyberShake 150
Jobs number:  50
Tasks number: 149
loss: 417.027587890625
start in data :  CyberShake 151
Jobs number:  50
Tasks number: 147
loss: 431.8542785644531
start in data :  CyberShake 152
Jobs number:  50
Tasks number: 150
loss: 421.2100830078125
start in data :  CyberShake 153
Jobs number:  50
Tasks number: 146
loss: 393.6066589355469
start in data :  CyberShake 154
Jobs number:  50
Tasks number: 158
loss: 439.57525634765625
start in data :  CyberShake 155
Jobs number:  50
Tasks number: 147
loss: 422.3417053222656
start in data :  CyberShake 156
Jobs number:  50
Tasks number: 147
loss: 444.3656311035156
start in data :  CyberShake 157
Jobs number:  50
Tasks number: 145
loss: 410.17254638671875
start in data :  CyberShake 158
Jobs number:  50
Tasks number: 149
loss: 432.0140686035156
start in data :  CyberShake 159
Jobs number:  50
Tasks number: 148
loss: 401.9239196777344
start in data :  CyberShake 160
Jobs number:  50
Tasks number: 147
loss: 399.7149658203125
start in data :  CyberShake 161
Jobs number:  50
Tasks number: 149
loss: 410.0162658691406
start in data :  CyberShake 162
Jobs number:  50
Tasks number: 154
loss: 427.574951171875
start in data :  CyberShake 163
Jobs number:  50
Tasks number: 148
loss: 417.2850646972656
start in data :  CyberShake 164
Jobs number:  50
Tasks number: 147
loss: 402.15814208984375
start in data :  CyberShake 165
Jobs number:  50
Tasks number: 151
loss: 397.44256591796875
start in data :  CyberShake 166
Jobs number:  50
Tasks number: 156
loss: 423.1700744628906
start in data :  CyberShake 167
Jobs number:  50
Tasks number: 150
loss: 428.85552978515625
start in data :  CyberShake 168
Jobs number:  50
Tasks number: 148
loss: 409.9939880371094
start in data :  CyberShake 169
Jobs number:  50
Tasks number: 150
loss: 407.6247863769531
start in data :  CyberShake 170
Jobs number:  50
Tasks number: 149
loss: 439.4537048339844
start in data :  CyberShake 171
Jobs number:  50
Tasks number: 153
loss: 445.63861083984375
start in data :  CyberShake 172
Jobs number:  50
Tasks number: 148
loss: 412.6650390625
start in data :  CyberShake 173
Jobs number:  50
Tasks number: 151
loss: 402.41644287109375
start in data :  CyberShake 174
Jobs number:  50
Tasks number: 145
loss: 396.0426025390625
start in data :  CyberShake 175
Jobs number:  50
Tasks number: 153
loss: 485.86358642578125
start in data :  CyberShake 176
Jobs number:  50
Tasks number: 153
loss: 461.68798828125
start in data :  CyberShake 177
Jobs number:  50
Tasks number: 148
loss: 460.7229919433594
start in data :  CyberShake 178
Jobs number:  50
Tasks number: 149
loss: 433.63916015625
start in data :  CyberShake 179
Jobs number:  50
Tasks number: 149
loss: 445.5590515136719
start in data :  CyberShake 180
Jobs number:  50
Tasks number: 148
loss: 396.4872741699219
start in data :  CyberShake 181
Jobs number:  50
Tasks number: 146
loss: 416.0357360839844
start in data :  CyberShake 182
Jobs number:  50
Tasks number: 156
loss: 474.27099609375
start in data :  CyberShake 183
Jobs number:  50
Tasks number: 146
loss: 416.697509765625
start in data :  CyberShake 184
Jobs number:  50
Tasks number: 145
loss: 423.16571044921875
start in data :  CyberShake 185
Jobs number:  50
Tasks number: 152
loss: 444.8782653808594
start in data :  CyberShake 186
Jobs number:  50
Tasks number: 146
loss: 407.2583312988281
start in data :  CyberShake 187
Jobs number:  50
Tasks number: 149
loss: 404.6665344238281
start in data :  CyberShake 188
Jobs number:  50
Tasks number: 145
loss: 398.85797119140625
start in data :  CyberShake 189
Jobs number:  50
Tasks number: 152
loss: 429.5688781738281
start in data :  CyberShake 190
Jobs number:  50
Tasks number: 149
loss: 501.30938720703125
start in data :  CyberShake 191
Jobs number:  50
Tasks number: 146
loss: 404.20458984375
start in data :  CyberShake 192
Jobs number:  50
Tasks number: 148
loss: 432.82354736328125
start in data :  CyberShake 193
Jobs number:  50
Tasks number: 154
loss: 443.26214599609375
start in data :  CyberShake 194
Jobs number:  50
Tasks number: 146
loss: 386.7129211425781
start in data :  CyberShake 195
Jobs number:  50
Tasks number: 148
loss: 440.41497802734375
start in data :  CyberShake 196
Jobs number:  50
Tasks number: 151
loss: 432.0885009765625
start in data :  CyberShake 197
Jobs number:  50
Tasks number: 148
loss: 416.1877746582031
start in data :  CyberShake 198
Jobs number:  50
Tasks number: 152
loss: 405.7606201171875
start in data :  CyberShake 199
Jobs number:  50
Tasks number: 149
loss: 395.3695068359375
start in data :  CyberShake 200
Jobs number:  50
Tasks number: 145
loss: 385.4844970703125
start in data :  CyberShake 201
Jobs number:  50
Tasks number: 147
loss: 411.11553955078125
start in data :  CyberShake 202
Jobs number:  50
Tasks number: 146
loss: 399.4388427734375
start in data :  CyberShake 203
Jobs number:  50
Tasks number: 150
loss: 459.6065673828125
start in data :  CyberShake 204
Jobs number:  50
Tasks number: 152
loss: 405.62188720703125
start in data :  CyberShake 205
Jobs number:  50
Tasks number: 146
loss: 390.5442199707031
start in data :  CyberShake 206
Jobs number:  50
Tasks number: 153
loss: 454.3106994628906
start in data :  CyberShake 207
Jobs number:  50
Tasks number: 148
loss: 398.3733215332031
start in data :  CyberShake 208
Jobs number:  50
Tasks number: 149
loss: 414.0433654785156
start in data :  CyberShake 209
Jobs number:  50
Tasks number: 147
loss: 401.9165344238281
start in data :  CyberShake 210
Jobs number:  50
Tasks number: 151
loss: 407.6001281738281
start in data :  CyberShake 211
Jobs number:  50
Tasks number: 149
loss: 411.82598876953125
start in data :  CyberShake 212
Jobs number:  50
Tasks number: 147
loss: 392.03240966796875
start in data :  CyberShake 213
Jobs number:  50
Tasks number: 148
loss: 438.18231201171875
start in data :  CyberShake 214
Jobs number:  50
Tasks number: 150
loss: 476.726318359375
start in data :  CyberShake 215
Jobs number:  50
Tasks number: 149
loss: 411.18402099609375
start in data :  CyberShake 216
Jobs number:  50
Tasks number: 155
loss: 409.2414245605469
start in data :  CyberShake 217
Jobs number:  50
Tasks number: 151
loss: 441.34002685546875
start in data :  CyberShake 218
Jobs number:  50
Tasks number: 151
loss: 427.92010498046875
start in data :  CyberShake 219
Jobs number:  50
Tasks number: 151
loss: 407.1288146972656
start in data :  CyberShake 220
Jobs number:  50
Tasks number: 154
loss: 488.93145751953125
start in data :  CyberShake 221
Jobs number:  50
Tasks number: 153
loss: 437.4628601074219
start in data :  CyberShake 222
Jobs number:  50
Tasks number: 153
loss: 440.83447265625
start in data :  CyberShake 223
Jobs number:  50
Tasks number: 149
loss: 401.608154296875
start in data :  CyberShake 224
Jobs number:  50
Tasks number: 146
loss: 423.3216552734375
start in data :  CyberShake 225
Jobs number:  50
Tasks number: 145
loss: 388.879638671875
start in data :  CyberShake 226
Jobs number:  50
Tasks number: 148
loss: 383.8212890625
start in data :  CyberShake 227
Jobs number:  50
Tasks number: 149
loss: 378.8909912109375
start in data :  CyberShake 228
Jobs number:  50
Tasks number: 150
loss: 402.0843811035156
start in data :  CyberShake 229
Jobs number:  50
Tasks number: 149
loss: 385.4778747558594
start in data :  CyberShake 230
Jobs number:  50
Tasks number: 147
loss: 424.5675354003906
start in data :  CyberShake 231
Jobs number:  50
Tasks number: 152
loss: 404.4593505859375
start in data :  CyberShake 232
Jobs number:  50
Tasks number: 152
loss: 419.32720947265625
start in data :  CyberShake 233
Jobs number:  50
Tasks number: 147
loss: 390.39208984375
start in data :  CyberShake 234
Jobs number:  50
Tasks number: 150
loss: 425.5385437011719
start in data :  CyberShake 235
Jobs number:  50
Tasks number: 151
loss: 468.6882629394531
start in data :  CyberShake 236
Jobs number:  50
Tasks number: 150
loss: 388.9486083984375
start in data :  CyberShake 237
Jobs number:  50
Tasks number: 147
loss: 418.84381103515625
start in data :  CyberShake 238
Jobs number:  50
Tasks number: 145
loss: 402.01068115234375
start in data :  CyberShake 239
Jobs number:  50
Tasks number: 150
loss: 421.1239013671875
start in data :  CyberShake 240
Jobs number:  50
Tasks number: 146
loss: 450.3441162109375
start in data :  CyberShake 241
Jobs number:  50
Tasks number: 149
loss: 415.44091796875
start in data :  CyberShake 242
Jobs number:  50
Tasks number: 148
loss: 384.26593017578125
start in data :  CyberShake 243
Jobs number:  50
Tasks number: 148
loss: 453.62603759765625
start in data :  CyberShake 244
Jobs number:  50
Tasks number: 146
loss: 399.46783447265625
start in data :  CyberShake 245
Jobs number:  50
Tasks number: 151
loss: 407.064453125
start in data :  CyberShake 246
Jobs number:  50
Tasks number: 147
loss: 409.80926513671875
start in data :  CyberShake 247
Jobs number:  50
Tasks number: 150
loss: 392.2587585449219
start in data :  CyberShake 248
Jobs number:  50
Tasks number: 149
loss: 418.5450134277344
start in data :  CyberShake 249
Jobs number:  50
Tasks number: 149
loss: 385.46527099609375
start in data :  CyberShake 250
Jobs number:  50
Tasks number: 149
loss: 393.9815979003906
start in data :  CyberShake 251
Jobs number:  50
Tasks number: 152
loss: 422.42071533203125
start in data :  CyberShake 252
Jobs number:  50
Tasks number: 149
loss: 383.9132080078125
start in data :  CyberShake 253
Jobs number:  50
Tasks number: 148
loss: 416.9591064453125
start in data :  CyberShake 254
Jobs number:  50
Tasks number: 153
loss: 418.58544921875
start in data :  CyberShake 255
Jobs number:  50
Tasks number: 146
loss: 407.3604736328125
start in data :  CyberShake 256
Jobs number:  50
Tasks number: 151
loss: 421.1280212402344
start in data :  CyberShake 257
Jobs number:  50
Tasks number: 148
loss: 409.6826477050781
start in data :  CyberShake 258
Jobs number:  50
Tasks number: 150
loss: 400.78472900390625
start in data :  CyberShake 259
Jobs number:  50
Tasks number: 149
loss: 412.65606689453125
start in data :  CyberShake 260
Jobs number:  50
Tasks number: 148
loss: 388.54327392578125
start in data :  CyberShake 261
Jobs number:  50
Tasks number: 151
loss: 417.26458740234375
start in data :  CyberShake 262
Jobs number:  50
Tasks number: 148
loss: 400.7452087402344
start in data :  CyberShake 263
Jobs number:  50
Tasks number: 152
loss: 480.1270446777344
start in data :  CyberShake 264
Jobs number:  50
Tasks number: 154
loss: 437.6138000488281
start in data :  CyberShake 265
Jobs number:  50
Tasks number: 146
loss: 379.88983154296875
start in data :  CyberShake 266
Jobs number:  50
Tasks number: 148
loss: 405.48260498046875
start in data :  CyberShake 267
Jobs number:  50
Tasks number: 145
loss: 376.2884521484375
start in data :  CyberShake 268
Jobs number:  50
Tasks number: 149
loss: 390.4312744140625
start in data :  CyberShake 269
Jobs number:  50
Tasks number: 148
loss: 401.925048828125
start in data :  CyberShake 270
Jobs number:  50
Tasks number: 146
loss: 396.6784973144531
start in data :  CyberShake 271
Jobs number:  50
Tasks number: 152
loss: 425.4120788574219
start in data :  CyberShake 272
Jobs number:  50
Tasks number: 149
loss: 407.9326171875
start in data :  CyberShake 273
Jobs number:  50
Tasks number: 145
loss: 427.68536376953125
start in data :  CyberShake 274
Jobs number:  50
Tasks number: 151
loss: 413.31243896484375
start in data :  CyberShake 275
Jobs number:  50
Tasks number: 151
loss: 457.4439392089844
start in data :  CyberShake 276
Jobs number:  50
Tasks number: 145
loss: 414.88641357421875
start in data :  CyberShake 277
Jobs number:  50
Tasks number: 149
loss: 425.6612548828125
start in data :  CyberShake 278
Jobs number:  50
Tasks number: 144
loss: 381.4544372558594
start in data :  CyberShake 279
Jobs number:  50
Tasks number: 152
loss: 402.7279052734375
start in data :  CyberShake 280
Jobs number:  50
Tasks number: 150
loss: 435.0696105957031
start in data :  CyberShake 281
Jobs number:  50
Tasks number: 147
loss: 446.3224792480469
start in data :  CyberShake 282
Jobs number:  50
Tasks number: 153
loss: 472.2083740234375
start in data :  CyberShake 283
Jobs number:  50
Tasks number: 147
loss: 379.3293151855469
start in data :  CyberShake 284
Jobs number:  50
Tasks number: 148
loss: 390.8595275878906
start in data :  CyberShake 285
Jobs number:  50
Tasks number: 152
loss: 439.62542724609375
start in data :  CyberShake 286
Jobs number:  50
Tasks number: 146
loss: 399.6089172363281
start in data :  CyberShake 287
Jobs number:  50
Tasks number: 147
loss: 421.9654541015625
start in data :  CyberShake 288
Jobs number:  50
Tasks number: 146
loss: 402.5804748535156
start in data :  CyberShake 289
Jobs number:  50
Tasks number: 147
loss: 430.5910949707031
start in data :  CyberShake 290
Jobs number:  50
Tasks number: 150
loss: 426.1885681152344
start in data :  CyberShake 291
Jobs number:  50
Tasks number: 145
loss: 390.1902770996094
start in data :  CyberShake 292
Jobs number:  50
Tasks number: 148
loss: 403.197265625
start in data :  CyberShake 293
Jobs number:  50
Tasks number: 149
loss: 407.2989807128906
start in data :  CyberShake 294
Jobs number:  50
Tasks number: 146
loss: 445.53326416015625
start in data :  CyberShake 295
Jobs number:  50
Tasks number: 148
loss: 392.5470886230469
start in data :  CyberShake 296
Jobs number:  50
Tasks number: 157
loss: 432.11102294921875
start in data :  CyberShake 297
Jobs number:  50
Tasks number: 151
loss: 418.02471923828125
start in data :  CyberShake 298
Jobs number:  50
Tasks number: 149
loss: 403.06463623046875
start in data :  CyberShake 299
Jobs number:  50
Tasks number: 146
loss: 394.2314758300781
start in data :  CyberShake 300
Jobs number:  50
Tasks number: 150
loss: 425.843994140625
start in data :  CyberShake 301
Jobs number:  50
Tasks number: 148
loss: 419.6964111328125
start in data :  CyberShake 302
Jobs number:  50
Tasks number: 147
loss: 391.07647705078125
start in data :  CyberShake 303
Jobs number:  50
Tasks number: 147
loss: 388.28936767578125
start in data :  CyberShake 304
Jobs number:  50
Tasks number: 149
loss: 391.0939636230469
start in data :  CyberShake 305
Jobs number:  50
Tasks number: 148
loss: 386.0797424316406
start in data :  CyberShake 306
Jobs number:  50
Tasks number: 148
loss: 425.3392333984375
start in data :  CyberShake 307
Jobs number:  50
Tasks number: 147
loss: 401.430419921875
start in data :  CyberShake 308
Jobs number:  50
Tasks number: 150
loss: 426.1783142089844
start in data :  CyberShake 309
Jobs number:  50
Tasks number: 145
loss: 392.2789306640625
start in data :  CyberShake 310
Jobs number:  50
Tasks number: 144
loss: 374.8262939453125
start in data :  CyberShake 311
Jobs number:  50
Tasks number: 149
loss: 412.4560241699219
start in data :  CyberShake 312
Jobs number:  50
Tasks number: 151
loss: 403.8617248535156
start in data :  CyberShake 313
Jobs number:  50
Tasks number: 149
loss: 436.4669494628906
start in data :  CyberShake 314
Jobs number:  50
Tasks number: 153
loss: 434.34991455078125
start in data :  CyberShake 315
Jobs number:  50
Tasks number: 145
loss: 387.2360534667969
start in data :  CyberShake 316
Jobs number:  50
Tasks number: 150
loss: 424.908935546875
start in data :  CyberShake 317
Jobs number:  50
Tasks number: 149
loss: 415.68243408203125
start in data :  CyberShake 318
Jobs number:  50
Tasks number: 149
loss: 405.133544921875
start in data :  CyberShake 319
Jobs number:  50
Tasks number: 150
loss: 413.05072021484375
start in data :  CyberShake 320
Jobs number:  50
Tasks number: 150
loss: 472.108642578125
start in data :  CyberShake 321
Jobs number:  50
Tasks number: 147
loss: 415.1438903808594
start in data :  CyberShake 322
Jobs number:  50
Tasks number: 152
loss: 453.5438537597656
start in data :  CyberShake 323
Jobs number:  50
Tasks number: 148
loss: 430.96588134765625
start in data :  CyberShake 324
Jobs number:  50
Tasks number: 153
loss: 415.8176574707031
start in data :  CyberShake 325
Jobs number:  50
Tasks number: 147
loss: 403.8006591796875
start in data :  CyberShake 326
Jobs number:  50
Tasks number: 149
loss: 427.1168518066406
start in data :  CyberShake 327
Jobs number:  50
Tasks number: 151
loss: 401.5147705078125
start in data :  CyberShake 328
Jobs number:  50
Tasks number: 149
loss: 395.1017150878906
start in data :  CyberShake 329
Jobs number:  50
Tasks number: 153
loss: 428.2720947265625
start in data :  CyberShake 330
Jobs number:  50
Tasks number: 155
loss: 407.8194580078125
start in data :  CyberShake 331
Jobs number:  50
Tasks number: 154
loss: 426.70623779296875
start in data :  CyberShake 332
Jobs number:  50
Tasks number: 150
loss: 382.86041259765625
start in data :  CyberShake 333
Jobs number:  50
Tasks number: 149
loss: 382.7913818359375
start in data :  CyberShake 334
Jobs number:  50
Tasks number: 151
loss: 397.5693664550781
start in data :  CyberShake 335
Jobs number:  50
Tasks number: 150
loss: 410.11224365234375
start in data :  CyberShake 336
Jobs number:  50
Tasks number: 150
loss: 431.67425537109375
start in data :  CyberShake 337
Jobs number:  50
Tasks number: 146
loss: 389.2558288574219
start in data :  CyberShake 338
Jobs number:  50
Tasks number: 148
loss: 394.76678466796875
start in data :  CyberShake 339
Jobs number:  50
Tasks number: 148
loss: 405.73699951171875
start in data :  CyberShake 340
Jobs number:  50
Tasks number: 149
loss: 385.6485290527344
start in data :  CyberShake 341
Jobs number:  50
Tasks number: 146
loss: 387.4944152832031
start in data :  CyberShake 342
Jobs number:  50
Tasks number: 152
loss: 410.1576232910156
start in data :  CyberShake 343
Jobs number:  50
Tasks number: 151
loss: 421.16546630859375
start in data :  CyberShake 344
Jobs number:  50
Tasks number: 148
loss: 407.717041015625
start in data :  CyberShake 345
Jobs number:  50
Tasks number: 150
loss: 419.3344421386719
start in data :  CyberShake 346
Jobs number:  50
Tasks number: 148
loss: 415.99359130859375
start in data :  CyberShake 347
Jobs number:  50
Tasks number: 148
loss: 413.5508728027344
start in data :  CyberShake 348
Jobs number:  50
Tasks number: 149
loss: 374.2157287597656
start in data :  CyberShake 349
Jobs number:  50
Tasks number: 152
loss: 405.3302307128906
start in data :  CyberShake 350
Jobs number:  50
Tasks number: 147
loss: 379.54461669921875
start in data :  CyberShake 351
Jobs number:  50
Tasks number: 155
loss: 437.21563720703125
start in data :  CyberShake 352
Jobs number:  50
Tasks number: 150
loss: 407.0473937988281
start in data :  CyberShake 353
Jobs number:  50
Tasks number: 147
loss: 387.0357360839844
start in data :  CyberShake 354
Jobs number:  50
Tasks number: 152
loss: 430.50360107421875
start in data :  CyberShake 355
Jobs number:  50
Tasks number: 150
loss: 385.7535705566406
start in data :  CyberShake 356
Jobs number:  50
Tasks number: 150
loss: 396.5718994140625
start in data :  CyberShake 357
Jobs number:  50
Tasks number: 150
loss: 361.17340087890625
start in data :  CyberShake 358
Jobs number:  50
Tasks number: 147
loss: 418.3269348144531
start in data :  CyberShake 359
Jobs number:  50
Tasks number: 154
loss: 385.6954040527344
start in data :  CyberShake 360
Jobs number:  50
Tasks number: 147
loss: 370.87860107421875
start in data :  CyberShake 361
Jobs number:  50
Tasks number: 146
loss: 392.64666748046875
start in data :  CyberShake 362
Jobs number:  50
Tasks number: 155
loss: 482.5366516113281
start in data :  CyberShake 363
Jobs number:  50
Tasks number: 147
loss: 392.8634948730469
start in data :  CyberShake 364
Jobs number:  50
Tasks number: 147
loss: 372.35723876953125
start in data :  CyberShake 365
Jobs number:  50
Tasks number: 152
loss: 388.46929931640625
start in data :  CyberShake 366
Jobs number:  50
Tasks number: 147
loss: 397.68206787109375
start in data :  CyberShake 367
Jobs number:  50
Tasks number: 146
loss: 390.5389709472656
start in data :  CyberShake 368
Jobs number:  50
Tasks number: 146
loss: 423.8498229980469
start in data :  CyberShake 369
Jobs number:  50
Tasks number: 149
loss: 371.05072021484375
start in data :  CyberShake 370
Jobs number:  50
Tasks number: 148
loss: 394.9222717285156
start in data :  CyberShake 371
Jobs number:  50
Tasks number: 153
loss: 429.2436828613281
start in data :  CyberShake 372
Jobs number:  50
Tasks number: 147
loss: 395.86163330078125
start in data :  CyberShake 373
Jobs number:  50
Tasks number: 146
loss: 440.1782531738281
start in data :  CyberShake 374
Jobs number:  50
Tasks number: 151
loss: 419.11785888671875
start in data :  CyberShake 375
Jobs number:  50
Tasks number: 149
loss: 401.010986328125
start in data :  CyberShake 376
Jobs number:  50
Tasks number: 151
loss: 412.220458984375
start in data :  CyberShake 377
Jobs number:  50
Tasks number: 148
loss: 382.92987060546875
start in data :  CyberShake 378
Jobs number:  50
Tasks number: 146
loss: 403.686767578125
start in data :  CyberShake 379
Jobs number:  50
Tasks number: 147
loss: 382.54718017578125
start in data :  CyberShake 380
Jobs number:  50
Tasks number: 147
loss: 395.0341491699219
start in data :  CyberShake 381
Jobs number:  50
Tasks number: 147
loss: 364.15625
start in data :  CyberShake 382
Jobs number:  50
Tasks number: 148
loss: 419.7285461425781
start in data :  CyberShake 383
Jobs number:  50
Tasks number: 151
loss: 401.1557312011719
start in data :  CyberShake 384
Jobs number:  50
Tasks number: 153
loss: 406.631591796875
start in data :  CyberShake 385
Jobs number:  50
Tasks number: 145
loss: 385.4130554199219
start in data :  CyberShake 386
Jobs number:  50
Tasks number: 148
loss: 380.8976745605469
start in data :  CyberShake 387
Jobs number:  50
Tasks number: 148
loss: 392.1211853027344
start in data :  CyberShake 388
Jobs number:  50
Tasks number: 150
loss: 387.5235290527344
start in data :  CyberShake 389
Jobs number:  50
Tasks number: 148
loss: 405.9502868652344
start in data :  CyberShake 390
Jobs number:  50
Tasks number: 149
loss: 374.36767578125
start in data :  CyberShake 391
Jobs number:  50
Tasks number: 150
loss: 386.41290283203125
start in data :  CyberShake 392
Jobs number:  50
Tasks number: 149
loss: 391.0557861328125
start in data :  CyberShake 393
Jobs number:  50
Tasks number: 149
loss: 419.79364013671875
start in data :  CyberShake 394
Jobs number:  50
Tasks number: 151
loss: 397.08251953125
start in data :  CyberShake 395
Jobs number:  50
Tasks number: 145
loss: 398.8876647949219
start in data :  CyberShake 396
Jobs number:  50
Tasks number: 146
loss: 383.2308044433594
start in data :  CyberShake 397
Jobs number:  50
Tasks number: 150
loss: 398.02667236328125
start in data :  CyberShake 398
Jobs number:  50
Tasks number: 148
loss: 431.67340087890625
start in data :  CyberShake 399
Jobs number:  50
Tasks number: 145
loss: 437.436767578125
start in data :  CyberShake 400
Jobs number:  50
Tasks number: 148
loss: 406.74884033203125
start in data :  CyberShake 401
Jobs number:  50
Tasks number: 148
loss: 390.8849182128906
start in data :  CyberShake 402
Jobs number:  50
Tasks number: 148
loss: 385.2124938964844
start in data :  CyberShake 403
Jobs number:  50
Tasks number: 148
loss: 368.9101257324219
start in data :  CyberShake 404
Jobs number:  50
Tasks number: 150
loss: 454.83148193359375
start in data :  CyberShake 405
Jobs number:  50
Tasks number: 148
loss: 407.1192626953125
start in data :  CyberShake 406
Jobs number:  50
Tasks number: 154
loss: 417.91168212890625
start in data :  CyberShake 407
Jobs number:  50
Tasks number: 150
loss: 393.002197265625
start in data :  CyberShake 408
Jobs number:  50
Tasks number: 150
loss: 370.6439208984375
start in data :  CyberShake 409
Jobs number:  50
Tasks number: 146
loss: 429.9598388671875
start in data :  CyberShake 410
Jobs number:  50
Tasks number: 146
loss: 378.8506774902344
start in data :  CyberShake 411
Jobs number:  50
Tasks number: 147
loss: 366.1751708984375
start in data :  CyberShake 412
Jobs number:  50
Tasks number: 148
loss: 397.42352294921875
start in data :  CyberShake 413
Jobs number:  50
Tasks number: 150
loss: 406.9359436035156
start in data :  CyberShake 414
Jobs number:  50
Tasks number: 145
loss: 383.15057373046875
start in data :  CyberShake 415
Jobs number:  50
Tasks number: 146
loss: 377.34991455078125
start in data :  CyberShake 416
Jobs number:  50
Tasks number: 150
loss: 395.163818359375
start in data :  CyberShake 417
Jobs number:  50
Tasks number: 150
loss: 409.737060546875
start in data :  CyberShake 418
Jobs number:  50
Tasks number: 149
loss: 518.6526489257812
start in data :  CyberShake 419
Jobs number:  50
Tasks number: 149
loss: 371.3547668457031
start in data :  CyberShake 420
Jobs number:  50
Tasks number: 153
loss: 408.49151611328125
start in data :  CyberShake 421
Jobs number:  50
Tasks number: 149
loss: 419.9806823730469
start in data :  CyberShake 422
Jobs number:  50
Tasks number: 147
loss: 387.3386535644531
start in data :  CyberShake 423
Jobs number:  50
Tasks number: 148
loss: 425.1128234863281
start in data :  CyberShake 424
Jobs number:  50
Tasks number: 148
loss: 371.97882080078125
start in data :  CyberShake 425
Jobs number:  50
Tasks number: 150
loss: 482.46685791015625
start in data :  CyberShake 426
Jobs number:  50
Tasks number: 153
loss: 406.592529296875
start in data :  CyberShake 427
Jobs number:  50
Tasks number: 148
loss: 357.2760925292969
start in data :  CyberShake 428
Jobs number:  50
Tasks number: 155
loss: 386.9699401855469
start in data :  CyberShake 429
Jobs number:  50
Tasks number: 147
loss: 367.3606872558594
start in data :  CyberShake 430
Jobs number:  50
Tasks number: 152
loss: 428.990966796875
start in data :  CyberShake 431
Jobs number:  50
Tasks number: 148
loss: 390.5879211425781
start in data :  CyberShake 432
Jobs number:  50
Tasks number: 146
loss: 413.5850830078125
start in data :  CyberShake 433
Jobs number:  50
Tasks number: 148
loss: 390.0198059082031
start in data :  CyberShake 434
Jobs number:  50
Tasks number: 146
loss: 399.7800598144531
start in data :  CyberShake 435
Jobs number:  50
Tasks number: 149
loss: 370.56427001953125
start in data :  CyberShake 436
Jobs number:  50
Tasks number: 147
loss: 381.3918762207031
start in data :  CyberShake 437
Jobs number:  50
Tasks number: 151
loss: 424.96575927734375
start in data :  CyberShake 438
Jobs number:  50
Tasks number: 148
loss: 398.7486877441406
start in data :  CyberShake 439
Jobs number:  50
Tasks number: 149
loss: 387.77227783203125
start in data :  CyberShake 440
Jobs number:  50
Tasks number: 147
loss: 382.2496032714844
start in data :  CyberShake 441
Jobs number:  50
Tasks number: 148
loss: 400.6907958984375
start in data :  CyberShake 442
Jobs number:  50
Tasks number: 149
loss: 415.04443359375
start in data :  CyberShake 443
Jobs number:  50
Tasks number: 152
loss: 384.74798583984375
start in data :  CyberShake 444
Jobs number:  50
Tasks number: 149
loss: 412.1763000488281
start in data :  CyberShake 445
Jobs number:  50
Tasks number: 148
loss: 386.8939514160156
start in data :  CyberShake 446
Jobs number:  50
Tasks number: 149
loss: 404.1087341308594
start in data :  CyberShake 447
Jobs number:  50
Tasks number: 149
loss: 404.707275390625
start in data :  CyberShake 448
Jobs number:  50
Tasks number: 146
loss: 436.6222839355469
start in data :  CyberShake 449
Jobs number:  50
Tasks number: 149
loss: 375.6756591796875
start in data :  CyberShake 450
Jobs number:  50
Tasks number: 147
loss: 364.0906677246094
start in data :  CyberShake 451
Jobs number:  50
Tasks number: 149
loss: 385.1890563964844
start in data :  CyberShake 452
Jobs number:  50
Tasks number: 149
loss: 395.306396484375
start in data :  CyberShake 453
Jobs number:  50
Tasks number: 147
loss: 458.31109619140625
start in data :  CyberShake 454
Jobs number:  50
Tasks number: 153
loss: 440.7567138671875
start in data :  CyberShake 455
Jobs number:  50
Tasks number: 147
loss: 388.8135681152344
start in data :  CyberShake 456
Jobs number:  50
Tasks number: 151
loss: 437.9082336425781
start in data :  CyberShake 457
Jobs number:  50
Tasks number: 147
loss: 373.14373779296875
start in data :  CyberShake 458
Jobs number:  50
Tasks number: 151
loss: 387.2933654785156
start in data :  CyberShake 459
Jobs number:  50
Tasks number: 148
loss: 429.78338623046875
start in data :  CyberShake 460
Jobs number:  50
Tasks number: 149
loss: 406.6239318847656
start in data :  CyberShake 461
Jobs number:  50
Tasks number: 149
loss: 394.4652404785156
start in data :  CyberShake 462
Jobs number:  50
Tasks number: 149
loss: 373.5450439453125
start in data :  CyberShake 463
Jobs number:  50
Tasks number: 149
loss: 420.719482421875
start in data :  CyberShake 464
Jobs number:  50
Tasks number: 147
loss: 391.1650390625
start in data :  CyberShake 465
Jobs number:  50
Tasks number: 152
loss: 401.5078125
start in data :  CyberShake 466
Jobs number:  50
Tasks number: 149
loss: 402.5582275390625
start in data :  CyberShake 467
Jobs number:  50
Tasks number: 150
loss: 403.7083740234375
start in data :  CyberShake 468
Jobs number:  50
Tasks number: 150
loss: 385.1314392089844
start in data :  CyberShake 469
Jobs number:  50
Tasks number: 150
loss: 434.57763671875
start in data :  CyberShake 470
Jobs number:  50
Tasks number: 150
loss: 390.73309326171875
start in data :  CyberShake 471
Jobs number:  50
Tasks number: 148
loss: 371.40478515625
start in data :  CyberShake 472
Jobs number:  50
Tasks number: 144
loss: 368.95489501953125
start in data :  CyberShake 473
Jobs number:  50
Tasks number: 148
loss: 407.51153564453125
start in data :  CyberShake 474
Jobs number:  50
Tasks number: 148
loss: 354.5151062011719
start in data :  CyberShake 475
Jobs number:  50
Tasks number: 149
loss: 439.5126647949219
start in data :  CyberShake 476
Jobs number:  50
Tasks number: 148
loss: 406.5340270996094
start in data :  CyberShake 477
Jobs number:  50
Tasks number: 149
loss: 404.4259338378906
start in data :  CyberShake 478
Jobs number:  50
Tasks number: 147
loss: 369.52008056640625
start in data :  CyberShake 479
Jobs number:  50
Tasks number: 151
loss: 407.4461364746094
start in data :  CyberShake 480
Jobs number:  50
Tasks number: 147
loss: 383.2978210449219
start in data :  CyberShake 481
Jobs number:  50
Tasks number: 152
loss: 381.8040771484375
start in data :  CyberShake 482
Jobs number:  50
Tasks number: 151
loss: 374.5179748535156
start in data :  CyberShake 483
Jobs number:  50
Tasks number: 152
loss: 373.1773681640625
start in data :  CyberShake 484
Jobs number:  50
Tasks number: 147
loss: 394.1006774902344
start in data :  CyberShake 485
Jobs number:  50
Tasks number: 145
loss: 372.80902099609375
start in data :  CyberShake 486
Jobs number:  50
Tasks number: 147
loss: 373.52191162109375
start in data :  CyberShake 487
Jobs number:  50
Tasks number: 147
loss: 430.4466857910156
start in data :  CyberShake 488
Jobs number:  50
Tasks number: 147
loss: 395.33929443359375
start in data :  CyberShake 489
Jobs number:  50
Tasks number: 148
loss: 365.9823303222656
start in data :  CyberShake 490
Jobs number:  50
Tasks number: 150
loss: 459.4482727050781
start in data :  CyberShake 491
Jobs number:  50
Tasks number: 149
loss: 373.8012390136719
start in data :  CyberShake 492
Jobs number:  50
Tasks number: 151
loss: 387.6626281738281
start in data :  CyberShake 493
Jobs number:  50
Tasks number: 147
loss: 397.24383544921875
start in data :  CyberShake 494
Jobs number:  50
Tasks number: 151
loss: 391.77520751953125
start in data :  CyberShake 495
Jobs number:  50
Tasks number: 149
loss: 407.1871337890625
start in data :  CyberShake 496
Jobs number:  50
Tasks number: 152
loss: 405.91168212890625
start in data :  CyberShake 497
Jobs number:  50
Tasks number: 147
loss: 397.51727294921875
start in data :  CyberShake 498
Jobs number:  50
Tasks number: 149
loss: 443.5747985839844
start in data :  CyberShake 499
Jobs number:  50
Tasks number: 152
loss: 394.10626220703125
start in data :  CyberShake 500
Jobs number:  50
Tasks number: 145
loss: 388.2424011230469
start in data :  CyberShake 501
Jobs number:  50
Tasks number: 149
loss: 422.01629638671875
start in data :  CyberShake 502
Jobs number:  50
Tasks number: 149
loss: 430.6463928222656
start in data :  CyberShake 503
Jobs number:  50
Tasks number: 150
loss: 421.79144287109375
start in data :  CyberShake 504
Jobs number:  50
Tasks number: 148
loss: 519.91064453125
start in data :  CyberShake 505
Jobs number:  50
Tasks number: 148
loss: 388.35150146484375
start in data :  CyberShake 506
Jobs number:  50
Tasks number: 145
loss: 458.753173828125
start in data :  CyberShake 507
Jobs number:  50
Tasks number: 148
loss: 411.11212158203125
start in data :  CyberShake 508
Jobs number:  50
Tasks number: 144
loss: 437.7427673339844
start in data :  CyberShake 509
Jobs number:  50
Tasks number: 148
loss: 414.9962463378906
start in data :  CyberShake 510
Jobs number:  50
Tasks number: 151
loss: 407.51251220703125
start in data :  CyberShake 511
Jobs number:  50
Tasks number: 149
loss: 382.347900390625
start in data :  CyberShake 512
Jobs number:  50
Tasks number: 147
loss: 433.6570739746094
start in data :  CyberShake 513
Jobs number:  50
Tasks number: 151
loss: 412.5902099609375
start in data :  CyberShake 514
Jobs number:  50
Tasks number: 149
loss: 517.1107788085938
start in data :  CyberShake 515
Jobs number:  50
Tasks number: 148
loss: 368.0210266113281
start in data :  CyberShake 516
Jobs number:  50
Tasks number: 149
loss: 375.0089111328125
start in data :  CyberShake 517
Jobs number:  50
Tasks number: 150
loss: 384.73333740234375
start in data :  CyberShake 518
Jobs number:  50
Tasks number: 146
loss: 399.431396484375
start in data :  CyberShake 519
Jobs number:  50
Tasks number: 151
loss: 389.2617492675781
start in data :  CyberShake 520
Jobs number:  50
Tasks number: 148
loss: 370.8050842285156
start in data :  CyberShake 521
Jobs number:  50
Tasks number: 145
loss: 390.4639892578125
start in data :  CyberShake 522
Jobs number:  50
Tasks number: 147
loss: 370.12591552734375
start in data :  CyberShake 523
Jobs number:  50
Tasks number: 154
loss: 382.29437255859375
start in data :  CyberShake 524
Jobs number:  50
Tasks number: 147
loss: 375.6756896972656
start in data :  CyberShake 525
Jobs number:  50
Tasks number: 149
loss: 394.40850830078125
start in data :  CyberShake 526
Jobs number:  50
Tasks number: 146
loss: 382.2072448730469
start in data :  CyberShake 527
Jobs number:  50
Tasks number: 145
loss: 408.50653076171875
start in data :  CyberShake 528
Jobs number:  50
Tasks number: 149
loss: 408.21435546875
start in data :  CyberShake 529
Jobs number:  50
Tasks number: 149
loss: 372.61895751953125
start in data :  CyberShake 530
Jobs number:  50
Tasks number: 150
loss: 411.4855651855469
start in data :  CyberShake 531
Jobs number:  50
Tasks number: 145
loss: 361.9999084472656
start in data :  CyberShake 532
Jobs number:  50
Tasks number: 149
loss: 363.5987548828125
start in data :  CyberShake 533
Jobs number:  50
Tasks number: 153
loss: 403.1094055175781
start in data :  CyberShake 534
Jobs number:  50
Tasks number: 150
loss: 415.52789306640625
start in data :  CyberShake 535
Jobs number:  50
Tasks number: 152
loss: 401.9808349609375
start in data :  CyberShake 536
Jobs number:  50
Tasks number: 151
loss: 390.99432373046875
start in data :  CyberShake 537
Jobs number:  50
Tasks number: 150
loss: 407.0859069824219
start in data :  CyberShake 538
Jobs number:  50
Tasks number: 152
loss: 394.8035583496094
start in data :  CyberShake 539
Jobs number:  50
Tasks number: 149
loss: 371.2864990234375
start in data :  CyberShake 540
Jobs number:  50
Tasks number: 147
loss: 403.0945739746094
start in data :  CyberShake 541
Jobs number:  50
Tasks number: 150
loss: 418.3869934082031
start in data :  CyberShake 542
Jobs number:  50
Tasks number: 147
loss: 392.5806884765625
start in data :  CyberShake 543
Jobs number:  50
Tasks number: 147
loss: 377.56707763671875
start in data :  CyberShake 544
Jobs number:  50
Tasks number: 149
loss: 398.32342529296875
start in data :  CyberShake 545
Jobs number:  50
Tasks number: 148
loss: 420.95404052734375
start in data :  CyberShake 546
Jobs number:  50
Tasks number: 150
loss: 408.991943359375
start in data :  CyberShake 547
Jobs number:  50
Tasks number: 151
loss: 394.17205810546875
start in data :  CyberShake 548
Jobs number:  50
Tasks number: 150
loss: 393.587890625
start in data :  CyberShake 549
Jobs number:  50
Tasks number: 152
loss: 449.9718322753906
start in data :  CyberShake 550
Jobs number:  50
Tasks number: 152
loss: 394.62786865234375
start in data :  CyberShake 551
Jobs number:  50
Tasks number: 146
loss: 381.9033203125
start in data :  CyberShake 552
Jobs number:  50
Tasks number: 150
loss: 426.1993713378906
start in data :  CyberShake 553
Jobs number:  50
Tasks number: 150
loss: 389.0533142089844
start in data :  CyberShake 554
Jobs number:  50
Tasks number: 148
loss: 374.89691162109375
start in data :  CyberShake 555
Jobs number:  50
Tasks number: 148
loss: 373.3517150878906
start in data :  CyberShake 556
Jobs number:  50
Tasks number: 145
loss: 370.9988708496094
start in data :  CyberShake 557
Jobs number:  50
Tasks number: 148
loss: 414.967529296875
start in data :  CyberShake 558
Jobs number:  50
Tasks number: 147
loss: 387.59869384765625
start in data :  CyberShake 559
Jobs number:  50
Tasks number: 151
loss: 381.8349609375
start in data :  CyberShake 560
Jobs number:  50
Tasks number: 149
loss: 411.8793640136719
start in data :  CyberShake 561
Jobs number:  50
Tasks number: 149
loss: 391.6239013671875
start in data :  CyberShake 562
Jobs number:  50
Tasks number: 153
loss: 386.7972717285156
start in data :  CyberShake 563
Jobs number:  50
Tasks number: 150
loss: 425.4418640136719
start in data :  CyberShake 564
Jobs number:  50
Tasks number: 147
loss: 384.77984619140625
start in data :  CyberShake 565
Jobs number:  50
Tasks number: 151
loss: 402.934814453125
start in data :  CyberShake 566
Jobs number:  50
Tasks number: 148
loss: 369.17559814453125
start in data :  CyberShake 567
Jobs number:  50
Tasks number: 149
loss: 406.69183349609375
start in data :  CyberShake 568
Jobs number:  50
Tasks number: 147
loss: 386.5775451660156
start in data :  CyberShake 569
Jobs number:  50
Tasks number: 152
loss: 430.2784118652344
start in data :  CyberShake 570
Jobs number:  50
Tasks number: 153
loss: 395.4652099609375
start in data :  CyberShake 571
Jobs number:  50
Tasks number: 146
loss: 470.8201904296875
start in data :  CyberShake 572
Jobs number:  50
Tasks number: 149
loss: 390.06500244140625
start in data :  CyberShake 573
Jobs number:  50
Tasks number: 147
loss: 393.24981689453125
start in data :  CyberShake 574
Jobs number:  50
Tasks number: 149
loss: 409.5958557128906
start in data :  CyberShake 575
Jobs number:  50
Tasks number: 146
loss: 391.4233093261719
start in data :  CyberShake 576
Jobs number:  50
Tasks number: 152
loss: 417.38958740234375
start in data :  CyberShake 577
Jobs number:  50
Tasks number: 149
loss: 395.7358703613281
start in data :  CyberShake 578
Jobs number:  50
Tasks number: 150
loss: 387.9412841796875
start in data :  CyberShake 579
Jobs number:  50
Tasks number: 146
loss: 373.0079040527344
start in data :  CyberShake 580
Jobs number:  50
Tasks number: 149
loss: 410.1170654296875
start in data :  CyberShake 581
Jobs number:  50
Tasks number: 149
loss: 519.8908081054688
start in data :  CyberShake 582
Jobs number:  50
Tasks number: 147
loss: 394.681640625
start in data :  CyberShake 583
Jobs number:  50
Tasks number: 148
loss: 363.3066101074219
start in data :  CyberShake 584
Jobs number:  50
Tasks number: 153
loss: 405.27044677734375
start in data :  CyberShake 585
Jobs number:  50
Tasks number: 150
loss: 395.01446533203125
start in data :  CyberShake 586
Jobs number:  50
Tasks number: 149
loss: 399.0940246582031
start in data :  CyberShake 587
Jobs number:  50
Tasks number: 151
loss: 397.97869873046875
start in data :  CyberShake 588
Jobs number:  50
Tasks number: 152
loss: 410.4075622558594
start in data :  CyberShake 589
Jobs number:  50
Tasks number: 150
loss: 378.3498840332031
start in data :  CyberShake 590
Jobs number:  50
Tasks number: 147
loss: 386.11358642578125
start in data :  CyberShake 591
Jobs number:  50
Tasks number: 152
loss: 423.2249755859375
start in data :  CyberShake 592
Jobs number:  50
Tasks number: 147
loss: 454.0144348144531
start in data :  CyberShake 593
Jobs number:  50
Tasks number: 147
loss: 387.8629150390625
start in data :  CyberShake 594
Jobs number:  50
Tasks number: 147
loss: 388.6468505859375
start in data :  CyberShake 595
Jobs number:  50
Tasks number: 147
loss: 371.24090576171875
start in data :  CyberShake 596
Jobs number:  50
Tasks number: 149
loss: 413.3387756347656
start in data :  CyberShake 597
Jobs number:  50
Tasks number: 153
loss: 391.66583251953125
start in data :  CyberShake 598
Jobs number:  50
Tasks number: 150
loss: 368.49005126953125
start in data :  CyberShake 599
Jobs number:  50
Tasks number: 150
loss: 437.1961975097656
start in data :  CyberShake 600
Jobs number:  50
Tasks number: 150
loss: 373.3837890625
start in data :  CyberShake 601
Jobs number:  50
Tasks number: 151
loss: 408.6098937988281
start in data :  CyberShake 602
Jobs number:  50
Tasks number: 147
loss: 378.66845703125
start in data :  CyberShake 603
Jobs number:  50
Tasks number: 148
loss: 388.4421081542969
start in data :  CyberShake 604
Jobs number:  50
Tasks number: 153
loss: 389.56182861328125
start in data :  CyberShake 605
Jobs number:  50
Tasks number: 149
loss: 391.8185729980469
start in data :  CyberShake 606
Jobs number:  50
Tasks number: 152
loss: 391.9330749511719
start in data :  CyberShake 607
Jobs number:  50
Tasks number: 145
loss: 358.241943359375
start in data :  CyberShake 608
Jobs number:  50
Tasks number: 149
loss: 381.3439025878906
start in data :  CyberShake 609
Jobs number:  50
Tasks number: 152
loss: 391.44512939453125
start in data :  CyberShake 610
Jobs number:  50
Tasks number: 149
loss: 386.691162109375
start in data :  CyberShake 611
Jobs number:  50
Tasks number: 147
loss: 409.3612976074219
start in data :  CyberShake 612
Jobs number:  50
Tasks number: 146
loss: 379.2074279785156
start in data :  CyberShake 613
Jobs number:  50
Tasks number: 151
loss: 399.31158447265625
start in data :  CyberShake 614
Jobs number:  50
Tasks number: 147
loss: 393.6957702636719
start in data :  CyberShake 615
Jobs number:  50
Tasks number: 146
loss: 385.18353271484375
start in data :  CyberShake 616
Jobs number:  50
Tasks number: 153
loss: 403.8135986328125
start in data :  CyberShake 617
Jobs number:  50
Tasks number: 152
loss: 465.2462463378906
start in data :  CyberShake 618
Jobs number:  50
Tasks number: 147
loss: 377.547119140625
start in data :  CyberShake 619
Jobs number:  50
Tasks number: 147
loss: 407.32806396484375
start in data :  CyberShake 620
Jobs number:  50
Tasks number: 146
loss: 357.3839111328125
start in data :  CyberShake 621
Jobs number:  50
Tasks number: 147
loss: 386.3456726074219
start in data :  CyberShake 622
Jobs number:  50
Tasks number: 149
loss: 405.09527587890625
start in data :  CyberShake 623
Jobs number:  50
Tasks number: 149
loss: 412.2044677734375
start in data :  CyberShake 624
Jobs number:  50
Tasks number: 149
loss: 414.1191101074219
start in data :  CyberShake 625
Jobs number:  50
Tasks number: 150
loss: 400.4102783203125
start in data :  CyberShake 626
Jobs number:  50
Tasks number: 147
loss: 382.2535705566406
start in data :  CyberShake 627
Jobs number:  50
Tasks number: 148
loss: 432.24365234375
start in data :  CyberShake 628
Jobs number:  50
Tasks number: 149
loss: 425.2764892578125
start in data :  CyberShake 629
Jobs number:  50
Tasks number: 152
loss: 422.9281005859375
start in data :  CyberShake 630
Jobs number:  50
Tasks number: 149
loss: 418.47027587890625
start in data :  CyberShake 631
Jobs number:  50
Tasks number: 146
loss: 375.13275146484375
start in data :  CyberShake 632
Jobs number:  50
Tasks number: 148
loss: 369.14569091796875
start in data :  CyberShake 633
Jobs number:  50
Tasks number: 148
loss: 407.6778564453125
start in data :  CyberShake 634
Jobs number:  50
Tasks number: 152
loss: 423.7217712402344
start in data :  CyberShake 635
Jobs number:  50
Tasks number: 146
loss: 363.75738525390625
start in data :  CyberShake 636
Jobs number:  50
Tasks number: 149
loss: 395.2157897949219
start in data :  CyberShake 637
Jobs number:  50
Tasks number: 151
loss: 389.284912109375
start in data :  CyberShake 638
Jobs number:  50
Tasks number: 146
loss: 385.97772216796875
start in data :  CyberShake 639
Jobs number:  50
Tasks number: 150
loss: 407.0651550292969
start in data :  CyberShake 640
Jobs number:  50
Tasks number: 148
loss: 444.0027770996094
start in data :  CyberShake 641
Jobs number:  50
Tasks number: 153
loss: 397.9220275878906
start in data :  CyberShake 642
Jobs number:  50
Tasks number: 147
loss: 372.5738525390625
start in data :  CyberShake 643
Jobs number:  50
Tasks number: 151
loss: 396.0984191894531
start in data :  CyberShake 644
Jobs number:  50
Tasks number: 151
loss: 388.31591796875
start in data :  CyberShake 645
Jobs number:  50
Tasks number: 151
loss: 369.80694580078125
start in data :  CyberShake 646
Jobs number:  50
Tasks number: 147
loss: 365.8802185058594
start in data :  CyberShake 647
Jobs number:  50
Tasks number: 150
loss: 392.4515686035156
start in data :  CyberShake 648
Jobs number:  50
Tasks number: 148
loss: 398.2676696777344
start in data :  CyberShake 649
Jobs number:  50
Tasks number: 152
loss: 384.4394836425781
start in data :  CyberShake 650
Jobs number:  50
Tasks number: 148
loss: 388.1084899902344
start in data :  CyberShake 651
Jobs number:  50
Tasks number: 146
loss: 371.3927307128906
start in data :  CyberShake 652
Jobs number:  50
Tasks number: 148
loss: 388.89727783203125
start in data :  CyberShake 653
Jobs number:  50
Tasks number: 150
loss: 407.8056640625
start in data :  CyberShake 654
Jobs number:  50
Tasks number: 148
loss: 482.7774658203125
start in data :  CyberShake 655
Jobs number:  50
Tasks number: 149
loss: 377.85882568359375
start in data :  CyberShake 656
Jobs number:  50
Tasks number: 145
loss: 360.8013000488281
start in data :  CyberShake 657
Jobs number:  50
Tasks number: 145
loss: 422.6141662597656
start in data :  CyberShake 658
Jobs number:  50
Tasks number: 146
loss: 383.28204345703125
start in data :  CyberShake 659
Jobs number:  50
Tasks number: 144
loss: 352.96978759765625
start in data :  CyberShake 660
Jobs number:  50
Tasks number: 146
loss: 413.74005126953125
start in data :  CyberShake 661
Jobs number:  50
Tasks number: 146
loss: 412.74749755859375
start in data :  CyberShake 662
Jobs number:  50
Tasks number: 149
loss: 391.68450927734375
start in data :  CyberShake 663
Jobs number:  50
Tasks number: 144
loss: 343.6051025390625
start in data :  CyberShake 664
Jobs number:  50
Tasks number: 147
loss: 416.1697998046875
start in data :  CyberShake 665
Jobs number:  50
Tasks number: 147
loss: 372.7531433105469
start in data :  CyberShake 666
Jobs number:  50
Tasks number: 152
loss: 455.9758605957031
start in data :  CyberShake 667
Jobs number:  50
Tasks number: 148
loss: 377.31878662109375
start in data :  CyberShake 668
Jobs number:  50
Tasks number: 150
loss: 399.23529052734375
start in data :  CyberShake 669
Jobs number:  50
Tasks number: 147
loss: 382.6764221191406
start in data :  CyberShake 670
Jobs number:  50
Tasks number: 150
loss: 382.6393737792969
start in data :  CyberShake 671
Jobs number:  50
Tasks number: 148
loss: 380.0758972167969
start in data :  CyberShake 672
Jobs number:  50
Tasks number: 151
loss: 411.47308349609375
start in data :  CyberShake 673
Jobs number:  50
Tasks number: 148
loss: 386.62744140625
start in data :  CyberShake 674
Jobs number:  50
Tasks number: 149
loss: 433.6842041015625
start in data :  CyberShake 675
Jobs number:  50
Tasks number: 151
loss: 400.6676940917969
start in data :  CyberShake 676
Jobs number:  50
Tasks number: 148
loss: 387.44091796875
start in data :  CyberShake 677
Jobs number:  50
Tasks number: 149
loss: 460.6643981933594
start in data :  CyberShake 678
Jobs number:  50
Tasks number: 149
loss: 400.7843017578125
start in data :  CyberShake 679
Jobs number:  50
Tasks number: 148
loss: 400.00128173828125
start in data :  CyberShake 680
Jobs number:  50
Tasks number: 149
loss: 413.9154968261719
start in data :  CyberShake 681
Jobs number:  50
Tasks number: 147
loss: 388.2304992675781
start in data :  CyberShake 682
Jobs number:  50
Tasks number: 150
loss: 424.21185302734375
start in data :  CyberShake 683
Jobs number:  50
Tasks number: 150
loss: 489.7633056640625
start in data :  CyberShake 684
Jobs number:  50
Tasks number: 149
loss: 471.0592041015625
start in data :  CyberShake 685
Jobs number:  50
Tasks number: 148
loss: 362.7729187011719
start in data :  CyberShake 686
Jobs number:  50
Tasks number: 148
loss: 395.3539123535156
start in data :  CyberShake 687
Jobs number:  50
Tasks number: 150
loss: 400.6404113769531
start in data :  CyberShake 688
Jobs number:  50
Tasks number: 151
loss: 407.1077575683594
start in data :  CyberShake 689
Jobs number:  50
Tasks number: 148
loss: 424.0823059082031
start in data :  CyberShake 690
Jobs number:  50
Tasks number: 149
loss: 380.16290283203125
start in data :  CyberShake 691
Jobs number:  50
Tasks number: 148
loss: 395.8317565917969
start in data :  CyberShake 692
Jobs number:  50
Tasks number: 148
loss: 385.5305480957031
start in data :  CyberShake 693
Jobs number:  50
Tasks number: 149
loss: 398.7799072265625
start in data :  CyberShake 694
Jobs number:  50
Tasks number: 149
loss: 451.93475341796875
start in data :  CyberShake 695
Jobs number:  50
Tasks number: 151
loss: 409.9217834472656
start in data :  CyberShake 696
Jobs number:  50
Tasks number: 153
loss: 391.7838439941406
start in data :  CyberShake 697
Jobs number:  50
Tasks number: 150
loss: 402.2501525878906
start in data :  CyberShake 698
Jobs number:  50
Tasks number: 150
loss: 427.8374938964844
start in data :  CyberShake 699
Jobs number:  50
Tasks number: 147
loss: 395.3091125488281
start in data :  CyberShake 700
Jobs number:  50
Tasks number: 149
loss: 412.16998291015625
start in data :  CyberShake 701
Jobs number:  50
Tasks number: 153
loss: 419.7051696777344
start in data :  CyberShake 702
Jobs number:  50
Tasks number: 150
loss: 410.128662109375
start in data :  CyberShake 703
Jobs number:  50
Tasks number: 152
loss: 410.37664794921875
start in data :  CyberShake 704
Jobs number:  50
Tasks number: 149
loss: 373.987060546875
start in data :  CyberShake 705
Jobs number:  50
Tasks number: 146
loss: 368.7267150878906
start in data :  CyberShake 706
Jobs number:  50
Tasks number: 149
loss: 373.77294921875
start in data :  CyberShake 707
Jobs number:  50
Tasks number: 150
loss: 407.0740051269531
start in data :  CyberShake 708
Jobs number:  50
Tasks number: 146
loss: 386.1063537597656
start in data :  CyberShake 709
Jobs number:  50
Tasks number: 145
loss: 378.19317626953125
start in data :  CyberShake 710
Jobs number:  50
Tasks number: 148
loss: 381.91571044921875
start in data :  CyberShake 711
Jobs number:  50
Tasks number: 147
loss: 415.1847839355469
start in data :  CyberShake 712
Jobs number:  50
Tasks number: 145
loss: 371.931640625
start in data :  CyberShake 713
Jobs number:  50
Tasks number: 153
loss: 425.9403076171875
start in data :  CyberShake 714
Jobs number:  50
Tasks number: 149
loss: 408.2776794433594
start in data :  CyberShake 715
Jobs number:  50
Tasks number: 147
loss: 379.7728271484375
start in data :  CyberShake 716
Jobs number:  50
Tasks number: 151
loss: 360.4925231933594
start in data :  CyberShake 717
Jobs number:  50
Tasks number: 148
loss: 441.36749267578125
start in data :  CyberShake 718
Jobs number:  50
Tasks number: 152
loss: 375.2759094238281
start in data :  CyberShake 719
Jobs number:  50
Tasks number: 150
loss: 414.4817199707031
start in data :  CyberShake 720
Jobs number:  50
Tasks number: 152
loss: 385.2413024902344
start in data :  CyberShake 721
Jobs number:  50
Tasks number: 145
loss: 363.4842529296875
start in data :  CyberShake 722
Jobs number:  50
Tasks number: 148
loss: 374.9757080078125
start in data :  CyberShake 723
Jobs number:  50
Tasks number: 147
loss: 447.73504638671875
start in data :  CyberShake 724
Jobs number:  50
Tasks number: 151
loss: 431.44305419921875
start in data :  CyberShake 725
Jobs number:  50
Tasks number: 147
loss: 363.4375
start in data :  CyberShake 726
Jobs number:  50
Tasks number: 148
loss: 412.2513732910156
start in data :  CyberShake 727
Jobs number:  50
Tasks number: 148
loss: 352.729736328125
start in data :  CyberShake 728
Jobs number:  50
Tasks number: 145
loss: 375.0100402832031
start in data :  CyberShake 729
Jobs number:  50
Tasks number: 152
loss: 482.25140380859375
start in data :  CyberShake 730
Jobs number:  50
Tasks number: 148
loss: 372.6575622558594
start in data :  CyberShake 731
Jobs number:  50
Tasks number: 145
loss: 409.8980407714844
start in data :  CyberShake 732
Jobs number:  50
Tasks number: 150
loss: 415.1186828613281
start in data :  CyberShake 733
Jobs number:  50
Tasks number: 151
loss: 396.89251708984375
start in data :  CyberShake 734
Jobs number:  50
Tasks number: 148
loss: 402.32611083984375
start in data :  CyberShake 735
Jobs number:  50
Tasks number: 149
loss: 430.91143798828125
start in data :  CyberShake 736
Jobs number:  50
Tasks number: 148
loss: 398.146240234375
start in data :  CyberShake 737
Jobs number:  50
Tasks number: 149
loss: 448.4778137207031
start in data :  CyberShake 738
Jobs number:  50
Tasks number: 157
loss: 406.4079895019531
start in data :  CyberShake 739
Jobs number:  50
Tasks number: 149
loss: 371.7604064941406
start in data :  CyberShake 740
Jobs number:  50
Tasks number: 148
loss: 455.9261779785156
start in data :  CyberShake 741
Jobs number:  50
Tasks number: 147
loss: 370.6131896972656
start in data :  CyberShake 742
Jobs number:  50
Tasks number: 150
loss: 431.34417724609375
start in data :  CyberShake 743
Jobs number:  50
Tasks number: 149
loss: 381.2250061035156
start in data :  CyberShake 744
Jobs number:  50
Tasks number: 148
loss: 413.3048095703125
start in data :  CyberShake 745
Jobs number:  50
Tasks number: 147
loss: 378.44244384765625
start in data :  CyberShake 746
Jobs number:  50
Tasks number: 147
loss: 371.88525390625
start in data :  CyberShake 747
Jobs number:  50
Tasks number: 148
loss: 379.7946472167969
start in data :  CyberShake 748
Jobs number:  50
Tasks number: 149
loss: 394.1474304199219
start in data :  CyberShake 749
Jobs number:  50
Tasks number: 153
loss: 428.760986328125
start in data :  CyberShake 750
Jobs number:  50
Tasks number: 150
loss: 379.51739501953125
start in data :  CyberShake 751
Jobs number:  50
Tasks number: 150
loss: 382.774658203125
start in data :  CyberShake 752
Jobs number:  50
Tasks number: 151
loss: 414.0539245605469
start in data :  CyberShake 753
Jobs number:  50
Tasks number: 149
loss: 378.65655517578125
start in data :  CyberShake 754
Jobs number:  50
Tasks number: 146
loss: 372.09893798828125
start in data :  CyberShake 755
Jobs number:  50
Tasks number: 154
loss: 461.9320068359375
start in data :  CyberShake 756
Jobs number:  50
Tasks number: 147
loss: 393.628662109375
start in data :  CyberShake 757
Jobs number:  50
Tasks number: 156
loss: 418.8519287109375
start in data :  CyberShake 758
Jobs number:  50
Tasks number: 151
loss: 364.1871643066406
start in data :  CyberShake 759
Jobs number:  50
Tasks number: 149
loss: 376.5481872558594
start in data :  CyberShake 760
Jobs number:  50
Tasks number: 148
loss: 397.4018249511719
start in data :  CyberShake 761
Jobs number:  50
Tasks number: 146
loss: 372.5533142089844
start in data :  CyberShake 762
Jobs number:  50
Tasks number: 151
loss: 426.57354736328125
start in data :  CyberShake 763
Jobs number:  50
Tasks number: 147
loss: 385.3375549316406
start in data :  CyberShake 764
Jobs number:  50
Tasks number: 152
loss: 397.45880126953125
start in data :  CyberShake 765
Jobs number:  50
Tasks number: 150
loss: 395.6743469238281
start in data :  CyberShake 766
Jobs number:  50
Tasks number: 147
loss: 401.95745849609375
start in data :  CyberShake 767
Jobs number:  50
Tasks number: 144
loss: 375.49853515625
start in data :  CyberShake 768
Jobs number:  50
Tasks number: 149
loss: 377.197998046875
start in data :  CyberShake 769
Jobs number:  50
Tasks number: 148
loss: 393.6946716308594
start in data :  CyberShake 770
Jobs number:  50
Tasks number: 151
loss: 440.739990234375
start in data :  CyberShake 771
Jobs number:  50
Tasks number: 148
loss: 375.3396301269531
start in data :  CyberShake 772
Jobs number:  50
Tasks number: 152
loss: 481.8555908203125
start in data :  CyberShake 773
Jobs number:  50
Tasks number: 150
loss: 395.0932922363281
start in data :  CyberShake 774
Jobs number:  50
Tasks number: 149
loss: 388.907470703125
start in data :  CyberShake 775
Jobs number:  50
Tasks number: 150
loss: 395.9329528808594
start in data :  CyberShake 776
Jobs number:  50
Tasks number: 150
loss: 377.5533752441406
start in data :  CyberShake 777
Jobs number:  50
Tasks number: 149
loss: 370.42742919921875
start in data :  CyberShake 778
Jobs number:  50
Tasks number: 148
loss: 390.69866943359375
start in data :  CyberShake 779
Jobs number:  50
Tasks number: 147
loss: 402.17083740234375
start in data :  CyberShake 780
Jobs number:  50
Tasks number: 149
loss: 401.2373352050781
start in data :  CyberShake 781
Jobs number:  50
Tasks number: 150
loss: 380.611083984375
start in data :  CyberShake 782
Jobs number:  50
Tasks number: 145
loss: 361.1092224121094
start in data :  CyberShake 783
Jobs number:  50
Tasks number: 148
loss: 407.13323974609375
start in data :  CyberShake 784
Jobs number:  50
Tasks number: 147
loss: 394.1531677246094
start in data :  CyberShake 785
Jobs number:  50
Tasks number: 152
loss: 427.308837890625
start in data :  CyberShake 786
Jobs number:  50
Tasks number: 150
loss: 395.3145751953125
start in data :  CyberShake 787
Jobs number:  50
Tasks number: 149
loss: 397.2427978515625
start in data :  CyberShake 788
Jobs number:  50
Tasks number: 148
loss: 405.9359130859375
start in data :  CyberShake 789
Jobs number:  50
Tasks number: 150
loss: 392.1624450683594
start in data :  CyberShake 790
Jobs number:  50
Tasks number: 147
loss: 374.96075439453125
start in data :  CyberShake 791
Jobs number:  50
Tasks number: 152
loss: 385.9117126464844
start in data :  CyberShake 792
Jobs number:  50
Tasks number: 149
loss: 380.4664306640625
start in data :  CyberShake 793
Jobs number:  50
Tasks number: 150
loss: 399.9206237792969
start in data :  CyberShake 794
Jobs number:  50
Tasks number: 152
loss: 391.27056884765625
start in data :  CyberShake 795
Jobs number:  50
Tasks number: 144
loss: 403.6014404296875
start in data :  CyberShake 796
Jobs number:  50
Tasks number: 147
loss: 405.1715087890625
start in data :  CyberShake 797
Jobs number:  50
Tasks number: 148
loss: 351.8199462890625
start in data :  CyberShake 798
Jobs number:  50
Tasks number: 151
loss: 400.7230224609375
start in data :  CyberShake 799
Jobs number:  50
Tasks number: 146
loss: 376.3001708984375
start in data :  CyberShake 800
Jobs number:  50
Tasks number: 152
loss: 404.2076416015625
start in data :  CyberShake 801
Jobs number:  50
Tasks number: 150
loss: 369.91143798828125
start in data :  CyberShake 802
Jobs number:  50
Tasks number: 149
loss: 414.63739013671875
start in data :  CyberShake 803
Jobs number:  50
Tasks number: 146
loss: 362.15032958984375
start in data :  CyberShake 804
Jobs number:  50
Tasks number: 151
loss: 399.111083984375
start in data :  CyberShake 805
Jobs number:  50
Tasks number: 146
loss: 367.3916320800781
start in data :  CyberShake 806
Jobs number:  50
Tasks number: 149
loss: 351.6061096191406
start in data :  CyberShake 807
Jobs number:  50
Tasks number: 149
loss: 381.9660949707031
start in data :  CyberShake 808
Jobs number:  50
Tasks number: 149
loss: 428.1028137207031
start in data :  CyberShake 809
Jobs number:  50
Tasks number: 151
loss: 400.4261779785156
start in data :  CyberShake 810
Jobs number:  50
Tasks number: 147
loss: 372.287841796875
start in data :  CyberShake 811
Jobs number:  50
Tasks number: 145
loss: 363.9417419433594
start in data :  CyberShake 812
Jobs number:  50
Tasks number: 147
loss: 418.7528991699219
start in data :  CyberShake 813
Jobs number:  50
Tasks number: 150
loss: 383.0055236816406
start in data :  CyberShake 814
Jobs number:  50
Tasks number: 147
loss: 442.3902587890625
start in data :  CyberShake 815
Jobs number:  50
Tasks number: 150
loss: 396.13555908203125
start in data :  CyberShake 816
Jobs number:  50
Tasks number: 149
loss: 395.4969482421875
start in data :  CyberShake 817
Jobs number:  50
Tasks number: 149
loss: 369.81719970703125
start in data :  CyberShake 818
Jobs number:  50
Tasks number: 149
loss: 403.2289123535156
start in data :  CyberShake 819
Jobs number:  50
Tasks number: 148
loss: 442.36236572265625
start in data :  CyberShake 820
Jobs number:  50
Tasks number: 148
loss: 409.54388427734375
start in data :  CyberShake 821
Jobs number:  50
Tasks number: 149
loss: 382.2215881347656
start in data :  CyberShake 822
Jobs number:  50
Tasks number: 151
loss: 400.9058837890625
start in data :  CyberShake 823
Jobs number:  50
Tasks number: 146
loss: 387.30230712890625
start in data :  CyberShake 824
Jobs number:  50
Tasks number: 151
loss: 405.3702087402344
start in data :  CyberShake 825
Jobs number:  50
Tasks number: 151
loss: 446.14984130859375
start in data :  CyberShake 826
Jobs number:  50
Tasks number: 150
loss: 392.4586486816406
start in data :  CyberShake 827
Jobs number:  50
Tasks number: 150
loss: 378.7890319824219
start in data :  CyberShake 828
Jobs number:  50
Tasks number: 149
loss: 405.8905334472656
start in data :  CyberShake 829
Jobs number:  50
Tasks number: 150
loss: 406.14801025390625
start in data :  CyberShake 830
Jobs number:  50
Tasks number: 148
loss: 374.6297912597656
start in data :  CyberShake 831
Jobs number:  50
Tasks number: 145
loss: 390.0803527832031
start in data :  CyberShake 832
Jobs number:  50
Tasks number: 150
loss: 457.00225830078125
start in data :  CyberShake 833
Jobs number:  50
Tasks number: 149
loss: 402.6824035644531
start in data :  CyberShake 834
Jobs number:  50
Tasks number: 151
loss: 399.068359375
start in data :  CyberShake 835
Jobs number:  50
Tasks number: 150
loss: 457.23095703125
start in data :  CyberShake 836
Jobs number:  50
Tasks number: 146
loss: 385.8047790527344
start in data :  CyberShake 837
Jobs number:  50
Tasks number: 149
loss: 432.4078063964844
start in data :  CyberShake 838
Jobs number:  50
Tasks number: 151
loss: 409.8328857421875
start in data :  CyberShake 839
Jobs number:  50
Tasks number: 147
loss: 400.49127197265625
start in data :  CyberShake 840
Jobs number:  50
Tasks number: 148
loss: 432.5445251464844
start in data :  CyberShake 841
Jobs number:  50
Tasks number: 147
loss: 394.3538818359375
start in data :  CyberShake 842
Jobs number:  50
Tasks number: 150
loss: 409.7613220214844
start in data :  CyberShake 843
Jobs number:  50
Tasks number: 146
loss: 409.57275390625
start in data :  CyberShake 844
Jobs number:  50
Tasks number: 149
loss: 405.26812744140625
start in data :  CyberShake 845
Jobs number:  50
Tasks number: 150
loss: 413.7865905761719
start in data :  CyberShake 846
Jobs number:  50
Tasks number: 147
loss: 389.6123352050781
start in data :  CyberShake 847
Jobs number:  50
Tasks number: 148
loss: 382.8671569824219
start in data :  CyberShake 848
Jobs number:  50
Tasks number: 151
loss: 389.1117858886719
start in data :  CyberShake 849
Jobs number:  50
Tasks number: 146
loss: 380.0346374511719
start in data :  CyberShake 850
Jobs number:  50
Tasks number: 147
loss: 440.8335876464844
start in data :  CyberShake 851
Jobs number:  50
Tasks number: 146
loss: 373.6940002441406
start in data :  CyberShake 852
Jobs number:  50
Tasks number: 153
loss: 396.3248596191406
start in data :  CyberShake 853
Jobs number:  50
Tasks number: 147
loss: 346.93487548828125
start in data :  CyberShake 854
Jobs number:  50
Tasks number: 151
loss: 484.6158752441406
start in data :  CyberShake 855
Jobs number:  50
Tasks number: 148
loss: 387.3393249511719
start in data :  CyberShake 856
Jobs number:  50
Tasks number: 152
loss: 452.7789001464844
start in data :  CyberShake 857
Jobs number:  50
Tasks number: 150
loss: 373.4150695800781
start in data :  CyberShake 858
Jobs number:  50
Tasks number: 148
loss: 417.8507080078125
start in data :  CyberShake 859
Jobs number:  50
Tasks number: 148
loss: 347.5028381347656
start in data :  CyberShake 860
Jobs number:  50
Tasks number: 144
loss: 355.454833984375
start in data :  CyberShake 861
Jobs number:  50
Tasks number: 146
loss: 399.4842834472656
start in data :  CyberShake 862
Jobs number:  50
Tasks number: 148
loss: 403.04034423828125
start in data :  CyberShake 863
Jobs number:  50
Tasks number: 151
loss: 377.94805908203125
start in data :  CyberShake 864
Jobs number:  50
Tasks number: 149
loss: 488.0547790527344
start in data :  CyberShake 865
Jobs number:  50
Tasks number: 150
loss: 401.4866943359375
start in data :  CyberShake 866
Jobs number:  50
Tasks number: 149
loss: 392.9434509277344
start in data :  CyberShake 867
Jobs number:  50
Tasks number: 145
loss: 368.43402099609375
start in data :  CyberShake 868
Jobs number:  50
Tasks number: 150
loss: 422.0594482421875
start in data :  CyberShake 869
Jobs number:  50
Tasks number: 150
loss: 392.5651550292969
start in data :  CyberShake 870
Jobs number:  50
Tasks number: 152
loss: 426.4552307128906
start in data :  CyberShake 871
Jobs number:  50
Tasks number: 145
loss: 405.08624267578125
start in data :  CyberShake 872
Jobs number:  50
Tasks number: 148
loss: 384.7577209472656
start in data :  CyberShake 873
Jobs number:  50
Tasks number: 146
loss: 379.5080261230469
start in data :  CyberShake 874
Jobs number:  50
Tasks number: 153
loss: 435.48651123046875
start in data :  CyberShake 875
Jobs number:  50
Tasks number: 148
loss: 411.4669189453125
start in data :  CyberShake 876
Jobs number:  50
Tasks number: 149
loss: 389.66552734375
start in data :  CyberShake 877
Jobs number:  50
Tasks number: 146
loss: 381.9523620605469
start in data :  CyberShake 878
Jobs number:  50
Tasks number: 146
loss: 416.3258972167969
start in data :  CyberShake 879
Jobs number:  50
Tasks number: 149
loss: 393.193359375
start in data :  CyberShake 880
Jobs number:  50
Tasks number: 153
loss: 372.7935791015625
start in data :  CyberShake 881
Jobs number:  50
Tasks number: 149
loss: 411.93994140625
start in data :  CyberShake 882
Jobs number:  50
Tasks number: 146
loss: 381.0335693359375
start in data :  CyberShake 883
Jobs number:  50
Tasks number: 150
loss: 378.865234375
start in data :  CyberShake 884
Jobs number:  50
Tasks number: 152
loss: 422.8037109375
start in data :  CyberShake 885
Jobs number:  50
Tasks number: 146
loss: 389.07647705078125
start in data :  CyberShake 886
Jobs number:  50
Tasks number: 153
loss: 401.6518249511719
start in data :  CyberShake 887
Jobs number:  50
Tasks number: 150
loss: 420.8912353515625
start in data :  CyberShake 888
Jobs number:  50
Tasks number: 152
loss: 385.33978271484375
start in data :  CyberShake 889
Jobs number:  50
Tasks number: 149
loss: 373.2265625
start in data :  CyberShake 890
Jobs number:  50
Tasks number: 148
loss: 392.099365234375
start in data :  CyberShake 891
Jobs number:  50
Tasks number: 151
loss: 397.775390625
start in data :  CyberShake 892
Jobs number:  50
Tasks number: 148
loss: 391.54864501953125
start in data :  CyberShake 893
Jobs number:  50
Tasks number: 152
loss: 388.1479187011719
start in data :  CyberShake 894
Jobs number:  50
Tasks number: 145
loss: 414.85369873046875
start in data :  CyberShake 895
Jobs number:  50
Tasks number: 147
loss: 422.243896484375
start in data :  CyberShake 896
Jobs number:  50
Tasks number: 152
loss: 387.0259094238281
start in data :  CyberShake 897
Jobs number:  50
Tasks number: 150
loss: 378.55712890625
start in data :  CyberShake 898
Jobs number:  50
Tasks number: 149
loss: 403.09478759765625
start in data :  CyberShake 899
Jobs number:  50
Tasks number: 148
loss: 384.0472717285156
start in data: CyberShake 900
Jobs number:  50
Tasks number: 149
makespan: 78
start in data: CyberShake 901
Jobs number:  50
Tasks number: 148
makespan: 74
start in data: CyberShake 902
Jobs number:  50
Tasks number: 148
makespan: 81
start in data: CyberShake 903
Jobs number:  50
Tasks number: 149
makespan: 80
start in data: CyberShake 904
Jobs number:  50
Tasks number: 149
makespan: 76
start in data: CyberShake 905
Jobs number:  50
Tasks number: 150
makespan: 69
start in data: CyberShake 906
Jobs number:  50
Tasks number: 148
makespan: 78
start in data: CyberShake 907
Jobs number:  50
Tasks number: 149
makespan: 86
start in data: CyberShake 908
Jobs number:  50
Tasks number: 146
makespan: 82
start in data: CyberShake 909
Jobs number:  50
Tasks number: 148
makespan: 76
start in data: CyberShake 910
Jobs number:  50
Tasks number: 151
makespan: 75
start in data: CyberShake 911
Jobs number:  50
Tasks number: 148
makespan: 71
start in data: CyberShake 912
Jobs number:  50
Tasks number: 148
makespan: 77
start in data: CyberShake 913
Jobs number:  50
Tasks number: 149
makespan: 77
start in data: CyberShake 914
Jobs number:  50
Tasks number: 149
makespan: 75
start in data: CyberShake 915
Jobs number:  50
Tasks number: 150
makespan: 79
start in data: CyberShake 916
Jobs number:  50
Tasks number: 150
makespan: 69
start in data: CyberShake 917
Jobs number:  50
Tasks number: 147
makespan: 75
start in data: CyberShake 918
Jobs number:  50
Tasks number: 150
makespan: 78
start in data: CyberShake 919
Jobs number:  50
Tasks number: 150
makespan: 73
start in data: CyberShake 920
Jobs number:  50
Tasks number: 145
makespan: 79
start in data: CyberShake 921
Jobs number:  50
Tasks number: 149
makespan: 75
start in data: CyberShake 922
Jobs number:  50
Tasks number: 148
makespan: 71
start in data: CyberShake 923
Jobs number:  50
Tasks number: 147
makespan: 70
start in data: CyberShake 924
Jobs number:  50
Tasks number: 150
makespan: 82
start in data: CyberShake 925
Jobs number:  50
Tasks number: 150
makespan: 77
start in data: CyberShake 926
Jobs number:  50
Tasks number: 146
makespan: 83
start in data: CyberShake 927
Jobs number:  50
Tasks number: 149
makespan: 78
start in data: CyberShake 928
Jobs number:  50
Tasks number: 145
makespan: 83
start in data: CyberShake 929
Jobs number:  50
Tasks number: 153
makespan: 70
start in data: CyberShake 930
Jobs number:  50
Tasks number: 147
makespan: 80
start in data: CyberShake 931
Jobs number:  50
Tasks number: 147
makespan: 71
start in data: CyberShake 932
Jobs number:  50
Tasks number: 145
makespan: 73
start in data: CyberShake 933
Jobs number:  50
Tasks number: 147
makespan: 78
start in data: CyberShake 934
Jobs number:  50
Tasks number: 152
makespan: 84
start in data: CyberShake 935
Jobs number:  50
Tasks number: 147
makespan: 76
start in data: CyberShake 936
Jobs number:  50
Tasks number: 152
makespan: 74
start in data: CyberShake 937
Jobs number:  50
Tasks number: 149
makespan: 80
start in data: CyberShake 938
Jobs number:  50
Tasks number: 149
makespan: 72
start in data: CyberShake 939
Jobs number:  50
Tasks number: 147
makespan: 75
start in data: CyberShake 940
Jobs number:  50
Tasks number: 150
makespan: 80
start in data: CyberShake 941
Jobs number:  50
Tasks number: 150
makespan: 80
start in data: CyberShake 942
Jobs number:  50
Tasks number: 150
makespan: 78
start in data: CyberShake 943
Jobs number:  50
Tasks number: 148
makespan: 78
start in data: CyberShake 944
Jobs number:  50
Tasks number: 148
makespan: 85
start in data: CyberShake 945
Jobs number:  50
Tasks number: 147
makespan: 80
start in data: CyberShake 946
Jobs number:  50
Tasks number: 149
makespan: 78
start in data: CyberShake 947
Jobs number:  50
Tasks number: 148
makespan: 76
start in data: CyberShake 948
Jobs number:  50
Tasks number: 146
makespan: 77
start in data: CyberShake 949
Jobs number:  50
Tasks number: 152
makespan: 81
start in data: CyberShake 950
Jobs number:  50
Tasks number: 149
makespan: 73
start in data: CyberShake 951
Jobs number:  50
Tasks number: 154
makespan: 87
start in data: CyberShake 952
Jobs number:  50
Tasks number: 147
makespan: 70
start in data: CyberShake 953
Jobs number:  50
Tasks number: 152
makespan: 78
start in data: CyberShake 954
Jobs number:  50
Tasks number: 150
makespan: 80
start in data: CyberShake 955
Jobs number:  50
Tasks number: 151
makespan: 84
start in data: CyberShake 956
Jobs number:  50
Tasks number: 146
makespan: 82
start in data: CyberShake 957
Jobs number:  50
Tasks number: 153
makespan: 78
start in data: CyberShake 958
Jobs number:  50
Tasks number: 147
makespan: 82
start in data: CyberShake 959
Jobs number:  50
Tasks number: 151
makespan: 79
start in data: CyberShake 960
Jobs number:  50
Tasks number: 152
makespan: 76
start in data: CyberShake 961
Jobs number:  50
Tasks number: 148
makespan: 84
start in data: CyberShake 962
Jobs number:  50
Tasks number: 150
makespan: 76
start in data: CyberShake 963
Jobs number:  50
Tasks number: 150
makespan: 74
start in data: CyberShake 964
Jobs number:  50
Tasks number: 151
makespan: 80
start in data: CyberShake 965
Jobs number:  50
Tasks number: 146
makespan: 73
start in data: CyberShake 966
Jobs number:  50
Tasks number: 148
makespan: 81
start in data: CyberShake 967
Jobs number:  50
Tasks number: 145
makespan: 66
start in data: CyberShake 968
Jobs number:  50
Tasks number: 151
makespan: 79
start in data: CyberShake 969
Jobs number:  50
Tasks number: 147
makespan: 69
start in data: CyberShake 970
Jobs number:  50
Tasks number: 148
makespan: 76
start in data: CyberShake 971
Jobs number:  50
Tasks number: 148
makespan: 81
start in data: CyberShake 972
Jobs number:  50
Tasks number: 149
makespan: 73
start in data: CyberShake 973
Jobs number:  50
Tasks number: 150
makespan: 87
start in data: CyberShake 974
Jobs number:  50
Tasks number: 145
makespan: 80
start in data: CyberShake 975
Jobs number:  50
Tasks number: 151
makespan: 76
start in data: CyberShake 976
Jobs number:  50
Tasks number: 145
makespan: 74
start in data: CyberShake 977
Jobs number:  50
Tasks number: 153
makespan: 82
start in data: CyberShake 978
Jobs number:  50
Tasks number: 151
makespan: 75
start in data: CyberShake 979
Jobs number:  50
Tasks number: 145
makespan: 78
start in data: CyberShake 980
Jobs number:  50
Tasks number: 150
makespan: 79
start in data: CyberShake 981
Jobs number:  50
Tasks number: 151
makespan: 81
start in data: CyberShake 982
Jobs number:  50
Tasks number: 148
makespan: 78
start in data: CyberShake 983
Jobs number:  50
Tasks number: 150
makespan: 79
start in data: CyberShake 984
Jobs number:  50
Tasks number: 148
makespan: 81
start in data: CyberShake 985
Jobs number:  50
Tasks number: 149
makespan: 85
start in data: CyberShake 986
Jobs number:  50
Tasks number: 152
makespan: 80
start in data: CyberShake 987
Jobs number:  50
Tasks number: 152
makespan: 81
start in data: CyberShake 988
Jobs number:  50
Tasks number: 151
makespan: 75
start in data: CyberShake 989
Jobs number:  50
Tasks number: 149
makespan: 81
start in data: CyberShake 990
Jobs number:  50
Tasks number: 151
makespan: 84
start in data: CyberShake 991
Jobs number:  50
Tasks number: 149
makespan: 73
start in data: CyberShake 992
Jobs number:  50
Tasks number: 156
makespan: 85
start in data: CyberShake 993
Jobs number:  50
Tasks number: 156
makespan: 81
start in data: CyberShake 994
Jobs number:  50
Tasks number: 146
makespan: 81
start in data: CyberShake 995
Jobs number:  50
Tasks number: 148
makespan: 77
start in data: CyberShake 996
Jobs number:  50
Tasks number: 152
makespan: 65
start in data: CyberShake 997
Jobs number:  50
Tasks number: 150
makespan: 81
start in data: CyberShake 998
Jobs number:  50
Tasks number: 148
makespan: 78
start in data: CyberShake 999
Jobs number:  50
Tasks number: 150
makespan: 73
