start in data :  CyberShake 0
Jobs number:  10
Tasks number: 31
loss: 226.906005859375
start in data :  CyberShake 1
Jobs number:  10
Tasks number: 34
loss: 174.87078857421875
start in data :  CyberShake 2
Jobs number:  10
Tasks number: 28
loss: 130.78494262695312
start in data :  CyberShake 3
Jobs number:  10
Tasks number: 29
loss: 120.9181137084961
start in data :  CyberShake 4
Jobs number:  10
Tasks number: 27
loss: 73.5706787109375
start in data :  CyberShake 5
Jobs number:  10
Tasks number: 31
loss: 106.4593505859375
start in data :  CyberShake 6
Jobs number:  10
Tasks number: 29
loss: 110.97797393798828
start in data :  CyberShake 7
Jobs number:  10
Tasks number: 26
loss: 70.30065155029297
start in data :  CyberShake 8
Jobs number:  10
Tasks number: 25
loss: 53.92164993286133
start in data :  CyberShake 9
Jobs number:  10
Tasks number: 33
loss: 126.61055755615234
start in data :  CyberShake 10
Jobs number:  10
Tasks number: 30
loss: 84.72501373291016
start in data :  CyberShake 11
Jobs number:  10
Tasks number: 31
loss: 120.18730163574219
start in data :  CyberShake 12
Jobs number:  10
Tasks number: 31
loss: 87.40721130371094
start in data :  CyberShake 13
Jobs number:  10
Tasks number: 29
loss: 81.05672454833984
start in data :  CyberShake 14
Jobs number:  10
Tasks number: 26
loss: 61.59649658203125
start in data :  CyberShake 15
Jobs number:  10
Tasks number: 27
loss: 62.96613311767578
start in data :  CyberShake 16
Jobs number:  10
Tasks number: 27
loss: 74.92800903320312
start in data :  CyberShake 17
Jobs number:  10
Tasks number: 32
loss: 80.47042083740234
start in data :  CyberShake 18
Jobs number:  10
Tasks number: 24
loss: 73.51165771484375
start in data :  CyberShake 19
Jobs number:  10
Tasks number: 25
loss: 83.90040588378906
start in data :  CyberShake 20
Jobs number:  10
Tasks number: 28
loss: 69.48786926269531
start in data :  CyberShake 21
Jobs number:  10
Tasks number: 37
loss: 131.73512268066406
start in data :  CyberShake 22
Jobs number:  10
Tasks number: 30
loss: 111.22868347167969
start in data :  CyberShake 23
Jobs number:  10
Tasks number: 28
loss: 72.88928985595703
start in data :  CyberShake 24
Jobs number:  10
Tasks number: 31
loss: 61.59368133544922
start in data :  CyberShake 25
Jobs number:  10
Tasks number: 27
loss: 50.1263313293457
start in data :  CyberShake 26
Jobs number:  10
Tasks number: 31
loss: 75.94772338867188
start in data :  CyberShake 27
Jobs number:  10
Tasks number: 30
loss: 74.68269348144531
start in data :  CyberShake 28
Jobs number:  10
Tasks number: 27
loss: 62.87596130371094
start in data :  CyberShake 29
Jobs number:  10
Tasks number: 29
loss: 76.39607238769531
start in data :  CyberShake 30
Jobs number:  10
Tasks number: 29
loss: 62.342445373535156
start in data :  CyberShake 31
Jobs number:  10
Tasks number: 32
loss: 118.56495666503906
start in data :  CyberShake 32
Jobs number:  10
Tasks number: 28
loss: 64.27749633789062
start in data :  CyberShake 33
Jobs number:  10
Tasks number: 30
loss: 72.45061492919922
start in data :  CyberShake 34
Jobs number:  10
Tasks number: 29
loss: 67.900146484375
start in data :  CyberShake 35
Jobs number:  10
Tasks number: 27
loss: 76.48162841796875
start in data :  CyberShake 36
Jobs number:  10
Tasks number: 30
loss: 61.89082336425781
start in data :  CyberShake 37
Jobs number:  10
Tasks number: 31
loss: 81.15676879882812
start in data :  CyberShake 38
Jobs number:  10
Tasks number: 26
loss: 62.646331787109375
start in data :  CyberShake 39
Jobs number:  10
Tasks number: 35
loss: 111.38014221191406
start in data :  CyberShake 40
Jobs number:  10
Tasks number: 28
loss: 70.50153350830078
start in data :  CyberShake 41
Jobs number:  10
Tasks number: 31
loss: 89.72212982177734
start in data :  CyberShake 42
Jobs number:  10
Tasks number: 32
loss: 82.45919036865234
start in data :  CyberShake 43
Jobs number:  10
Tasks number: 32
loss: 100.33171844482422
start in data :  CyberShake 44
Jobs number:  10
Tasks number: 27
loss: 60.82221221923828
start in data :  CyberShake 45
Jobs number:  10
Tasks number: 32
loss: 89.25653839111328
start in data :  CyberShake 46
Jobs number:  10
Tasks number: 27
loss: 61.09773254394531
start in data :  CyberShake 47
Jobs number:  10
Tasks number: 29
loss: 67.31356811523438
start in data :  CyberShake 48
Jobs number:  10
Tasks number: 27
loss: 64.02227020263672
start in data :  CyberShake 49
Jobs number:  10
Tasks number: 29
loss: 68.67024993896484
start in data :  CyberShake 50
Jobs number:  10
Tasks number: 28
loss: 66.59310913085938
start in data :  CyberShake 51
Jobs number:  10
Tasks number: 30
loss: 68.55359649658203
start in data :  CyberShake 52
Jobs number:  10
Tasks number: 26
loss: 47.80952835083008
start in data :  CyberShake 53
Jobs number:  10
Tasks number: 29
loss: 73.00489044189453
start in data :  CyberShake 54
Jobs number:  10
Tasks number: 26
loss: 56.10578536987305
start in data :  CyberShake 55
Jobs number:  10
Tasks number: 30
loss: 75.10743713378906
start in data :  CyberShake 56
Jobs number:  10
Tasks number: 29
loss: 61.50208282470703
start in data :  CyberShake 57
Jobs number:  10
Tasks number: 24
loss: 54.67366409301758
start in data :  CyberShake 58
Jobs number:  10
Tasks number: 28
loss: 66.21990966796875
start in data :  CyberShake 59
Jobs number:  10
Tasks number: 27
loss: 48.17298126220703
start in data :  CyberShake 60
Jobs number:  10
Tasks number: 27
loss: 60.17170715332031
start in data :  CyberShake 61
Jobs number:  10
Tasks number: 31
loss: 86.73475646972656
start in data :  CyberShake 62
Jobs number:  10
Tasks number: 34
loss: 100.7363510131836
start in data :  CyberShake 63
Jobs number:  10
Tasks number: 27
loss: 67.28557586669922
start in data :  CyberShake 64
Jobs number:  10
Tasks number: 28
loss: 68.75188446044922
start in data :  CyberShake 65
Jobs number:  10
Tasks number: 35
loss: 100.01182556152344
start in data :  CyberShake 66
Jobs number:  10
Tasks number: 31
loss: 71.03934478759766
start in data :  CyberShake 67
Jobs number:  10
Tasks number: 28
loss: 53.97673416137695
start in data :  CyberShake 68
Jobs number:  10
Tasks number: 30
loss: 75.09739685058594
start in data :  CyberShake 69
Jobs number:  10
Tasks number: 30
loss: 76.83810424804688
start in data :  CyberShake 70
Jobs number:  10
Tasks number: 24
loss: 49.737342834472656
start in data :  CyberShake 71
Jobs number:  10
Tasks number: 27
loss: 75.93115997314453
start in data :  CyberShake 72
Jobs number:  10
Tasks number: 32
loss: 92.21339416503906
start in data :  CyberShake 73
Jobs number:  10
Tasks number: 27
loss: 43.99935531616211
start in data :  CyberShake 74
Jobs number:  10
Tasks number: 29
loss: 70.1335220336914
start in data :  CyberShake 75
Jobs number:  10
Tasks number: 28
loss: 60.4516487121582
start in data :  CyberShake 76
Jobs number:  10
Tasks number: 31
loss: 82.26554870605469
start in data :  CyberShake 77
Jobs number:  10
Tasks number: 27
loss: 59.30971908569336
start in data :  CyberShake 78
Jobs number:  10
Tasks number: 30
loss: 66.9150390625
start in data :  CyberShake 79
Jobs number:  10
Tasks number: 28
loss: 65.8172836303711
start in data :  CyberShake 80
Jobs number:  10
Tasks number: 30
loss: 68.3221435546875
start in data :  CyberShake 81
Jobs number:  10
Tasks number: 27
loss: 67.510498046875
start in data :  CyberShake 82
Jobs number:  10
Tasks number: 27
loss: 46.12818145751953
start in data :  CyberShake 83
Jobs number:  10
Tasks number: 30
loss: 66.0086441040039
start in data :  CyberShake 84
Jobs number:  10
Tasks number: 32
loss: 94.04235076904297
start in data :  CyberShake 85
Jobs number:  10
Tasks number: 27
loss: 48.06656265258789
start in data :  CyberShake 86
Jobs number:  10
Tasks number: 32
loss: 71.48895263671875
start in data :  CyberShake 87
Jobs number:  10
Tasks number: 27
loss: 71.47398376464844
start in data :  CyberShake 88
Jobs number:  10
Tasks number: 30
loss: 66.8072738647461
start in data :  CyberShake 89
Jobs number:  10
Tasks number: 29
loss: 72.6408920288086
start in data :  CyberShake 90
Jobs number:  10
Tasks number: 28
loss: 53.20771789550781
start in data :  CyberShake 91
Jobs number:  10
Tasks number: 29
loss: 61.823211669921875
start in data :  CyberShake 92
Jobs number:  10
Tasks number: 28
loss: 74.74191284179688
start in data :  CyberShake 93
Jobs number:  10
Tasks number: 31
loss: 63.41977310180664
start in data :  CyberShake 94
Jobs number:  10
Tasks number: 30
loss: 71.36602020263672
start in data :  CyberShake 95
Jobs number:  10
Tasks number: 27
loss: 64.29203033447266
start in data :  CyberShake 96
Jobs number:  10
Tasks number: 30
loss: 66.8357925415039
start in data :  CyberShake 97
Jobs number:  10
Tasks number: 28
loss: 54.17550277709961
start in data :  CyberShake 98
Jobs number:  10
Tasks number: 26
loss: 70.55845642089844
start in data :  CyberShake 99
Jobs number:  10
Tasks number: 30
loss: 77.68148040771484
start in data :  CyberShake 100
Jobs number:  10
Tasks number: 30
loss: 64.66267395019531
start in data :  CyberShake 101
Jobs number:  10
Tasks number: 27
loss: 62.372154235839844
start in data :  CyberShake 102
Jobs number:  10
Tasks number: 26
loss: 60.85939407348633
start in data :  CyberShake 103
Jobs number:  10
Tasks number: 27
loss: 57.239810943603516
start in data :  CyberShake 104
Jobs number:  10
Tasks number: 29
loss: 66.61844635009766
start in data :  CyberShake 105
Jobs number:  10
Tasks number: 26
loss: 60.69026565551758
start in data :  CyberShake 106
Jobs number:  10
Tasks number: 29
loss: 70.23309326171875
start in data :  CyberShake 107
Jobs number:  10
Tasks number: 31
loss: 76.9420394897461
start in data :  CyberShake 108
Jobs number:  10
Tasks number: 31
loss: 93.29754638671875
start in data :  CyberShake 109
Jobs number:  10
Tasks number: 27
loss: 48.37571716308594
start in data :  CyberShake 110
Jobs number:  10
Tasks number: 33
loss: 79.22199249267578
start in data :  CyberShake 111
Jobs number:  10
Tasks number: 31
loss: 78.19749450683594
start in data :  CyberShake 112
Jobs number:  10
Tasks number: 30
loss: 79.04173278808594
start in data :  CyberShake 113
Jobs number:  10
Tasks number: 27
loss: 51.482643127441406
start in data :  CyberShake 114
Jobs number:  10
Tasks number: 30
loss: 93.88935089111328
start in data :  CyberShake 115
Jobs number:  10
Tasks number: 26
loss: 53.444740295410156
start in data :  CyberShake 116
Jobs number:  10
Tasks number: 27
loss: 55.47911834716797
start in data :  CyberShake 117
Jobs number:  10
Tasks number: 32
loss: 88.27833557128906
start in data :  CyberShake 118
Jobs number:  10
Tasks number: 30
loss: 73.46129608154297
start in data :  CyberShake 119
Jobs number:  10
Tasks number: 30
loss: 73.13070678710938
start in data :  CyberShake 120
Jobs number:  10
Tasks number: 28
loss: 72.89540100097656
start in data :  CyberShake 121
Jobs number:  10
Tasks number: 26
loss: 67.03965759277344
start in data :  CyberShake 122
Jobs number:  10
Tasks number: 26
loss: 61.15254592895508
start in data :  CyberShake 123
Jobs number:  10
Tasks number: 30
loss: 87.79737091064453
start in data :  CyberShake 124
Jobs number:  10
Tasks number: 30
loss: 81.82110595703125
start in data :  CyberShake 125
Jobs number:  10
Tasks number: 31
loss: 70.91203308105469
start in data :  CyberShake 126
Jobs number:  10
Tasks number: 30
loss: 69.42975616455078
start in data :  CyberShake 127
Jobs number:  10
Tasks number: 29
loss: 73.31807708740234
start in data :  CyberShake 128
Jobs number:  10
Tasks number: 29
loss: 80.65943908691406
start in data :  CyberShake 129
Jobs number:  10
Tasks number: 30
loss: 82.66923522949219
start in data :  CyberShake 130
Jobs number:  10
Tasks number: 30
loss: 71.15494537353516
start in data :  CyberShake 131
Jobs number:  10
Tasks number: 27
loss: 60.45857620239258
start in data :  CyberShake 132
Jobs number:  10
Tasks number: 31
loss: 76.74945831298828
start in data :  CyberShake 133
Jobs number:  10
Tasks number: 26
loss: 48.2470817565918
start in data :  CyberShake 134
Jobs number:  10
Tasks number: 27
loss: 61.382469177246094
start in data :  CyberShake 135
Jobs number:  10
Tasks number: 25
loss: 58.67523193359375
start in data :  CyberShake 136
Jobs number:  10
Tasks number: 26
loss: 48.69209671020508
start in data :  CyberShake 137
Jobs number:  10
Tasks number: 24
loss: 41.51423263549805
start in data :  CyberShake 138
Jobs number:  10
Tasks number: 27
loss: 58.48569869995117
start in data :  CyberShake 139
Jobs number:  10
Tasks number: 27
loss: 64.4708023071289
start in data :  CyberShake 140
Jobs number:  10
Tasks number: 28
loss: 46.397552490234375
start in data :  CyberShake 141
Jobs number:  10
Tasks number: 30
loss: 100.9799575805664
start in data :  CyberShake 142
Jobs number:  10
Tasks number: 29
loss: 65.05839538574219
start in data :  CyberShake 143
Jobs number:  10
Tasks number: 29
loss: 56.35456466674805
start in data :  CyberShake 144
Jobs number:  10
Tasks number: 32
loss: 89.95890045166016
start in data :  CyberShake 145
Jobs number:  10
Tasks number: 28
loss: 53.2220344543457
start in data :  CyberShake 146
Jobs number:  10
Tasks number: 28
loss: 52.850791931152344
start in data :  CyberShake 147
Jobs number:  10
Tasks number: 31
loss: 77.57242584228516
start in data :  CyberShake 148
Jobs number:  10
Tasks number: 28
loss: 50.6591682434082
start in data :  CyberShake 149
Jobs number:  10
Tasks number: 30
loss: 59.87472152709961
start in data :  CyberShake 150
Jobs number:  10
Tasks number: 32
loss: 75.47074127197266
start in data :  CyberShake 151
Jobs number:  10
Tasks number: 29
loss: 62.713348388671875
start in data :  CyberShake 152
Jobs number:  10
Tasks number: 27
loss: 72.40665435791016
start in data :  CyberShake 153
Jobs number:  10
Tasks number: 28
loss: 67.52455139160156
start in data :  CyberShake 154
Jobs number:  10
Tasks number: 27
loss: 54.245460510253906
start in data :  CyberShake 155
Jobs number:  10
Tasks number: 28
loss: 62.83772659301758
start in data :  CyberShake 156
Jobs number:  10
Tasks number: 29
loss: 62.647377014160156
start in data :  CyberShake 157
Jobs number:  10
Tasks number: 27
loss: 45.45531463623047
start in data :  CyberShake 158
Jobs number:  10
Tasks number: 34
loss: 103.89930725097656
start in data :  CyberShake 159
Jobs number:  10
Tasks number: 27
loss: 46.244503021240234
start in data :  CyberShake 160
Jobs number:  10
Tasks number: 33
loss: 85.16937255859375
start in data :  CyberShake 161
Jobs number:  10
Tasks number: 30
loss: 82.12538146972656
start in data :  CyberShake 162
Jobs number:  10
Tasks number: 33
loss: 83.12484741210938
start in data :  CyberShake 163
Jobs number:  10
Tasks number: 28
loss: 68.47039794921875
start in data :  CyberShake 164
Jobs number:  10
Tasks number: 34
loss: 119.7449951171875
start in data :  CyberShake 165
Jobs number:  10
Tasks number: 26
loss: 76.58815002441406
start in data :  CyberShake 166
Jobs number:  10
Tasks number: 29
loss: 64.81820678710938
start in data :  CyberShake 167
Jobs number:  10
Tasks number: 30
loss: 66.0008773803711
start in data :  CyberShake 168
Jobs number:  10
Tasks number: 28
loss: 71.5831298828125
start in data :  CyberShake 169
Jobs number:  10
Tasks number: 29
loss: 72.84247589111328
start in data :  CyberShake 170
Jobs number:  10
Tasks number: 30
loss: 71.40097045898438
start in data :  CyberShake 171
Jobs number:  10
Tasks number: 30
loss: 73.61235046386719
start in data :  CyberShake 172
Jobs number:  10
Tasks number: 29
loss: 63.68375778198242
start in data :  CyberShake 173
Jobs number:  10
Tasks number: 28
loss: 70.76222229003906
start in data :  CyberShake 174
Jobs number:  10
Tasks number: 28
loss: 55.612648010253906
start in data :  CyberShake 175
Jobs number:  10
Tasks number: 28
loss: 51.75435256958008
start in data :  CyberShake 176
Jobs number:  10
Tasks number: 26
loss: 53.79506301879883
start in data :  CyberShake 177
Jobs number:  10
Tasks number: 29
loss: 74.84571075439453
start in data :  CyberShake 178
Jobs number:  10
Tasks number: 30
loss: 74.38316345214844
start in data :  CyberShake 179
Jobs number:  10
Tasks number: 27
loss: 44.23876190185547
start in data :  CyberShake 180
Jobs number:  10
Tasks number: 31
loss: 87.96817016601562
start in data :  CyberShake 181
Jobs number:  10
Tasks number: 30
loss: 100.64360809326172
start in data :  CyberShake 182
Jobs number:  10
Tasks number: 28
loss: 53.30613327026367
start in data :  CyberShake 183
Jobs number:  10
Tasks number: 28
loss: 58.723411560058594
start in data :  CyberShake 184
Jobs number:  10
Tasks number: 28
loss: 75.95280456542969
start in data :  CyberShake 185
Jobs number:  10
Tasks number: 31
loss: 81.90116119384766
start in data :  CyberShake 186
Jobs number:  10
Tasks number: 33
loss: 83.67475891113281
start in data :  CyberShake 187
Jobs number:  10
Tasks number: 28
loss: 60.14217758178711
start in data :  CyberShake 188
Jobs number:  10
Tasks number: 32
loss: 73.91613006591797
start in data :  CyberShake 189
Jobs number:  10
Tasks number: 29
loss: 72.49705505371094
start in data :  CyberShake 190
Jobs number:  10
Tasks number: 31
loss: 85.0719985961914
start in data :  CyberShake 191
Jobs number:  10
Tasks number: 27
loss: 53.1451301574707
start in data :  CyberShake 192
Jobs number:  10
Tasks number: 31
loss: 75.43272399902344
start in data :  CyberShake 193
Jobs number:  10
Tasks number: 25
loss: 51.6522102355957
start in data :  CyberShake 194
Jobs number:  10
Tasks number: 24
loss: 51.01808166503906
start in data :  CyberShake 195
Jobs number:  10
Tasks number: 29
loss: 67.02360534667969
start in data :  CyberShake 196
Jobs number:  10
Tasks number: 29
loss: 63.632972717285156
start in data :  CyberShake 197
Jobs number:  10
Tasks number: 28
loss: 71.34532928466797
start in data :  CyberShake 198
Jobs number:  10
Tasks number: 27
loss: 61.911598205566406
start in data :  CyberShake 199
Jobs number:  10
Tasks number: 27
loss: 90.99661254882812
start in data :  CyberShake 200
Jobs number:  10
Tasks number: 27
loss: 57.59080505371094
start in data :  CyberShake 201
Jobs number:  10
Tasks number: 27
loss: 64.9656753540039
start in data :  CyberShake 202
Jobs number:  10
Tasks number: 32
loss: 104.37283325195312
start in data :  CyberShake 203
Jobs number:  10
Tasks number: 32
loss: 92.9120864868164
start in data :  CyberShake 204
Jobs number:  10
Tasks number: 27
loss: 54.22783660888672
start in data :  CyberShake 205
Jobs number:  10
Tasks number: 28
loss: 69.83658599853516
start in data :  CyberShake 206
Jobs number:  10
Tasks number: 32
loss: 82.81432342529297
start in data :  CyberShake 207
Jobs number:  10
Tasks number: 27
loss: 57.70179748535156
start in data :  CyberShake 208
Jobs number:  10
Tasks number: 30
loss: 73.25939178466797
start in data :  CyberShake 209
Jobs number:  10
Tasks number: 30
loss: 71.59394836425781
start in data :  CyberShake 210
Jobs number:  10
Tasks number: 28
loss: 67.6049575805664
start in data :  CyberShake 211
Jobs number:  10
Tasks number: 25
loss: 58.075958251953125
start in data :  CyberShake 212
Jobs number:  10
Tasks number: 29
loss: 89.35489654541016
start in data :  CyberShake 213
Jobs number:  10
Tasks number: 30
loss: 66.60664367675781
start in data :  CyberShake 214
Jobs number:  10
Tasks number: 25
loss: 65.58015441894531
start in data :  CyberShake 215
Jobs number:  10
Tasks number: 26
loss: 48.36943435668945
start in data :  CyberShake 216
Jobs number:  10
Tasks number: 28
loss: 65.39508819580078
start in data :  CyberShake 217
Jobs number:  10
Tasks number: 28
loss: 72.17103576660156
start in data :  CyberShake 218
Jobs number:  10
Tasks number: 27
loss: 60.95290756225586
start in data :  CyberShake 219
Jobs number:  10
Tasks number: 29
loss: 105.97434997558594
start in data :  CyberShake 220
Jobs number:  10
Tasks number: 30
loss: 82.217529296875
start in data :  CyberShake 221
Jobs number:  10
Tasks number: 27
loss: 67.22149658203125
start in data :  CyberShake 222
Jobs number:  10
Tasks number: 33
loss: 102.08367919921875
start in data :  CyberShake 223
Jobs number:  10
Tasks number: 31
loss: 84.95829010009766
start in data :  CyberShake 224
Jobs number:  10
Tasks number: 28
loss: 47.971317291259766
start in data :  CyberShake 225
Jobs number:  10
Tasks number: 24
loss: 59.60406494140625
start in data :  CyberShake 226
Jobs number:  10
Tasks number: 29
loss: 65.61579132080078
start in data :  CyberShake 227
Jobs number:  10
Tasks number: 30
loss: 74.41570281982422
start in data :  CyberShake 228
Jobs number:  10
Tasks number: 29
loss: 73.78636169433594
start in data :  CyberShake 229
Jobs number:  10
Tasks number: 34
loss: 86.56879425048828
start in data :  CyberShake 230
Jobs number:  10
Tasks number: 27
loss: 62.11689376831055
start in data :  CyberShake 231
Jobs number:  10
Tasks number: 25
loss: 56.855716705322266
start in data :  CyberShake 232
Jobs number:  10
Tasks number: 30
loss: 68.0679931640625
start in data :  CyberShake 233
Jobs number:  10
Tasks number: 32
loss: 77.60199737548828
start in data :  CyberShake 234
Jobs number:  10
Tasks number: 30
loss: 74.9949722290039
start in data :  CyberShake 235
Jobs number:  10
Tasks number: 32
loss: 70.34170532226562
start in data :  CyberShake 236
Jobs number:  10
Tasks number: 27
loss: 82.22667694091797
start in data :  CyberShake 237
Jobs number:  10
Tasks number: 27
loss: 62.00511169433594
start in data :  CyberShake 238
Jobs number:  10
Tasks number: 30
loss: 81.24263000488281
start in data :  CyberShake 239
Jobs number:  10
Tasks number: 31
loss: 69.78722381591797
start in data :  CyberShake 240
Jobs number:  10
Tasks number: 31
loss: 52.854793548583984
start in data :  CyberShake 241
Jobs number:  10
Tasks number: 28
loss: 64.92003631591797
start in data :  CyberShake 242
Jobs number:  10
Tasks number: 30
loss: 63.53242111206055
start in data :  CyberShake 243
Jobs number:  10
Tasks number: 32
loss: 90.32539367675781
start in data :  CyberShake 244
Jobs number:  10
Tasks number: 30
loss: 75.04296875
start in data :  CyberShake 245
Jobs number:  10
Tasks number: 29
loss: 76.25892639160156
start in data :  CyberShake 246
Jobs number:  10
Tasks number: 27
loss: 53.377784729003906
start in data :  CyberShake 247
Jobs number:  10
Tasks number: 25
loss: 72.2283935546875
start in data :  CyberShake 248
Jobs number:  10
Tasks number: 28
loss: 65.2445068359375
start in data :  CyberShake 249
Jobs number:  10
Tasks number: 29
loss: 59.19965362548828
start in data :  CyberShake 250
Jobs number:  10
Tasks number: 29
loss: 74.98596954345703
start in data :  CyberShake 251
Jobs number:  10
Tasks number: 29
loss: 66.95011138916016
start in data :  CyberShake 252
Jobs number:  10
Tasks number: 25
loss: 45.85009765625
start in data :  CyberShake 253
Jobs number:  10
Tasks number: 30
loss: 75.19770050048828
start in data :  CyberShake 254
Jobs number:  10
Tasks number: 31
loss: 71.8395004272461
start in data :  CyberShake 255
Jobs number:  10
Tasks number: 28
loss: 59.71558380126953
start in data :  CyberShake 256
Jobs number:  10
Tasks number: 26
loss: 53.686710357666016
start in data :  CyberShake 257
Jobs number:  10
Tasks number: 29
loss: 53.79854965209961
start in data :  CyberShake 258
Jobs number:  10
Tasks number: 29
loss: 108.95857238769531
start in data :  CyberShake 259
Jobs number:  10
Tasks number: 26
loss: 51.32495880126953
start in data :  CyberShake 260
Jobs number:  10
Tasks number: 27
loss: 60.140838623046875
start in data :  CyberShake 261
Jobs number:  10
Tasks number: 28
loss: 54.490753173828125
start in data :  CyberShake 262
Jobs number:  10
Tasks number: 29
loss: 68.4874038696289
start in data :  CyberShake 263
Jobs number:  10
Tasks number: 26
loss: 71.28596496582031
start in data :  CyberShake 264
Jobs number:  10
Tasks number: 29
loss: 71.62541961669922
start in data :  CyberShake 265
Jobs number:  10
Tasks number: 31
loss: 72.31880187988281
start in data :  CyberShake 266
Jobs number:  10
Tasks number: 27
loss: 55.95225524902344
start in data :  CyberShake 267
Jobs number:  10
Tasks number: 27
loss: 43.999786376953125
start in data :  CyberShake 268
Jobs number:  10
Tasks number: 28
loss: 58.13176345825195
start in data :  CyberShake 269
Jobs number:  10
Tasks number: 29
loss: 80.20883178710938
start in data :  CyberShake 270
Jobs number:  10
Tasks number: 29
loss: 56.052696228027344
start in data :  CyberShake 271
Jobs number:  10
Tasks number: 32
loss: 78.53607177734375
start in data :  CyberShake 272
Jobs number:  10
Tasks number: 29
loss: 74.5068130493164
start in data :  CyberShake 273
Jobs number:  10
Tasks number: 30
loss: 78.94407653808594
start in data :  CyberShake 274
Jobs number:  10
Tasks number: 33
loss: 78.45616912841797
start in data :  CyberShake 275
Jobs number:  10
Tasks number: 28
loss: 58.068912506103516
start in data :  CyberShake 276
Jobs number:  10
Tasks number: 32
loss: 106.64448547363281
start in data :  CyberShake 277
Jobs number:  10
Tasks number: 32
loss: 80.86285400390625
start in data :  CyberShake 278
Jobs number:  10
Tasks number: 28
loss: 68.03569793701172
start in data :  CyberShake 279
Jobs number:  10
Tasks number: 35
loss: 87.17762756347656
start in data :  CyberShake 280
Jobs number:  10
Tasks number: 35
loss: 95.51895141601562
start in data :  CyberShake 281
Jobs number:  10
Tasks number: 30
loss: 64.34420776367188
start in data :  CyberShake 282
Jobs number:  10
Tasks number: 30
loss: 62.45947265625
start in data :  CyberShake 283
Jobs number:  10
Tasks number: 28
loss: 86.2480697631836
start in data :  CyberShake 284
Jobs number:  10
Tasks number: 28
loss: 60.65143585205078
start in data :  CyberShake 285
Jobs number:  10
Tasks number: 28
loss: 67.16496276855469
start in data :  CyberShake 286
Jobs number:  10
Tasks number: 31
loss: 76.16584777832031
start in data :  CyberShake 287
Jobs number:  10
Tasks number: 32
loss: 69.097412109375
start in data :  CyberShake 288
Jobs number:  10
Tasks number: 31
loss: 56.398860931396484
start in data :  CyberShake 289
Jobs number:  10
Tasks number: 28
loss: 54.93008041381836
start in data :  CyberShake 290
Jobs number:  10
Tasks number: 29
loss: 61.62552261352539
start in data :  CyberShake 291
Jobs number:  10
Tasks number: 27
loss: 75.22914123535156
start in data :  CyberShake 292
Jobs number:  10
Tasks number: 35
loss: 103.87982940673828
start in data :  CyberShake 293
Jobs number:  10
Tasks number: 31
loss: 99.94746398925781
start in data :  CyberShake 294
Jobs number:  10
Tasks number: 30
loss: 66.0360107421875
start in data :  CyberShake 295
Jobs number:  10
Tasks number: 31
loss: 99.32640075683594
start in data :  CyberShake 296
Jobs number:  10
Tasks number: 33
loss: 86.50350952148438
start in data :  CyberShake 297
Jobs number:  10
Tasks number: 31
loss: 95.28714752197266
start in data :  CyberShake 298
Jobs number:  10
Tasks number: 25
loss: 45.77811050415039
start in data :  CyberShake 299
Jobs number:  10
Tasks number: 29
loss: 76.14633178710938
start in data :  CyberShake 300
Jobs number:  10
Tasks number: 30
loss: 78.01654052734375
start in data :  CyberShake 301
Jobs number:  10
Tasks number: 29
loss: 69.84800720214844
start in data :  CyberShake 302
Jobs number:  10
Tasks number: 35
loss: 102.69168090820312
start in data :  CyberShake 303
Jobs number:  10
Tasks number: 27
loss: 61.48324966430664
start in data :  CyberShake 304
Jobs number:  10
Tasks number: 31
loss: 78.10847473144531
start in data :  CyberShake 305
Jobs number:  10
Tasks number: 26
loss: 69.88121795654297
start in data :  CyberShake 306
Jobs number:  10
Tasks number: 33
loss: 103.10420989990234
start in data :  CyberShake 307
Jobs number:  10
Tasks number: 32
loss: 89.68258666992188
start in data :  CyberShake 308
Jobs number:  10
Tasks number: 30
loss: 73.73793029785156
start in data :  CyberShake 309
Jobs number:  10
Tasks number: 30
loss: 70.46629333496094
start in data :  CyberShake 310
Jobs number:  10
Tasks number: 28
loss: 59.63514709472656
start in data :  CyberShake 311
Jobs number:  10
Tasks number: 32
loss: 83.58269500732422
start in data :  CyberShake 312
Jobs number:  10
Tasks number: 29
loss: 59.233734130859375
start in data :  CyberShake 313
Jobs number:  10
Tasks number: 29
loss: 68.61519622802734
start in data :  CyberShake 314
Jobs number:  10
Tasks number: 29
loss: 57.89291763305664
start in data :  CyberShake 315
Jobs number:  10
Tasks number: 29
loss: 57.69099807739258
start in data :  CyberShake 316
Jobs number:  10
Tasks number: 30
loss: 78.93769836425781
start in data :  CyberShake 317
Jobs number:  10
Tasks number: 28
loss: 55.64241409301758
start in data :  CyberShake 318
Jobs number:  10
Tasks number: 29
loss: 80.96782684326172
start in data :  CyberShake 319
Jobs number:  10
Tasks number: 28
loss: 55.9986457824707
start in data :  CyberShake 320
Jobs number:  10
Tasks number: 27
loss: 69.55659484863281
start in data :  CyberShake 321
Jobs number:  10
Tasks number: 30
loss: 78.07859802246094
start in data :  CyberShake 322
Jobs number:  10
Tasks number: 28
loss: 56.692832946777344
start in data :  CyberShake 323
Jobs number:  10
Tasks number: 28
loss: 57.26832962036133
start in data :  CyberShake 324
Jobs number:  10
Tasks number: 25
loss: 49.60690689086914
start in data :  CyberShake 325
Jobs number:  10
Tasks number: 26
loss: 47.74350357055664
start in data :  CyberShake 326
Jobs number:  10
Tasks number: 28
loss: 58.376304626464844
start in data :  CyberShake 327
Jobs number:  10
Tasks number: 29
loss: 92.35836791992188
start in data :  CyberShake 328
Jobs number:  10
Tasks number: 25
loss: 54.23985290527344
start in data :  CyberShake 329
Jobs number:  10
Tasks number: 33
loss: 104.72311401367188
start in data :  CyberShake 330
Jobs number:  10
Tasks number: 33
loss: 80.7776107788086
start in data :  CyberShake 331
Jobs number:  10
Tasks number: 26
loss: 46.40256118774414
start in data :  CyberShake 332
Jobs number:  10
Tasks number: 28
loss: 69.51058197021484
start in data :  CyberShake 333
Jobs number:  10
Tasks number: 29
loss: 66.99618530273438
start in data :  CyberShake 334
Jobs number:  10
Tasks number: 29
loss: 68.89505004882812
start in data :  CyberShake 335
Jobs number:  10
Tasks number: 26
loss: 76.9847640991211
start in data :  CyberShake 336
Jobs number:  10
Tasks number: 31
loss: 94.4771957397461
start in data :  CyberShake 337
Jobs number:  10
Tasks number: 30
loss: 78.25199127197266
start in data :  CyberShake 338
Jobs number:  10
Tasks number: 29
loss: 77.32352447509766
start in data :  CyberShake 339
Jobs number:  10
Tasks number: 30
loss: 68.98173522949219
start in data :  CyberShake 340
Jobs number:  10
Tasks number: 27
loss: 55.08000946044922
start in data :  CyberShake 341
Jobs number:  10
Tasks number: 27
loss: 54.38082504272461
start in data :  CyberShake 342
Jobs number:  10
Tasks number: 29
loss: 65.61849975585938
start in data :  CyberShake 343
Jobs number:  10
Tasks number: 30
loss: 69.87395477294922
start in data :  CyberShake 344
Jobs number:  10
Tasks number: 27
loss: 61.28929901123047
start in data :  CyberShake 345
Jobs number:  10
Tasks number: 32
loss: 72.86515045166016
start in data :  CyberShake 346
Jobs number:  10
Tasks number: 30
loss: 55.96520233154297
start in data :  CyberShake 347
Jobs number:  10
Tasks number: 29
loss: 80.02176666259766
start in data :  CyberShake 348
Jobs number:  10
Tasks number: 26
loss: 70.07830047607422
start in data :  CyberShake 349
Jobs number:  10
Tasks number: 29
loss: 45.23085403442383
start in data :  CyberShake 350
Jobs number:  10
Tasks number: 28
loss: 74.06534576416016
start in data :  CyberShake 351
Jobs number:  10
Tasks number: 25
loss: 43.11619186401367
start in data :  CyberShake 352
Jobs number:  10
Tasks number: 29
loss: 68.28934478759766
start in data :  CyberShake 353
Jobs number:  10
Tasks number: 30
loss: 90.80335235595703
start in data :  CyberShake 354
Jobs number:  10
Tasks number: 27
loss: 62.23295974731445
start in data :  CyberShake 355
Jobs number:  10
Tasks number: 27
loss: 49.643829345703125
start in data :  CyberShake 356
Jobs number:  10
Tasks number: 30
loss: 91.26043701171875
start in data :  CyberShake 357
Jobs number:  10
Tasks number: 27
loss: 51.2478141784668
start in data :  CyberShake 358
Jobs number:  10
Tasks number: 26
loss: 53.346473693847656
start in data :  CyberShake 359
Jobs number:  10
Tasks number: 30
loss: 72.86357116699219
start in data :  CyberShake 360
Jobs number:  10
Tasks number: 28
loss: 72.76195526123047
start in data :  CyberShake 361
Jobs number:  10
Tasks number: 30
loss: 61.18011474609375
start in data :  CyberShake 362
Jobs number:  10
Tasks number: 28
loss: 61.062408447265625
start in data :  CyberShake 363
Jobs number:  10
Tasks number: 33
loss: 77.70179748535156
start in data :  CyberShake 364
Jobs number:  10
Tasks number: 29
loss: 66.10926818847656
start in data :  CyberShake 365
Jobs number:  10
Tasks number: 26
loss: 50.04262924194336
start in data :  CyberShake 366
Jobs number:  10
Tasks number: 30
loss: 91.8332748413086
start in data :  CyberShake 367
Jobs number:  10
Tasks number: 27
loss: 64.10266876220703
start in data :  CyberShake 368
Jobs number:  10
Tasks number: 28
loss: 56.985206604003906
start in data :  CyberShake 369
Jobs number:  10
Tasks number: 29
loss: 68.69644165039062
start in data :  CyberShake 370
Jobs number:  10
Tasks number: 29
loss: 57.81796646118164
start in data :  CyberShake 371
Jobs number:  10
Tasks number: 28
loss: 72.26643371582031
start in data :  CyberShake 372
Jobs number:  10
Tasks number: 29
loss: 69.34074401855469
start in data :  CyberShake 373
Jobs number:  10
Tasks number: 28
loss: 58.09354019165039
start in data :  CyberShake 374
Jobs number:  10
Tasks number: 31
loss: 61.63381576538086
start in data :  CyberShake 375
Jobs number:  10
Tasks number: 31
loss: 73.75752258300781
start in data :  CyberShake 376
Jobs number:  10
Tasks number: 28
loss: 57.82392883300781
start in data :  CyberShake 377
Jobs number:  10
Tasks number: 31
loss: 79.16387939453125
start in data :  CyberShake 378
Jobs number:  10
Tasks number: 29
loss: 78.17024230957031
start in data :  CyberShake 379
Jobs number:  10
Tasks number: 29
loss: 57.337646484375
start in data :  CyberShake 380
Jobs number:  10
Tasks number: 24
loss: 46.417999267578125
start in data :  CyberShake 381
Jobs number:  10
Tasks number: 28
loss: 62.39870834350586
start in data :  CyberShake 382
Jobs number:  10
Tasks number: 30
loss: 71.40196228027344
start in data :  CyberShake 383
Jobs number:  10
Tasks number: 28
loss: 68.3615951538086
start in data :  CyberShake 384
Jobs number:  10
Tasks number: 28
loss: 74.50537872314453
start in data :  CyberShake 385
Jobs number:  10
Tasks number: 28
loss: 73.5064697265625
start in data :  CyberShake 386
Jobs number:  10
Tasks number: 28
loss: 58.198001861572266
start in data :  CyberShake 387
Jobs number:  10
Tasks number: 29
loss: 83.81788635253906
start in data :  CyberShake 388
Jobs number:  10
Tasks number: 33
loss: 78.49049377441406
start in data :  CyberShake 389
Jobs number:  10
Tasks number: 29
loss: 57.10997772216797
start in data :  CyberShake 390
Jobs number:  10
Tasks number: 32
loss: 72.2499771118164
start in data :  CyberShake 391
Jobs number:  10
Tasks number: 30
loss: 82.51759338378906
start in data :  CyberShake 392
Jobs number:  10
Tasks number: 28
loss: 68.44633483886719
start in data :  CyberShake 393
Jobs number:  10
Tasks number: 31
loss: 92.61982727050781
start in data :  CyberShake 394
Jobs number:  10
Tasks number: 33
loss: 83.18922424316406
start in data :  CyberShake 395
Jobs number:  10
Tasks number: 30
loss: 74.51854705810547
start in data :  CyberShake 396
Jobs number:  10
Tasks number: 29
loss: 54.12712860107422
start in data :  CyberShake 397
Jobs number:  10
Tasks number: 28
loss: 62.84621047973633
start in data :  CyberShake 398
Jobs number:  10
Tasks number: 34
loss: 100.03865051269531
start in data :  CyberShake 399
Jobs number:  10
Tasks number: 27
loss: 54.415679931640625
start in data :  CyberShake 400
Jobs number:  10
Tasks number: 30
loss: 72.79995727539062
start in data :  CyberShake 401
Jobs number:  10
Tasks number: 25
loss: 58.50446319580078
start in data :  CyberShake 402
Jobs number:  10
Tasks number: 25
loss: 60.72993469238281
start in data :  CyberShake 403
Jobs number:  10
Tasks number: 30
loss: 78.84712219238281
start in data :  CyberShake 404
Jobs number:  10
Tasks number: 27
loss: 70.42768096923828
start in data :  CyberShake 405
Jobs number:  10
Tasks number: 30
loss: 64.59370422363281
start in data :  CyberShake 406
Jobs number:  10
Tasks number: 30
loss: 75.40373229980469
start in data :  CyberShake 407
Jobs number:  10
Tasks number: 32
loss: 78.9070053100586
start in data :  CyberShake 408
Jobs number:  10
Tasks number: 27
loss: 54.19774627685547
start in data :  CyberShake 409
Jobs number:  10
Tasks number: 27
loss: 50.04779815673828
start in data :  CyberShake 410
Jobs number:  10
Tasks number: 25
loss: 58.931976318359375
start in data :  CyberShake 411
Jobs number:  10
Tasks number: 27
loss: 61.631629943847656
start in data :  CyberShake 412
Jobs number:  10
Tasks number: 24
loss: 53.570213317871094
start in data :  CyberShake 413
Jobs number:  10
Tasks number: 29
loss: 59.48612976074219
start in data :  CyberShake 414
Jobs number:  10
Tasks number: 34
loss: 101.57345581054688
start in data :  CyberShake 415
Jobs number:  10
Tasks number: 30
loss: 70.3314437866211
start in data :  CyberShake 416
Jobs number:  10
Tasks number: 29
loss: 71.93170166015625
start in data :  CyberShake 417
Jobs number:  10
Tasks number: 25
loss: 68.87271881103516
start in data :  CyberShake 418
Jobs number:  10
Tasks number: 26
loss: 64.34310150146484
start in data :  CyberShake 419
Jobs number:  10
Tasks number: 32
loss: 78.62674713134766
start in data :  CyberShake 420
Jobs number:  10
Tasks number: 29
loss: 67.97502899169922
start in data :  CyberShake 421
Jobs number:  10
Tasks number: 31
loss: 69.56475830078125
start in data :  CyberShake 422
Jobs number:  10
Tasks number: 27
loss: 61.12290573120117
start in data :  CyberShake 423
Jobs number:  10
Tasks number: 30
loss: 65.04448699951172
start in data :  CyberShake 424
Jobs number:  10
Tasks number: 31
loss: 70.46109771728516
start in data :  CyberShake 425
Jobs number:  10
Tasks number: 28
loss: 64.5994873046875
start in data :  CyberShake 426
Jobs number:  10
Tasks number: 28
loss: 69.37202453613281
start in data :  CyberShake 427
Jobs number:  10
Tasks number: 31
loss: 63.11494064331055
start in data :  CyberShake 428
Jobs number:  10
Tasks number: 26
loss: 51.5171012878418
start in data :  CyberShake 429
Jobs number:  10
Tasks number: 31
loss: 76.5965576171875
start in data :  CyberShake 430
Jobs number:  10
Tasks number: 29
loss: 82.27945709228516
start in data :  CyberShake 431
Jobs number:  10
Tasks number: 29
loss: 73.34174346923828
start in data :  CyberShake 432
Jobs number:  10
Tasks number: 28
loss: 89.69754028320312
start in data :  CyberShake 433
Jobs number:  10
Tasks number: 30
loss: 67.68502044677734
start in data :  CyberShake 434
Jobs number:  10
Tasks number: 29
loss: 73.24974822998047
start in data :  CyberShake 435
Jobs number:  10
Tasks number: 29
loss: 61.936012268066406
start in data :  CyberShake 436
Jobs number:  10
Tasks number: 28
loss: 54.877689361572266
start in data :  CyberShake 437
Jobs number:  10
Tasks number: 28
loss: 52.84591293334961
start in data :  CyberShake 438
Jobs number:  10
Tasks number: 31
loss: 91.15422058105469
start in data :  CyberShake 439
Jobs number:  10
Tasks number: 29
loss: 66.47095489501953
start in data :  CyberShake 440
Jobs number:  10
Tasks number: 27
loss: 55.567256927490234
start in data :  CyberShake 441
Jobs number:  10
Tasks number: 29
loss: 61.190887451171875
start in data :  CyberShake 442
Jobs number:  10
Tasks number: 32
loss: 67.84603118896484
start in data :  CyberShake 443
Jobs number:  10
Tasks number: 28
loss: 63.33191680908203
start in data :  CyberShake 444
Jobs number:  10
Tasks number: 33
loss: 84.70591735839844
start in data :  CyberShake 445
Jobs number:  10
Tasks number: 30
loss: 59.83502960205078
start in data :  CyberShake 446
Jobs number:  10
Tasks number: 25
loss: 44.72465515136719
start in data :  CyberShake 447
Jobs number:  10
Tasks number: 28
loss: 54.215999603271484
start in data :  CyberShake 448
Jobs number:  10
Tasks number: 30
loss: 72.50221252441406
start in data :  CyberShake 449
Jobs number:  10
Tasks number: 26
loss: 72.7378921508789
start in data :  CyberShake 450
Jobs number:  10
Tasks number: 35
loss: 86.87800598144531
start in data :  CyberShake 451
Jobs number:  10
Tasks number: 28
loss: 61.32211685180664
start in data :  CyberShake 452
Jobs number:  10
Tasks number: 34
loss: 82.66336822509766
start in data :  CyberShake 453
Jobs number:  10
Tasks number: 27
loss: 70.02427673339844
start in data :  CyberShake 454
Jobs number:  10
Tasks number: 27
loss: 55.41791534423828
start in data :  CyberShake 455
Jobs number:  10
Tasks number: 31
loss: 70.80973052978516
start in data :  CyberShake 456
Jobs number:  10
Tasks number: 28
loss: 50.30374526977539
start in data :  CyberShake 457
Jobs number:  10
Tasks number: 30
loss: 75.95162963867188
start in data :  CyberShake 458
Jobs number:  10
Tasks number: 31
loss: 81.31842803955078
start in data :  CyberShake 459
Jobs number:  10
Tasks number: 34
loss: 90.93782043457031
start in data :  CyberShake 460
Jobs number:  10
Tasks number: 32
loss: 87.0098648071289
start in data :  CyberShake 461
Jobs number:  10
Tasks number: 31
loss: 91.82182312011719
start in data :  CyberShake 462
Jobs number:  10
Tasks number: 29
loss: 65.06977844238281
start in data :  CyberShake 463
Jobs number:  10
Tasks number: 32
loss: 70.16925048828125
start in data :  CyberShake 464
Jobs number:  10
Tasks number: 31
loss: 99.75715637207031
start in data :  CyberShake 465
Jobs number:  10
Tasks number: 28
loss: 75.8502426147461
start in data :  CyberShake 466
Jobs number:  10
Tasks number: 25
loss: 49.76526641845703
start in data :  CyberShake 467
Jobs number:  10
Tasks number: 31
loss: 90.16255187988281
start in data :  CyberShake 468
Jobs number:  10
Tasks number: 34
loss: 89.51583099365234
start in data :  CyberShake 469
Jobs number:  10
Tasks number: 28
loss: 60.17716979980469
start in data :  CyberShake 470
Jobs number:  10
Tasks number: 30
loss: 63.908103942871094
start in data :  CyberShake 471
Jobs number:  10
Tasks number: 28
loss: 64.91116333007812
start in data :  CyberShake 472
Jobs number:  10
Tasks number: 28
loss: 53.65748596191406
start in data :  CyberShake 473
Jobs number:  10
Tasks number: 29
loss: 75.478271484375
start in data :  CyberShake 474
Jobs number:  10
Tasks number: 28
loss: 66.19339752197266
start in data :  CyberShake 475
Jobs number:  10
Tasks number: 30
loss: 75.24320220947266
start in data :  CyberShake 476
Jobs number:  10
Tasks number: 29
loss: 52.25205993652344
start in data :  CyberShake 477
Jobs number:  10
Tasks number: 32
loss: 74.853271484375
start in data :  CyberShake 478
Jobs number:  10
Tasks number: 31
loss: 75.3736801147461
start in data :  CyberShake 479
Jobs number:  10
Tasks number: 30
loss: 64.60112762451172
start in data :  CyberShake 480
Jobs number:  10
Tasks number: 29
loss: 67.37112426757812
start in data :  CyberShake 481
Jobs number:  10
Tasks number: 31
loss: 81.57846069335938
start in data :  CyberShake 482
Jobs number:  10
Tasks number: 28
loss: 67.04634857177734
start in data :  CyberShake 483
Jobs number:  10
Tasks number: 29
loss: 60.5879020690918
start in data :  CyberShake 484
Jobs number:  10
Tasks number: 31
loss: 77.47764587402344
start in data :  CyberShake 485
Jobs number:  10
Tasks number: 25
loss: 54.95366668701172
start in data :  CyberShake 486
Jobs number:  10
Tasks number: 32
loss: 69.22980499267578
start in data :  CyberShake 487
Jobs number:  10
Tasks number: 28
loss: 55.7017707824707
start in data :  CyberShake 488
Jobs number:  10
Tasks number: 29
loss: 53.40223693847656
start in data :  CyberShake 489
Jobs number:  10
Tasks number: 29
loss: 67.39423370361328
start in data :  CyberShake 490
Jobs number:  10
Tasks number: 28
loss: 57.4936637878418
start in data :  CyberShake 491
Jobs number:  10
Tasks number: 33
loss: 104.21649169921875
start in data :  CyberShake 492
Jobs number:  10
Tasks number: 27
loss: 68.73757934570312
start in data :  CyberShake 493
Jobs number:  10
Tasks number: 28
loss: 45.996246337890625
start in data :  CyberShake 494
Jobs number:  10
Tasks number: 29
loss: 82.94026184082031
start in data :  CyberShake 495
Jobs number:  10
Tasks number: 31
loss: 74.03726196289062
start in data :  CyberShake 496
Jobs number:  10
Tasks number: 24
loss: 50.617897033691406
start in data :  CyberShake 497
Jobs number:  10
Tasks number: 28
loss: 60.76678466796875
start in data :  CyberShake 498
Jobs number:  10
Tasks number: 28
loss: 44.27639389038086
start in data :  CyberShake 499
Jobs number:  10
Tasks number: 28
loss: 56.97176742553711
start in data :  CyberShake 500
Jobs number:  10
Tasks number: 27
loss: 60.50358581542969
start in data :  CyberShake 501
Jobs number:  10
Tasks number: 30
loss: 84.63636016845703
start in data :  CyberShake 502
Jobs number:  10
Tasks number: 29
loss: 59.80299758911133
start in data :  CyberShake 503
Jobs number:  10
Tasks number: 25
loss: 50.46486282348633
start in data :  CyberShake 504
Jobs number:  10
Tasks number: 29
loss: 67.96017456054688
start in data :  CyberShake 505
Jobs number:  10
Tasks number: 32
loss: 85.85302734375
start in data :  CyberShake 506
Jobs number:  10
Tasks number: 30
loss: 62.87030029296875
start in data :  CyberShake 507
Jobs number:  10
Tasks number: 30
loss: 69.53288269042969
start in data :  CyberShake 508
Jobs number:  10
Tasks number: 30
loss: 74.14354705810547
start in data :  CyberShake 509
Jobs number:  10
Tasks number: 30
loss: 76.78904724121094
start in data :  CyberShake 510
Jobs number:  10
Tasks number: 27
loss: 60.11675262451172
start in data :  CyberShake 511
Jobs number:  10
Tasks number: 29
loss: 47.89911651611328
start in data :  CyberShake 512
Jobs number:  10
Tasks number: 32
loss: 92.9676742553711
start in data :  CyberShake 513
Jobs number:  10
Tasks number: 30
loss: 68.18025970458984
start in data :  CyberShake 514
Jobs number:  10
Tasks number: 28
loss: 83.14204406738281
start in data :  CyberShake 515
Jobs number:  10
Tasks number: 31
loss: 90.00992584228516
start in data :  CyberShake 516
Jobs number:  10
Tasks number: 28
loss: 77.31188201904297
start in data :  CyberShake 517
Jobs number:  10
Tasks number: 31
loss: 91.34791564941406
start in data :  CyberShake 518
Jobs number:  10
Tasks number: 28
loss: 61.24420166015625
start in data :  CyberShake 519
Jobs number:  10
Tasks number: 29
loss: 68.38060760498047
start in data :  CyberShake 520
Jobs number:  10
Tasks number: 28
loss: 59.88676834106445
start in data :  CyberShake 521
Jobs number:  10
Tasks number: 28
loss: 54.475677490234375
start in data :  CyberShake 522
Jobs number:  10
Tasks number: 28
loss: 55.062992095947266
start in data :  CyberShake 523
Jobs number:  10
Tasks number: 29
loss: 66.65618896484375
start in data :  CyberShake 524
Jobs number:  10
Tasks number: 27
loss: 65.47432708740234
start in data :  CyberShake 525
Jobs number:  10
Tasks number: 27
loss: 62.66607666015625
start in data :  CyberShake 526
Jobs number:  10
Tasks number: 33
loss: 99.18513488769531
start in data :  CyberShake 527
Jobs number:  10
Tasks number: 29
loss: 70.0925064086914
start in data :  CyberShake 528
Jobs number:  10
Tasks number: 26
loss: 48.68464660644531
start in data :  CyberShake 529
Jobs number:  10
Tasks number: 28
loss: 76.97831726074219
start in data :  CyberShake 530
Jobs number:  10
Tasks number: 27
loss: 68.27030181884766
start in data :  CyberShake 531
Jobs number:  10
Tasks number: 28
loss: 72.38862609863281
start in data :  CyberShake 532
Jobs number:  10
Tasks number: 27
loss: 59.61604690551758
start in data :  CyberShake 533
Jobs number:  10
Tasks number: 29
loss: 63.45682144165039
start in data :  CyberShake 534
Jobs number:  10
Tasks number: 32
loss: 82.56379699707031
start in data :  CyberShake 535
Jobs number:  10
Tasks number: 29
loss: 66.85889434814453
start in data :  CyberShake 536
Jobs number:  10
Tasks number: 27
loss: 58.97562789916992
start in data :  CyberShake 537
Jobs number:  10
Tasks number: 30
loss: 64.19396209716797
start in data :  CyberShake 538
Jobs number:  10
Tasks number: 27
loss: 55.455440521240234
start in data :  CyberShake 539
Jobs number:  10
Tasks number: 28
loss: 80.28921508789062
start in data :  CyberShake 540
Jobs number:  10
Tasks number: 26
loss: 60.342262268066406
start in data :  CyberShake 541
Jobs number:  10
Tasks number: 26
loss: 45.943973541259766
start in data :  CyberShake 542
Jobs number:  10
Tasks number: 35
loss: 91.29512023925781
start in data :  CyberShake 543
Jobs number:  10
Tasks number: 27
loss: 48.15420150756836
start in data :  CyberShake 544
Jobs number:  10
Tasks number: 26
loss: 44.552940368652344
start in data :  CyberShake 545
Jobs number:  10
Tasks number: 31
loss: 63.4218864440918
start in data :  CyberShake 546
Jobs number:  10
Tasks number: 25
loss: 49.37342834472656
start in data :  CyberShake 547
Jobs number:  10
Tasks number: 28
loss: 53.37546157836914
start in data :  CyberShake 548
Jobs number:  10
Tasks number: 26
loss: 48.42213439941406
start in data :  CyberShake 549
Jobs number:  10
Tasks number: 31
loss: 60.568450927734375
start in data :  CyberShake 550
Jobs number:  10
Tasks number: 25
loss: 50.64482498168945
start in data :  CyberShake 551
Jobs number:  10
Tasks number: 27
loss: 53.08586883544922
start in data :  CyberShake 552
Jobs number:  10
Tasks number: 33
loss: 94.54768371582031
start in data :  CyberShake 553
Jobs number:  10
Tasks number: 27
loss: 52.80812072753906
start in data :  CyberShake 554
Jobs number:  10
Tasks number: 29
loss: 68.12773132324219
start in data :  CyberShake 555
Jobs number:  10
Tasks number: 32
loss: 84.14004516601562
start in data :  CyberShake 556
Jobs number:  10
Tasks number: 32
loss: 108.316162109375
start in data :  CyberShake 557
Jobs number:  10
Tasks number: 25
loss: 45.34346389770508
start in data :  CyberShake 558
Jobs number:  10
Tasks number: 27
loss: 74.89836120605469
start in data :  CyberShake 559
Jobs number:  10
Tasks number: 25
loss: 48.52836608886719
start in data :  CyberShake 560
Jobs number:  10
Tasks number: 27
loss: 46.31011962890625
start in data :  CyberShake 561
Jobs number:  10
Tasks number: 27
loss: 79.19718170166016
start in data :  CyberShake 562
Jobs number:  10
Tasks number: 31
loss: 58.70228958129883
start in data :  CyberShake 563
Jobs number:  10
Tasks number: 28
loss: 71.87400817871094
start in data :  CyberShake 564
Jobs number:  10
Tasks number: 32
loss: 113.05622863769531
start in data :  CyberShake 565
Jobs number:  10
Tasks number: 29
loss: 65.21881103515625
start in data :  CyberShake 566
Jobs number:  10
Tasks number: 31
loss: 68.63227081298828
start in data :  CyberShake 567
Jobs number:  10
Tasks number: 30
loss: 60.94902801513672
start in data :  CyberShake 568
Jobs number:  10
Tasks number: 31
loss: 71.84798431396484
start in data :  CyberShake 569
Jobs number:  10
Tasks number: 28
loss: 68.97325897216797
start in data :  CyberShake 570
Jobs number:  10
Tasks number: 34
loss: 78.52098846435547
start in data :  CyberShake 571
Jobs number:  10
Tasks number: 25
loss: 55.52489471435547
start in data :  CyberShake 572
Jobs number:  10
Tasks number: 29
loss: 62.0400505065918
start in data :  CyberShake 573
Jobs number:  10
Tasks number: 31
loss: 76.76542663574219
start in data :  CyberShake 574
Jobs number:  10
Tasks number: 27
loss: 48.93831253051758
start in data :  CyberShake 575
Jobs number:  10
Tasks number: 29
loss: 68.71565246582031
start in data :  CyberShake 576
Jobs number:  10
Tasks number: 31
loss: 73.17843627929688
start in data :  CyberShake 577
Jobs number:  10
Tasks number: 28
loss: 58.00508499145508
start in data :  CyberShake 578
Jobs number:  10
Tasks number: 26
loss: 50.35908889770508
start in data :  CyberShake 579
Jobs number:  10
Tasks number: 30
loss: 72.52666473388672
start in data :  CyberShake 580
Jobs number:  10
Tasks number: 30
loss: 81.6122817993164
start in data :  CyberShake 581
Jobs number:  10
Tasks number: 30
loss: 69.42304229736328
start in data :  CyberShake 582
Jobs number:  10
Tasks number: 26
loss: 45.70972442626953
start in data :  CyberShake 583
Jobs number:  10
Tasks number: 29
loss: 79.99606323242188
start in data :  CyberShake 584
Jobs number:  10
Tasks number: 26
loss: 63.34344482421875
start in data :  CyberShake 585
Jobs number:  10
Tasks number: 26
loss: 64.38246154785156
start in data :  CyberShake 586
Jobs number:  10
Tasks number: 31
loss: 89.9298095703125
start in data :  CyberShake 587
Jobs number:  10
Tasks number: 25
loss: 53.933799743652344
start in data :  CyberShake 588
Jobs number:  10
Tasks number: 27
loss: 60.944149017333984
start in data :  CyberShake 589
Jobs number:  10
Tasks number: 32
loss: 105.11743927001953
start in data :  CyberShake 590
Jobs number:  10
Tasks number: 28
loss: 51.10718536376953
start in data :  CyberShake 591
Jobs number:  10
Tasks number: 32
loss: 85.54017639160156
start in data :  CyberShake 592
Jobs number:  10
Tasks number: 27
loss: 66.63716125488281
start in data :  CyberShake 593
Jobs number:  10
Tasks number: 28
loss: 63.983272552490234
start in data :  CyberShake 594
Jobs number:  10
Tasks number: 31
loss: 86.51930236816406
start in data :  CyberShake 595
Jobs number:  10
Tasks number: 29
loss: 72.59111022949219
start in data :  CyberShake 596
Jobs number:  10
Tasks number: 30
loss: 61.11888885498047
start in data :  CyberShake 597
Jobs number:  10
Tasks number: 26
loss: 49.87688064575195
start in data :  CyberShake 598
Jobs number:  10
Tasks number: 25
loss: 54.369903564453125
start in data :  CyberShake 599
Jobs number:  10
Tasks number: 28
loss: 63.25688934326172
start in data :  CyberShake 600
Jobs number:  10
Tasks number: 29
loss: 68.61851501464844
start in data :  CyberShake 601
Jobs number:  10
Tasks number: 28
loss: 54.09038162231445
start in data :  CyberShake 602
Jobs number:  10
Tasks number: 29
loss: 60.85179901123047
start in data :  CyberShake 603
Jobs number:  10
Tasks number: 26
loss: 47.624576568603516
start in data :  CyberShake 604
Jobs number:  10
Tasks number: 30
loss: 90.82366943359375
start in data :  CyberShake 605
Jobs number:  10
Tasks number: 28
loss: 50.10813522338867
start in data :  CyberShake 606
Jobs number:  10
Tasks number: 25
loss: 37.19144821166992
start in data :  CyberShake 607
Jobs number:  10
Tasks number: 29
loss: 70.65247344970703
start in data :  CyberShake 608
Jobs number:  10
Tasks number: 28
loss: 74.49622344970703
start in data :  CyberShake 609
Jobs number:  10
Tasks number: 30
loss: 61.64427185058594
start in data :  CyberShake 610
Jobs number:  10
Tasks number: 29
loss: 59.600860595703125
start in data :  CyberShake 611
Jobs number:  10
Tasks number: 29
loss: 63.35245895385742
start in data :  CyberShake 612
Jobs number:  10
Tasks number: 25
loss: 50.728309631347656
start in data :  CyberShake 613
Jobs number:  10
Tasks number: 30
loss: 63.763790130615234
start in data :  CyberShake 614
Jobs number:  10
Tasks number: 30
loss: 76.43058013916016
start in data :  CyberShake 615
Jobs number:  10
Tasks number: 28
loss: 52.408504486083984
start in data :  CyberShake 616
Jobs number:  10
Tasks number: 26
loss: 60.92479705810547
start in data :  CyberShake 617
Jobs number:  10
Tasks number: 29
loss: 65.2782211303711
start in data :  CyberShake 618
Jobs number:  10
Tasks number: 27
loss: 50.7491455078125
start in data :  CyberShake 619
Jobs number:  10
Tasks number: 31
loss: 71.23147583007812
start in data :  CyberShake 620
Jobs number:  10
Tasks number: 27
loss: 47.04296112060547
start in data :  CyberShake 621
Jobs number:  10
Tasks number: 35
loss: 93.02792358398438
start in data :  CyberShake 622
Jobs number:  10
Tasks number: 29
loss: 85.39788818359375
start in data :  CyberShake 623
Jobs number:  10
Tasks number: 30
loss: 70.26087951660156
start in data :  CyberShake 624
Jobs number:  10
Tasks number: 30
loss: 72.19303894042969
start in data :  CyberShake 625
Jobs number:  10
Tasks number: 27
loss: 77.05817413330078
start in data :  CyberShake 626
Jobs number:  10
Tasks number: 30
loss: 69.17064666748047
start in data :  CyberShake 627
Jobs number:  10
Tasks number: 30
loss: 91.36572265625
start in data :  CyberShake 628
Jobs number:  10
Tasks number: 31
loss: 76.19742584228516
start in data :  CyberShake 629
Jobs number:  10
Tasks number: 26
loss: 57.25266647338867
start in data :  CyberShake 630
Jobs number:  10
Tasks number: 34
loss: 87.88215637207031
start in data :  CyberShake 631
Jobs number:  10
Tasks number: 27
loss: 78.41499328613281
start in data :  CyberShake 632
Jobs number:  10
Tasks number: 28
loss: 64.91987609863281
start in data :  CyberShake 633
Jobs number:  10
Tasks number: 32
loss: 74.65055084228516
start in data :  CyberShake 634
Jobs number:  10
Tasks number: 27
loss: 61.18927001953125
start in data :  CyberShake 635
Jobs number:  10
Tasks number: 29
loss: 64.85232543945312
start in data :  CyberShake 636
Jobs number:  10
Tasks number: 30
loss: 61.54701614379883
start in data :  CyberShake 637
Jobs number:  10
Tasks number: 29
loss: 71.53461456298828
start in data :  CyberShake 638
Jobs number:  10
Tasks number: 28
loss: 83.48251342773438
start in data :  CyberShake 639
Jobs number:  10
Tasks number: 32
loss: 100.83362579345703
start in data :  CyberShake 640
Jobs number:  10
Tasks number: 25
loss: 49.168087005615234
start in data :  CyberShake 641
Jobs number:  10
Tasks number: 32
loss: 73.07096862792969
start in data :  CyberShake 642
Jobs number:  10
Tasks number: 31
loss: 72.45890045166016
start in data :  CyberShake 643
Jobs number:  10
Tasks number: 29
loss: 65.22015380859375
start in data :  CyberShake 644
Jobs number:  10
Tasks number: 28
loss: 79.81820678710938
start in data :  CyberShake 645
Jobs number:  10
Tasks number: 30
loss: 60.69767761230469
start in data :  CyberShake 646
Jobs number:  10
Tasks number: 28
loss: 51.37993621826172
start in data :  CyberShake 647
Jobs number:  10
Tasks number: 30
loss: 66.8909683227539
start in data :  CyberShake 648
Jobs number:  10
Tasks number: 30
loss: 61.70570373535156
start in data :  CyberShake 649
Jobs number:  10
Tasks number: 28
loss: 67.27418518066406
start in data :  CyberShake 650
Jobs number:  10
Tasks number: 27
loss: 51.53246307373047
start in data :  CyberShake 651
Jobs number:  10
Tasks number: 27
loss: 72.04570007324219
start in data :  CyberShake 652
Jobs number:  10
Tasks number: 35
loss: 84.6878433227539
start in data :  CyberShake 653
Jobs number:  10
Tasks number: 27
loss: 48.11309814453125
start in data :  CyberShake 654
Jobs number:  10
Tasks number: 28
loss: 77.45109558105469
start in data :  CyberShake 655
Jobs number:  10
Tasks number: 29
loss: 58.206275939941406
start in data :  CyberShake 656
Jobs number:  10
Tasks number: 27
loss: 68.18679809570312
start in data :  CyberShake 657
Jobs number:  10
Tasks number: 27
loss: 45.48240661621094
start in data :  CyberShake 658
Jobs number:  10
Tasks number: 29
loss: 68.05533599853516
start in data :  CyberShake 659
Jobs number:  10
Tasks number: 26
loss: 45.75830841064453
start in data :  CyberShake 660
Jobs number:  10
Tasks number: 25
loss: 69.25139617919922
start in data :  CyberShake 661
Jobs number:  10
Tasks number: 32
loss: 87.39982604980469
start in data :  CyberShake 662
Jobs number:  10
Tasks number: 29
loss: 53.10920333862305
start in data :  CyberShake 663
Jobs number:  10
Tasks number: 31
loss: 100.74116516113281
start in data :  CyberShake 664
Jobs number:  10
Tasks number: 27
loss: 48.512962341308594
start in data :  CyberShake 665
Jobs number:  10
Tasks number: 28
loss: 52.79429626464844
start in data :  CyberShake 666
Jobs number:  10
Tasks number: 27
loss: 50.85485076904297
start in data :  CyberShake 667
Jobs number:  10
Tasks number: 29
loss: 71.67068481445312
start in data :  CyberShake 668
Jobs number:  10
Tasks number: 24
loss: 42.032196044921875
start in data :  CyberShake 669
Jobs number:  10
Tasks number: 28
loss: 68.69111633300781
start in data :  CyberShake 670
Jobs number:  10
Tasks number: 30
loss: 69.32785034179688
start in data :  CyberShake 671
Jobs number:  10
Tasks number: 26
loss: 54.970069885253906
start in data :  CyberShake 672
Jobs number:  10
Tasks number: 28
loss: 77.624267578125
start in data :  CyberShake 673
Jobs number:  10
Tasks number: 33
loss: 77.6396255493164
start in data :  CyberShake 674
Jobs number:  10
Tasks number: 28
loss: 63.28480529785156
start in data :  CyberShake 675
Jobs number:  10
Tasks number: 29
loss: 84.98265838623047
start in data :  CyberShake 676
Jobs number:  10
Tasks number: 32
loss: 70.25704193115234
start in data :  CyberShake 677
Jobs number:  10
Tasks number: 33
loss: 92.77588653564453
start in data :  CyberShake 678
Jobs number:  10
Tasks number: 28
loss: 50.41132354736328
start in data :  CyberShake 679
Jobs number:  10
Tasks number: 29
loss: 85.53108978271484
start in data :  CyberShake 680
Jobs number:  10
Tasks number: 28
loss: 58.22218322753906
start in data :  CyberShake 681
Jobs number:  10
Tasks number: 32
loss: 92.23169708251953
start in data :  CyberShake 682
Jobs number:  10
Tasks number: 27
loss: 62.79401779174805
start in data :  CyberShake 683
Jobs number:  10
Tasks number: 27
loss: 48.016292572021484
start in data :  CyberShake 684
Jobs number:  10
Tasks number: 33
loss: 96.75991821289062
start in data :  CyberShake 685
Jobs number:  10
Tasks number: 32
loss: 97.05824279785156
start in data :  CyberShake 686
Jobs number:  10
Tasks number: 29
loss: 65.01860046386719
start in data :  CyberShake 687
Jobs number:  10
Tasks number: 30
loss: 80.20889282226562
start in data :  CyberShake 688
Jobs number:  10
Tasks number: 28
loss: 81.7319564819336
start in data :  CyberShake 689
Jobs number:  10
Tasks number: 26
loss: 82.00758361816406
start in data :  CyberShake 690
Jobs number:  10
Tasks number: 28
loss: 61.378684997558594
start in data :  CyberShake 691
Jobs number:  10
Tasks number: 27
loss: 77.72955322265625
start in data :  CyberShake 692
Jobs number:  10
Tasks number: 32
loss: 69.90052795410156
start in data :  CyberShake 693
Jobs number:  10
Tasks number: 28
loss: 62.80846405029297
start in data :  CyberShake 694
Jobs number:  10
Tasks number: 30
loss: 67.21282958984375
start in data :  CyberShake 695
Jobs number:  10
Tasks number: 29
loss: 65.224365234375
start in data :  CyberShake 696
Jobs number:  10
Tasks number: 26
loss: 50.8825798034668
start in data :  CyberShake 697
Jobs number:  10
Tasks number: 32
loss: 69.6142578125
start in data :  CyberShake 698
Jobs number:  10
Tasks number: 32
loss: 83.71939849853516
start in data :  CyberShake 699
Jobs number:  10
Tasks number: 26
loss: 54.305755615234375
start in data :  CyberShake 700
Jobs number:  10
Tasks number: 28
loss: 57.16090774536133
start in data :  CyberShake 701
Jobs number:  10
Tasks number: 29
loss: 76.1661376953125
start in data :  CyberShake 702
Jobs number:  10
Tasks number: 29
loss: 61.730926513671875
start in data :  CyberShake 703
Jobs number:  10
Tasks number: 31
loss: 70.11958312988281
start in data :  CyberShake 704
Jobs number:  10
Tasks number: 27
loss: 61.60622787475586
start in data :  CyberShake 705
Jobs number:  10
Tasks number: 29
loss: 68.62580108642578
start in data :  CyberShake 706
Jobs number:  10
Tasks number: 30
loss: 59.50608444213867
start in data :  CyberShake 707
Jobs number:  10
Tasks number: 31
loss: 80.53852081298828
start in data :  CyberShake 708
Jobs number:  10
Tasks number: 36
loss: 96.30679321289062
start in data :  CyberShake 709
Jobs number:  10
Tasks number: 25
loss: 57.05851364135742
start in data :  CyberShake 710
Jobs number:  10
Tasks number: 28
loss: 60.710384368896484
start in data :  CyberShake 711
Jobs number:  10
Tasks number: 29
loss: 57.862247467041016
start in data :  CyberShake 712
Jobs number:  10
Tasks number: 24
loss: 41.68353271484375
start in data :  CyberShake 713
Jobs number:  10
Tasks number: 25
loss: 67.10941314697266
start in data :  CyberShake 714
Jobs number:  10
Tasks number: 29
loss: 57.35908508300781
start in data :  CyberShake 715
Jobs number:  10
Tasks number: 31
loss: 73.76996612548828
start in data :  CyberShake 716
Jobs number:  10
Tasks number: 29
loss: 88.68551635742188
start in data :  CyberShake 717
Jobs number:  10
Tasks number: 30
loss: 75.46015930175781
start in data :  CyberShake 718
Jobs number:  10
Tasks number: 30
loss: 69.60568237304688
start in data :  CyberShake 719
Jobs number:  10
Tasks number: 29
loss: 76.15325927734375
start in data :  CyberShake 720
Jobs number:  10
Tasks number: 29
loss: 89.91739654541016
start in data :  CyberShake 721
Jobs number:  10
Tasks number: 33
loss: 93.77626037597656
start in data :  CyberShake 722
Jobs number:  10
Tasks number: 34
loss: 85.0706787109375
start in data :  CyberShake 723
Jobs number:  10
Tasks number: 33
loss: 78.16212463378906
start in data :  CyberShake 724
Jobs number:  10
Tasks number: 29
loss: 57.26783752441406
start in data :  CyberShake 725
Jobs number:  10
Tasks number: 35
loss: 86.35040283203125
start in data :  CyberShake 726
Jobs number:  10
Tasks number: 34
loss: 107.85551452636719
start in data :  CyberShake 727
Jobs number:  10
Tasks number: 28
loss: 69.13722229003906
start in data :  CyberShake 728
Jobs number:  10
Tasks number: 31
loss: 69.42752075195312
start in data :  CyberShake 729
Jobs number:  10
Tasks number: 27
loss: 63.010711669921875
start in data :  CyberShake 730
Jobs number:  10
Tasks number: 27
loss: 48.62971496582031
start in data :  CyberShake 731
Jobs number:  10
Tasks number: 28
loss: 51.8125
start in data :  CyberShake 732
Jobs number:  10
Tasks number: 32
loss: 80.36942291259766
start in data :  CyberShake 733
Jobs number:  10
Tasks number: 28
loss: 58.214569091796875
start in data :  CyberShake 734
Jobs number:  10
Tasks number: 28
loss: 54.6292839050293
start in data :  CyberShake 735
Jobs number:  10
Tasks number: 28
loss: 60.33671569824219
start in data :  CyberShake 736
Jobs number:  10
Tasks number: 25
loss: 44.48237228393555
start in data :  CyberShake 737
Jobs number:  10
Tasks number: 29
loss: 71.60313415527344
start in data :  CyberShake 738
Jobs number:  10
Tasks number: 32
loss: 82.51748657226562
start in data :  CyberShake 739
Jobs number:  10
Tasks number: 30
loss: 57.141754150390625
start in data :  CyberShake 740
Jobs number:  10
Tasks number: 26
loss: 68.77581024169922
start in data :  CyberShake 741
Jobs number:  10
Tasks number: 29
loss: 45.065670013427734
start in data :  CyberShake 742
Jobs number:  10
Tasks number: 31
loss: 70.10641479492188
start in data :  CyberShake 743
Jobs number:  10
Tasks number: 32
loss: 92.91444396972656
start in data :  CyberShake 744
Jobs number:  10
Tasks number: 28
loss: 61.08088684082031
start in data :  CyberShake 745
Jobs number:  10
Tasks number: 30
loss: 76.50398254394531
start in data :  CyberShake 746
Jobs number:  10
Tasks number: 27
loss: 58.16940689086914
start in data :  CyberShake 747
Jobs number:  10
Tasks number: 35
loss: 98.15008544921875
start in data :  CyberShake 748
Jobs number:  10
Tasks number: 30
loss: 79.25028228759766
start in data :  CyberShake 749
Jobs number:  10
Tasks number: 25
loss: 75.638671875
start in data :  CyberShake 750
Jobs number:  10
Tasks number: 31
loss: 86.50979614257812
start in data :  CyberShake 751
Jobs number:  10
Tasks number: 24
loss: 66.13867950439453
start in data :  CyberShake 752
Jobs number:  10
Tasks number: 30
loss: 86.4584732055664
start in data :  CyberShake 753
Jobs number:  10
Tasks number: 29
loss: 77.47354125976562
start in data :  CyberShake 754
Jobs number:  10
Tasks number: 31
loss: 66.59928894042969
start in data :  CyberShake 755
Jobs number:  10
Tasks number: 29
loss: 59.379520416259766
start in data :  CyberShake 756
Jobs number:  10
Tasks number: 28
loss: 64.86443328857422
start in data :  CyberShake 757
Jobs number:  10
Tasks number: 30
loss: 72.74083709716797
start in data :  CyberShake 758
Jobs number:  10
Tasks number: 31
loss: 78.85049438476562
start in data :  CyberShake 759
Jobs number:  10
Tasks number: 24
loss: 44.71672821044922
start in data :  CyberShake 760
Jobs number:  10
Tasks number: 31
loss: 86.83424377441406
start in data :  CyberShake 761
Jobs number:  10
Tasks number: 30
loss: 68.34412384033203
start in data :  CyberShake 762
Jobs number:  10
Tasks number: 26
loss: 54.00503921508789
start in data :  CyberShake 763
Jobs number:  10
Tasks number: 26
loss: 56.65260696411133
start in data :  CyberShake 764
Jobs number:  10
Tasks number: 28
loss: 73.2295150756836
start in data :  CyberShake 765
Jobs number:  10
Tasks number: 29
loss: 73.92464447021484
start in data :  CyberShake 766
Jobs number:  10
Tasks number: 29
loss: 64.60748291015625
start in data :  CyberShake 767
Jobs number:  10
Tasks number: 27
loss: 67.52373504638672
start in data :  CyberShake 768
Jobs number:  10
Tasks number: 28
loss: 58.53276443481445
start in data :  CyberShake 769
Jobs number:  10
Tasks number: 28
loss: 54.613487243652344
start in data :  CyberShake 770
Jobs number:  10
Tasks number: 30
loss: 86.92108154296875
start in data :  CyberShake 771
Jobs number:  10
Tasks number: 29
loss: 76.3901596069336
start in data :  CyberShake 772
Jobs number:  10
Tasks number: 36
loss: 105.74518585205078
start in data :  CyberShake 773
Jobs number:  10
Tasks number: 30
loss: 75.28961181640625
start in data :  CyberShake 774
Jobs number:  10
Tasks number: 31
loss: 98.83776092529297
start in data :  CyberShake 775
Jobs number:  10
Tasks number: 28
loss: 55.56936264038086
start in data :  CyberShake 776
Jobs number:  10
Tasks number: 30
loss: 76.07279968261719
start in data :  CyberShake 777
Jobs number:  10
Tasks number: 28
loss: 67.61891174316406
start in data :  CyberShake 778
Jobs number:  10
Tasks number: 27
loss: 64.71603393554688
start in data :  CyberShake 779
Jobs number:  10
Tasks number: 30
loss: 79.195068359375
start in data :  CyberShake 780
Jobs number:  10
Tasks number: 28
loss: 79.44342041015625
start in data :  CyberShake 781
Jobs number:  10
Tasks number: 30
loss: 73.24959564208984
start in data :  CyberShake 782
Jobs number:  10
Tasks number: 29
loss: 83.4969711303711
start in data :  CyberShake 783
Jobs number:  10
Tasks number: 30
loss: 58.956207275390625
start in data :  CyberShake 784
Jobs number:  10
Tasks number: 31
loss: 76.58393096923828
start in data :  CyberShake 785
Jobs number:  10
Tasks number: 32
loss: 67.2721939086914
start in data :  CyberShake 786
Jobs number:  10
Tasks number: 30
loss: 63.95283508300781
start in data :  CyberShake 787
Jobs number:  10
Tasks number: 31
loss: 72.60063934326172
start in data :  CyberShake 788
Jobs number:  10
Tasks number: 32
loss: 99.23963928222656
start in data :  CyberShake 789
Jobs number:  10
Tasks number: 31
loss: 89.0851821899414
start in data :  CyberShake 790
Jobs number:  10
Tasks number: 30
loss: 70.06354522705078
start in data :  CyberShake 791
Jobs number:  10
Tasks number: 31
loss: 89.9898681640625
start in data :  CyberShake 792
Jobs number:  10
Tasks number: 29
loss: 68.24526977539062
start in data :  CyberShake 793
Jobs number:  10
Tasks number: 31
loss: 74.16500854492188
start in data :  CyberShake 794
Jobs number:  10
Tasks number: 35
loss: 86.9997787475586
start in data :  CyberShake 795
Jobs number:  10
Tasks number: 33
loss: 90.64717864990234
start in data :  CyberShake 796
Jobs number:  10
Tasks number: 25
loss: 58.62769317626953
start in data :  CyberShake 797
Jobs number:  10
Tasks number: 27
loss: 71.19110107421875
start in data :  CyberShake 798
Jobs number:  10
Tasks number: 31
loss: 74.15687561035156
start in data :  CyberShake 799
Jobs number:  10
Tasks number: 30
loss: 110.54180145263672
start in data :  CyberShake 800
Jobs number:  10
Tasks number: 27
loss: 68.55921936035156
start in data :  CyberShake 801
Jobs number:  10
Tasks number: 29
loss: 58.968082427978516
start in data :  CyberShake 802
Jobs number:  10
Tasks number: 29
loss: 65.58191680908203
start in data :  CyberShake 803
Jobs number:  10
Tasks number: 35
loss: 88.10714721679688
start in data :  CyberShake 804
Jobs number:  10
Tasks number: 31
loss: 71.6426773071289
start in data :  CyberShake 805
Jobs number:  10
Tasks number: 30
loss: 65.25208282470703
start in data :  CyberShake 806
Jobs number:  10
Tasks number: 29
loss: 54.11906814575195
start in data :  CyberShake 807
Jobs number:  10
Tasks number: 28
loss: 74.68244171142578
start in data :  CyberShake 808
Jobs number:  10
Tasks number: 33
loss: 78.934326171875
start in data :  CyberShake 809
Jobs number:  10
Tasks number: 28
loss: 65.36373138427734
start in data :  CyberShake 810
Jobs number:  10
Tasks number: 30
loss: 63.51148223876953
start in data :  CyberShake 811
Jobs number:  10
Tasks number: 30
loss: 70.86144256591797
start in data :  CyberShake 812
Jobs number:  10
Tasks number: 27
loss: 43.241912841796875
start in data :  CyberShake 813
Jobs number:  10
Tasks number: 29
loss: 74.11929321289062
start in data :  CyberShake 814
Jobs number:  10
Tasks number: 26
loss: 58.537349700927734
start in data :  CyberShake 815
Jobs number:  10
Tasks number: 27
loss: 50.21537780761719
start in data :  CyberShake 816
Jobs number:  10
Tasks number: 31
loss: 68.89835357666016
start in data :  CyberShake 817
Jobs number:  10
Tasks number: 27
loss: 98.20584106445312
start in data :  CyberShake 818
Jobs number:  10
Tasks number: 29
loss: 67.64688873291016
start in data :  CyberShake 819
Jobs number:  10
Tasks number: 30
loss: 68.81477355957031
start in data :  CyberShake 820
Jobs number:  10
Tasks number: 26
loss: 55.80255126953125
start in data :  CyberShake 821
Jobs number:  10
Tasks number: 34
loss: 98.93116760253906
start in data :  CyberShake 822
Jobs number:  10
Tasks number: 30
loss: 65.60840606689453
start in data :  CyberShake 823
Jobs number:  10
Tasks number: 29
loss: 84.59890747070312
start in data :  CyberShake 824
Jobs number:  10
Tasks number: 33
loss: 105.22464752197266
start in data :  CyberShake 825
Jobs number:  10
Tasks number: 31
loss: 77.8290023803711
start in data :  CyberShake 826
Jobs number:  10
Tasks number: 29
loss: 84.08775329589844
start in data :  CyberShake 827
Jobs number:  10
Tasks number: 26
loss: 54.24938201904297
start in data :  CyberShake 828
Jobs number:  10
Tasks number: 27
loss: 49.24046325683594
start in data :  CyberShake 829
Jobs number:  10
Tasks number: 36
loss: 113.79546356201172
start in data :  CyberShake 830
Jobs number:  10
Tasks number: 31
loss: 78.66678619384766
start in data :  CyberShake 831
Jobs number:  10
Tasks number: 26
loss: 76.06512451171875
start in data :  CyberShake 832
Jobs number:  10
Tasks number: 27
loss: 49.917850494384766
start in data :  CyberShake 833
Jobs number:  10
Tasks number: 30
loss: 70.16826629638672
start in data :  CyberShake 834
Jobs number:  10
Tasks number: 32
loss: 78.71725463867188
start in data :  CyberShake 835
Jobs number:  10
Tasks number: 30
loss: 74.54646301269531
start in data :  CyberShake 836
Jobs number:  10
Tasks number: 29
loss: 70.866943359375
start in data :  CyberShake 837
Jobs number:  10
Tasks number: 31
loss: 81.30299377441406
start in data :  CyberShake 838
Jobs number:  10
Tasks number: 32
loss: 99.0301742553711
start in data :  CyberShake 839
Jobs number:  10
Tasks number: 33
loss: 108.18386840820312
start in data :  CyberShake 840
Jobs number:  10
Tasks number: 29
loss: 58.7624626159668
start in data :  CyberShake 841
Jobs number:  10
Tasks number: 26
loss: 48.770938873291016
start in data :  CyberShake 842
Jobs number:  10
Tasks number: 26
loss: 52.120460510253906
start in data :  CyberShake 843
Jobs number:  10
Tasks number: 29
loss: 70.23878479003906
start in data :  CyberShake 844
Jobs number:  10
Tasks number: 29
loss: 66.22435760498047
start in data :  CyberShake 845
Jobs number:  10
Tasks number: 30
loss: 58.558135986328125
start in data :  CyberShake 846
Jobs number:  10
Tasks number: 24
loss: 58.81315612792969
start in data :  CyberShake 847
Jobs number:  10
Tasks number: 25
loss: 44.392608642578125
start in data :  CyberShake 848
Jobs number:  10
Tasks number: 32
loss: 71.40882873535156
start in data :  CyberShake 849
Jobs number:  10
Tasks number: 29
loss: 100.02127075195312
start in data :  CyberShake 850
Jobs number:  10
Tasks number: 31
loss: 80.5343246459961
start in data :  CyberShake 851
Jobs number:  10
Tasks number: 32
loss: 95.97225189208984
start in data :  CyberShake 852
Jobs number:  10
Tasks number: 25
loss: 43.146732330322266
start in data :  CyberShake 853
Jobs number:  10
Tasks number: 33
loss: 74.62559509277344
start in data :  CyberShake 854
Jobs number:  10
Tasks number: 30
loss: 66.52501678466797
start in data :  CyberShake 855
Jobs number:  10
Tasks number: 30
loss: 62.427608489990234
start in data :  CyberShake 856
Jobs number:  10
Tasks number: 31
loss: 61.99940872192383
start in data :  CyberShake 857
Jobs number:  10
Tasks number: 26
loss: 49.90154266357422
start in data :  CyberShake 858
Jobs number:  10
Tasks number: 32
loss: 72.52937316894531
start in data :  CyberShake 859
Jobs number:  10
Tasks number: 27
loss: 64.68898010253906
start in data :  CyberShake 860
Jobs number:  10
Tasks number: 32
loss: 78.34235382080078
start in data :  CyberShake 861
Jobs number:  10
Tasks number: 27
loss: 52.17387008666992
start in data :  CyberShake 862
Jobs number:  10
Tasks number: 32
loss: 93.4627685546875
start in data :  CyberShake 863
Jobs number:  10
Tasks number: 30
loss: 63.19086837768555
start in data :  CyberShake 864
Jobs number:  10
Tasks number: 26
loss: 72.26716613769531
start in data :  CyberShake 865
Jobs number:  10
Tasks number: 32
loss: 99.46369934082031
start in data :  CyberShake 866
Jobs number:  10
Tasks number: 25
loss: 76.85359191894531
start in data :  CyberShake 867
Jobs number:  10
Tasks number: 30
loss: 66.65511322021484
start in data :  CyberShake 868
Jobs number:  10
Tasks number: 28
loss: 48.53556823730469
start in data :  CyberShake 869
Jobs number:  10
Tasks number: 32
loss: 65.0631103515625
start in data :  CyberShake 870
Jobs number:  10
Tasks number: 27
loss: 66.60291290283203
start in data :  CyberShake 871
Jobs number:  10
Tasks number: 27
loss: 73.85358428955078
start in data :  CyberShake 872
Jobs number:  10
Tasks number: 28
loss: 73.46768951416016
start in data :  CyberShake 873
Jobs number:  10
Tasks number: 33
loss: 74.8094482421875
start in data :  CyberShake 874
Jobs number:  10
Tasks number: 28
loss: 54.20703125
start in data :  CyberShake 875
Jobs number:  10
Tasks number: 30
loss: 69.52262878417969
start in data :  CyberShake 876
Jobs number:  10
Tasks number: 31
loss: 82.62061309814453
start in data :  CyberShake 877
Jobs number:  10
Tasks number: 30
loss: 80.47749328613281
start in data :  CyberShake 878
Jobs number:  10
Tasks number: 33
loss: 88.5796890258789
start in data :  CyberShake 879
Jobs number:  10
Tasks number: 29
loss: 61.387168884277344
start in data :  CyberShake 880
Jobs number:  10
Tasks number: 30
loss: 75.04084777832031
start in data :  CyberShake 881
Jobs number:  10
Tasks number: 28
loss: 53.59770202636719
start in data :  CyberShake 882
Jobs number:  10
Tasks number: 29
loss: 66.27840423583984
start in data :  CyberShake 883
Jobs number:  10
Tasks number: 26
loss: 55.87965774536133
start in data :  CyberShake 884
Jobs number:  10
Tasks number: 26
loss: 45.87699508666992
start in data :  CyberShake 885
Jobs number:  10
Tasks number: 26
loss: 48.24418258666992
start in data :  CyberShake 886
Jobs number:  10
Tasks number: 31
loss: 93.73468017578125
start in data :  CyberShake 887
Jobs number:  10
Tasks number: 29
loss: 74.53972625732422
start in data :  CyberShake 888
Jobs number:  10
Tasks number: 26
loss: 60.769073486328125
start in data :  CyberShake 889
Jobs number:  10
Tasks number: 26
loss: 56.733280181884766
start in data :  CyberShake 890
Jobs number:  10
Tasks number: 26
loss: 57.701873779296875
start in data :  CyberShake 891
Jobs number:  10
Tasks number: 29
loss: 89.78467559814453
start in data :  CyberShake 892
Jobs number:  10
Tasks number: 26
loss: 56.36166000366211
start in data :  CyberShake 893
Jobs number:  10
Tasks number: 30
loss: 70.43362426757812
start in data :  CyberShake 894
Jobs number:  10
Tasks number: 27
loss: 57.415592193603516
start in data :  CyberShake 895
Jobs number:  10
Tasks number: 29
loss: 70.66055297851562
start in data :  CyberShake 896
Jobs number:  10
Tasks number: 26
loss: 63.487396240234375
start in data :  CyberShake 897
Jobs number:  10
Tasks number: 29
loss: 81.86625671386719
start in data :  CyberShake 898
Jobs number:  10
Tasks number: 27
loss: 72.84071350097656
start in data :  CyberShake 899
Jobs number:  10
Tasks number: 32
loss: 90.81636047363281
start in data: CyberShake 900
Jobs number:  10
Tasks number: 26
makespan: 21
start in data: CyberShake 901
Jobs number:  10
Tasks number: 27
makespan: 19
start in data: CyberShake 902
Jobs number:  10
Tasks number: 30
makespan: 21
start in data: CyberShake 903
Jobs number:  10
Tasks number: 27
makespan: 24
start in data: CyberShake 904
Jobs number:  10
Tasks number: 30
makespan: 22
start in data: CyberShake 905
Jobs number:  10
Tasks number: 29
makespan: 20
start in data: CyberShake 906
Jobs number:  10
Tasks number: 26
makespan: 21
start in data: CyberShake 907
Jobs number:  10
Tasks number: 31
makespan: 20
start in data: CyberShake 908
Jobs number:  10
Tasks number: 31
makespan: 31
start in data: CyberShake 909
Jobs number:  10
Tasks number: 28
makespan: 20
start in data: CyberShake 910
Jobs number:  10
Tasks number: 26
makespan: 19
start in data: CyberShake 911
Jobs number:  10
Tasks number: 29
makespan: 20
start in data: CyberShake 912
Jobs number:  10
Tasks number: 26
makespan: 17
start in data: CyberShake 913
Jobs number:  10
Tasks number: 33
makespan: 21
start in data: CyberShake 914
Jobs number:  10
Tasks number: 29
makespan: 20
start in data: CyberShake 915
Jobs number:  10
Tasks number: 29
makespan: 24
start in data: CyberShake 916
Jobs number:  10
Tasks number: 32
makespan: 22
start in data: CyberShake 917
Jobs number:  10
Tasks number: 30
makespan: 22
start in data: CyberShake 918
Jobs number:  10
Tasks number: 27
makespan: 13
start in data: CyberShake 919
Jobs number:  10
Tasks number: 28
makespan: 16
start in data: CyberShake 920
Jobs number:  10
Tasks number: 29
makespan: 23
start in data: CyberShake 921
Jobs number:  10
Tasks number: 29
makespan: 19
start in data: CyberShake 922
Jobs number:  10
Tasks number: 24
makespan: 27
start in data: CyberShake 923
Jobs number:  10
Tasks number: 27
makespan: 22
start in data: CyberShake 924
Jobs number:  10
Tasks number: 28
makespan: 16
start in data: CyberShake 925
Jobs number:  10
Tasks number: 28
makespan: 19
start in data: CyberShake 926
Jobs number:  10
Tasks number: 26
makespan: 24
start in data: CyberShake 927
Jobs number:  10
Tasks number: 28
makespan: 20
start in data: CyberShake 928
Jobs number:  10
Tasks number: 29
makespan: 25
start in data: CyberShake 929
Jobs number:  10
Tasks number: 29
makespan: 22
start in data: CyberShake 930
Jobs number:  10
Tasks number: 28
makespan: 32
start in data: CyberShake 931
Jobs number:  10
Tasks number: 30
makespan: 17
start in data: CyberShake 932
Jobs number:  10
Tasks number: 24
makespan: 16
start in data: CyberShake 933
Jobs number:  10
Tasks number: 29
makespan: 22
start in data: CyberShake 934
Jobs number:  10
Tasks number: 29
makespan: 23
start in data: CyberShake 935
Jobs number:  10
Tasks number: 31
makespan: 27
start in data: CyberShake 936
Jobs number:  10
Tasks number: 33
makespan: 19
start in data: CyberShake 937
Jobs number:  10
Tasks number: 30
makespan: 23
start in data: CyberShake 938
Jobs number:  10
Tasks number: 35
makespan: 21
start in data: CyberShake 939
Jobs number:  10
Tasks number: 28
makespan: 19
start in data: CyberShake 940
Jobs number:  10
Tasks number: 26
makespan: 20
start in data: CyberShake 941
Jobs number:  10
Tasks number: 27
makespan: 15
start in data: CyberShake 942
Jobs number:  10
Tasks number: 32
makespan: 26
start in data: CyberShake 943
Jobs number:  10
Tasks number: 27
makespan: 25
start in data: CyberShake 944
Jobs number:  10
Tasks number: 28
makespan: 17
start in data: CyberShake 945
Jobs number:  10
Tasks number: 30
makespan: 23
start in data: CyberShake 946
Jobs number:  10
Tasks number: 26
makespan: 16
start in data: CyberShake 947
Jobs number:  10
Tasks number: 29
makespan: 23
start in data: CyberShake 948
Jobs number:  10
Tasks number: 30
makespan: 19
start in data: CyberShake 949
Jobs number:  10
Tasks number: 32
makespan: 23
start in data: CyberShake 950
Jobs number:  10
Tasks number: 27
makespan: 22
start in data: CyberShake 951
Jobs number:  10
Tasks number: 26
makespan: 19
start in data: CyberShake 952
Jobs number:  10
Tasks number: 27
makespan: 23
start in data: CyberShake 953
Jobs number:  10
Tasks number: 25
makespan: 16
start in data: CyberShake 954
Jobs number:  10
Tasks number: 25
makespan: 22
start in data: CyberShake 955
Jobs number:  10
Tasks number: 29
makespan: 32
start in data: CyberShake 956
Jobs number:  10
Tasks number: 24
makespan: 21
start in data: CyberShake 957
Jobs number:  10
Tasks number: 30
makespan: 23
start in data: CyberShake 958
Jobs number:  10
Tasks number: 24
makespan: 22
start in data: CyberShake 959
Jobs number:  10
Tasks number: 30
makespan: 20
start in data: CyberShake 960
Jobs number:  10
Tasks number: 30
makespan: 23
start in data: CyberShake 961
Jobs number:  10
Tasks number: 31
makespan: 23
start in data: CyberShake 962
Jobs number:  10
Tasks number: 27
makespan: 27
start in data: CyberShake 963
Jobs number:  10
Tasks number: 29
makespan: 18
start in data: CyberShake 964
Jobs number:  10
Tasks number: 32
makespan: 23
start in data: CyberShake 965
Jobs number:  10
Tasks number: 29
makespan: 13
start in data: CyberShake 966
Jobs number:  10
Tasks number: 29
makespan: 22
start in data: CyberShake 967
Jobs number:  10
Tasks number: 32
makespan: 21
start in data: CyberShake 968
Jobs number:  10
Tasks number: 29
makespan: 20
start in data: CyberShake 969
Jobs number:  10
Tasks number: 30
makespan: 21
start in data: CyberShake 970
Jobs number:  10
Tasks number: 25
makespan: 22
start in data: CyberShake 971
Jobs number:  10
Tasks number: 31
makespan: 21
start in data: CyberShake 972
Jobs number:  10
Tasks number: 30
makespan: 21
start in data: CyberShake 973
Jobs number:  10
Tasks number: 27
makespan: 21
start in data: CyberShake 974
Jobs number:  10
Tasks number: 28
makespan: 23
start in data: CyberShake 975
Jobs number:  10
Tasks number: 34
makespan: 22
start in data: CyberShake 976
Jobs number:  10
Tasks number: 33
makespan: 25
start in data: CyberShake 977
Jobs number:  10
Tasks number: 30
makespan: 19
start in data: CyberShake 978
Jobs number:  10
Tasks number: 29
makespan: 19
start in data: CyberShake 979
Jobs number:  10
Tasks number: 30
makespan: 20
start in data: CyberShake 980
Jobs number:  10
Tasks number: 28
makespan: 19
start in data: CyberShake 981
Jobs number:  10
Tasks number: 32
makespan: 25
start in data: CyberShake 982
Jobs number:  10
Tasks number: 27
makespan: 22
start in data: CyberShake 983
Jobs number:  10
Tasks number: 28
makespan: 15
start in data: CyberShake 984
Jobs number:  10
Tasks number: 27
makespan: 24
start in data: CyberShake 985
Jobs number:  10
Tasks number: 27
makespan: 18
start in data: CyberShake 986
Jobs number:  10
Tasks number: 30
makespan: 20
start in data: CyberShake 987
Jobs number:  10
Tasks number: 27
makespan: 19
start in data: CyberShake 988
Jobs number:  10
Tasks number: 26
makespan: 22
start in data: CyberShake 989
Jobs number:  10
Tasks number: 28
makespan: 17
start in data: CyberShake 990
Jobs number:  10
Tasks number: 26
makespan: 21
start in data: CyberShake 991
Jobs number:  10
Tasks number: 31
makespan: 27
start in data: CyberShake 992
Jobs number:  10
Tasks number: 28
makespan: 26
start in data: CyberShake 993
Jobs number:  10
Tasks number: 27
makespan: 23
start in data: CyberShake 994
Jobs number:  10
Tasks number: 32
makespan: 20
start in data: CyberShake 995
Jobs number:  10
Tasks number: 27
makespan: 22
start in data: CyberShake 996
Jobs number:  10
Tasks number: 27
makespan: 20
start in data: CyberShake 997
Jobs number:  10
Tasks number: 29
makespan: 22
start in data: CyberShake 998
Jobs number:  10
Tasks number: 31
makespan: 22
start in data: CyberShake 999
Jobs number:  10
Tasks number: 31
makespan: 20
